<?xml version="1.0" encoding="utf-8"?>
<TestRun id="253639d7-6413-4ad5-9f07-1b0e56561393" name="LENOVO@YASIN-YASIN 2026-09-26 17:34:03" runUser="YASIN-YASIN\LENOVO" xmlns="http://microsoft.com/schemas/VisualStudio/TeamTest/2010">
  <Times creation="2026-09-26T17:34:03.2933943+03:00" queuing="2026-09-26T17:34:03.2933951+03:00" start="2026-09-26T17:33:47.5919037+03:00" finish="2026-09-26T17:34:31.3643095+03:00" />
  <TestSettings name="default" id="dea4d18b-1d8b-42ac-8dcd-f286bb92b043">
    <Deployment runDeploymentRoot="LENOVO_YASIN-YASIN_2026-09-26_17_34_03" />
  </TestSettings>
  <Results>
    <UnitTestResult executionId="b26e3823-303c-4e70-b928-748972f442ce" testId="fb80a315-ec9c-2c99-c729-046a57038c2a" testName="LUMAR_ERP_API_V2.Tests.WipToFinishedGoodsFinancialTransactionPolicyTests.ShouldNotCreateDuplicateTransaction_ForSameTrackingCode" computerName="YASIN-YASIN" duration="00:00:00.0002922" startTime="2026-09-26T17:34:22.3949610+03:00" endTime="2026-09-26T17:34:22.3950935+03:00" testType="13cdc9d9-ddb5-4fa4-a97d-d965ccfc6d4b" outcome="Passed" testListId="8c84fa94-04c1-424b-9868-57a2d4851a1d" relativeResultsDirectory="b26e3823-303c-4e70-b928-748972f442ce" />
    <UnitTestResult executionId="01825bb9-6443-4737-9364-c9a9b2ee6bd9" testId="323a90c0-c33e-1c3e-bb37-7eae3fa1e33a" testName="LUMAR_ERP_API_V2.Tests.VipLevelEvaluationCalculatorTests.SelectLevel_PromotesOnlyWhenWeightedThresholdIsReached" computerName="YASIN-YASIN" duration="00:00:00.0090215" startTime="2026-09-26T17:34:23.8396910+03:00" endTime="2026-09-26T17:34:23.8439006+03:00" testType="13cdc9d9-ddb5-4fa4-a97d-d965ccfc6d4b" outcome="Passed" testListId="8c84fa94-04c1-424b-9868-57a2d4851a1d" relativeResultsDirectory="01825bb9-6443-4737-9364-c9a9b2ee6bd9" />
    <UnitTestResult executionId="972cf5ac-f8ae-481b-a70c-cc0ee0ef9f40" testId="9e9da4b1-f108-c2ed-f368-4e762be0e6b2" testName="LUMAR_ERP_API_V2.Tests.LoyaltyPhaseTwoTests.Reversal_UsesLastBalanceAfterAsCurrentPointsBase" computerName="YASIN-YASIN" duration="00:00:00.0020590" startTime="2026-09-26T17:34:30.9676392+03:00" endTime="2026-09-26T17:34:30.9696657+03:00" testType="13cdc9d9-ddb5-4fa4-a97d-d965ccfc6d4b" outcome="Passed" testListId="8c84fa94-04c1-424b-9868-57a2d4851a1d" relativeResultsDirectory="972cf5ac-f8ae-481b-a70c-cc0ee0ef9f40" />
    <UnitTestResult executionId="37a45483-4285-49d9-84e8-8a0922edc802" testId="cc7a83e7-f84a-6c37-a062-67b2aea6cfd1" testName="LUMAR_ERP_API_V2.Tests.CustomerPaymentCollectionTests.CollectCustomerPaymentAsync_Should_Create_Advance_Payment_Before_Delivery_And_DebtCollection_After_Delivery" computerName="YASIN-YASIN" duration="00:00:00.1983297" startTime="2026-09-26T17:34:23.8799198+03:00" endTime="2026-09-26T17:34:24.0773322+03:00" testType="13cdc9d9-ddb5-4fa4-a97d-d965ccfc6d4b" outcome="Passed" testListId="8c84fa94-04c1-424b-9868-57a2d4851a1d" relativeResultsDirectory="37a45483-4285-49d9-84e8-8a0922edc802" />
    <UnitTestResult executionId="631d9aaf-5436-4fbe-aee2-613e722d72ca" testId="ba7a2569-2d22-734c-d3dc-a6ad88e485f8" testName="LUMAR_ERP_API_V2.Tests.MeasurementCardPrintingIntegrationTests.FailedPrint_DoesNotBecomeOfficialCopy_AndDoesNotCreateRevenue" computerName="YASIN-YASIN" duration="00:00:00.0875173" startTime="2026-09-26T17:34:30.6183544+03:00" endTime="2026-09-26T17:34:30.7065341+03:00" testType="13cdc9d9-ddb5-4fa4-a97d-d965ccfc6d4b" outcome="Passed" testListId="8c84fa94-04c1-424b-9868-57a2d4851a1d" relativeResultsDirectory="631d9aaf-5436-4fbe-aee2-613e722d72ca" />
    <UnitTestResult executionId="8e3fb086-e638-49e0-bc11-1a26c6724e52" testId="7a41877d-cf30-75cc-b70e-0e896905e505" testName="LUMAR_ERP_API_V2.Tests.OrderLoyaltyIntegrationServiceTests.ProcessReadyMadeOrderAsync_UsesIndependentReadyMadeProductTypeSetting" computerName="YASIN-YASIN" duration="00:00:00.0047796" startTime="2026-09-26T17:34:24.6448892+03:00" endTime="2026-09-26T17:34:24.6493892+03:00" testType="13cdc9d9-ddb5-4fa4-a97d-d965ccfc6d4b" outcome="Passed" testListId="8c84fa94-04c1-424b-9868-57a2d4851a1d" relativeResultsDirectory="8e3fb086-e638-49e0-bc11-1a26c6724e52" />
    <UnitTestResult executionId="0d59b0e5-4953-4a17-aef0-bab1c70a33a6" testId="d57c4607-d183-dd85-730b-df2363b8b978" testName="LUMAR_ERP_API_V2.Tests.FinancialPostingRuntimeReliabilityTests.AccountingEventFoundation_RejectsDirectCustomerPaymentWrites" computerName="YASIN-YASIN" duration="00:00:00.0339138" startTime="2026-09-26T17:34:21.5442082+03:00" endTime="2026-09-26T17:34:21.5788741+03:00" testType="13cdc9d9-ddb5-4fa4-a97d-d965ccfc6d4b" outcome="Passed" testListId="8c84fa94-04c1-424b-9868-57a2d4851a1d" relativeResultsDirectory="0d59b0e5-4953-4a17-aef0-bab1c70a33a6" />
    <UnitTestResult executionId="e708f1d9-7af9-478d-b76b-30eb39b7bea9" testId="42bb33df-4c60-a223-d5af-271c4da90d04" testName="LUMAR_ERP_API_V2.Tests.MeasurementCardPrintingIntegrationTests.PrintingLifecycle_TracksCopies_Reasons_FinancialPosting_AndOriginalTrackingCode" computerName="YASIN-YASIN" duration="00:00:00.8707541" startTime="2026-09-26T17:34:29.7463650+03:00" endTime="2026-09-26T17:34:30.6179378+03:00" testType="13cdc9d9-ddb5-4fa4-a97d-d965ccfc6d4b" outcome="Passed" testListId="8c84fa94-04c1-424b-9868-57a2d4851a1d" relativeResultsDirectory="e708f1d9-7af9-478d-b76b-30eb39b7bea9" />
    <UnitTestResult executionId="2c699b5e-7ffd-4b9b-8a09-c1e429d0c54d" testId="80b1573f-6d86-99c8-c96e-108f491505ee" testName="LUMAR_ERP_API_V2.Tests.SalesCostRecognitionImplementationTests.RecognizeDeliveryRevenueAsync_ShouldRecognizeCenterPickupRevenueWithoutChangingFabricCost" computerName="YASIN-YASIN" duration="00:00:00.1981677" startTime="2026-09-26T17:34:24.9624536+03:00" endTime="2026-09-26T17:34:25.1612184+03:00" testType="13cdc9d9-ddb5-4fa4-a97d-d965ccfc6d4b" outcome="Passed" testListId="8c84fa94-04c1-424b-9868-57a2d4851a1d" relativeResultsDirectory="2c699b5e-7ffd-4b9b-8a09-c1e429d0c54d" />
    <UnitTestResult executionId="73d6575b-f1a9-4d64-8a70-8871c1890bab" testId="91b409f9-6282-f550-e451-913ef9c2fce4" testName="LUMAR_ERP_API_V2.Tests.ProductionTrackingEngineTests.ShouldHonorCustomRouteByRemovingButtonsFromShirt" computerName="YASIN-YASIN" duration="00:00:00.0679220" startTime="2026-09-26T17:34:20.7479813+03:00" endTime="2026-09-26T17:34:20.8131515+03:00" testType="13cdc9d9-ddb5-4fa4-a97d-d965ccfc6d4b" outcome="Passed" testListId="8c84fa94-04c1-424b-9868-57a2d4851a1d" relativeResultsDirectory="73d6575b-f1a9-4d64-8a70-8871c1890bab" />
    <UnitTestResult executionId="c143625f-74ac-45fd-9fde-34e5144b0d55" testId="7f39ed93-c175-c618-51a5-c53d2f9d02d5" testName="LUMAR_ERP_API_V2.Tests.WipToFinishedGoodsFinancialTransactionPolicyTests.ShouldCreateTransaction_ForNewReadyMadeProductWithPositiveActualCost" computerName="YASIN-YASIN" duration="00:00:00.0018032" startTime="2026-09-26T17:34:22.3927088+03:00" endTime="2026-09-26T17:34:22.3945292+03:00" testType="13cdc9d9-ddb5-4fa4-a97d-d965ccfc6d4b" outcome="Passed" testListId="8c84fa94-04c1-424b-9868-57a2d4851a1d" relativeResultsDirectory="c143625f-74ac-45fd-9fde-34e5144b0d55" />
    <UnitTestResult executionId="418dd32a-5ebd-4775-a5cf-86d4c53a036b" testId="0b3152fe-55d8-81b5-c3d2-d45b75431ea7" testName="LUMAR_ERP_API_V2.Tests.ReadyMadeProductionOrderItemsReadTests.GetReadyMadeOrderItemsAsync_ReadsFirstExistingOrderWithNullableProductTypeId" computerName="YASIN-YASIN" duration="00:00:00.0308657" startTime="2026-09-26T17:34:30.8627175+03:00" endTime="2026-09-26T17:34:30.8930521+03:00" testType="13cdc9d9-ddb5-4fa4-a97d-d965ccfc6d4b" outcome="Passed" testListId="8c84fa94-04c1-424b-9868-57a2d4851a1d" relativeResultsDirectory="418dd32a-5ebd-4775-a5cf-86d4c53a036b" />
    <UnitTestResult executionId="fe346158-87af-4079-8b1d-0b0b032fba09" testId="2263aeb2-f7fc-42fa-b367-8a2453b74b10" testName="LUMAR_ERP_API_V2.Tests.CancelledPieceReadyInventoryTransferGuardTests.ShouldRejectTransfer_WhenAnyGuardFails(orderCancelled: True, pieceStartedProduction: True, hasAssemblyStage: True, pieceStatus: &quot;Ready&quot;, finalStage: &quot;Assembly&quot;, alreadyTransferred: True)" computerName="YASIN-YASIN" duration="00:00:00.0019090" startTime="2026-09-26T17:34:23.8443496+03:00" endTime="2026-09-26T17:34:23.8462790+03:00" testType="13cdc9d9-ddb5-4fa4-a97d-d965ccfc6d4b" outcome="Passed" testListId="8c84fa94-04c1-424b-9868-57a2d4851a1d" relativeResultsDirectory="fe346158-87af-4079-8b1d-0b0b032fba09" />
    <UnitTestResult executionId="8d27ce08-7e91-4bda-bccd-fc13641de916" testId="00095e44-991a-7649-9549-a78ced857591" testName="LUMAR_ERP_API_V2.Tests.LoyaltyRedemptionServiceTests.Preview_EnforcesConfiguredRedemptionLimits(allowRedemption: True, requestedPoints: 150, minimumPoints: 0, maximumPoints: 0, expectedValid: True, expectedMessage: &quot;valid&quot;)" computerName="YASIN-YASIN" duration="00:00:00.0267981" startTime="2026-09-26T17:34:30.7695158+03:00" endTime="2026-09-26T17:34:30.7975848+03:00" testType="13cdc9d9-ddb5-4fa4-a97d-d965ccfc6d4b" outcome="Passed" testListId="8c84fa94-04c1-424b-9868-57a2d4851a1d" relativeResultsDirectory="8d27ce08-7e91-4bda-bccd-fc13641de916" />
    <UnitTestResult executionId="b0d8bc2c-8b0d-48c4-acbf-f640dd7c91ec" testId="529ed71a-f601-5ce9-8790-0b21816a4120" testName="LUMAR_ERP_API_V2.Tests.LoyaltyRedemptionServiceTests.Preview_EnforcesConfiguredRedemptionLimits(allowRedemption: True, requestedPoints: 150, minimumPoints: 0, maximumPoints: 100, expectedValid: False, expectedMessage: &quot;maximum&quot;)" computerName="YASIN-YASIN" duration="00:00:00.0000374" startTime="2026-09-26T17:34:30.7995737+03:00" endTime="2026-09-26T17:34:30.7996269+03:00" testType="13cdc9d9-ddb5-4fa4-a97d-d965ccfc6d4b" outcome="Passed" testListId="8c84fa94-04c1-424b-9868-57a2d4851a1d" relativeResultsDirectory="b0d8bc2c-8b0d-48c4-acbf-f640dd7c91ec" />
    <UnitTestResult executionId="841ebdc8-7bed-45e0-ad82-9a27d28375bd" testId="a04a9055-b962-b3fe-2c7e-f11ef94bb8c5" testName="LUMAR_ERP_API_V2.Tests.SalesCostRecognitionImplementationTests.AccountingEventFoundation_ShouldRejectDirectJournalWrites" computerName="YASIN-YASIN" duration="00:00:00.1963350" startTime="2026-09-26T17:34:24.6799330+03:00" endTime="2026-09-26T17:34:24.8774385+03:00" testType="13cdc9d9-ddb5-4fa4-a97d-d965ccfc6d4b" outcome="Passed" testListId="8c84fa94-04c1-424b-9868-57a2d4851a1d" relativeResultsDirectory="841ebdc8-7bed-45e0-ad82-9a27d28375bd" />
    <UnitTestResult executionId="4ca7986c-8047-4d51-ad84-a95e17372e4c" testId="dccbac8b-0c2b-94b5-7833-35f4549914c6" testName="LUMAR_ERP_API_V2.Tests.PiecePointsPhaseThreeTests.MissingPieceSetting_GrantsZeroPoints" computerName="YASIN-YASIN" duration="00:00:00.0005441" startTime="2026-09-26T17:34:23.8139749+03:00" endTime="2026-09-26T17:34:23.8141856+03:00" testType="13cdc9d9-ddb5-4fa4-a97d-d965ccfc6d4b" outcome="Passed" testListId="8c84fa94-04c1-424b-9868-57a2d4851a1d" relativeResultsDirectory="4ca7986c-8047-4d51-ad84-a95e17372e4c" />
    <UnitTestResult executionId="1cee249a-5887-4395-9a21-0e1d912e9509" testId="c5eb8097-1215-2a9d-efca-440342c268c7" testName="LUMAR_ERP_API_V2.Tests.LoyaltyRedemptionServiceTests.Reverse_Redemption_RecreatesPoints_Without_Deleting_Original" computerName="YASIN-YASIN" duration="00:00:00.0261119" startTime="2026-09-26T17:34:30.8128084+03:00" endTime="2026-09-26T17:34:30.8385457+03:00" testType="13cdc9d9-ddb5-4fa4-a97d-d965ccfc6d4b" outcome="Passed" testListId="8c84fa94-04c1-424b-9868-57a2d4851a1d" relativeResultsDirectory="1cee249a-5887-4395-9a21-0e1d912e9509" />
    <UnitTestResult executionId="cfb2dc98-a2fa-4be4-9286-f6cb2cf98b3f" testId="897e32d8-a424-f02d-3fbd-6207ae0b8582" testName="LUMAR_ERP_API_V2.Tests.CancelledPieceReadyInventoryTransferGuardTests.ShouldRejectTransfer_WhenAnyGuardFails(orderCancelled: False, pieceStartedProduction: True, hasAssemblyStage: True, pieceStatus: &quot;Ready&quot;, finalStage: &quot;Assembly&quot;, alreadyTransferred: False)" computerName="YASIN-YASIN" duration="00:00:00.0000055" startTime="2026-09-26T17:34:23.8487319+03:00" endTime="2026-09-26T17:34:23.8487963+03:00" testType="13cdc9d9-ddb5-4fa4-a97d-d965ccfc6d4b" outcome="Passed" testListId="8c84fa94-04c1-424b-9868-57a2d4851a1d" relativeResultsDirectory="cfb2dc98-a2fa-4be4-9286-f6cb2cf98b3f" />
    <UnitTestResult executionId="3ffbaa01-bbf2-49c9-9076-4482344a8e26" testId="1dba19b5-0ecc-c466-600c-0dc968274b83" testName="LUMAR_ERP_API_V2.Tests.CancelledPieceReadyInventoryTransferGuardTests.ShouldRejectTransfer_WhenAnyGuardFails(orderCancelled: True, pieceStartedProduction: False, hasAssemblyStage: True, pieceStatus: &quot;Ready&quot;, finalStage: &quot;Assembly&quot;, alreadyTransferred: False)" computerName="YASIN-YASIN" duration="00:00:00.0000046" startTime="2026-09-26T17:34:23.8488954+03:00" endTime="2026-09-26T17:34:23.8489354+03:00" testType="13cdc9d9-ddb5-4fa4-a97d-d965ccfc6d4b" outcome="Passed" testListId="8c84fa94-04c1-424b-9868-57a2d4851a1d" relativeResultsDirectory="3ffbaa01-bbf2-49c9-9076-4482344a8e26" />
    <UnitTestResult executionId="3c6bb735-2811-486e-9bbc-051373abb4ed" testId="b6699781-4bfe-27e4-53f4-22539ab03264" testName="LUMAR_ERP_API_V2.Tests.SalesCostRecognitionImplementationTests.RecordReadyMadeSaleCostAsync_ShouldBlockUnapprovedAccountingContract" computerName="YASIN-YASIN" duration="00:00:00.0838681" startTime="2026-09-26T17:34:24.8778534+03:00" endTime="2026-09-26T17:34:24.9621948+03:00" testType="13cdc9d9-ddb5-4fa4-a97d-d965ccfc6d4b" outcome="Passed" testListId="8c84fa94-04c1-424b-9868-57a2d4851a1d" relativeResultsDirectory="3c6bb735-2811-486e-9bbc-051373abb4ed" />
    <UnitTestResult executionId="2f51a824-61d0-4ff3-9090-e1c83b032579" testId="807fc47f-ff97-c8a1-15f7-2ae181e8015b" testName="LUMAR_ERP_API_V2.Tests.FinancialPostingRuntimeReliabilityTests.Poster_ReturnsExplicitPreInsertFailures_WithoutCreatingJournalEntry" computerName="YASIN-YASIN" duration="00:00:00.0452446" startTime="2026-09-26T17:34:21.5159500+03:00" endTime="2026-09-26T17:34:21.5438679+03:00" testType="13cdc9d9-ddb5-4fa4-a97d-d965ccfc6d4b" outcome="Passed" testListId="8c84fa94-04c1-424b-9868-57a2d4851a1d" relativeResultsDirectory="2f51a824-61d0-4ff3-9090-e1c83b032579" />
    <UnitTestResult executionId="19c1f8ca-bcd5-4542-b218-882fe42f8a16" testId="481939ab-4786-24b6-2711-6ad304add233" testName="LUMAR_ERP_API_V2.Tests.ProductionTrackingEngineTests.ShouldResolveOfficialProductTypeIdentityForArabicAndCodeValues" computerName="YASIN-YASIN" duration="00:00:00.0006124" startTime="2026-09-26T17:34:20.7471411+03:00" endTime="2026-09-26T17:34:20.7474640+03:00" testType="13cdc9d9-ddb5-4fa4-a97d-d965ccfc6d4b" outcome="Passed" testListId="8c84fa94-04c1-424b-9868-57a2d4851a1d" relativeResultsDirectory="19c1f8ca-bcd5-4542-b218-882fe42f8a16" />
    <UnitTestResult executionId="4f1e0b5a-3e64-4775-ade3-c534bd51fb5d" testId="822a4a44-b521-ecb7-bb1c-4c71c106ce37" testName="LUMAR_ERP_API_V2.Tests.PieceWageEngineTests.ShouldValidateTotalWageFormula" computerName="YASIN-YASIN" duration="00:00:00.0055547" startTime="2026-09-26T17:34:05.7539744+03:00" endTime="2026-09-26T17:34:05.7598022+03:00" testType="13cdc9d9-ddb5-4fa4-a97d-d965ccfc6d4b" outcome="Passed" testListId="8c84fa94-04c1-424b-9868-57a2d4851a1d" relativeResultsDirectory="4f1e0b5a-3e64-4775-ade3-c534bd51fb5d" />
    <UnitTestResult executionId="52dd7713-890c-412f-9b7b-980c5c6de47e" testId="69e1b6e3-e094-eb70-27ea-2a235b150cf7" testName="LUMAR_ERP_API_V2.Tests.FinancialPostingCallerIntegrationTests.WipToFinishedGoods_Succeeds_AndDeduplicatesByInventoryProductIdentity" computerName="YASIN-YASIN" duration="00:00:00.9809610" startTime="2026-09-26T17:34:26.0819062+03:00" endTime="2026-09-26T17:34:27.0634715+03:00" testType="13cdc9d9-ddb5-4fa4-a97d-d965ccfc6d4b" outcome="Passed" testListId="8c84fa94-04c1-424b-9868-57a2d4851a1d" relativeResultsDirectory="52dd7713-890c-412f-9b7b-980c5c6de47e" />
    <UnitTestResult executionId="f676a26c-ee2d-4df0-b767-263fb3a0e413" testId="713b1f42-15f7-0f70-c7f7-0f29c3e63200" testName="LUMAR_ERP_API_V2.Tests.PieceWageEngineTests.ShouldUseWildcardRateWhenExactRateIsMissing" computerName="YASIN-YASIN" duration="00:00:00.0020456" startTime="2026-09-26T17:34:05.7508761+03:00" endTime="2026-09-26T17:34:05.7530987+03:00" testType="13cdc9d9-ddb5-4fa4-a97d-d965ccfc6d4b" outcome="Passed" testListId="8c84fa94-04c1-424b-9868-57a2d4851a1d" relativeResultsDirectory="f676a26c-ee2d-4df0-b767-263fb3a0e413" />
    <UnitTestResult executionId="111617bd-d874-4091-b133-342200d2d7a0" testId="bcb18509-6eac-11fe-ea76-f98b0e710f43" testName="LUMAR_ERP_API_V2.Tests.ConsumptionRulesIntegrityValidatorTests.ShouldEvaluateFormulaUsingMeasurementCodes" computerName="YASIN-YASIN" duration="00:00:00.0424883" startTime="2026-09-26T17:34:21.3581546+03:00" endTime="2026-09-26T17:34:21.4003080+03:00" testType="13cdc9d9-ddb5-4fa4-a97d-d965ccfc6d4b" outcome="Passed" testListId="8c84fa94-04c1-424b-9868-57a2d4851a1d" relativeResultsDirectory="111617bd-d874-4091-b133-342200d2d7a0" />
    <UnitTestResult executionId="bfdf2825-aa38-4ecb-967e-08dd8e792db1" testId="8dc74b55-ae3c-0f3e-f998-0ba4100e99fe" testName="LUMAR_ERP_API_V2.Tests.ConsumptionRulesIntegrityValidatorTests.ShouldKeepDifferentMeasurementKeysIndependent" computerName="YASIN-YASIN" duration="00:00:00.0010703" startTime="2026-09-26T17:34:21.4123298+03:00" endTime="2026-09-26T17:34:21.4131179+03:00" testType="13cdc9d9-ddb5-4fa4-a97d-d965ccfc6d4b" outcome="Passed" testListId="8c84fa94-04c1-424b-9868-57a2d4851a1d" relativeResultsDirectory="bfdf2825-aa38-4ecb-967e-08dd8e792db1" />
    <UnitTestResult executionId="ab5801da-9053-4a80-87ba-3d914bfcfa9f" testId="ca8fbfdd-3719-d842-d7d8-1ee1ec7d6fa7" testName="LUMAR_ERP_API_V2.Tests.MeasurementCardPrintPolicyTests.LegacyPrintedPiece_StartsAtCopyTwoWithoutCreatingHistory" computerName="YASIN-YASIN" duration="00:00:00.0004555" startTime="2026-09-26T17:34:03.2335519+03:00" endTime="2026-09-26T17:34:03.2337637+03:00" testType="13cdc9d9-ddb5-4fa4-a97d-d965ccfc6d4b" outcome="Passed" testListId="8c84fa94-04c1-424b-9868-57a2d4851a1d" relativeResultsDirectory="ab5801da-9053-4a80-87ba-3d914bfcfa9f" />
    <UnitTestResult executionId="3cd33808-ca12-4772-8fea-03ad60fc06f5" testId="5134716d-efba-0030-2084-b13187f5bdc8" testName="LUMAR_ERP_API_V2.Tests.OrderPaymentFinancialMovementResolverTests.ShouldResolveExpectedTransactionMetadata(paymentKind: &quot;DebtCollection&quot;, expectedType: &quot;CustomerPayment&quot;, expectedDescription: &quot;Customer payment for order&quot;)" computerName="YASIN-YASIN" duration="00:00:00.0015627" startTime="2026-09-26T17:34:23.6504063+03:00" endTime="2026-09-26T17:34:23.6516947+03:00" testType="13cdc9d9-ddb5-4fa4-a97d-d965ccfc6d4b" outcome="Passed" testListId="8c84fa94-04c1-424b-9868-57a2d4851a1d" relativeResultsDirectory="3cd33808-ca12-4772-8fea-03ad60fc06f5" />
    <UnitTestResult executionId="a88c31e3-ab96-4c76-a54c-7ccc49826fd4" testId="20e91504-f151-f5d9-7422-8875548aa008" testName="LUMAR_ERP_API_V2.Tests.PricingEngineCalculatorTests.Accepts_zero_global_profit_and_two_hundred_percent_piece_profit" computerName="YASIN-YASIN" duration="00:00:00.0006898" startTime="2026-09-26T17:34:23.8758260+03:00" endTime="2026-09-26T17:34:23.8761768+03:00" testType="13cdc9d9-ddb5-4fa4-a97d-d965ccfc6d4b" outcome="Passed" testListId="8c84fa94-04c1-424b-9868-57a2d4851a1d" relativeResultsDirectory="a88c31e3-ab96-4c76-a54c-7ccc49826fd4" />
    <UnitTestResult executionId="927f2b28-bedd-4626-96d5-d62aeda1cafa" testId="4f331c4b-b2cf-9923-8f15-413932410cca" testName="LUMAR_ERP_API_V2.Tests.ReadyMadeSalesRepeatedSaleTests.CreateAsync_RejectsSalesThatRequireTheUnapprovedCostContract" computerName="YASIN-YASIN" duration="00:00:00.0663887" startTime="2026-09-26T17:34:30.8934997+03:00" endTime="2026-09-26T17:34:30.9603081+03:00" testType="13cdc9d9-ddb5-4fa4-a97d-d965ccfc6d4b" outcome="Passed" testListId="8c84fa94-04c1-424b-9868-57a2d4851a1d" relativeResultsDirectory="927f2b28-bedd-4626-96d5-d62aeda1cafa" />
    <UnitTestResult executionId="3971e5c9-0dc3-42e4-bdae-195b3f1439e6" testId="90d02489-64bd-e9b9-936d-a7d233132026" testName="LUMAR_ERP_API_V2.Tests.CancelledPieceReadyInventoryTransferGuardTests.ShouldRejectTransfer_WhenAnyGuardFails(orderCancelled: True, pieceStartedProduction: True, hasAssemblyStage: True, pieceStatus: &quot;InProduction&quot;, finalStage: &quot;Assembly&quot;, alreadyTransferred: False)" computerName="YASIN-YASIN" duration="00:00:00.0018903" startTime="2026-09-26T17:34:23.8465849+03:00" endTime="2026-09-26T17:34:23.8483224+03:00" testType="13cdc9d9-ddb5-4fa4-a97d-d965ccfc6d4b" outcome="Passed" testListId="8c84fa94-04c1-424b-9868-57a2d4851a1d" relativeResultsDirectory="3971e5c9-0dc3-42e4-bdae-195b3f1439e6" />
    <UnitTestResult executionId="aae50eac-bf29-48f2-bf1f-0af9f16cac96" testId="a16bfc48-6ec5-7c33-1cbb-909f1682b861" testName="LUMAR_ERP_API_V2.Tests.FactoryMonitoringEngineTests.ClassifyOrder_ReturnsStalled_WhenProgressExistsButNoRecentMovement" computerName="YASIN-YASIN" duration="00:00:00.0010734" startTime="2026-09-26T17:34:23.6232803+03:00" endTime="2026-09-26T17:34:23.6240690+03:00" testType="13cdc9d9-ddb5-4fa4-a97d-d965ccfc6d4b" outcome="Passed" testListId="8c84fa94-04c1-424b-9868-57a2d4851a1d" relativeResultsDirectory="aae50eac-bf29-48f2-bf1f-0af9f16cac96" />
    <UnitTestResult executionId="a0104aaf-be7f-40ca-a32e-ae22591e3a8b" testId="86e3d5c8-d7bf-461d-cec3-1414af9ccd5b" testName="LUMAR_ERP_API_V2.Tests.FabricCodeAllocatorTests.ShouldReturnNextCode_AfterExistingFa0027" computerName="YASIN-YASIN" duration="00:00:00.0004556" startTime="2026-09-26T17:34:29.7435004+03:00" endTime="2026-09-26T17:34:29.7436405+03:00" testType="13cdc9d9-ddb5-4fa4-a97d-d965ccfc6d4b" outcome="Passed" testListId="8c84fa94-04c1-424b-9868-57a2d4851a1d" relativeResultsDirectory="a0104aaf-be7f-40ca-a32e-ae22591e3a8b" />
    <UnitTestResult executionId="39acec1d-9ab2-447f-a122-00bb5d121f4e" testId="87412b47-2e9b-aadf-dc44-b62b90584cf3" testName="LUMAR_ERP_API_V2.Tests.ReadyMadeSalesServiceTests.CreateAsync_PreservesSelectedEmployeeCodeForRepositorySave" computerName="YASIN-YASIN" duration="00:00:00.0033560" startTime="2026-09-26T17:34:21.5155221+03:00" endTime="2026-09-26T17:34:21.5156010+03:00" testType="13cdc9d9-ddb5-4fa4-a97d-d965ccfc6d4b" outcome="Passed" testListId="8c84fa94-04c1-424b-9868-57a2d4851a1d" relativeResultsDirectory="39acec1d-9ab2-447f-a122-00bb5d121f4e" />
    <UnitTestResult executionId="a9505c94-67da-4728-8e97-16ba3042afc6" testId="e1c288bd-9a11-5ffa-6958-0dc75ebb5990" testName="LUMAR_ERP_API_V2.Tests.CostOfSalesFinancialTransactionPolicyTests.ShouldCreateTransaction_ForNewSoldTrackingCodeWithPositiveActualCost" computerName="YASIN-YASIN" duration="00:00:00.0041766" startTime="2026-09-26T17:34:03.1971725+03:00" endTime="2026-09-26T17:34:03.1974614+03:00" testType="13cdc9d9-ddb5-4fa4-a97d-d965ccfc6d4b" outcome="Passed" testListId="8c84fa94-04c1-424b-9868-57a2d4851a1d" relativeResultsDirectory="a9505c94-67da-4728-8e97-16ba3042afc6" />
    <UnitTestResult executionId="0eebd9b2-9cf5-4582-ad76-f0561edb6e2b" testId="e72c4826-5bcd-a1bc-24d1-8d20ec7cc7ef" testName="LUMAR_ERP_API_V2.Tests.SalesReferenceControllerTests.GetVersion_ReturnsTheReferenceVersion" computerName="YASIN-YASIN" duration="00:00:00.0097865" startTime="2026-09-26T17:34:22.3828108+03:00" endTime="2026-09-26T17:34:22.3922155+03:00" testType="13cdc9d9-ddb5-4fa4-a97d-d965ccfc6d4b" outcome="Passed" testListId="8c84fa94-04c1-424b-9868-57a2d4851a1d" relativeResultsDirectory="0eebd9b2-9cf5-4582-ad76-f0561edb6e2b" />
    <UnitTestResult executionId="e98fc887-39a2-4c6e-9704-8108668f1f9e" testId="8708e9be-eecd-4bfe-e02f-fc7cb9beb3b6" testName="LUMAR_ERP_API_V2.Tests.ReadyMadeSalesServiceTests.CreateAsync_DoesNotProcessLoyaltyWhenRepositoryFails" computerName="YASIN-YASIN" duration="00:00:00.0127721" startTime="2026-09-26T17:34:21.4462891+03:00" endTime="2026-09-26T17:34:21.4588117+03:00" testType="13cdc9d9-ddb5-4fa4-a97d-d965ccfc6d4b" outcome="Passed" testListId="8c84fa94-04c1-424b-9868-57a2d4851a1d" relativeResultsDirectory="e98fc887-39a2-4c6e-9704-8108668f1f9e" />
    <UnitTestResult executionId="dc0bde6f-5cc1-4db4-9aaa-194445399b26" testId="ff8287f5-f5bf-5aa7-2184-ab9a901efc63" testName="LUMAR_ERP_API_V2.Tests.MeasurementCardPrintPolicyTests.CompletedCopies_IncrementFromBackendState" computerName="YASIN-YASIN" duration="00:00:00.0013980" startTime="2026-09-26T17:34:03.2328927+03:00" endTime="2026-09-26T17:34:03.2330879+03:00" testType="13cdc9d9-ddb5-4fa4-a97d-d965ccfc6d4b" outcome="Passed" testListId="8c84fa94-04c1-424b-9868-57a2d4851a1d" relativeResultsDirectory="dc0bde6f-5cc1-4db4-9aaa-194445399b26" />
    <UnitTestResult executionId="7016e04b-d898-457a-b41e-86e62f3f92ff" testId="4db64c43-1430-9676-d92d-4f8df9a48f2f" testName="LUMAR_ERP_API_V2.Tests.VipLevelEvaluationDatabaseTests.EvaluateAllAsync_PersistsEvaluationForEveryLoyaltyAccount" computerName="YASIN-YASIN" duration="00:00:00.6518464" startTime="2026-09-26T17:34:25.1615680+03:00" endTime="2026-09-26T17:34:25.8179087+03:00" testType="13cdc9d9-ddb5-4fa4-a97d-d965ccfc6d4b" outcome="Passed" testListId="8c84fa94-04c1-424b-9868-57a2d4851a1d" relativeResultsDirectory="7016e04b-d898-457a-b41e-86e62f3f92ff" />
    <UnitTestResult executionId="9d001b36-b8c3-4744-b6b1-a7738a137b28" testId="31949699-f5d5-a7bb-0a5e-a316b4a5a609" testName="LUMAR_ERP_API_V2.Tests.MeasurementCardPrintingIntegrationTests.PieceSold_Donation_IsBlockedWithoutCreatingFinancialRecords" computerName="YASIN-YASIN" duration="00:00:00.0609596" startTime="2026-09-26T17:34:30.7074216+03:00" endTime="2026-09-26T17:34:30.7685433+03:00" testType="13cdc9d9-ddb5-4fa4-a97d-d965ccfc6d4b" outcome="Passed" testListId="8c84fa94-04c1-424b-9868-57a2d4851a1d" relativeResultsDirectory="9d001b36-b8c3-4744-b6b1-a7738a137b28" />
    <UnitTestResult executionId="69fb12c0-8419-4d05-af21-ad6d57345018" testId="aa68f2b1-dc02-0b2c-11ef-32e75de4aa9f" testName="LUMAR_ERP_API_V2.Tests.PiecePointsPhaseThreeTests.DisabledProgram_GrantsZeroPoints_EvenWithActiveTypeSetting" computerName="YASIN-YASIN" duration="00:00:00.0005924" startTime="2026-09-26T17:34:23.8145139+03:00" endTime="2026-09-26T17:34:23.8149724+03:00" testType="13cdc9d9-ddb5-4fa4-a97d-d965ccfc6d4b" outcome="Passed" testListId="8c84fa94-04c1-424b-9868-57a2d4851a1d" relativeResultsDirectory="69fb12c0-8419-4d05-af21-ad6d57345018" />
    <UnitTestResult executionId="15e1ab77-aa98-4e46-91e5-39ab36adba7e" testId="98a2cd24-6d99-8658-d10e-589c8fc61d4a" testName="LUMAR_ERP_API_V2.Tests.PieceWageEngineTests.ShouldResolveExactPieceTypeRateBeforeWildcard" computerName="YASIN-YASIN" duration="00:00:00.0018625" startTime="2026-09-26T17:34:05.7691916+03:00" endTime="2026-09-26T17:34:05.7723759+03:00" testType="13cdc9d9-ddb5-4fa4-a97d-d965ccfc6d4b" outcome="Passed" testListId="8c84fa94-04c1-424b-9868-57a2d4851a1d" relativeResultsDirectory="15e1ab77-aa98-4e46-91e5-39ab36adba7e" />
    <UnitTestResult executionId="a8c1ac39-5b0d-4bc2-b068-682012fabac5" testId="37081e79-0488-eebb-73a5-24e7fe4e1e64" testName="LUMAR_ERP_API_V2.Tests.LoyaltyManagementSettingsTests.Service_Can_Manage_Program_Settings_And_Toggle_Activation" computerName="YASIN-YASIN" duration="00:00:00.0094794" startTime="2026-09-26T17:34:30.8519351+03:00" endTime="2026-09-26T17:34:30.8610754+03:00" testType="13cdc9d9-ddb5-4fa4-a97d-d965ccfc6d4b" outcome="Passed" testListId="8c84fa94-04c1-424b-9868-57a2d4851a1d" relativeResultsDirectory="a8c1ac39-5b0d-4bc2-b068-682012fabac5" />
    <UnitTestResult executionId="33cdd381-2d01-4af1-819b-1fc3b0d6c6bc" testId="ec23743a-88c3-5a73-7dc2-d8d14eeb3126" testName="LUMAR_ERP_API_V2.Tests.FabricCodeAllocatorTests.ShouldNotReuseInactiveOrExpiredCodes" computerName="YASIN-YASIN" duration="00:00:00.0016926" startTime="2026-09-26T17:34:29.7405187+03:00" endTime="2026-09-26T17:34:29.7421076+03:00" testType="13cdc9d9-ddb5-4fa4-a97d-d965ccfc6d4b" outcome="Passed" testListId="8c84fa94-04c1-424b-9868-57a2d4851a1d" relativeResultsDirectory="33cdd381-2d01-4af1-819b-1fc3b0d6c6bc" />
    <UnitTestResult executionId="58d88bc2-a628-4c59-9b60-975aef397c37" testId="9e28e990-8c49-e8de-f178-c6ca5577da0b" testName="LUMAR_ERP_API_V2.Tests.FinancialPostingCallerIntegrationTests.CustomerPayment_Succeeds_AndDeduplicatesByPaymentIdentity" computerName="YASIN-YASIN" duration="00:00:00.2512581" startTime="2026-09-26T17:34:27.7769408+03:00" endTime="2026-09-26T17:34:28.0836375+03:00" testType="13cdc9d9-ddb5-4fa4-a97d-d965ccfc6d4b" outcome="Passed" testListId="8c84fa94-04c1-424b-9868-57a2d4851a1d" relativeResultsDirectory="58d88bc2-a628-4c59-9b60-975aef397c37" />
    <UnitTestResult executionId="97bd7d0f-2611-4a9e-927f-d6cd5380856f" testId="8bfe8b03-dee2-da7c-e2ce-e0a40eac1894" testName="LUMAR_ERP_API_V2.Tests.CostOfSalesFinancialTransactionPolicyTests.ShouldNotCreateTransaction_ForEmptyTrackingCodeOrZeroAmount" computerName="YASIN-YASIN" duration="00:00:00.0008810" startTime="2026-09-26T17:34:03.2306230+03:00" endTime="2026-09-26T17:34:03.2308232+03:00" testType="13cdc9d9-ddb5-4fa4-a97d-d965ccfc6d4b" outcome="Passed" testListId="8c84fa94-04c1-424b-9868-57a2d4851a1d" relativeResultsDirectory="97bd7d0f-2611-4a9e-927f-d6cd5380856f" />
    <UnitTestResult executionId="c76934f1-471c-4690-ba80-9de47779925f" testId="e6fee580-de67-6b90-ec99-3169afa5beb4" testName="LUMAR_ERP_API_V2.Tests.CustomerSummaryRepositoryTests.SearchAsync_ProjectsCurrentLoyaltyPointsAndLatestLedgerBalance" computerName="YASIN-YASIN" duration="00:00:02.3618210" startTime="2026-09-26T17:34:03.3004517+03:00" endTime="2026-09-26T17:34:05.7019887+03:00" testType="13cdc9d9-ddb5-4fa4-a97d-d965ccfc6d4b" outcome="Passed" testListId="8c84fa94-04c1-424b-9868-57a2d4851a1d" relativeResultsDirectory="c76934f1-471c-4690-ba80-9de47779925f" />
    <UnitTestResult executionId="86681f74-11ff-4eb1-88b4-6cc51d84a46b" testId="e1be4459-1e9a-c11d-70f5-9a1db7984b7a" testName="LUMAR_ERP_API_V2.Tests.EmployeeWriteInfrastructureTests.DeactivateEmployee_Normalizes_Status_To_Inactive" computerName="YASIN-YASIN" duration="00:00:00.0002810" startTime="2026-09-26T17:34:23.8603595+03:00" endTime="2026-09-26T17:34:23.8604420+03:00" testType="13cdc9d9-ddb5-4fa4-a97d-d965ccfc6d4b" outcome="Passed" testListId="8c84fa94-04c1-424b-9868-57a2d4851a1d" relativeResultsDirectory="86681f74-11ff-4eb1-88b4-6cc51d84a46b" />
    <UnitTestResult executionId="67e040ff-e5cb-403f-8898-aec03f10741f" testId="59d5c088-e075-f779-3787-e7ff5980f26a" testName="LUMAR_ERP_API_V2.Tests.FactoryMonitoringEngineTests.ClassifyOrder_ReturnsBlocked_WhenNoRealMovementExists" computerName="YASIN-YASIN" duration="00:00:00.0006687" startTime="2026-09-26T17:34:23.6498905+03:00" endTime="2026-09-26T17:34:23.6500097+03:00" testType="13cdc9d9-ddb5-4fa4-a97d-d965ccfc6d4b" outcome="Passed" testListId="8c84fa94-04c1-424b-9868-57a2d4851a1d" relativeResultsDirectory="67e040ff-e5cb-403f-8898-aec03f10741f" />
    <UnitTestResult executionId="bc082e8d-8354-476d-83bc-caea5718a2d4" testId="f6f656b5-a399-81ba-b66b-104ccb6440ea" testName="LUMAR_ERP_API_V2.Tests.FabricCodeAllocatorTests.ShouldSkipGaps_WhenDeterminingNextCode" computerName="YASIN-YASIN" duration="00:00:00.0042679" startTime="2026-09-26T17:34:29.7337171+03:00" endTime="2026-09-26T17:34:29.7377930+03:00" testType="13cdc9d9-ddb5-4fa4-a97d-d965ccfc6d4b" outcome="Passed" testListId="8c84fa94-04c1-424b-9868-57a2d4851a1d" relativeResultsDirectory="bc082e8d-8354-476d-83bc-caea5718a2d4" />
    <UnitTestResult executionId="bb932a46-6c56-4e55-906d-2830052154e4" testId="a263cd85-1091-a5dc-8af8-5bf61bbe4f9b" testName="LUMAR_ERP_API_V2.Tests.ScannerWriteInfrastructureTests.CreateScanner_Rejects_Missing_Data" computerName="YASIN-YASIN" duration="00:00:00.0105149" startTime="2026-09-26T17:34:03.1787472+03:00" endTime="2026-09-26T17:34:03.1789689+03:00" testType="13cdc9d9-ddb5-4fa4-a97d-d965ccfc6d4b" outcome="Passed" testListId="8c84fa94-04c1-424b-9868-57a2d4851a1d" relativeResultsDirectory="bb932a46-6c56-4e55-906d-2830052154e4" />
    <UnitTestResult executionId="43732b25-9c3c-4270-8c8f-44dd3750b070" testId="e93bb455-5e0a-5d1c-7d01-6069080cbc75" testName="LUMAR_ERP_API_V2.Tests.ConsumptionRulesIntegrityValidatorTests.ShouldAcceptCompleteCoveringSet" computerName="YASIN-YASIN" duration="00:00:00.0017317" startTime="2026-09-26T17:34:21.4007746+03:00" endTime="2026-09-26T17:34:21.4021914+03:00" testType="13cdc9d9-ddb5-4fa4-a97d-d965ccfc6d4b" outcome="Passed" testListId="8c84fa94-04c1-424b-9868-57a2d4851a1d" relativeResultsDirectory="43732b25-9c3c-4270-8c8f-44dd3750b070" />
    <UnitTestResult executionId="9973c0a0-dd29-43a1-8f1b-fa92358633cb" testId="050a4625-bb47-398e-afa5-18f54fc63da3" testName="LUMAR_ERP_API_V2.Tests.LoyaltyAccountLifecycleServiceTests.PrepareQualifyingPurchaseAsync_DoesNotPersistReactivationBeforePurchase" computerName="YASIN-YASIN" duration="00:00:00.0086071" startTime="2026-09-26T17:34:03.2829624+03:00" endTime="2026-09-26T17:34:03.2917126+03:00" testType="13cdc9d9-ddb5-4fa4-a97d-d965ccfc6d4b" outcome="Passed" testListId="8c84fa94-04c1-424b-9868-57a2d4851a1d" relativeResultsDirectory="9973c0a0-dd29-43a1-8f1b-fa92358633cb" />
    <UnitTestResult executionId="b2162838-e774-4195-917a-fa8a4e126683" testId="7415b343-9399-f2f3-abb6-c39be4cef3a6" testName="LUMAR_ERP_API_V2.Tests.ConsumptionRulesIntegrityValidatorTests.ShouldRejectAnOpenRangeBeforeTheLastRange" computerName="YASIN-YASIN" duration="00:00:00.0041592" startTime="2026-09-26T17:34:21.4083400+03:00" endTime="2026-09-26T17:34:21.4119060+03:00" testType="13cdc9d9-ddb5-4fa4-a97d-d965ccfc6d4b" outcome="Passed" testListId="8c84fa94-04c1-424b-9868-57a2d4851a1d" relativeResultsDirectory="b2162838-e774-4195-917a-fa8a4e126683" />
    <UnitTestResult executionId="a2873368-6f0e-4bfc-94cc-f38991189ed7" testId="1234077f-057a-c370-d959-e0a49d0f9571" testName="LUMAR_ERP_API_V2.Tests.FabricCodeAllocatorTests.ShouldGenerateSequentialCodes_ForThreeRolls" computerName="YASIN-YASIN" duration="00:00:00.0021773" startTime="2026-09-26T17:34:29.7439527+03:00" endTime="2026-09-26T17:34:29.7456073+03:00" testType="13cdc9d9-ddb5-4fa4-a97d-d965ccfc6d4b" outcome="Passed" testListId="8c84fa94-04c1-424b-9868-57a2d4851a1d" relativeResultsDirectory="a2873368-6f0e-4bfc-94cc-f38991189ed7" />
    <UnitTestResult executionId="43983647-9fd9-4c1b-9842-40e1a020f3f5" testId="58aa1311-348f-79f3-fff9-1bae8d4c883f" testName="LUMAR_ERP_API_V2.Tests.OrderLoyaltyIntegrationServiceTests.ProcessOrderAsync_CreatesBuyerEarn_AndReferralRewards" computerName="YASIN-YASIN" duration="00:00:00.0869876" startTime="2026-09-26T17:34:24.5453730+03:00" endTime="2026-09-26T17:34:24.6320129+03:00" testType="13cdc9d9-ddb5-4fa4-a97d-d965ccfc6d4b" outcome="Passed" testListId="8c84fa94-04c1-424b-9868-57a2d4851a1d" relativeResultsDirectory="43983647-9fd9-4c1b-9842-40e1a020f3f5" />
    <UnitTestResult executionId="405b1a11-00fd-42d7-900d-791f77efade3" testId="991d606d-d73f-32f0-a8a8-baee530b9e65" testName="LUMAR_ERP_API_V2.Tests.ConsumptionRulesIntegrityValidatorTests.ShouldTreatEqualBoundariesAsConnectedWithoutOverlap" computerName="YASIN-YASIN" duration="00:00:00.0010659" startTime="2026-09-26T17:34:21.4448941+03:00" endTime="2026-09-26T17:34:21.4455037+03:00" testType="13cdc9d9-ddb5-4fa4-a97d-d965ccfc6d4b" outcome="Passed" testListId="8c84fa94-04c1-424b-9868-57a2d4851a1d" relativeResultsDirectory="405b1a11-00fd-42d7-900d-791f77efade3" />
    <UnitTestResult executionId="c9d25a65-e83f-4e76-98a2-beecb6575fa9" testId="18e9ed2e-b792-1be8-449f-5fcde3fa2c0c" testName="LUMAR_ERP_API_V2.Tests.PrintSettingsValidationTests.NormalizeAndValidate_Rejects_Invalid_Boolean_Value" computerName="YASIN-YASIN" duration="00:00:00.0039090" startTime="2026-09-26T17:34:05.8649115+03:00" endTime="2026-09-26T17:34:05.8699832+03:00" testType="13cdc9d9-ddb5-4fa4-a97d-d965ccfc6d4b" outcome="Passed" testListId="8c84fa94-04c1-424b-9868-57a2d4851a1d" relativeResultsDirectory="c9d25a65-e83f-4e76-98a2-beecb6575fa9" />
    <UnitTestResult executionId="5dadb006-7211-430c-9cc4-b49e938fbd59" testId="3b0f8e5c-e770-f305-ffc2-e0538a108a9e" testName="LUMAR_ERP_API_V2.Tests.CancelledPieceReadyInventoryTransferGuardTests.ShouldAllowTransfer_WhenOrderCancelledAndAssemblyCompleteAndNotTransferred" computerName="YASIN-YASIN" duration="00:00:00.0008385" startTime="2026-09-26T17:34:23.8491118+03:00" endTime="2026-09-26T17:34:23.8494697+03:00" testType="13cdc9d9-ddb5-4fa4-a97d-d965ccfc6d4b" outcome="Passed" testListId="8c84fa94-04c1-424b-9868-57a2d4851a1d" relativeResultsDirectory="5dadb006-7211-430c-9cc4-b49e938fbd59" />
    <UnitTestResult executionId="a300d2cf-8454-4b4e-8a9c-23288f2c340d" testId="f1ce4592-06c8-98db-1296-77048cf62da3" testName="LUMAR_ERP_API_V2.Tests.ProductionWorkCardMetadataTests.GetWorkCardAsync_Should_Return_Fabric_And_Request_Metadata_From_OrderItem" computerName="YASIN-YASIN" duration="00:00:00.1263493" startTime="2026-09-26T17:34:23.4837468+03:00" endTime="2026-09-26T17:34:23.6108748+03:00" testType="13cdc9d9-ddb5-4fa4-a97d-d965ccfc6d4b" outcome="Passed" testListId="8c84fa94-04c1-424b-9868-57a2d4851a1d" relativeResultsDirectory="a300d2cf-8454-4b4e-8a9c-23288f2c340d" />
    <UnitTestResult executionId="ace9293b-c182-40fd-8b90-73e5440e5849" testId="027f457d-8c9c-b5d8-74a2-b0c09083ecfe" testName="LUMAR_ERP_API_V2.Tests.PricingEngineCalculatorTests.Rejects_negative_percentages" computerName="YASIN-YASIN" duration="00:00:00.0013675" startTime="2026-09-26T17:34:23.8765181+03:00" endTime="2026-09-26T17:34:23.8777036+03:00" testType="13cdc9d9-ddb5-4fa4-a97d-d965ccfc6d4b" outcome="Passed" testListId="8c84fa94-04c1-424b-9868-57a2d4851a1d" relativeResultsDirectory="ace9293b-c182-40fd-8b90-73e5440e5849" />
    <UnitTestResult executionId="cd75d766-908a-4f4e-aaba-649f67b7d608" testId="6fe3fe86-821e-c7b4-2c24-831220c4aeed" testName="LUMAR_ERP_API_V2.Tests.ConsumptionRulesIntegrityValidatorTests.ShouldReportMissingMeasurementAndDivisionByZero" computerName="YASIN-YASIN" duration="00:00:00.0015390" startTime="2026-09-26T17:34:21.4062422+03:00" endTime="2026-09-26T17:34:21.4075765+03:00" testType="13cdc9d9-ddb5-4fa4-a97d-d965ccfc6d4b" outcome="Passed" testListId="8c84fa94-04c1-424b-9868-57a2d4851a1d" relativeResultsDirectory="cd75d766-908a-4f4e-aaba-649f67b7d608" />
    <UnitTestResult executionId="f81a9162-ae88-4fda-bdd2-2ec377dd6ed9" testId="0ed49283-089a-8bff-e40c-7398db6a760b" testName="LUMAR_ERP_API_V2.Tests.PayrollEngineTests.ShouldNormalizePayrollStatusValues" computerName="YASIN-YASIN" duration="00:00:00.0007623" startTime="2026-09-26T17:34:23.6133766+03:00" endTime="2026-09-26T17:34:23.6137283+03:00" testType="13cdc9d9-ddb5-4fa4-a97d-d965ccfc6d4b" outcome="Passed" testListId="8c84fa94-04c1-424b-9868-57a2d4851a1d" relativeResultsDirectory="f81a9162-ae88-4fda-bdd2-2ec377dd6ed9" />
    <UnitTestResult executionId="ea54bcf5-56e3-4667-bc74-a06e78df2153" testId="1b73c15c-b0ed-c220-91ae-c8f1a4526347" testName="LUMAR_ERP_API_V2.Tests.CustomerAdvanceApplicationIntegrationTests.FullDelivery_AppliesSingleAdvance_WithoutCashMovementOrLedgerWrite" computerName="YASIN-YASIN" duration="00:00:00.1753787" startTime="2026-09-26T17:34:23.3070333+03:00" endTime="2026-09-26T17:34:23.4828537+03:00" testType="13cdc9d9-ddb5-4fa4-a97d-d965ccfc6d4b" outcome="Passed" testListId="8c84fa94-04c1-424b-9868-57a2d4851a1d" relativeResultsDirectory="ea54bcf5-56e3-4667-bc74-a06e78df2153" />
    <UnitTestResult executionId="6eca671c-fc4a-4f32-b089-4b94a78db1ca" testId="a6d6cd05-4a25-f18e-3344-ac1453fdb712" testName="LUMAR_ERP_API_V2.Tests.FabricCodeAllocatorTests.ShouldKeepFabricAndCatalogCountersIndependent" computerName="YASIN-YASIN" duration="00:00:00.0009039" startTime="2026-09-26T17:34:29.7391790+03:00" endTime="2026-09-26T17:34:29.7401077+03:00" testType="13cdc9d9-ddb5-4fa4-a97d-d965ccfc6d4b" outcome="Passed" testListId="8c84fa94-04c1-424b-9868-57a2d4851a1d" relativeResultsDirectory="6eca671c-fc4a-4f32-b089-4b94a78db1ca" />
    <UnitTestResult executionId="287d10f1-2bf4-4bc1-8012-c546dc33c344" testId="0844fe77-43a7-53a0-b613-53295911f633" testName="LUMAR_ERP_API_V2.Tests.CostOfSalesFinancialTransactionPolicyTests.ShouldNotCreateDuplicateTransaction_ForSameTrackingCode" computerName="YASIN-YASIN" duration="00:00:00.0003966" startTime="2026-09-26T17:34:03.2298129+03:00" endTime="2026-09-26T17:34:03.2300650+03:00" testType="13cdc9d9-ddb5-4fa4-a97d-d965ccfc6d4b" outcome="Passed" testListId="8c84fa94-04c1-424b-9868-57a2d4851a1d" relativeResultsDirectory="287d10f1-2bf4-4bc1-8012-c546dc33c344" />
    <UnitTestResult executionId="02ceb83e-2df1-4197-a624-0543f17df903" testId="70dced69-72e5-ddf2-f050-20106aa699b4" testName="LUMAR_ERP_API_V2.Tests.PiecePointsPhaseThreeTests.Fingerprint_And_Idempotency_PreventDuplicateRewardProcessing" computerName="YASIN-YASIN" duration="00:00:00.0023645" startTime="2026-09-26T17:34:23.8233031+03:00" endTime="2026-09-26T17:34:23.8260056+03:00" testType="13cdc9d9-ddb5-4fa4-a97d-d965ccfc6d4b" outcome="Passed" testListId="8c84fa94-04c1-424b-9868-57a2d4851a1d" relativeResultsDirectory="02ceb83e-2df1-4197-a624-0543f17df903" />
    <UnitTestResult executionId="e1aa2356-8c06-4b54-b9a1-7186595e4f4d" testId="3606a8a0-ce62-dbcb-e96e-96ef7c1603d9" testName="LUMAR_ERP_API_V2.Tests.PrintSettingsValidationTests.NormalizeAndValidate_Rejects_Unsupported_Key" computerName="YASIN-YASIN" duration="00:00:00.0760865" startTime="2026-09-26T17:34:05.7833792+03:00" endTime="2026-09-26T17:34:05.8591125+03:00" testType="13cdc9d9-ddb5-4fa4-a97d-d965ccfc6d4b" outcome="Passed" testListId="8c84fa94-04c1-424b-9868-57a2d4851a1d" relativeResultsDirectory="e1aa2356-8c06-4b54-b9a1-7186595e4f4d" />
    <UnitTestResult executionId="98458fe3-1c08-40c0-9c96-b51fba296fe5" testId="e85d87c4-78a3-d0e4-c073-e3c1294da905" testName="LUMAR_ERP_API_V2.Tests.ScannerWriteInfrastructureTests.DeactivateScanner_Uses_Inactive_State" computerName="YASIN-YASIN" duration="00:00:00.0040939" startTime="2026-09-26T17:34:03.1799611+03:00" endTime="2026-09-26T17:34:03.1806026+03:00" testType="13cdc9d9-ddb5-4fa4-a97d-d965ccfc6d4b" outcome="Passed" testListId="8c84fa94-04c1-424b-9868-57a2d4851a1d" relativeResultsDirectory="98458fe3-1c08-40c0-9c96-b51fba296fe5" />
    <UnitTestResult executionId="fe78f1ce-e899-4694-b324-0e763fe40cc2" testId="2e17d53e-5584-c5f8-e518-771b39d2b2e9" testName="LUMAR_ERP_API_V2.Tests.ReadyMadeSalesServiceTests.CreateAsync_ProcessesLoyaltyAfterRepositoryCompletes" computerName="YASIN-YASIN" duration="00:00:00.0048513" startTime="2026-09-26T17:34:21.5151563+03:00" endTime="2026-09-26T17:34:21.5152615+03:00" testType="13cdc9d9-ddb5-4fa4-a97d-d965ccfc6d4b" outcome="Passed" testListId="8c84fa94-04c1-424b-9868-57a2d4851a1d" relativeResultsDirectory="fe78f1ce-e899-4694-b324-0e763fe40cc2" />
    <UnitTestResult executionId="edbffc7c-d09a-46a2-a158-e51b3b050dbe" testId="77cde83a-7c74-830d-868c-14ed2448764f" testName="LUMAR_ERP_API_V2.Tests.PricingEngineCalculatorTests.Calculates_fabric_and_total_values_per_piece_and_quantity" computerName="YASIN-YASIN" duration="00:00:00.0022851" startTime="2026-09-26T17:34:23.8732017+03:00" endTime="2026-09-26T17:34:23.8754059+03:00" testType="13cdc9d9-ddb5-4fa4-a97d-d965ccfc6d4b" outcome="Passed" testListId="8c84fa94-04c1-424b-9868-57a2d4851a1d" relativeResultsDirectory="edbffc7c-d09a-46a2-a158-e51b3b050dbe" />
    <UnitTestResult executionId="a23bd129-ac7e-4087-a3a5-742291427a5d" testId="e390aa24-e5f2-f138-3685-9a55381acfe3" testName="LUMAR_ERP_API_V2.Tests.ScannerWriteInfrastructureTests.UpdateScanner_Valid_Request_Passes_Validation" computerName="YASIN-YASIN" duration="00:00:00.0145788" startTime="2026-09-26T17:34:03.1743781+03:00" endTime="2026-09-26T17:34:03.1747807+03:00" testType="13cdc9d9-ddb5-4fa4-a97d-d965ccfc6d4b" outcome="Passed" testListId="8c84fa94-04c1-424b-9868-57a2d4851a1d" relativeResultsDirectory="a23bd129-ac7e-4087-a3a5-742291427a5d" />
    <UnitTestResult executionId="ca2ffb48-2424-43c3-84c9-bb761568848f" testId="5c9bbf4b-600a-9ab4-ca4d-328ec9d0fe5a" testName="LUMAR_ERP_API_V2.Tests.LoyaltyAccountLifecycleServiceTests.ReactivateManuallyAsync_RestoresActiveWithoutChangingBalance" computerName="YASIN-YASIN" duration="00:00:00.0076906" startTime="2026-09-26T17:34:03.2926180+03:00" endTime="2026-09-26T17:34:03.2997112+03:00" testType="13cdc9d9-ddb5-4fa4-a97d-d965ccfc6d4b" outcome="Passed" testListId="8c84fa94-04c1-424b-9868-57a2d4851a1d" relativeResultsDirectory="ca2ffb48-2424-43c3-84c9-bb761568848f" />
    <UnitTestResult executionId="3be0df1f-6514-41d2-84c1-6509fca6515a" testId="cf874e5c-b9d3-ac76-09f2-c392019fdc98" testName="LUMAR_ERP_API_V2.Tests.OrderLoyaltyIntegrationServiceTests.ProcessIfEligibleAsync_ProcessesNewOrder_AndRemainsIdempotent" computerName="YASIN-YASIN" duration="00:00:00.0123123" startTime="2026-09-26T17:34:24.6673032+03:00" endTime="2026-09-26T17:34:24.6785478+03:00" testType="13cdc9d9-ddb5-4fa4-a97d-d965ccfc6d4b" outcome="Passed" testListId="8c84fa94-04c1-424b-9868-57a2d4851a1d" relativeResultsDirectory="3be0df1f-6514-41d2-84c1-6509fca6515a" />
    <UnitTestResult executionId="fd4efba5-70ff-4f42-8b4a-36197424dfca" testId="ad0c9e55-47cf-9dc4-7cfb-9c766a907668" testName="LUMAR_ERP_API_V2.Tests.EmployeeWriteInfrastructureTests.UpdateEmployee_Valid_Request_Passes_Validation" computerName="YASIN-YASIN" duration="00:00:00.0031715" startTime="2026-09-26T17:34:23.8607712+03:00" endTime="2026-09-26T17:34:23.8631675+03:00" testType="13cdc9d9-ddb5-4fa4-a97d-d965ccfc6d4b" outcome="Passed" testListId="8c84fa94-04c1-424b-9868-57a2d4851a1d" relativeResultsDirectory="fd4efba5-70ff-4f42-8b4a-36197424dfca" />
    <UnitTestResult executionId="b606e12e-f15a-484b-a2cc-0a0ad75a9cd8" testId="910e4062-7e66-3fa2-a114-2b7d5b1842dd" testName="LUMAR_ERP_API_V2.Tests.ConsumptionRulesIntegrityValidatorTests.ShouldMatchOnlyTheHalfOpenRangeForDecimalValues" computerName="YASIN-YASIN" duration="00:00:00.0168862" startTime="2026-09-26T17:34:21.4221950+03:00" endTime="2026-09-26T17:34:21.4385670+03:00" testType="13cdc9d9-ddb5-4fa4-a97d-d965ccfc6d4b" outcome="Passed" testListId="8c84fa94-04c1-424b-9868-57a2d4851a1d" relativeResultsDirectory="b606e12e-f15a-484b-a2cc-0a0ad75a9cd8" />
    <UnitTestResult executionId="d2ffdc38-711c-476a-acf1-4e2b97a79bfd" testId="beebd63b-4b58-c935-3cd7-7981049246b7" testName="LUMAR_ERP_API_V2.Tests.ConsumptionRulesIntegrityValidatorTests.ShouldRejectAnEmptyRange" computerName="YASIN-YASIN" duration="00:00:00.0008053" startTime="2026-09-26T17:34:21.4440976+03:00" endTime="2026-09-26T17:34:21.4443294+03:00" testType="13cdc9d9-ddb5-4fa4-a97d-d965ccfc6d4b" outcome="Passed" testListId="8c84fa94-04c1-424b-9868-57a2d4851a1d" relativeResultsDirectory="d2ffdc38-711c-476a-acf1-4e2b97a79bfd" />
    <UnitTestResult executionId="d25777d9-bff6-41d0-8738-e7229efd7593" testId="6eae1c0c-2904-170a-237a-2c203be1207f" testName="LUMAR_ERP_API_V2.Tests.FabricCodeAllocatorTests.ShouldIgnoreImportedAndFabricCodeDuplicates" computerName="YASIN-YASIN" duration="00:00:00.0006660" startTime="2026-09-26T17:34:29.7424201+03:00" endTime="2026-09-26T17:34:29.7429999+03:00" testType="13cdc9d9-ddb5-4fa4-a97d-d965ccfc6d4b" outcome="Passed" testListId="8c84fa94-04c1-424b-9868-57a2d4851a1d" relativeResultsDirectory="d25777d9-bff6-41d0-8738-e7229efd7593" />
    <UnitTestResult executionId="0d94e082-2b43-4c28-a0d4-18c2ffab0bff" testId="3e6a2230-0493-b120-6e3d-70d747da89cd" testName="LUMAR_ERP_API_V2.Tests.ScannerWriteInfrastructureTests.Duplicate_ScannerCode_Validation_Rejects_Existing_Code" computerName="YASIN-YASIN" duration="00:00:00.6298366" startTime="2026-09-26T17:34:02.5605042+03:00" endTime="2026-09-26T17:34:03.1017464+03:00" testType="13cdc9d9-ddb5-4fa4-a97d-d965ccfc6d4b" outcome="Passed" testListId="8c84fa94-04c1-424b-9868-57a2d4851a1d" relativeResultsDirectory="0d94e082-2b43-4c28-a0d4-18c2ffab0bff" />
    <UnitTestResult executionId="5acfdb52-30b2-4efb-af42-91a8f226aca6" testId="292f566b-923c-66e8-e059-71546637f361" testName="LUMAR_ERP_API_V2.Tests.ReferralPhaseOneTests.IsSelfReferral_ReturnsTrue_WhenReferrerEqualsReferred" computerName="YASIN-YASIN" duration="00:00:00.0007354" startTime="2026-09-26T17:34:03.2369129+03:00" endTime="2026-09-26T17:34:03.2371974+03:00" testType="13cdc9d9-ddb5-4fa4-a97d-d965ccfc6d4b" outcome="Passed" testListId="8c84fa94-04c1-424b-9868-57a2d4851a1d" relativeResultsDirectory="5acfdb52-30b2-4efb-af42-91a8f226aca6" />
    <UnitTestResult executionId="1a7140cd-42b7-42b4-80c4-4fb572fe847f" testId="38610288-81c6-c5e9-8bbe-d7d44cf791a5" testName="LUMAR_ERP_API_V2.Tests.LoyaltyRedemptionServiceTests.Preview_EnforcesConfiguredRedemptionLimits(allowRedemption: False, requestedPoints: 100, minimumPoints: 0, maximumPoints: 0, expectedValid: False, expectedMessage: &quot;disabled&quot;)" computerName="YASIN-YASIN" duration="00:00:00.0016652" startTime="2026-09-26T17:34:30.7978712+03:00" endTime="2026-09-26T17:34:30.7993386+03:00" testType="13cdc9d9-ddb5-4fa4-a97d-d965ccfc6d4b" outcome="Passed" testListId="8c84fa94-04c1-424b-9868-57a2d4851a1d" relativeResultsDirectory="1a7140cd-42b7-42b4-80c4-4fb572fe847f" />
    <UnitTestResult executionId="1ed87ef7-4673-420e-b908-f34692e75ba4" testId="cd7602ac-7f03-e3a1-4d22-cd08e4cea9e4" testName="LUMAR_ERP_API_V2.Tests.PiecePointsPhaseThreeTests.BuyerEarn_AndReferralLevels_AreDistributedAsExpected" computerName="YASIN-YASIN" duration="00:00:00.0065192" startTime="2026-09-26T17:34:23.8158002+03:00" endTime="2026-09-26T17:34:23.8223226+03:00" testType="13cdc9d9-ddb5-4fa4-a97d-d965ccfc6d4b" outcome="Passed" testListId="8c84fa94-04c1-424b-9868-57a2d4851a1d" relativeResultsDirectory="1ed87ef7-4673-420e-b908-f34692e75ba4" />
    <UnitTestResult executionId="954ffd1a-cb4e-410b-b932-493a5edb558b" testId="6789839c-6250-e389-952f-73296444b522" testName="LUMAR_ERP_API_V2.Tests.ReadyMadeProductionPhaseOneIntegrationTests.CompletingOneReadyMadePiece_TransfersOnlyThatPieceAndPreventsDuplicates" computerName="YASIN-YASIN" duration="00:00:00.0939064" startTime="2026-09-26T17:34:24.4156984+03:00" endTime="2026-09-26T17:34:24.5101563+03:00" testType="13cdc9d9-ddb5-4fa4-a97d-d965ccfc6d4b" outcome="Passed" testListId="8c84fa94-04c1-424b-9868-57a2d4851a1d" relativeResultsDirectory="954ffd1a-cb4e-410b-b932-493a5edb558b" />
    <UnitTestResult executionId="335915d0-bec0-44cc-b486-a30d10785820" testId="24c3cc37-a4ca-5f34-6396-4012c159c11c" testName="LUMAR_ERP_API_V2.Tests.CustomerAdvanceApplicationIntegrationTests.FullDelivery_AppliesMultipleAdvancesInPaymentOrder_LeavesExcessAndIsIdempotent" computerName="YASIN-YASIN" duration="00:00:00.9038427" startTime="2026-09-26T17:34:22.3979608+03:00" endTime="2026-09-26T17:34:23.3065410+03:00" testType="13cdc9d9-ddb5-4fa4-a97d-d965ccfc6d4b" outcome="Passed" testListId="8c84fa94-04c1-424b-9868-57a2d4851a1d" relativeResultsDirectory="335915d0-bec0-44cc-b486-a30d10785820" />
    <UnitTestResult executionId="c6b0c13a-26b6-4434-b6cf-c47db03aff14" testId="16653a65-f3db-907f-6792-98cc475fc63f" testName="LUMAR_ERP_API_V2.Tests.FinancialPostingCallerIntegrationTests.RevenueRecognized_Succeeds_AndDeduplicatesByOrderIdentity" computerName="YASIN-YASIN" duration="00:00:01.6431948" startTime="2026-09-26T17:34:28.0839690+03:00" endTime="2026-09-26T17:34:29.7323698+03:00" testType="13cdc9d9-ddb5-4fa4-a97d-d965ccfc6d4b" outcome="Passed" testListId="8c84fa94-04c1-424b-9868-57a2d4851a1d" relativeResultsDirectory="c6b0c13a-26b6-4434-b6cf-c47db03aff14" />
    <UnitTestResult executionId="35bf0f99-dd68-4daa-b822-37ad91855344" testId="6847db40-e0b5-d5f4-7192-69a0dfad7303" testName="LUMAR_ERP_API_V2.Tests.AccountingEventFoundationIntegrationTests.FutureOnlyChecks_RejectDirectFinancialAndJournalWriters" computerName="YASIN-YASIN" duration="00:00:00.0245770" startTime="2026-09-26T17:34:23.7418979+03:00" endTime="2026-09-26T17:34:23.7656163+03:00" testType="13cdc9d9-ddb5-4fa4-a97d-d965ccfc6d4b" outcome="Passed" testListId="8c84fa94-04c1-424b-9868-57a2d4851a1d" relativeResultsDirectory="35bf0f99-dd68-4daa-b822-37ad91855344" />
    <UnitTestResult executionId="187a5f54-0f44-42b3-904c-cb6b94b7b0d1" testId="f6d4b26a-c00d-95c3-d7ab-9d89df9195df" testName="LUMAR_ERP_API_V2.Tests.PieceWageEngineTests.ShouldCreatePieceWageAfterValidTrackingEvent" computerName="YASIN-YASIN" duration="00:00:00.0077307" startTime="2026-09-26T17:34:05.7736523+03:00" endTime="2026-09-26T17:34:05.7803852+03:00" testType="13cdc9d9-ddb5-4fa4-a97d-d965ccfc6d4b" outcome="Passed" testListId="8c84fa94-04c1-424b-9868-57a2d4851a1d" relativeResultsDirectory="187a5f54-0f44-42b3-904c-cb6b94b7b0d1" />
    <UnitTestResult executionId="f7fdc9c3-5e26-4e48-95c0-09d569ca745f" testId="6a9b3040-12c6-a6a2-cf97-ddb30d122258" testName="LUMAR_ERP_API_V2.Tests.PrintSettingsValidationTests.NormalizeAndValidate_Allows_Approved_Print_Settings" computerName="YASIN-YASIN" duration="00:00:00.0023796" startTime="2026-09-26T17:34:05.8634317+03:00" endTime="2026-09-26T17:34:05.8637699+03:00" testType="13cdc9d9-ddb5-4fa4-a97d-d965ccfc6d4b" outcome="Passed" testListId="8c84fa94-04c1-424b-9868-57a2d4851a1d" relativeResultsDirectory="f7fdc9c3-5e26-4e48-95c0-09d569ca745f" />
    <UnitTestResult executionId="fe4ca54f-124e-42cd-91f3-3da0cffc3ca7" testId="40c59c15-3329-8cd4-d5e9-9202db033c79" testName="LUMAR_ERP_API_V2.Tests.ConsumptionRulesIntegrityValidatorTests.ShouldDetectDecimalGapWithoutAddingOne" computerName="YASIN-YASIN" duration="00:00:00.0021736" startTime="2026-09-26T17:34:21.4390426+03:00" endTime="2026-09-26T17:34:21.4410352+03:00" testType="13cdc9d9-ddb5-4fa4-a97d-d965ccfc6d4b" outcome="Passed" testListId="8c84fa94-04c1-424b-9868-57a2d4851a1d" relativeResultsDirectory="fe4ca54f-124e-42cd-91f3-3da0cffc3ca7" />
    <UnitTestResult executionId="dd5f2521-4162-42a8-9299-150cdee4d4eb" testId="0a7d9622-22a3-079d-95f7-b82ac03c5656" testName="LUMAR_ERP_API_V2.Tests.LoyaltyPhaseTwoTests.Earn_UsesBalanceBeforeAndBalanceAfterAlongsideCurrentPoints" computerName="YASIN-YASIN" duration="00:00:00.0009886" startTime="2026-09-26T17:34:30.9710390+03:00" endTime="2026-09-26T17:34:30.9722574+03:00" testType="13cdc9d9-ddb5-4fa4-a97d-d965ccfc6d4b" outcome="Passed" testListId="8c84fa94-04c1-424b-9868-57a2d4851a1d" relativeResultsDirectory="dd5f2521-4162-42a8-9299-150cdee4d4eb" />
    <UnitTestResult executionId="6591c155-39a4-4b23-9251-9f61206bbc06" testId="9146f015-4b55-3598-2550-3e0ff2a3f5a9" testName="LUMAR_ERP_API_V2.Tests.VipLevelEvaluationCalculatorTests.CalculateScore_UsesReferralsOrdersAndNetworkSizeWeights" computerName="YASIN-YASIN" duration="00:00:00.0071118" startTime="2026-09-26T17:34:23.8264481+03:00" endTime="2026-09-26T17:34:23.8336310+03:00" testType="13cdc9d9-ddb5-4fa4-a97d-d965ccfc6d4b" outcome="Passed" testListId="8c84fa94-04c1-424b-9868-57a2d4851a1d" relativeResultsDirectory="6591c155-39a4-4b23-9251-9f61206bbc06" />
    <UnitTestResult executionId="edf8949f-da03-4817-b256-72132930bb58" testId="0f889906-223b-b60f-8487-2d08f0779f23" testName="LUMAR_ERP_API_V2.Tests.ScannerWriteInfrastructureTests.ActivateScanner_Uses_Active_State" computerName="YASIN-YASIN" duration="00:00:00.0010161" startTime="2026-09-26T17:34:03.1814960+03:00" endTime="2026-09-26T17:34:03.1818583+03:00" testType="13cdc9d9-ddb5-4fa4-a97d-d965ccfc6d4b" outcome="Passed" testListId="8c84fa94-04c1-424b-9868-57a2d4851a1d" relativeResultsDirectory="edf8949f-da03-4817-b256-72132930bb58" />
    <UnitTestResult executionId="138a0107-9d78-4d98-a408-2317bb1e0cb0" testId="6675e0d1-fb7e-9bde-ca07-a28eedd6d3e0" testName="LUMAR_ERP_API_V2.Tests.ReferralPhaseOneTests.WouldCreateCycle_ReturnsTrue_WhenCandidateParentAlreadyDescendsFromChild" computerName="YASIN-YASIN" duration="00:00:00.0019487" startTime="2026-09-26T17:34:03.2379998+03:00" endTime="2026-09-26T17:34:03.2384758+03:00" testType="13cdc9d9-ddb5-4fa4-a97d-d965ccfc6d4b" outcome="Passed" testListId="8c84fa94-04c1-424b-9868-57a2d4851a1d" relativeResultsDirectory="138a0107-9d78-4d98-a408-2317bb1e0cb0" />
    <UnitTestResult executionId="b5f6879e-ecee-4c2f-bc58-dcf249bf623f" testId="993e12b2-be1f-4653-65e8-ba9d1fd884f3" testName="LUMAR_ERP_API_V2.Tests.AccountingEventFoundationIntegrationTests.OfficialWriter_RejectsUnsupportedEventTypeAndPaymentKind" computerName="YASIN-YASIN" duration="00:00:00.0243640" startTime="2026-09-26T17:34:23.7153603+03:00" endTime="2026-09-26T17:34:23.7402984+03:00" testType="13cdc9d9-ddb5-4fa4-a97d-d965ccfc6d4b" outcome="Passed" testListId="8c84fa94-04c1-424b-9868-57a2d4851a1d" relativeResultsDirectory="b5f6879e-ecee-4c2f-bc58-dcf249bf623f" />
    <UnitTestResult executionId="d1d50527-0362-410e-830d-6a452c71cff3" testId="b0e627d9-00e6-1ef4-c2ee-3b5cad1f959a" testName="LUMAR_ERP_API_V2.Tests.FinancialPostingCallerIntegrationTests.CustomerAdvance_RollsBackOrderGraph_WhenPaymentMethodExceedsStorageLimit" computerName="YASIN-YASIN" duration="00:00:00.2172579" startTime="2026-09-26T17:34:25.8638867+03:00" endTime="2026-09-26T17:34:26.0816127+03:00" testType="13cdc9d9-ddb5-4fa4-a97d-d965ccfc6d4b" outcome="Passed" testListId="8c84fa94-04c1-424b-9868-57a2d4851a1d" relativeResultsDirectory="d1d50527-0362-410e-830d-6a452c71cff3" />
    <UnitTestResult executionId="39afd6f7-4581-4640-9c45-a68d940a3039" testId="b468fc79-50ff-3df0-347f-3594fa58f3c5" testName="LUMAR_ERP_API_V2.Tests.LoyaltyAccountLifecycleServiceTests.EvaluateAsync_MovesAccountToWarningBeforeFreeze" computerName="YASIN-YASIN" duration="00:00:00.0420802" startTime="2026-09-26T17:34:03.2461474+03:00" endTime="2026-09-26T17:34:03.2750754+03:00" testType="13cdc9d9-ddb5-4fa4-a97d-d965ccfc6d4b" outcome="Passed" testListId="8c84fa94-04c1-424b-9868-57a2d4851a1d" relativeResultsDirectory="39afd6f7-4581-4640-9c45-a68d940a3039" />
    <UnitTestResult executionId="084be44f-9341-4d76-abd0-3378f05af165" testId="cad2dece-ac37-49d7-5b92-815fe920c84c" testName="LUMAR_ERP_API_V2.Tests.OrderLoyaltyIntegrationServiceTests.ReferralTreeBuilder_BuildsHierarchyFromRegistrationTransactionsOnly" computerName="YASIN-YASIN" duration="00:00:00.0343459" startTime="2026-09-26T17:34:24.5104848+03:00" endTime="2026-09-26T17:34:24.5449226+03:00" testType="13cdc9d9-ddb5-4fa4-a97d-d965ccfc6d4b" outcome="Passed" testListId="8c84fa94-04c1-424b-9868-57a2d4851a1d" relativeResultsDirectory="084be44f-9341-4d76-abd0-3378f05af165" />
    <UnitTestResult executionId="30843737-fd55-4ff2-8832-00fc99482ee3" testId="3e7be751-0abc-61c3-74ec-57624641f49b" testName="LUMAR_ERP_API_V2.Tests.PiecePointsPhaseThreeTests.ReenabledProgram_GrantsConfiguredPointsAgain" computerName="YASIN-YASIN" duration="00:00:00.0005571" startTime="2026-09-26T17:34:23.8154795+03:00" endTime="2026-09-26T17:34:23.8156025+03:00" testType="13cdc9d9-ddb5-4fa4-a97d-d965ccfc6d4b" outcome="Passed" testListId="8c84fa94-04c1-424b-9868-57a2d4851a1d" relativeResultsDirectory="30843737-fd55-4ff2-8832-00fc99482ee3" />
    <UnitTestResult executionId="07bab901-86f7-4729-ba79-7afb2c906bd6" testId="1bcc8d4c-516e-166a-7bd3-4905e09b6b6e" testName="LUMAR_ERP_API_V2.Tests.VipLevelEvaluationCalculatorTests.CalculateScore_CapsEachMetricWithoutIgnoringNetworkDepthCounts" computerName="YASIN-YASIN" duration="00:00:00.0009717" startTime="2026-09-26T17:34:23.8386651+03:00" endTime="2026-09-26T17:34:23.8387691+03:00" testType="13cdc9d9-ddb5-4fa4-a97d-d965ccfc6d4b" outcome="Passed" testListId="8c84fa94-04c1-424b-9868-57a2d4851a1d" relativeResultsDirectory="07bab901-86f7-4729-ba79-7afb2c906bd6" />
    <UnitTestResult executionId="04b891b4-5814-4ba2-81d0-e6cca04ff4cf" testId="d4d23089-8da2-c37e-8e7b-15ce9600fd87" testName="LUMAR_ERP_API_V2.Tests.EmployeeWriteInfrastructureTests.Duplicate_Code_Validation_Rejects_Existing_Code" computerName="YASIN-YASIN" duration="00:00:00.0025918" startTime="2026-09-26T17:34:23.8635036+03:00" endTime="2026-09-26T17:34:23.8658959+03:00" testType="13cdc9d9-ddb5-4fa4-a97d-d965ccfc6d4b" outcome="Passed" testListId="8c84fa94-04c1-424b-9868-57a2d4851a1d" relativeResultsDirectory="04b891b4-5814-4ba2-81d0-e6cca04ff4cf" />
    <UnitTestResult executionId="4bbe0852-46af-404e-881f-f4541657cd8e" testId="620c7f79-db8b-5196-1bde-c8c9cc104c36" testName="LUMAR_ERP_API_V2.Tests.DeliveryRevenueRecognitionResolverTests.ShouldUseNetAmountAfterDiscountForRevenueRecognition" computerName="YASIN-YASIN" duration="00:00:00.0005214" startTime="2026-09-26T17:34:23.6569507+03:00" endTime="2026-09-26T17:34:23.6572867+03:00" testType="13cdc9d9-ddb5-4fa4-a97d-d965ccfc6d4b" outcome="Passed" testListId="8c84fa94-04c1-424b-9868-57a2d4851a1d" relativeResultsDirectory="4bbe0852-46af-404e-881f-f4541657cd8e" />
    <UnitTestResult executionId="54b7ef77-bf7a-471b-822d-518813e24d0e" testId="ed471519-2235-5995-78be-f3dfa195349a" testName="LUMAR_ERP_API_V2.Tests.CancelledPieceReadyInventoryTransferGuardTests.ShouldRejectTransfer_WhenAnyGuardFails(orderCancelled: True, pieceStartedProduction: True, hasAssemblyStage: False, pieceStatus: &quot;Ready&quot;, finalStage: &quot;Assembly&quot;, alreadyTransferred: False)" computerName="YASIN-YASIN" duration="00:00:00.0000178" startTime="2026-09-26T17:34:23.8485331+03:00" endTime="2026-09-26T17:34:23.8486026+03:00" testType="13cdc9d9-ddb5-4fa4-a97d-d965ccfc6d4b" outcome="Passed" testListId="8c84fa94-04c1-424b-9868-57a2d4851a1d" relativeResultsDirectory="54b7ef77-bf7a-471b-822d-518813e24d0e" />
    <UnitTestResult executionId="ea40d54a-3dc5-4784-abc6-2208a781e90e" testId="68faf51b-c912-8d40-c1d6-114cff83906f" testName="LUMAR_ERP_API_V2.Tests.EmployeeWriteInfrastructureTests.CreateEmployee_Valid_Request_Passes_Validation" computerName="YASIN-YASIN" duration="00:00:00.0092128" startTime="2026-09-26T17:34:23.8498612+03:00" endTime="2026-09-26T17:34:23.8591041+03:00" testType="13cdc9d9-ddb5-4fa4-a97d-d965ccfc6d4b" outcome="Passed" testListId="8c84fa94-04c1-424b-9868-57a2d4851a1d" relativeResultsDirectory="ea40d54a-3dc5-4784-abc6-2208a781e90e" />
    <UnitTestResult executionId="8cef3343-4148-4574-81f0-4a7802678f6e" testId="6a9b54d3-d073-316e-e0ee-6fa69450a959" testName="LUMAR_ERP_API_V2.Tests.ProductionTrackingEngineTests.ShouldNotUseDefaultRoutesWhenDatabaseConfigurationIsUnavailable" computerName="YASIN-YASIN" duration="00:00:00.0047993" startTime="2026-09-26T17:34:20.8226782+03:00" endTime="2026-09-26T17:34:20.8273862+03:00" testType="13cdc9d9-ddb5-4fa4-a97d-d965ccfc6d4b" outcome="Passed" testListId="8c84fa94-04c1-424b-9868-57a2d4851a1d" relativeResultsDirectory="8cef3343-4148-4574-81f0-4a7802678f6e" />
    <UnitTestResult executionId="f3bd1cc1-e24e-45cc-a16b-c82e41508df3" testId="c3b4d73f-e038-7081-3cd8-54dc3e601312" testName="LUMAR_ERP_API_V2.Tests.ScannerWriteInfrastructureTests.CreateScanner_Valid_Request_Passes_Validation" computerName="YASIN-YASIN" duration="00:00:00.0049446" startTime="2026-09-26T17:34:03.1779611+03:00" endTime="2026-09-26T17:34:03.1781903+03:00" testType="13cdc9d9-ddb5-4fa4-a97d-d965ccfc6d4b" outcome="Passed" testListId="8c84fa94-04c1-424b-9868-57a2d4851a1d" relativeResultsDirectory="f3bd1cc1-e24e-45cc-a16b-c82e41508df3" />
    <UnitTestResult executionId="743aa4de-9b7b-473a-b14b-03b2af0f9a5f" testId="824b72c1-4633-37b4-c1f4-eb8932bca82a" testName="LUMAR_ERP_API_V2.Tests.ReferralPhaseOneTests.BuildTree_CreatesCorrectDepthForReferralChain" computerName="YASIN-YASIN" duration="00:00:00.0320574" startTime="2026-09-26T17:34:03.2347508+03:00" endTime="2026-09-26T17:34:03.2352812+03:00" testType="13cdc9d9-ddb5-4fa4-a97d-d965ccfc6d4b" outcome="Passed" testListId="8c84fa94-04c1-424b-9868-57a2d4851a1d" relativeResultsDirectory="743aa4de-9b7b-473a-b14b-03b2af0f9a5f" />
    <UnitTestResult executionId="0e7ecb51-7172-48fa-a6b1-7f794386364f" testId="3b8bea7f-fcea-a0cf-d90c-483ced6ca287" testName="LUMAR_ERP_API_V2.Tests.PieceWageEngineTests.ShouldPreventDuplicateTrackingEventRecord" computerName="YASIN-YASIN" duration="00:00:00.0047517" startTime="2026-09-26T17:34:05.7621913+03:00" endTime="2026-09-26T17:34:05.7669767+03:00" testType="13cdc9d9-ddb5-4fa4-a97d-d965ccfc6d4b" outcome="Passed" testListId="8c84fa94-04c1-424b-9868-57a2d4851a1d" relativeResultsDirectory="0e7ecb51-7172-48fa-a6b1-7f794386364f" />
    <UnitTestResult executionId="981567db-9eb6-46be-9b85-bf5c83dfe2ef" testId="bfb956b1-180a-4bde-64c2-4d00a28f5de3" testName="LUMAR_ERP_API_V2.Tests.CustomerPaymentCollectionTests.SettleCustomerBalanceAsync_Should_HandleFullAndPartialCollections_AndBlockUnapprovedDiscountAndDonation" computerName="YASIN-YASIN" duration="00:00:00.2444147" startTime="2026-09-26T17:34:24.0776794+03:00" endTime="2026-09-26T17:34:24.3229735+03:00" testType="13cdc9d9-ddb5-4fa4-a97d-d965ccfc6d4b" outcome="Passed" testListId="8c84fa94-04c1-424b-9868-57a2d4851a1d" relativeResultsDirectory="981567db-9eb6-46be-9b85-bf5c83dfe2ef" />
    <UnitTestResult executionId="59d0f2a3-1ff2-4581-97d7-71ff690adbb1" testId="6c8fe588-0003-1fd5-c463-90b72a931805" testName="LUMAR_ERP_API_V2.Tests.ProductionTrackingEngineTests.ShouldAllowZeroRateForNonPayableStage" computerName="YASIN-YASIN" duration="00:00:00.0022770" startTime="2026-09-26T17:34:05.8735979+03:00" endTime="2026-09-26T17:34:05.8784515+03:00" testType="13cdc9d9-ddb5-4fa4-a97d-d965ccfc6d4b" outcome="Passed" testListId="8c84fa94-04c1-424b-9868-57a2d4851a1d" relativeResultsDirectory="59d0f2a3-1ff2-4581-97d7-71ff690adbb1" />
    <UnitTestResult executionId="d360c9bc-1099-439e-be9b-4da1e1c43225" testId="7a0016c3-3082-2a36-7411-b88d00f619f0" testName="LUMAR_ERP_API_V2.Tests.LoyaltyRedemptionServiceTests.Preview_EnforcesConfiguredRedemptionLimits(allowRedemption: True, requestedPoints: 50, minimumPoints: 100, maximumPoints: 0, expectedValid: False, expectedMessage: &quot;minimum&quot;)" computerName="YASIN-YASIN" duration="00:00:00.0000116" startTime="2026-09-26T17:34:30.7997751+03:00" endTime="2026-09-26T17:34:30.7998321+03:00" testType="13cdc9d9-ddb5-4fa4-a97d-d965ccfc6d4b" outcome="Passed" testListId="8c84fa94-04c1-424b-9868-57a2d4851a1d" relativeResultsDirectory="d360c9bc-1099-439e-be9b-4da1e1c43225" />
    <UnitTestResult executionId="d9fc537f-fc12-40ab-9779-7993d9245305" testId="fb44897f-8f1b-2b2d-4dae-1f54702179d5" testName="LUMAR_ERP_API_V2.Tests.ConsumptionRulesIntegrityValidatorTests.ShouldAcceptDecimalSafeNonPantsCoverageExample" computerName="YASIN-YASIN" duration="00:00:00.0022797" startTime="2026-09-26T17:34:21.4417880+03:00" endTime="2026-09-26T17:34:21.4434402+03:00" testType="13cdc9d9-ddb5-4fa4-a97d-d965ccfc6d4b" outcome="Passed" testListId="8c84fa94-04c1-424b-9868-57a2d4851a1d" relativeResultsDirectory="d9fc537f-fc12-40ab-9779-7993d9245305" />
    <UnitTestResult executionId="0083c38b-8ecf-4552-a761-ccbdf2fa45d6" testId="59aad099-9272-41db-ecb2-5d823ccc452e" testName="LUMAR_ERP_API_V2.Tests.CashMovementFoundationIntegrationTests.OfficialWriter_CreatesOneCashMovement_RetryReturnsSameIdentity_AndDirectWriteIsRejected" computerName="YASIN-YASIN" duration="00:00:00.1016381" startTime="2026-09-26T17:34:21.1993669+03:00" endTime="2026-09-26T17:34:21.3060649+03:00" testType="13cdc9d9-ddb5-4fa4-a97d-d965ccfc6d4b" outcome="Passed" testListId="8c84fa94-04c1-424b-9868-57a2d4851a1d" relativeResultsDirectory="0083c38b-8ecf-4552-a761-ccbdf2fa45d6" />
    <UnitTestResult executionId="e7339126-3793-4f35-98c5-2a05143925c9" testId="3f3a9c48-39ae-6d69-4432-143ba04cb2d9" testName="LUMAR_ERP_API_V2.Tests.PayrollEngineTests.ShouldCalculateGrossAndNetAmounts" computerName="YASIN-YASIN" duration="00:00:00.0014874" startTime="2026-09-26T17:34:23.6113292+03:00" endTime="2026-09-26T17:34:23.6129644+03:00" testType="13cdc9d9-ddb5-4fa4-a97d-d965ccfc6d4b" outcome="Passed" testListId="8c84fa94-04c1-424b-9868-57a2d4851a1d" relativeResultsDirectory="e7339126-3793-4f35-98c5-2a05143925c9" />
    <UnitTestResult executionId="1033991d-0b6d-4646-b997-eae98013b680" testId="ec5844b9-efe2-c623-0214-31a5f4187fee" testName="LUMAR_ERP_API_V2.Tests.CashMovementFoundationIntegrationTests.CallerRollback_RemovesPaymentEventAccountingArtifactsAndCashMovement" computerName="YASIN-YASIN" duration="00:00:00.3675154" startTime="2026-09-26T17:34:20.8338778+03:00" endTime="2026-09-26T17:34:21.1990492+03:00" testType="13cdc9d9-ddb5-4fa4-a97d-d965ccfc6d4b" outcome="Passed" testListId="8c84fa94-04c1-424b-9868-57a2d4851a1d" relativeResultsDirectory="1033991d-0b6d-4646-b997-eae98013b680" />
    <UnitTestResult executionId="fc4e6e45-11d6-401c-9e0b-2cf95c64cd64" testId="839cfce5-9e4a-e514-4e66-5d96afc3d470" testName="LUMAR_ERP_API_V2.Tests.ProductionTrackingEngineTests.ShouldPreserveExplicitlyDisabledProductionRoute" computerName="YASIN-YASIN" duration="00:00:00.0011531" startTime="2026-09-26T17:34:20.8281195+03:00" endTime="2026-09-26T17:34:20.8286212+03:00" testType="13cdc9d9-ddb5-4fa4-a97d-d965ccfc6d4b" outcome="Passed" testListId="8c84fa94-04c1-424b-9868-57a2d4851a1d" relativeResultsDirectory="fc4e6e45-11d6-401c-9e0b-2cf95c64cd64" />
    <UnitTestResult executionId="c4da2c4a-16db-483b-8603-e88d4866baf5" testId="84125004-e6d7-9ed7-7267-fcfc816685f9" testName="LUMAR_ERP_API_V2.Tests.ConsumptionRulesIntegrityValidatorTests.ShouldDetectDuplicateRanges" computerName="YASIN-YASIN" duration="00:00:00.0507756" startTime="2026-09-26T17:34:21.3070053+03:00" endTime="2026-09-26T17:34:21.3575699+03:00" testType="13cdc9d9-ddb5-4fa4-a97d-d965ccfc6d4b" outcome="Passed" testListId="8c84fa94-04c1-424b-9868-57a2d4851a1d" relativeResultsDirectory="c4da2c4a-16db-483b-8603-e88d4866baf5" />
    <UnitTestResult executionId="d47d0501-089d-4637-989b-c26f896a2053" testId="68e9318c-76a5-17c3-40b4-0651703f6f36" testName="LUMAR_ERP_API_V2.Tests.WipToFinishedGoodsFinancialTransactionPolicyTests.ShouldNotCreateTransaction_ForEmptyTrackingCodeOrZeroAmount" computerName="YASIN-YASIN" duration="00:00:00.0002910" startTime="2026-09-26T17:34:22.3973505+03:00" endTime="2026-09-26T17:34:22.3974936+03:00" testType="13cdc9d9-ddb5-4fa4-a97d-d965ccfc6d4b" outcome="Passed" testListId="8c84fa94-04c1-424b-9868-57a2d4851a1d" relativeResultsDirectory="d47d0501-089d-4637-989b-c26f896a2053" />
    <UnitTestResult executionId="aeec3d29-6fca-40da-ba37-27594151bd6b" testId="d972965d-2734-9445-7767-9965926caabb" testName="LUMAR_ERP_API_V2.Tests.AccountingEventFoundationIntegrationTests.CallerRollback_RemovesOperationalSourceAndEveryAccountingArtifact" computerName="YASIN-YASIN" duration="00:00:00.0429280" startTime="2026-09-26T17:34:23.7660659+03:00" endTime="2026-09-26T17:34:23.8099425+03:00" testType="13cdc9d9-ddb5-4fa4-a97d-d965ccfc6d4b" outcome="Passed" testListId="8c84fa94-04c1-424b-9868-57a2d4851a1d" relativeResultsDirectory="aeec3d29-6fca-40da-ba37-27594151bd6b" />
    <UnitTestResult executionId="357346b0-321d-4f89-98d1-e1e73833a18b" testId="ece52ac1-b707-210e-7bb2-1a33ac2651ea" testName="LUMAR_ERP_API_V2.Tests.DeliveryRevenueRecognitionResolverTests.ShouldOnlyRecognizeWhenDeliveredAndNotAlreadyRecognized" computerName="YASIN-YASIN" duration="00:00:00.0004504" startTime="2026-09-26T17:34:23.6584166+03:00" endTime="2026-09-26T17:34:23.6586961+03:00" testType="13cdc9d9-ddb5-4fa4-a97d-d965ccfc6d4b" outcome="Passed" testListId="8c84fa94-04c1-424b-9868-57a2d4851a1d" relativeResultsDirectory="357346b0-321d-4f89-98d1-e1e73833a18b" />
    <UnitTestResult executionId="140b75eb-9088-4427-951b-580f16ce8a48" testId="d0557439-651a-e5cb-0b28-1beea078ed2f" testName="LUMAR_ERP_API_V2.Tests.ConsumptionRulesIntegrityValidatorTests.ShouldDetectOverlappingRanges" computerName="YASIN-YASIN" duration="00:00:00.0014331" startTime="2026-09-26T17:34:21.4175284+03:00" endTime="2026-09-26T17:34:21.4177139+03:00" testType="13cdc9d9-ddb5-4fa4-a97d-d965ccfc6d4b" outcome="Passed" testListId="8c84fa94-04c1-424b-9868-57a2d4851a1d" relativeResultsDirectory="140b75eb-9088-4427-951b-580f16ce8a48" />
    <UnitTestResult executionId="9d32eec0-d58c-40e9-af8a-90a070ea222a" testId="6e37cf1c-8a8b-819f-4ed6-b0d271c17357" testName="LUMAR_ERP_API_V2.Tests.OrderPaymentFinancialMovementResolverTests.ShouldResolveExpectedTransactionMetadata(paymentKind: &quot;Advance&quot;, expectedType: &quot;CustomerAdvance&quot;, expectedDescription: &quot;Advance payment for order&quot;)" computerName="YASIN-YASIN" duration="00:00:00.0014901" startTime="2026-09-26T17:34:23.6521819+03:00" endTime="2026-09-26T17:34:23.6538601+03:00" testType="13cdc9d9-ddb5-4fa4-a97d-d965ccfc6d4b" outcome="Passed" testListId="8c84fa94-04c1-424b-9868-57a2d4851a1d" relativeResultsDirectory="9d32eec0-d58c-40e9-af8a-90a070ea222a" />
    <UnitTestResult executionId="d47811cd-04fc-48fe-a23a-1f6e24576644" testId="58dfb98d-ebb5-f9a0-42db-0142b5cfa18e" testName="LUMAR_ERP_API_V2.Tests.ProductionTrackingEngineTests.ShouldResolvePrintingAsNextStageForNewPiece" computerName="YASIN-YASIN" duration="00:00:00.0012734" startTime="2026-09-26T17:34:20.8136280+03:00" endTime="2026-09-26T17:34:20.8146155+03:00" testType="13cdc9d9-ddb5-4fa4-a97d-d965ccfc6d4b" outcome="Passed" testListId="8c84fa94-04c1-424b-9868-57a2d4851a1d" relativeResultsDirectory="d47811cd-04fc-48fe-a23a-1f6e24576644" />
    <UnitTestResult executionId="f95069f6-33e0-404a-9484-9271423d600a" testId="48ba8649-0592-0889-2f8d-856e6b1b2b58" testName="LUMAR_ERP_API_V2.Tests.ReadyMadeSalesServiceTests.InvoiceDetailInsert_SuppliesManualDetailIdAndLeavesComputedTotalPrice" computerName="YASIN-YASIN" duration="00:00:00.0044077" startTime="2026-09-26T17:34:21.4593923+03:00" endTime="2026-09-26T17:34:21.4900056+03:00" testType="13cdc9d9-ddb5-4fa4-a97d-d965ccfc6d4b" outcome="Failed" testListId="8c84fa94-04c1-424b-9868-57a2d4851a1d" relativeResultsDirectory="f95069f6-33e0-404a-9484-9271423d600a">
      <Output>
        <ErrorInfo>
          <Message>System.IO.DirectoryNotFoundException : Could not find a part of the path 'D:\YASIN\LUMAR_ERP_API_V2\Repositories\ReadyMadeSalesRepository.cs'.</Message>
          <StackTrace>   at Microsoft.Win32.SafeHandles.SafeFileHandle.CreateFile(String fullPath, FileMode mode, FileAccess access, FileShare share, FileOptions options)&#xD;
   at Microsoft.Win32.SafeHandles.SafeFileHandle.Open(String fullPath, FileMode mode, FileAccess access, FileShare share, FileOptions options, Int64 preallocationSize, Nullable`1 unixCreateMode)&#xD;
   at System.IO.Strategies.OSFileStreamStrategy..ctor(String path, FileMode mode, FileAccess access, FileShare share, FileOptions options, Int64 preallocationSize, Nullable`1 unixCreateMode)&#xD;
   at System.IO.Strategies.FileStreamHelpers.ChooseStrategyCore(String path, FileMode mode, FileAccess access, FileShare share, FileOptions options, Int64 preallocationSize, Nullable`1 unixCreateMode)&#xD;
   at System.IO.StreamReader.ValidateArgsAndOpenPath(String path, Int32 bufferSize)&#xD;
   at System.IO.File.ReadAllText(String path, Encoding encoding)&#xD;
   at LUMAR_ERP_API_V2.Tests.ReadyMadeSalesServiceTests.InvoiceDetailInsert_SuppliesManualDetailIdAndLeavesComputedTotalPrice() in D:\YASIN\Backend\LUMAR_ERP_API_V2.Tests\ReadyMadeSalesServiceTests.cs:line 76&#xD;
   at System.RuntimeMethodHandle.InvokeMethod(ObjectHandleOnStack target, Void** arguments, ObjectHandleOnStack sig, BOOL isConstructor, ObjectHandleOnStack result)&#xD;
   at System.Reflection.MethodBaseInvoker.InterpretedInvoke_Method(Object obj, IntPtr* args)&#xD;
   at System.Reflection.RuntimeMethodInfo.Invoke(Object obj, BindingFlags invokeAttr, Binder binder, Object[] parameters, CultureInfo culture)</StackTrace>
        </ErrorInfo>
      </Output>
    </UnitTestResult>
    <UnitTestResult executionId="f2831377-a9c1-477f-8f80-e4f846ac3112" testId="dd6aa463-3c1b-da77-42dd-6a08958fd4e2" testName="LUMAR_ERP_API_V2.Tests.DeliveryRevenueRecognitionResolverTests.ShouldCreateRefundOnlyWhenPaidAmountExistsAndRefundHasNotBeenRecorded" computerName="YASIN-YASIN" duration="00:00:00.0006391" startTime="2026-09-26T17:34:23.6574896+03:00" endTime="2026-09-26T17:34:23.6581059+03:00" testType="13cdc9d9-ddb5-4fa4-a97d-d965ccfc6d4b" outcome="Passed" testListId="8c84fa94-04c1-424b-9868-57a2d4851a1d" relativeResultsDirectory="f2831377-a9c1-477f-8f80-e4f846ac3112" />
    <UnitTestResult executionId="4c687dbe-9f51-442e-8185-4f4ff07438c1" testId="c2a2d3d9-3049-be4d-ae6f-9cbf6fa77ec9" testName="LUMAR_ERP_API_V2.Tests.ConsumptionRulesIntegrityValidatorTests.ShouldDetectGapBetweenRanges" computerName="YASIN-YASIN" duration="00:00:00.0064679" startTime="2026-09-26T17:34:21.4183490+03:00" endTime="2026-09-26T17:34:21.4217368+03:00" testType="13cdc9d9-ddb5-4fa4-a97d-d965ccfc6d4b" outcome="Passed" testListId="8c84fa94-04c1-424b-9868-57a2d4851a1d" relativeResultsDirectory="4c687dbe-9f51-442e-8185-4f4ff07438c1" />
    <UnitTestResult executionId="792f52b7-9412-48ab-b44a-7588319c2020" testId="6cd8bf0e-87c7-0931-9ee5-63fbeca73bd8" testName="LUMAR_ERP_API_V2.Tests.ProductionTrackingEngineTests.ShouldKeepOrderUnreadyWhenPieceIsStillIncomplete" computerName="YASIN-YASIN" duration="00:00:00.0003132" startTime="2026-09-26T17:34:20.8297533+03:00" endTime="2026-09-26T17:34:20.8299955+03:00" testType="13cdc9d9-ddb5-4fa4-a97d-d965ccfc6d4b" outcome="Passed" testListId="8c84fa94-04c1-424b-9868-57a2d4851a1d" relativeResultsDirectory="792f52b7-9412-48ab-b44a-7588319c2020" />
    <UnitTestResult executionId="f7f8ea5b-844d-4514-8bfd-b9995b1fc698" testId="6e3019f8-f8fe-6164-e914-b68291df4d20" testName="LUMAR_ERP_API_V2.Tests.PieceWageEngineTests.ShouldRejectBlockedWageEmployees" computerName="YASIN-YASIN" duration="00:00:00.0008285" startTime="2026-09-26T17:34:05.7817926+03:00" endTime="2026-09-26T17:34:05.7821313+03:00" testType="13cdc9d9-ddb5-4fa4-a97d-d965ccfc6d4b" outcome="Passed" testListId="8c84fa94-04c1-424b-9868-57a2d4851a1d" relativeResultsDirectory="f7f8ea5b-844d-4514-8bfd-b9995b1fc698" />
    <UnitTestResult executionId="ffb9a859-c03c-4715-aa4e-6ab8d53a99a7" testId="f3bb10f7-79cc-6919-2d80-c6c4ca549c22" testName="LUMAR_ERP_API_V2.Tests.LoyaltyManagementSettingsTests.Service_Can_Manage_Vip_Levels_And_Loyalty_Rules" computerName="YASIN-YASIN" duration="00:00:00.0124695" startTime="2026-09-26T17:34:30.8388330+03:00" endTime="2026-09-26T17:34:30.8515350+03:00" testType="13cdc9d9-ddb5-4fa4-a97d-d965ccfc6d4b" outcome="Passed" testListId="8c84fa94-04c1-424b-9868-57a2d4851a1d" relativeResultsDirectory="ffb9a859-c03c-4715-aa4e-6ab8d53a99a7" />
    <UnitTestResult executionId="2bfa923c-c3f3-4ff9-8de6-5eccbf1fb452" testId="8f91e52e-80e5-ce6a-1160-aa8866fb21ee" testName="LUMAR_ERP_API_V2.Tests.PiecePointsPhaseThreeTests.PieceSetting_UsesConfiguredPoints_WhenTypeIsActive" computerName="YASIN-YASIN" duration="00:00:00.0030508" startTime="2026-09-26T17:34:23.8103728+03:00" endTime="2026-09-26T17:34:23.8135429+03:00" testType="13cdc9d9-ddb5-4fa4-a97d-d965ccfc6d4b" outcome="Passed" testListId="8c84fa94-04c1-424b-9868-57a2d4851a1d" relativeResultsDirectory="2bfa923c-c3f3-4ff9-8de6-5eccbf1fb452" />
    <UnitTestResult executionId="6026ed64-a472-4b52-8773-3796dbc3dd24" testId="b71dbf95-612e-b8e1-cbce-77907c0a9ce6" testName="LUMAR_ERP_API_V2.Tests.OrderLoyaltyIntegrationServiceTests.ProcessOrderAsync_RepeatedCall_IsIdempotent_And_ReconcilesDelta" computerName="YASIN-YASIN" duration="00:00:00.0122726" startTime="2026-09-26T17:34:24.6322266+03:00" endTime="2026-09-26T17:34:24.6444679+03:00" testType="13cdc9d9-ddb5-4fa4-a97d-d965ccfc6d4b" outcome="Passed" testListId="8c84fa94-04c1-424b-9868-57a2d4851a1d" relativeResultsDirectory="6026ed64-a472-4b52-8773-3796dbc3dd24" />
    <UnitTestResult executionId="2a8552e3-d5ac-4178-967f-4ca8d400801d" testId="84aa4b67-200d-8974-a6ee-25eb7f508620" testName="LUMAR_ERP_API_V2.Tests.VipLevelEvaluationDatabaseTests.GetClassifiedCustomersAsync_ReturnsEngineRowsInLevelScoreAndNetworkOrder" computerName="YASIN-YASIN" duration="00:00:00.0443307" startTime="2026-09-26T17:34:25.8184902+03:00" endTime="2026-09-26T17:34:25.8634209+03:00" testType="13cdc9d9-ddb5-4fa4-a97d-d965ccfc6d4b" outcome="Passed" testListId="8c84fa94-04c1-424b-9868-57a2d4851a1d" relativeResultsDirectory="2a8552e3-d5ac-4178-967f-4ca8d400801d" />
    <UnitTestResult executionId="8e96ce55-5e30-4bd0-ab13-cc2825b4c65b" testId="03dd1c9a-4872-95f2-d6dd-d3388f44b8b1" testName="LUMAR_ERP_API_V2.Tests.MeasurementCardPrintPolicyTests.FirstPrint_UsesCopyOneWithoutReason" computerName="YASIN-YASIN" duration="00:00:00.0204689" startTime="2026-09-26T17:34:03.2322448+03:00" endTime="2026-09-26T17:34:03.2324382+03:00" testType="13cdc9d9-ddb5-4fa4-a97d-d965ccfc6d4b" outcome="Passed" testListId="8c84fa94-04c1-424b-9868-57a2d4851a1d" relativeResultsDirectory="8e96ce55-5e30-4bd0-ab13-cc2825b4c65b" />
[...]
    <TestEntry testId="f1ce4592-06c8-98db-1296-77048cf62da3" executionId="a300d2cf-8454-4b4e-8a9c-23288f2c340d" testListId="8c84fa94-04c1-424b-9868-57a2d4851a1d" />
    <TestEntry testId="027f457d-8c9c-b5d8-74a2-b0c09083ecfe" executionId="ace9293b-c182-40fd-8b90-73e5440e5849" testListId="8c84fa94-04c1-424b-9868-57a2d4851a1d" />
    <TestEntry testId="6fe3fe86-821e-c7b4-2c24-831220c4aeed" executionId="cd75d766-908a-4f4e-aaba-649f67b7d608" testListId="8c84fa94-04c1-424b-9868-57a2d4851a1d" />
    <TestEntry testId="0ed49283-089a-8bff-e40c-7398db6a760b" executionId="f81a9162-ae88-4fda-bdd2-2ec377dd6ed9" testListId="8c84fa94-04c1-424b-9868-57a2d4851a1d" />
    <TestEntry testId="1b73c15c-b0ed-c220-91ae-c8f1a4526347" executionId="ea54bcf5-56e3-4667-bc74-a06e78df2153" testListId="8c84fa94-04c1-424b-9868-57a2d4851a1d" />
    <TestEntry testId="a6d6cd05-4a25-f18e-3344-ac1453fdb712" executionId="6eca671c-fc4a-4f32-b089-4b94a78db1ca" testListId="8c84fa94-04c1-424b-9868-57a2d4851a1d" />
    <TestEntry testId="0844fe77-43a7-53a0-b613-53295911f633" executionId="287d10f1-2bf4-4bc1-8012-c546dc33c344" testListId="8c84fa94-04c1-424b-9868-57a2d4851a1d" />
    <TestEntry testId="70dced69-72e5-ddf2-f050-20106aa699b4" executionId="02ceb83e-2df1-4197-a624-0543f17df903" testListId="8c84fa94-04c1-424b-9868-57a2d4851a1d" />
    <TestEntry testId="3606a8a0-ce62-dbcb-e96e-96ef7c1603d9" executionId="e1aa2356-8c06-4b54-b9a1-7186595e4f4d" testListId="8c84fa94-04c1-424b-9868-57a2d4851a1d" />
    <TestEntry testId="e85d87c4-78a3-d0e4-c073-e3c1294da905" executionId="98458fe3-1c08-40c0-9c96-b51fba296fe5" testListId="8c84fa94-04c1-424b-9868-57a2d4851a1d" />
    <TestEntry testId="2e17d53e-5584-c5f8-e518-771b39d2b2e9" executionId="fe78f1ce-e899-4694-b324-0e763fe40cc2" testListId="8c84fa94-04c1-424b-9868-57a2d4851a1d" />
    <TestEntry testId="77cde83a-7c74-830d-868c-14ed2448764f" executionId="edbffc7c-d09a-46a2-a158-e51b3b050dbe" testListId="8c84fa94-04c1-424b-9868-57a2d4851a1d" />
    <TestEntry testId="e390aa24-e5f2-f138-3685-9a55381acfe3" executionId="a23bd129-ac7e-4087-a3a5-742291427a5d" testListId="8c84fa94-04c1-424b-9868-57a2d4851a1d" />
    <TestEntry testId="5c9bbf4b-600a-9ab4-ca4d-328ec9d0fe5a" executionId="ca2ffb48-2424-43c3-84c9-bb761568848f" testListId="8c84fa94-04c1-424b-9868-57a2d4851a1d" />
    <TestEntry testId="cf874e5c-b9d3-ac76-09f2-c392019fdc98" executionId="3be0df1f-6514-41d2-84c1-6509fca6515a" testListId="8c84fa94-04c1-424b-9868-57a2d4851a1d" />
    <TestEntry testId="ad0c9e55-47cf-9dc4-7cfb-9c766a907668" executionId="fd4efba5-70ff-4f42-8b4a-36197424dfca" testListId="8c84fa94-04c1-424b-9868-57a2d4851a1d" />
    <TestEntry testId="910e4062-7e66-3fa2-a114-2b7d5b1842dd" executionId="b606e12e-f15a-484b-a2cc-0a0ad75a9cd8" testListId="8c84fa94-04c1-424b-9868-57a2d4851a1d" />
    <TestEntry testId="beebd63b-4b58-c935-3cd7-7981049246b7" executionId="d2ffdc38-711c-476a-acf1-4e2b97a79bfd" testListId="8c84fa94-04c1-424b-9868-57a2d4851a1d" />
    <TestEntry testId="6eae1c0c-2904-170a-237a-2c203be1207f" executionId="d25777d9-bff6-41d0-8738-e7229efd7593" testListId="8c84fa94-04c1-424b-9868-57a2d4851a1d" />
    <TestEntry testId="3e6a2230-0493-b120-6e3d-70d747da89cd" executionId="0d94e082-2b43-4c28-a0d4-18c2ffab0bff" testListId="8c84fa94-04c1-424b-9868-57a2d4851a1d" />
    <TestEntry testId="292f566b-923c-66e8-e059-71546637f361" executionId="5acfdb52-30b2-4efb-af42-91a8f226aca6" testListId="8c84fa94-04c1-424b-9868-57a2d4851a1d" />
    <TestEntry testId="38610288-81c6-c5e9-8bbe-d7d44cf791a5" executionId="1a7140cd-42b7-42b4-80c4-4fb572fe847f" testListId="8c84fa94-04c1-424b-9868-57a2d4851a1d" />
    <TestEntry testId="cd7602ac-7f03-e3a1-4d22-cd08e4cea9e4" executionId="1ed87ef7-4673-420e-b908-f34692e75ba4" testListId="8c84fa94-04c1-424b-9868-57a2d4851a1d" />
    <TestEntry testId="6789839c-6250-e389-952f-73296444b522" executionId="954ffd1a-cb4e-410b-b932-493a5edb558b" testListId="8c84fa94-04c1-424b-9868-57a2d4851a1d" />
    <TestEntry testId="24c3cc37-a4ca-5f34-6396-4012c159c11c" executionId="335915d0-bec0-44cc-b486-a30d10785820" testListId="8c84fa94-04c1-424b-9868-57a2d4851a1d" />
    <TestEntry testId="16653a65-f3db-907f-6792-98cc475fc63f" executionId="c6b0c13a-26b6-4434-b6cf-c47db03aff14" testListId="8c84fa94-04c1-424b-9868-57a2d4851a1d" />
    <TestEntry testId="6847db40-e0b5-d5f4-7192-69a0dfad7303" executionId="35bf0f99-dd68-4daa-b822-37ad91855344" testListId="8c84fa94-04c1-424b-9868-57a2d4851a1d" />
    <TestEntry testId="f6d4b26a-c00d-95c3-d7ab-9d89df9195df" executionId="187a5f54-0f44-42b3-904c-cb6b94b7b0d1" testListId="8c84fa94-04c1-424b-9868-57a2d4851a1d" />
    <TestEntry testId="6a9b3040-12c6-a6a2-cf97-ddb30d122258" executionId="f7fdc9c3-5e26-4e48-95c0-09d569ca745f" testListId="8c84fa94-04c1-424b-9868-57a2d4851a1d" />
    <TestEntry testId="40c59c15-3329-8cd4-d5e9-9202db033c79" executionId="fe4ca54f-124e-42cd-91f3-3da0cffc3ca7" testListId="8c84fa94-04c1-424b-9868-57a2d4851a1d" />
    <TestEntry testId="0a7d9622-22a3-079d-95f7-b82ac03c5656" executionId="dd5f2521-4162-42a8-9299-150cdee4d4eb" testListId="8c84fa94-04c1-424b-9868-57a2d4851a1d" />
    <TestEntry testId="9146f015-4b55-3598-2550-3e0ff2a3f5a9" executionId="6591c155-39a4-4b23-9251-9f61206bbc06" testListId="8c84fa94-04c1-424b-9868-57a2d4851a1d" />
    <TestEntry testId="0f889906-223b-b60f-8487-2d08f0779f23" executionId="edf8949f-da03-4817-b256-72132930bb58" testListId="8c84fa94-04c1-424b-9868-57a2d4851a1d" />
    <TestEntry testId="6675e0d1-fb7e-9bde-ca07-a28eedd6d3e0" executionId="138a0107-9d78-4d98-a408-2317bb1e0cb0" testListId="8c84fa94-04c1-424b-9868-57a2d4851a1d" />
    <TestEntry testId="993e12b2-be1f-4653-65e8-ba9d1fd884f3" executionId="b5f6879e-ecee-4c2f-bc58-dcf249bf623f" testListId="8c84fa94-04c1-424b-9868-57a2d4851a1d" />
    <TestEntry testId="b0e627d9-00e6-1ef4-c2ee-3b5cad1f959a" executionId="d1d50527-0362-410e-830d-6a452c71cff3" testListId="8c84fa94-04c1-424b-9868-57a2d4851a1d" />
    <TestEntry testId="b468fc79-50ff-3df0-347f-3594fa58f3c5" executionId="39afd6f7-4581-4640-9c45-a68d940a3039" testListId="8c84fa94-04c1-424b-9868-57a2d4851a1d" />
    <TestEntry testId="cad2dece-ac37-49d7-5b92-815fe920c84c" executionId="084be44f-9341-4d76-abd0-3378f05af165" testListId="8c84fa94-04c1-424b-9868-57a2d4851a1d" />
    <TestEntry testId="3e7be751-0abc-61c3-74ec-57624641f49b" executionId="30843737-fd55-4ff2-8832-00fc99482ee3" testListId="8c84fa94-04c1-424b-9868-57a2d4851a1d" />
    <TestEntry testId="1bcc8d4c-516e-166a-7bd3-4905e09b6b6e" executionId="07bab901-86f7-4729-ba79-7afb2c906bd6" testListId="8c84fa94-04c1-424b-9868-57a2d4851a1d" />
    <TestEntry testId="d4d23089-8da2-c37e-8e7b-15ce9600fd87" executionId="04b891b4-5814-4ba2-81d0-e6cca04ff4cf" testListId="8c84fa94-04c1-424b-9868-57a2d4851a1d" />
    <TestEntry testId="620c7f79-db8b-5196-1bde-c8c9cc104c36" executionId="4bbe0852-46af-404e-881f-f4541657cd8e" testListId="8c84fa94-04c1-424b-9868-57a2d4851a1d" />
    <TestEntry testId="ed471519-2235-5995-78be-f3dfa195349a" executionId="54b7ef77-bf7a-471b-822d-518813e24d0e" testListId="8c84fa94-04c1-424b-9868-57a2d4851a1d" />
    <TestEntry testId="68faf51b-c912-8d40-c1d6-114cff83906f" executionId="ea40d54a-3dc5-4784-abc6-2208a781e90e" testListId="8c84fa94-04c1-424b-9868-57a2d4851a1d" />
    <TestEntry testId="6a9b54d3-d073-316e-e0ee-6fa69450a959" executionId="8cef3343-4148-4574-81f0-4a7802678f6e" testListId="8c84fa94-04c1-424b-9868-57a2d4851a1d" />
    <TestEntry testId="c3b4d73f-e038-7081-3cd8-54dc3e601312" executionId="f3bd1cc1-e24e-45cc-a16b-c82e41508df3" testListId="8c84fa94-04c1-424b-9868-57a2d4851a1d" />
    <TestEntry testId="824b72c1-4633-37b4-c1f4-eb8932bca82a" executionId="743aa4de-9b7b-473a-b14b-03b2af0f9a5f" testListId="8c84fa94-04c1-424b-9868-57a2d4851a1d" />
    <TestEntry testId="3b8bea7f-fcea-a0cf-d90c-483ced6ca287" executionId="0e7ecb51-7172-48fa-a6b1-7f794386364f" testListId="8c84fa94-04c1-424b-9868-57a2d4851a1d" />
    <TestEntry testId="bfb956b1-180a-4bde-64c2-4d00a28f5de3" executionId="981567db-9eb6-46be-9b85-bf5c83dfe2ef" testListId="8c84fa94-04c1-424b-9868-57a2d4851a1d" />
    <TestEntry testId="6c8fe588-0003-1fd5-c463-90b72a931805" executionId="59d0f2a3-1ff2-4581-97d7-71ff690adbb1" testListId="8c84fa94-04c1-424b-9868-57a2d4851a1d" />
    <TestEntry testId="7a0016c3-3082-2a36-7411-b88d00f619f0" executionId="d360c9bc-1099-439e-be9b-4da1e1c43225" testListId="8c84fa94-04c1-424b-9868-57a2d4851a1d" />
    <TestEntry testId="fb44897f-8f1b-2b2d-4dae-1f54702179d5" executionId="d9fc537f-fc12-40ab-9779-7993d9245305" testListId="8c84fa94-04c1-424b-9868-57a2d4851a1d" />
    <TestEntry testId="59aad099-9272-41db-ecb2-5d823ccc452e" executionId="0083c38b-8ecf-4552-a761-ccbdf2fa45d6" testListId="8c84fa94-04c1-424b-9868-57a2d4851a1d" />
    <TestEntry testId="3f3a9c48-39ae-6d69-4432-143ba04cb2d9" executionId="e7339126-3793-4f35-98c5-2a05143925c9" testListId="8c84fa94-04c1-424b-9868-57a2d4851a1d" />
    <TestEntry testId="ec5844b9-efe2-c623-0214-31a5f4187fee" executionId="1033991d-0b6d-4646-b997-eae98013b680" testListId="8c84fa94-04c1-424b-9868-57a2d4851a1d" />
    <TestEntry testId="839cfce5-9e4a-e514-4e66-5d96afc3d470" executionId="fc4e6e45-11d6-401c-9e0b-2cf95c64cd64" testListId="8c84fa94-04c1-424b-9868-57a2d4851a1d" />
    <TestEntry testId="84125004-e6d7-9ed7-7267-fcfc816685f9" executionId="c4da2c4a-16db-483b-8603-e88d4866baf5" testListId="8c84fa94-04c1-424b-9868-57a2d4851a1d" />
    <TestEntry testId="68e9318c-76a5-17c3-40b4-0651703f6f36" executionId="d47d0501-089d-4637-989b-c26f896a2053" testListId="8c84fa94-04c1-424b-9868-57a2d4851a1d" />
    <TestEntry testId="d972965d-2734-9445-7767-9965926caabb" executionId="aeec3d29-6fca-40da-ba37-27594151bd6b" testListId="8c84fa94-04c1-424b-9868-57a2d4851a1d" />
    <TestEntry testId="ece52ac1-b707-210e-7bb2-1a33ac2651ea" executionId="357346b0-321d-4f89-98d1-e1e73833a18b" testListId="8c84fa94-04c1-424b-9868-57a2d4851a1d" />
    <TestEntry testId="d0557439-651a-e5cb-0b28-1beea078ed2f" executionId="140b75eb-9088-4427-951b-580f16ce8a48" testListId="8c84fa94-04c1-424b-9868-57a2d4851a1d" />
    <TestEntry testId="6e37cf1c-8a8b-819f-4ed6-b0d271c17357" executionId="9d32eec0-d58c-40e9-af8a-90a070ea222a" testListId="8c84fa94-04c1-424b-9868-57a2d4851a1d" />
    <TestEntry testId="58dfb98d-ebb5-f9a0-42db-0142b5cfa18e" executionId="d47811cd-04fc-48fe-a23a-1f6e24576644" testListId="8c84fa94-04c1-424b-9868-57a2d4851a1d" />
    <TestEntry testId="48ba8649-0592-0889-2f8d-856e6b1b2b58" executionId="f95069f6-33e0-404a-9484-9271423d600a" testListId="8c84fa94-04c1-424b-9868-57a2d4851a1d" />
    <TestEntry testId="dd6aa463-3c1b-da77-42dd-6a08958fd4e2" executionId="f2831377-a9c1-477f-8f80-e4f846ac3112" testListId="8c84fa94-04c1-424b-9868-57a2d4851a1d" />
    <TestEntry testId="c2a2d3d9-3049-be4d-ae6f-9cbf6fa77ec9" executionId="4c687dbe-9f51-442e-8185-4f4ff07438c1" testListId="8c84fa94-04c1-424b-9868-57a2d4851a1d" />
    <TestEntry testId="6cd8bf0e-87c7-0931-9ee5-63fbeca73bd8" executionId="792f52b7-9412-48ab-b44a-7588319c2020" testListId="8c84fa94-04c1-424b-9868-57a2d4851a1d" />
    <TestEntry testId="6e3019f8-f8fe-6164-e914-b68291df4d20" executionId="f7f8ea5b-844d-4514-8bfd-b9995b1fc698" testListId="8c84fa94-04c1-424b-9868-57a2d4851a1d" />
    <TestEntry testId="f3bb10f7-79cc-6919-2d80-c6c4ca549c22" executionId="ffb9a859-c03c-4715-aa4e-6ab8d53a99a7" testListId="8c84fa94-04c1-424b-9868-57a2d4851a1d" />
    <TestEntry testId="8f91e52e-80e5-ce6a-1160-aa8866fb21ee" executionId="2bfa923c-c3f3-4ff9-8de6-5eccbf1fb452" testListId="8c84fa94-04c1-424b-9868-57a2d4851a1d" />
    <TestEntry testId="b71dbf95-612e-b8e1-cbce-77907c0a9ce6" executionId="6026ed64-a472-4b52-8773-3796dbc3dd24" testListId="8c84fa94-04c1-424b-9868-57a2d4851a1d" />
    <TestEntry testId="84aa4b67-200d-8974-a6ee-25eb7f508620" executionId="2a8552e3-d5ac-4178-967f-4ca8d400801d" testListId="8c84fa94-04c1-424b-9868-57a2d4851a1d" />
    <TestEntry testId="03dd1c9a-4872-95f2-d6dd-d3388f44b8b1" executionId="8e96ce55-5e30-4bd0-ab13-cc2825b4c65b" testListId="8c84fa94-04c1-424b-9868-57a2d4851a1d" />
    <TestEntry testId="bb5d9d3a-308c-0656-1352-d097adc18881" executionId="b966a672-1079-4de9-9f08-8312278c60f2" testListId="8c84fa94-04c1-424b-9868-57a2d4851a1d" />
    <TestEntry testId="824f83d8-dd36-ea67-2d0f-ecfaf12b81b5" executionId="ec4242ed-4c4b-45d9-8a2c-da9b6f981a64" testListId="8c84fa94-04c1-424b-9868-57a2d4851a1d" />
    <TestEntry testId="53f73962-d331-102d-8959-e3524a63bc3e" executionId="800f074a-9c01-408a-9f78-e836cf5e3acc" testListId="8c84fa94-04c1-424b-9868-57a2d4851a1d" />
    <TestEntry testId="8b06ef82-6832-4ab6-661f-f9b3717481be" executionId="15bba5f2-eec1-4ecd-9e8a-cbdf3a429476" testListId="8c84fa94-04c1-424b-9868-57a2d4851a1d" />
    <TestEntry testId="b27bda9c-ffb1-4971-56e7-5e8fce3b91b7" executionId="d327dba8-9d44-48fa-9436-b98ff6d7c45d" testListId="8c84fa94-04c1-424b-9868-57a2d4851a1d" />
    <TestEntry testId="a14dae43-ee62-937c-669c-083dc2d73839" executionId="7922b774-6adf-4490-924e-d319581f0c08" testListId="8c84fa94-04c1-424b-9868-57a2d4851a1d" />
    <TestEntry testId="fd55137d-d8bf-b06a-fb3f-95ebbd3a400c" executionId="5b281ee7-cc0b-4de3-b526-be21cbdd0dbd" testListId="8c84fa94-04c1-424b-9868-57a2d4851a1d" />
    <TestEntry testId="3a3ae722-397e-84d1-604f-ed055ce2039f" executionId="05cc8ad1-f79d-4b75-96b3-243650b65724" testListId="8c84fa94-04c1-424b-9868-57a2d4851a1d" />
    <TestEntry testId="1df91897-c503-dde4-c921-bed3f4810865" executionId="2b308756-841c-4986-bb80-f2cd2ed1ea0b" testListId="8c84fa94-04c1-424b-9868-57a2d4851a1d" />
    <TestEntry testId="782fb293-1b6e-47ac-334f-f0d9ce6bdb04" executionId="7f147260-d84e-4577-881f-e04e66974ae5" testListId="8c84fa94-04c1-424b-9868-57a2d4851a1d" />
    <TestEntry testId="72b6d8bc-684d-1efb-3825-dd459de92068" executionId="4cd6e52c-3ee5-4795-9374-5e895386b187" testListId="8c84fa94-04c1-424b-9868-57a2d4851a1d" />
    <TestEntry testId="5e28cef7-44c2-0c2a-8f2c-10ca5ff2b034" executionId="7958e312-b720-44a0-bb2c-297d8e9a58a3" testListId="8c84fa94-04c1-424b-9868-57a2d4851a1d" />
    <TestEntry testId="5be5b356-97c0-99c6-3b4b-10a514395133" executionId="0a152d58-d30b-4dcf-97d0-33170671a779" testListId="8c84fa94-04c1-424b-9868-57a2d4851a1d" />
    <TestEntry testId="ace500b8-3e96-4da7-5128-a4ea43f82e16" executionId="a1ede5f5-877a-4d7d-a348-f868df56db4b" testListId="8c84fa94-04c1-424b-9868-57a2d4851a1d" />
    <TestEntry testId="4757e47d-abac-4dec-15b5-f0e5531e929e" executionId="e8893c9f-638b-4271-a9a0-aaf416928cf2" testListId="8c84fa94-04c1-424b-9868-57a2d4851a1d" />
    <TestEntry testId="d72e9ce3-8cfc-6b2b-5957-352820635913" executionId="00f07609-ede3-4919-b7ed-a9a9ca13478b" testListId="8c84fa94-04c1-424b-9868-57a2d4851a1d" />
    <TestEntry testId="0e3b90d5-10ff-47ba-072e-9896ce555e38" executionId="e53b09db-d110-468c-b808-872086a18479" testListId="8c84fa94-04c1-424b-9868-57a2d4851a1d" />
    <TestEntry testId="8dd5ca3f-4857-0f7a-ad33-36e2d8996e7b" executionId="df46d3bb-8230-4b96-be19-29aebdae1172" testListId="8c84fa94-04c1-424b-9868-57a2d4851a1d" />
    <TestEntry testId="a877847a-ac02-f737-43fa-c1ca23cc86ed" executionId="0af787fd-b466-499f-9027-1193db1c4920" testListId="8c84fa94-04c1-424b-9868-57a2d4851a1d" />
    <TestEntry testId="706e68cc-3612-372f-86de-15c7d726988d" executionId="6f1601c0-bd95-4276-8b67-1f6dd8460e22" testListId="8c84fa94-04c1-424b-9868-57a2d4851a1d" />
    <TestEntry testId="54627105-d9ed-e086-27f4-81d1f98d5ac0" executionId="dcd9f0e9-40f5-4451-b76e-230406904570" testListId="8c84fa94-04c1-424b-9868-57a2d4851a1d" />
    <TestEntry testId="3fa3a3cd-9a56-6c2a-f9e5-86d385072a46" executionId="1147f421-7d99-44ec-9c96-26dc4a92b7f7" testListId="8c84fa94-04c1-424b-9868-57a2d4851a1d" />
    <TestEntry testId="a22e6c77-a70f-db84-6209-3ff11c02193b" executionId="fd9277aa-63b7-4fab-89d7-1fc558afd71b" testListId="8c84fa94-04c1-424b-9868-57a2d4851a1d" />
    <TestEntry testId="70335fb8-47cf-da34-5b60-9b3512e524a8" executionId="40a86cdd-636b-426e-beee-2c18474a0e3c" testListId="8c84fa94-04c1-424b-9868-57a2d4851a1d" />
    <TestEntry testId="a07495d6-b454-0e8f-eb69-c01f5bf18f2b" executionId="0e01ca9c-dad3-447e-91f6-48b47f71fe04" testListId="8c84fa94-04c1-424b-9868-57a2d4851a1d" />
    <TestEntry testId="7a56ca24-4573-50a7-5ab1-20c54aa6cd50" executionId="83b8331e-920e-4fa9-a960-64b2727efa85" testListId="8c84fa94-04c1-424b-9868-57a2d4851a1d" />
    <TestEntry testId="b529364e-5540-a051-3c29-9acd24cdab41" executionId="25817767-9d76-42ba-8f6f-0e9fc180fb7b" testListId="8c84fa94-04c1-424b-9868-57a2d4851a1d" />
  </TestEntries>
  <TestLists>
    <TestList name="Results Not in a List" id="8c84fa94-04c1-424b-9868-57a2d4851a1d" />
    <TestList name="All Loaded Results" id="19431567-8539-422a-85d7-44ee4e166bda" />
  </TestLists>
  <ResultSummary outcome="Failed">
    <Counters total="161" executed="161" passed="160" failed="1" error="0" timeout="0" aborted="0" inconclusive="0" passedButRunAborted="0" notRunnable="0" notExecuted="0" disconnected="0" warning="0" completed="0" inProgress="0" pending="0" />
    <Output>
      <StdOut>[xUnit.net 00:00:00.02] xUnit.net VSTest Adapter v3.0.2+dd36e86129 (64-bit .NET 10.0.12)&#xD;
[xUnit.net 00:00:03.64]   Discovering: LUMAR_ERP_API_V2.Tests&#xD;
[xUnit.net 00:00:03.96]   Discovered:  LUMAR_ERP_API_V2.Tests&#xD;
[xUnit.net 00:00:04.16]   Starting:    LUMAR_ERP_API_V2.Tests&#xD;
[xUnit.net 00:00:23.39]       System.IO.DirectoryNotFoundException : Could not find a part of the path 'D:\YASIN\LUMAR_ERP_API_V2\Repositories\ReadyMadeSalesRepository.cs'.&#xD;
[xUnit.net 00:00:23.39]       Stack Trace:&#xD;
[xUnit.net 00:00:23.39]            at Microsoft.Win32.SafeHandles.SafeFileHandle.CreateFile(String fullPath, FileMode mode, FileAccess access, FileShare share, FileOptions options)&#xD;
[xUnit.net 00:00:23.39]            at Microsoft.Win32.SafeHandles.SafeFileHandle.Open(String fullPath, FileMode mode, FileAccess access, FileShare share, FileOptions options, Int64 preallocationSize, Nullable`1 unixCreateMode)&#xD;
[xUnit.net 00:00:23.39]            at System.IO.Strategies.OSFileStreamStrategy..ctor(String path, FileMode mode, FileAccess access, FileShare share, FileOptions options, Int64 preallocationSize, Nullable`1 unixCreateMode)&#xD;
[xUnit.net 00:00:23.39]            at System.IO.Strategies.FileStreamHelpers.ChooseStrategyCore(String path, FileMode mode, FileAccess access, FileShare share, FileOptions options, Int64 preallocationSize, Nullable`1 unixCreateMode)&#xD;
[xUnit.net 00:00:23.39]            at System.IO.StreamReader.ValidateArgsAndOpenPath(String path, Int32 bufferSize)&#xD;
[xUnit.net 00:00:23.39]            at System.IO.File.ReadAllText(String path, Encoding encoding)&#xD;
[xUnit.net 00:00:23.39]         D:\YASIN\Backend\LUMAR_ERP_API_V2.Tests\ReadyMadeSalesServiceTests.cs(76,0): at LUMAR_ERP_API_V2.Tests.ReadyMadeSalesServiceTests.InvoiceDetailInsert_SuppliesManualDetailIdAndLeavesComputedTotalPrice()&#xD;
[xUnit.net 00:00:23.39]            at System.RuntimeMethodHandle.InvokeMethod(ObjectHandleOnStack target, Void** arguments, ObjectHandleOnStack sig, BOOL isConstructor, ObjectHandleOnStack result)&#xD;
[xUnit.net 00:00:23.39]            at System.Reflection.MethodBaseInvoker.InterpretedInvoke_Method(Object obj, IntPtr* args)&#xD;
[xUnit.net 00:00:23.39]            at System.Reflection.RuntimeMethodInfo.Invoke(Object obj, BindingFlags invokeAttr, Binder binder, Object[] parameters, CultureInfo culture)&#xD;
READY_MADE_PRICING_NOT_EXECUTED productTypeId=3; السبب: لا توجد مصفوفة تكلفة تشغيل رسمية مكتملة.&#xD;
[xUnit.net 00:00:32.87]   Finished:    LUMAR_ERP_API_V2.Tests&#xD;
</StdOut>
    </Output>
    <RunInfos>
      <RunInfo computerName="YASIN-YASIN" outcome="Error" timestamp="2026-09-26T17:34:21.4984447+03:00">
        <Text>[xUnit.net 00:00:23.38]     LUMAR_ERP_API_V2.Tests.ReadyMadeSalesServiceTests.InvoiceDetailInsert_SuppliesManualDetailIdAndLeavesComputedTotalPrice [FAIL]</Text>
      </RunInfo>
    </RunInfos>
  </ResultSummary>
</TestRun>