<?xml version="1.0" encoding="utf-8"?>
<TestRun id="bda7a87f-8337-483c-ab8c-ee9931701a4d" name="LENOVO@YASIN-YASIN 2026-09-26 03:42:59" runUser="YASIN-YASIN\LENOVO" xmlns="http://microsoft.com/schemas/VisualStudio/TeamTest/2010">
  <Times creation="2026-09-26T03:42:59.9457868+03:00" queuing="2026-09-26T03:42:59.9457880+03:00" start="2026-09-26T03:42:57.1294890+03:00" finish="2026-09-26T03:43:19.4885114+03:00" />
  <TestSettings name="default" id="e816bb60-d8c9-4f09-8d8b-c7bc3fe69ad4">
    <Deployment runDeploymentRoot="LENOVO_YASIN-YASIN_2026-09-26_03_42_59" />
  </TestSettings>
  <Results>
    <UnitTestResult executionId="1b5362ae-ba1b-4485-9f79-e36ffb9548b0" testId="5134716d-efba-0030-2084-b13187f5bdc8" testName="LUMAR_ERP_API_V2.Tests.OrderPaymentFinancialMovementResolverTests.ShouldResolveExpectedTransactionMetadata(paymentKind: &quot;DebtCollection&quot;, expectedType: &quot;CustomerPayment&quot;, expectedDescription: &quot;Customer payment for order&quot;)" computerName="YASIN-YASIN" duration="00:00:00.0004111" startTime="2026-09-26T03:43:18.0149155+03:00" endTime="2026-09-26T03:43:18.0150384+03:00" testType="13cdc9d9-ddb5-4fa4-a97d-d965ccfc6d4b" outcome="Passed" testListId="8c84fa94-04c1-424b-9868-57a2d4851a1d" relativeResultsDirectory="1b5362ae-ba1b-4485-9f79-e36ffb9548b0" />
    <UnitTestResult executionId="9e5e377d-1ff5-42f0-a1b1-c31f33959718" testId="16653a65-f3db-907f-6792-98cc475fc63f" testName="LUMAR_ERP_API_V2.Tests.FinancialPostingCallerIntegrationTests.RevenueRecognized_Succeeds_AndDeduplicatesByOrderIdentity" computerName="YASIN-YASIN" duration="00:00:00.0917889" startTime="2026-09-26T03:43:19.2430293+03:00" endTime="2026-09-26T03:43:19.3351236+03:00" testType="13cdc9d9-ddb5-4fa4-a97d-d965ccfc6d4b" outcome="Passed" testListId="8c84fa94-04c1-424b-9868-57a2d4851a1d" relativeResultsDirectory="9e5e377d-1ff5-42f0-a1b1-c31f33959718" />
    <UnitTestResult executionId="a3fc4737-9929-4376-89d1-8ea6448473d8" testId="7415b343-9399-f2f3-abb6-c39be4cef3a6" testName="LUMAR_ERP_API_V2.Tests.ConsumptionRulesIntegrityValidatorTests.ShouldRejectAnOpenRangeBeforeTheLastRange" computerName="YASIN-YASIN" duration="00:00:00.0029528" startTime="2026-09-26T03:43:17.9480689+03:00" endTime="2026-09-26T03:43:17.9508736+03:00" testType="13cdc9d9-ddb5-4fa4-a97d-d965ccfc6d4b" outcome="Passed" testListId="8c84fa94-04c1-424b-9868-57a2d4851a1d" relativeResultsDirectory="a3fc4737-9929-4376-89d1-8ea6448473d8" />
    <UnitTestResult executionId="a08c294f-9a33-448a-8ce3-fe419a6f41ad" testId="e72c4826-5bcd-a1bc-24d1-8d20ec7cc7ef" testName="LUMAR_ERP_API_V2.Tests.SalesReferenceControllerTests.GetVersion_ReturnsTheReferenceVersion" computerName="YASIN-YASIN" duration="00:00:00.0065585" startTime="2026-09-26T03:43:02.5969965+03:00" endTime="2026-09-26T03:43:02.6030900+03:00" testType="13cdc9d9-ddb5-4fa4-a97d-d965ccfc6d4b" outcome="Passed" testListId="8c84fa94-04c1-424b-9868-57a2d4851a1d" relativeResultsDirectory="a08c294f-9a33-448a-8ce3-fe419a6f41ad" />
    <UnitTestResult executionId="7b88f1a1-4515-46e8-9f71-2927cb31ec03" testId="323a90c0-c33e-1c3e-bb37-7eae3fa1e33a" testName="LUMAR_ERP_API_V2.Tests.VipLevelEvaluationCalculatorTests.SelectLevel_PromotesOnlyWhenWeightedThresholdIsReached" computerName="YASIN-YASIN" duration="00:00:00.0007527" startTime="2026-09-26T03:43:18.0070586+03:00" endTime="2026-09-26T03:43:18.0072305+03:00" testType="13cdc9d9-ddb5-4fa4-a97d-d965ccfc6d4b" outcome="Passed" testListId="8c84fa94-04c1-424b-9868-57a2d4851a1d" relativeResultsDirectory="7b88f1a1-4515-46e8-9f71-2927cb31ec03" />
    <UnitTestResult executionId="bed509e6-2411-4e4c-ae5f-905901b19876" testId="3e7be751-0abc-61c3-74ec-57624641f49b" testName="LUMAR_ERP_API_V2.Tests.PiecePointsPhaseThreeTests.ReenabledProgram_GrantsConfiguredPointsAgain" computerName="YASIN-YASIN" duration="00:00:00.0001088" startTime="2026-09-26T03:43:17.6195445+03:00" endTime="2026-09-26T03:43:17.6197051+03:00" testType="13cdc9d9-ddb5-4fa4-a97d-d965ccfc6d4b" outcome="Passed" testListId="8c84fa94-04c1-424b-9868-57a2d4851a1d" relativeResultsDirectory="bed509e6-2411-4e4c-ae5f-905901b19876" />
    <UnitTestResult executionId="59706981-1d87-41c9-bc5e-1ed6497ed3da" testId="4db64c43-1430-9676-d92d-4f8df9a48f2f" testName="LUMAR_ERP_API_V2.Tests.VipLevelEvaluationDatabaseTests.EvaluateAllAsync_PersistsEvaluationForEveryLoyaltyAccount" computerName="YASIN-YASIN" duration="00:00:01.5858925" startTime="2026-09-26T03:42:59.0646577+03:00" endTime="2026-09-26T03:43:00.6442686+03:00" testType="13cdc9d9-ddb5-4fa4-a97d-d965ccfc6d4b" outcome="Passed" testListId="8c84fa94-04c1-424b-9868-57a2d4851a1d" relativeResultsDirectory="59706981-1d87-41c9-bc5e-1ed6497ed3da" />
    <UnitTestResult executionId="1f7c7b8d-16d1-4175-bb2d-fb480c1bc1c4" testId="b529364e-5540-a051-3c29-9acd24cdab41" testName="LUMAR_ERP_API_V2.Tests.LoyaltyAccountLifecycleServiceTests.EvaluateAsync_FreezesWithoutChangingBalance" computerName="YASIN-YASIN" duration="00:00:00.0024865" startTime="2026-09-26T03:43:01.6768485+03:00" endTime="2026-09-26T03:43:01.6786761+03:00" testType="13cdc9d9-ddb5-4fa4-a97d-d965ccfc6d4b" outcome="Passed" testListId="8c84fa94-04c1-424b-9868-57a2d4851a1d" relativeResultsDirectory="1f7c7b8d-16d1-4175-bb2d-fb480c1bc1c4" />
    <UnitTestResult executionId="b8c19991-4aaf-4ec2-8934-540f9c63fd35" testId="d4d23089-8da2-c37e-8e7b-15ce9600fd87" testName="LUMAR_ERP_API_V2.Tests.EmployeeWriteInfrastructureTests.Duplicate_Code_Validation_Rejects_Existing_Code" computerName="YASIN-YASIN" duration="00:00:00.0051829" startTime="2026-09-26T03:43:00.7225406+03:00" endTime="2026-09-26T03:43:00.7275055+03:00" testType="13cdc9d9-ddb5-4fa4-a97d-d965ccfc6d4b" outcome="Passed" testListId="8c84fa94-04c1-424b-9868-57a2d4851a1d" relativeResultsDirectory="b8c19991-4aaf-4ec2-8934-540f9c63fd35" />
    <UnitTestResult executionId="b64d23c9-5be7-49db-845b-46ad92e653f1" testId="98a2cd24-6d99-8658-d10e-589c8fc61d4a" testName="LUMAR_ERP_API_V2.Tests.PieceWageEngineTests.ShouldResolveExactPieceTypeRateBeforeWildcard" computerName="YASIN-YASIN" duration="00:00:00.0004916" startTime="2026-09-26T03:42:59.0593975+03:00" endTime="2026-09-26T03:42:59.0594800+03:00" testType="13cdc9d9-ddb5-4fa4-a97d-d965ccfc6d4b" outcome="Passed" testListId="8c84fa94-04c1-424b-9868-57a2d4851a1d" relativeResultsDirectory="b64d23c9-5be7-49db-845b-46ad92e653f1" />
    <UnitTestResult executionId="4c4d5588-4f69-4e1b-a994-2f840a726d27" testId="713b1f42-15f7-0f70-c7f7-0f29c3e63200" testName="LUMAR_ERP_API_V2.Tests.PieceWageEngineTests.ShouldUseWildcardRateWhenExactRateIsMissing" computerName="YASIN-YASIN" duration="00:00:00.0003930" startTime="2026-09-26T03:42:59.0571065+03:00" endTime="2026-09-26T03:42:59.0572631+03:00" testType="13cdc9d9-ddb5-4fa4-a97d-d965ccfc6d4b" outcome="Passed" testListId="8c84fa94-04c1-424b-9868-57a2d4851a1d" relativeResultsDirectory="4c4d5588-4f69-4e1b-a994-2f840a726d27" />
    <UnitTestResult executionId="012eeaba-2471-4ab6-be89-5c5cc8c90a10" testId="bbbc02f7-9f14-e98f-48d2-a8ffec828e7c" testName="LUMAR_ERP_API_V2.Tests.ReadyMadeSalesRepeatedSaleTests.CreateAsync_CompletesTwoSequentialSalesWithRealTrackingReferences" computerName="YASIN-YASIN" duration="00:00:00.0544931" startTime="2026-09-26T03:43:01.5276866+03:00" endTime="2026-09-26T03:43:01.6087795+03:00" testType="13cdc9d9-ddb5-4fa4-a97d-d965ccfc6d4b" outcome="Failed" testListId="8c84fa94-04c1-424b-9868-57a2d4851a1d" relativeResultsDirectory="012eeaba-2471-4ab6-be89-5c5cc8c90a10">
      <Output>
        <ErrorInfo>
          <Message>System.ArgumentException : الحساب النقدي مطلوب للبيع النقدي.</Message>
          <StackTrace>   at LUMAR_ERP_API_V2.Repositories.ReadyMadeSalesRepository.CreateAsync(CreateReadyMadeSaleDto sale, CancellationToken cancellationToken) in D:\YASIN\Backend\LUMAR_ERP_API_V2\Repositories\ReadyMadeSalesRepository.cs:line 28&#xD;
   at LUMAR_ERP_API_V2.Tests.ReadyMadeSalesRepeatedSaleTests.CreateAsync_CompletesTwoSequentialSalesWithRealTrackingReferences() in D:\YASIN\Backend\LUMAR_ERP_API_V2.Tests\ReadyMadeSalesRepeatedSaleTests.cs:line 26&#xD;
--- End of stack trace from previous location ---</StackTrace>
        </ErrorInfo>
      </Output>
    </UnitTestResult>
    <UnitTestResult executionId="f54cf8d7-2eb8-4bd1-9816-7f5074d63388" testId="90d02489-64bd-e9b9-936d-a7d233132026" testName="LUMAR_ERP_API_V2.Tests.CancelledPieceReadyInventoryTransferGuardTests.ShouldRejectTransfer_WhenAnyGuardFails(orderCancelled: True, pieceStartedProduction: True, hasAssemblyStage: True, pieceStatus: &quot;InProduction&quot;, finalStage: &quot;Assembly&quot;, alreadyTransferred: False)" computerName="YASIN-YASIN" duration="00:00:00.0017894" startTime="2026-09-26T03:43:19.3386430+03:00" endTime="2026-09-26T03:43:19.3402449+03:00" testType="13cdc9d9-ddb5-4fa4-a97d-d965ccfc6d4b" outcome="Passed" testListId="8c84fa94-04c1-424b-9868-57a2d4851a1d" relativeResultsDirectory="f54cf8d7-2eb8-4bd1-9816-7f5074d63388" />
    <UnitTestResult executionId="ca1b4ab6-28b9-4b5f-90d6-9d194b3ca9f0" testId="38610288-81c6-c5e9-8bbe-d7d44cf791a5" testName="LUMAR_ERP_API_V2.Tests.LoyaltyRedemptionServiceTests.Preview_EnforcesConfiguredRedemptionLimits(allowRedemption: False, requestedPoints: 100, minimumPoints: 0, maximumPoints: 0, expectedValid: False, expectedMessage: &quot;disabled&quot;)" computerName="YASIN-YASIN" duration="00:00:00.0020265" startTime="2026-09-26T03:43:17.9821360+03:00" endTime="2026-09-26T03:43:17.9840059+03:00" testType="13cdc9d9-ddb5-4fa4-a97d-d965ccfc6d4b" outcome="Passed" testListId="8c84fa94-04c1-424b-9868-57a2d4851a1d" relativeResultsDirectory="ca1b4ab6-28b9-4b5f-90d6-9d194b3ca9f0" />
    <UnitTestResult executionId="0f5c0e0d-241d-4e97-be32-7a06fd8e1fe6" testId="ec23743a-88c3-5a73-7dc2-d8d14eeb3126" testName="LUMAR_ERP_API_V2.Tests.FabricCodeAllocatorTests.ShouldNotReuseInactiveOrExpiredCodes" computerName="YASIN-YASIN" duration="00:00:00.0002118" startTime="2026-09-26T03:43:19.3429621+03:00" endTime="2026-09-26T03:43:19.3430516+03:00" testType="13cdc9d9-ddb5-4fa4-a97d-d965ccfc6d4b" outcome="Passed" testListId="8c84fa94-04c1-424b-9868-57a2d4851a1d" relativeResultsDirectory="0f5c0e0d-241d-4e97-be32-7a06fd8e1fe6" />
    <UnitTestResult executionId="257dd724-ce16-4140-affb-45ed74893436" testId="40c59c15-3329-8cd4-d5e9-9202db033c79" testName="LUMAR_ERP_API_V2.Tests.ConsumptionRulesIntegrityValidatorTests.ShouldDetectDecimalGapWithoutAddingOne" computerName="YASIN-YASIN" duration="00:00:00.0007144" startTime="2026-09-26T03:43:17.9584803+03:00" endTime="2026-09-26T03:43:17.9588129+03:00" testType="13cdc9d9-ddb5-4fa4-a97d-d965ccfc6d4b" outcome="Passed" testListId="8c84fa94-04c1-424b-9868-57a2d4851a1d" relativeResultsDirectory="257dd724-ce16-4140-affb-45ed74893436" />
    <UnitTestResult executionId="40b924da-32a1-41da-b88a-e2e583280a21" testId="e1c288bd-9a11-5ffa-6958-0dc75ebb5990" testName="LUMAR_ERP_API_V2.Tests.CostOfSalesFinancialTransactionPolicyTests.ShouldCreateTransaction_ForNewSoldTrackingCodeWithPositiveActualCost" computerName="YASIN-YASIN" duration="00:00:00.0016051" startTime="2026-09-26T03:43:01.1765708+03:00" endTime="2026-09-26T03:43:01.1773833+03:00" testType="13cdc9d9-ddb5-4fa4-a97d-d965ccfc6d4b" outcome="Passed" testListId="8c84fa94-04c1-424b-9868-57a2d4851a1d" relativeResultsDirectory="40b924da-32a1-41da-b88a-e2e583280a21" />
    <UnitTestResult executionId="2a82f3d2-c5c7-4113-8a24-6f5dde7bb272" testId="84aa4b67-200d-8974-a6ee-25eb7f508620" testName="LUMAR_ERP_API_V2.Tests.VipLevelEvaluationDatabaseTests.GetClassifiedCustomersAsync_ReturnsEngineRowsInLevelScoreAndNetworkOrder" computerName="YASIN-YASIN" duration="00:00:00.0456685" startTime="2026-09-26T03:43:00.6475303+03:00" endTime="2026-09-26T03:43:00.6943384+03:00" testType="13cdc9d9-ddb5-4fa4-a97d-d965ccfc6d4b" outcome="Passed" testListId="8c84fa94-04c1-424b-9868-57a2d4851a1d" relativeResultsDirectory="2a82f3d2-c5c7-4113-8a24-6f5dde7bb272" />
    <UnitTestResult executionId="453e65dc-a002-4bd2-bf0f-d757bf26cab6" testId="e390aa24-e5f2-f138-3685-9a55381acfe3" testName="LUMAR_ERP_API_V2.Tests.ScannerWriteInfrastructureTests.UpdateScanner_Valid_Request_Passes_Validation" computerName="YASIN-YASIN" duration="00:00:00.0069159" startTime="2026-09-26T03:43:01.1493173+03:00" endTime="2026-09-26T03:43:01.1549433+03:00" testType="13cdc9d9-ddb5-4fa4-a97d-d965ccfc6d4b" outcome="Passed" testListId="8c84fa94-04c1-424b-9868-57a2d4851a1d" relativeResultsDirectory="453e65dc-a002-4bd2-bf0f-d757bf26cab6" />
    <UnitTestResult executionId="1ab06063-6cab-45a4-b066-9083e70615b8" testId="ff8287f5-f5bf-5aa7-2184-ab9a901efc63" testName="LUMAR_ERP_API_V2.Tests.MeasurementCardPrintPolicyTests.CompletedCopies_IncrementFromBackendState" computerName="YASIN-YASIN" duration="00:00:00.0003026" startTime="2026-09-26T03:43:18.0106996+03:00" endTime="2026-09-26T03:43:18.0108342+03:00" testType="13cdc9d9-ddb5-4fa4-a97d-d965ccfc6d4b" outcome="Passed" testListId="8c84fa94-04c1-424b-9868-57a2d4851a1d" relativeResultsDirectory="1ab06063-6cab-45a4-b066-9083e70615b8" />
    <UnitTestResult executionId="d0a7f1df-1f24-42cf-ae18-e915ce9dc7ec" testId="72b6d8bc-684d-1efb-3825-dd459de92068" testName="LUMAR_ERP_API_V2.Tests.AccountingEventFoundationIntegrationTests.OfficialWriter_CreatesOneLinkedBalancedPosting_AndRetryReturnsTheSameIdentity" computerName="YASIN-YASIN" duration="00:00:00.3067530" startTime="2026-09-26T03:43:00.7303226+03:00" endTime="2026-09-26T03:43:01.0378684+03:00" testType="13cdc9d9-ddb5-4fa4-a97d-d965ccfc6d4b" outcome="Passed" testListId="8c84fa94-04c1-424b-9868-57a2d4851a1d" relativeResultsDirectory="d0a7f1df-1f24-42cf-ae18-e915ce9dc7ec" />
    <UnitTestResult executionId="1e70347f-803e-4318-aab2-03ab3d86f38c" testId="5c9bbf4b-600a-9ab4-ca4d-328ec9d0fe5a" testName="LUMAR_ERP_API_V2.Tests.LoyaltyAccountLifecycleServiceTests.ReactivateManuallyAsync_RestoresActiveWithoutChangingBalance" computerName="YASIN-YASIN" duration="00:00:00.0065985" startTime="2026-09-26T03:43:01.6833685+03:00" endTime="2026-09-26T03:43:01.6898205+03:00" testType="13cdc9d9-ddb5-4fa4-a97d-d965ccfc6d4b" outcome="Passed" testListId="8c84fa94-04c1-424b-9868-57a2d4851a1d" relativeResultsDirectory="1e70347f-803e-4318-aab2-03ab3d86f38c" />
    <UnitTestResult executionId="1e1ce026-2513-44d9-aac4-65e07786c636" testId="b71dbf95-612e-b8e1-cbce-77907c0a9ce6" testName="LUMAR_ERP_API_V2.Tests.OrderLoyaltyIntegrationServiceTests.ProcessOrderAsync_RepeatedCall_IsIdempotent_And_ReconcilesDelta" computerName="YASIN-YASIN" duration="00:00:00.0143325" startTime="2026-09-26T03:43:01.4702268+03:00" endTime="2026-09-26T03:43:01.4783129+03:00" testType="13cdc9d9-ddb5-4fa4-a97d-d965ccfc6d4b" outcome="Passed" testListId="8c84fa94-04c1-424b-9868-57a2d4851a1d" relativeResultsDirectory="1e1ce026-2513-44d9-aac4-65e07786c636" />
    <UnitTestResult executionId="8bbbdce3-1ada-42d1-abcd-b66b5a89309e" testId="1df91897-c503-dde4-c921-bed3f4810865" testName="LUMAR_ERP_API_V2.Tests.OrderTransactionLifecycleTests.ShouldNotAttemptRollbackAfterSuccessfulCommit" computerName="YASIN-YASIN" duration="00:00:00.0010370" startTime="2026-09-26T03:43:01.1673162+03:00" endTime="2026-09-26T03:43:01.1680386+03:00" testType="13cdc9d9-ddb5-4fa4-a97d-d965ccfc6d4b" outcome="Passed" testListId="8c84fa94-04c1-424b-9868-57a2d4851a1d" relativeResultsDirectory="8bbbdce3-1ada-42d1-abcd-b66b5a89309e" />
    <UnitTestResult executionId="0f93a8c8-36c8-4610-b93d-7dc6a9df5e18" testId="6c6a0566-9c5a-e9fd-f3cf-c404f6a42b2f" testName="LUMAR_ERP_API_V2.Tests.CustomerPaymentCollectionTests.SettleCustomerBalanceAsync_Should_Handle_Full_Partial_Discount_And_Donation" computerName="YASIN-YASIN" duration="00:00:00.1501388" startTime="2026-09-26T03:43:18.0160842+03:00" endTime="2026-09-26T03:43:18.1641470+03:00" testType="13cdc9d9-ddb5-4fa4-a97d-d965ccfc6d4b" outcome="Failed" testListId="8c84fa94-04c1-424b-9868-57a2d4851a1d" relativeResultsDirectory="0f93a8c8-36c8-4610-b93d-7dc6a9df5e18">
      <Output>
        <ErrorInfo>
          <Message>System.InvalidOperationException : هذه العملية غير متاحة حتى اعتماد عقدها المحاسبي.</Message>
          <StackTrace>   at LUMAR_ERP_API_V2.Repositories.OrderRepository.SettleCustomerBalanceCoreAsync(Int32 orderId, Decimal amount, Decimal settlementDiscount, String paymentMethod, Nullable`1 cashAccountId, String referenceNumber, String notes, Boolean requireDelivered, CancellationToken cancellationToken) in D:\YASIN\Backend\LUMAR_ERP_API_V2\Repositories\OrderRepository.cs:line 358&#xD;
   at LUMAR_ERP_API_V2.Tests.CustomerPaymentCollectionTests.SettleCustomerBalanceAsync_Should_Handle_Full_Partial_Discount_And_Donation() in D:\YASIN\Backend\LUMAR_ERP_API_V2.Tests\CustomerPaymentCollectionTests.cs:line 93&#xD;
--- End of stack trace from previous location ---</StackTrace>
        </ErrorInfo>
      </Output>
    </UnitTestResult>
    <UnitTestResult executionId="9e88aafc-e023-4476-8515-3c4bfe6886fa" testId="37081e79-0488-eebb-73a5-24e7fe4e1e64" testName="LUMAR_ERP_API_V2.Tests.LoyaltyManagementSettingsTests.Service_Can_Manage_Program_Settings_And_Toggle_Activation" computerName="YASIN-YASIN" duration="00:00:00.0057953" startTime="2026-09-26T03:43:01.3363350+03:00" endTime="2026-09-26T03:43:01.3416505+03:00" testType="13cdc9d9-ddb5-4fa4-a97d-d965ccfc6d4b" outcome="Passed" testListId="8c84fa94-04c1-424b-9868-57a2d4851a1d" relativeResultsDirectory="9e88aafc-e023-4476-8515-3c4bfe6886fa" />
    <UnitTestResult executionId="29bab0d7-8a65-4c34-a16f-e7a57478dd8f" testId="839cfce5-9e4a-e514-4e66-5d96afc3d470" testName="LUMAR_ERP_API_V2.Tests.ProductionTrackingEngineTests.ShouldPreserveExplicitlyDisabledProductionRoute" computerName="YASIN-YASIN" duration="00:00:00.0013490" startTime="2026-09-26T03:43:17.5269639+03:00" endTime="2026-09-26T03:43:17.5274719+03:00" testType="13cdc9d9-ddb5-4fa4-a97d-d965ccfc6d4b" outcome="Passed" testListId="8c84fa94-04c1-424b-9868-57a2d4851a1d" relativeResultsDirectory="29bab0d7-8a65-4c34-a16f-e7a57478dd8f" />
    <UnitTestResult executionId="26131ffe-bf57-4f8c-ad56-0d9f68d25479" testId="7a41877d-cf30-75cc-b70e-0e896905e505" testName="LUMAR_ERP_API_V2.Tests.OrderLoyaltyIntegrationServiceTests.ProcessReadyMadeOrderAsync_UsesIndependentReadyMadeProductTypeSetting" computerName="YASIN-YASIN" duration="00:00:00.0031315" startTime="2026-09-26T03:43:01.4790009+03:00" endTime="2026-09-26T03:43:01.4814985+03:00" testType="13cdc9d9-ddb5-4fa4-a97d-d965ccfc6d4b" outcome="Passed" testListId="8c84fa94-04c1-424b-9868-57a2d4851a1d" relativeResultsDirectory="26131ffe-bf57-4f8c-ad56-0d9f68d25479" />
    <UnitTestResult executionId="c87b1ab4-0bfb-45bd-8e85-6e2bddfcc88d" testId="59aad099-9272-41db-ecb2-5d823ccc452e" testName="LUMAR_ERP_API_V2.Tests.CashMovementFoundationIntegrationTests.OfficialWriter_CreatesOneCashMovement_RetryReturnsSameIdentity_AndDirectWriteIsRejected" computerName="YASIN-YASIN" duration="00:00:00.0376217" startTime="2026-09-26T03:43:01.2705007+03:00" endTime="2026-09-26T03:43:01.3083458+03:00" testType="13cdc9d9-ddb5-4fa4-a97d-d965ccfc6d4b" outcome="Passed" testListId="8c84fa94-04c1-424b-9868-57a2d4851a1d" relativeResultsDirectory="c87b1ab4-0bfb-45bd-8e85-6e2bddfcc88d" />
    <UnitTestResult executionId="894be7c3-403c-4b2a-a62e-12f1f28b75f2" testId="9146f015-4b55-3598-2550-3e0ff2a3f5a9" testName="LUMAR_ERP_API_V2.Tests.VipLevelEvaluationCalculatorTests.CalculateScore_UsesReferralsOrdersAndNetworkSizeWeights" computerName="YASIN-YASIN" duration="00:00:00.0016814" startTime="2026-09-26T03:43:18.0014209+03:00" endTime="2026-09-26T03:43:18.0029186+03:00" testType="13cdc9d9-ddb5-4fa4-a97d-d965ccfc6d4b" outcome="Passed" testListId="8c84fa94-04c1-424b-9868-57a2d4851a1d" relativeResultsDirectory="894be7c3-403c-4b2a-a62e-12f1f28b75f2" />
    <UnitTestResult executionId="2fd2afe5-5f84-498f-a4a6-5af7cad4583a" testId="4757e47d-abac-4dec-15b5-f0e5531e929e" testName="LUMAR_ERP_API_V2.Tests.ConsumptionRulesIntegrityValidatorTests.ShouldDetectRealOverlapButNotBoundaryTouching" computerName="YASIN-YASIN" duration="00:00:00.0010356" startTime="2026-09-26T03:43:17.9462743+03:00" endTime="2026-09-26T03:43:17.9469455+03:00" testType="13cdc9d9-ddb5-4fa4-a97d-d965ccfc6d4b" outcome="Passed" testListId="8c84fa94-04c1-424b-9868-57a2d4851a1d" relativeResultsDirectory="2fd2afe5-5f84-498f-a4a6-5af7cad4583a" />
    <UnitTestResult executionId="3fc80cab-1ed6-42b2-a70e-12fe01d80793" testId="0358922d-a438-dbba-1f0c-db8cb3b98d8a" testName="LUMAR_ERP_API_V2.Tests.FinancialPostingRuntimeReliabilityTests.Poster_RejectsAmbiguousTransitionalReference_WithoutCreatingJournalEntry" computerName="YASIN-YASIN" duration="00:00:00.0197592" startTime="2026-09-26T03:43:01.6307743+03:00" endTime="2026-09-26T03:43:01.6311165+03:00" testType="13cdc9d9-ddb5-4fa4-a97d-d965ccfc6d4b" outcome="Failed" testListId="8c84fa94-04c1-424b-9868-57a2d4851a1d" relativeResultsDirectory="3fc80cab-1ed6-42b2-a70e-12fe01d80793">
      <Output>
        <ErrorInfo>
          <Message>Microsoft.Data.SqlClient.SqlException : The INSERT statement conflicted with the CHECK constraint "CK_FinancialTransactions_AccountingEventFoundation". The conflict occurred in database "LUMAR_ERP_TEST", table "dbo.FinancialTransactions".&#xD;
The statement has been terminated.</Message>
          <StackTrace>   at Microsoft.Data.SqlClient.SqlConnection.OnError(SqlException exception, Boolean breakConnection, Action`1 wrapCloseInAction)&#xD;
   at Microsoft.Data.SqlClient.SqlInternalConnection.OnError(SqlException exception, Boolean breakConnection, Action`1 wrapCloseInAction)&#xD;
   at Microsoft.Data.SqlClient.TdsParser.ThrowExceptionAndWarning(TdsParserStateObject stateObj, SqlCommand command, Boolean callerHasConnectionLock, Boolean asyncClose)&#xD;
   at Microsoft.Data.SqlClient.TdsParser.TryRun(RunBehavior runBehavior, SqlCommand cmdHandler, SqlDataReader dataStream, BulkCopySimpleResultSet bulkCopyHandler, TdsParserStateObject stateObj, Boolean&amp; dataReady)&#xD;
   at Microsoft.Data.SqlClient.SqlCommand.FinishExecuteReader(SqlDataReader ds, RunBehavior runBehavior, String resetOptionsString, Boolean isInternal, Boolean forDescribeParameterEncryption, Boolean shouldCacheForAlwaysEncrypted)&#xD;
   at Microsoft.Data.SqlClient.SqlCommand.CompleteAsyncExecuteReader(Boolean isInternal, Boolean forDescribeParameterEncryption)&#xD;
   at Microsoft.Data.SqlClient.SqlCommand.InternalEndExecuteNonQuery(IAsyncResult asyncResult, Boolean isInternal, String endMethod)&#xD;
   at Microsoft.Data.SqlClient.SqlCommand.EndExecuteNonQueryInternal(IAsyncResult asyncResult)&#xD;
   at Microsoft.Data.SqlClient.SqlCommand.EndExecuteNonQueryAsync(IAsyncResult asyncResult)&#xD;
   at Microsoft.Data.SqlClient.SqlCommand.&lt;&gt;c.&lt;InternalExecuteNonQueryAsync&gt;b__193_1(IAsyncResult asyncResult)&#xD;
   at System.Threading.Tasks.TaskFactory`1.FromAsyncCoreLogic(IAsyncResult iar, Func`2 endFunction, Action`1 endAction, Task`1 promise, Boolean requiresSynchronization)&#xD;
--- End of stack trace from previous location ---&#xD;
   at LUMAR_ERP_API_V2.Tests.FinancialPostingRuntimeReliabilityTests.InsertFinancialTransactionAsync(SqlConnection connection, SqlTransaction transaction, String reference, String transactionType, Decimal amount) in D:\YASIN\Backend\LUMAR_ERP_API_V2.Tests\FinancialPostingRuntimeReliabilityTests.cs:line 69&#xD;
   at LUMAR_ERP_API_V2.Tests.FinancialPostingRuntimeReliabilityTests.InsertFinancialTransactionAsync(SqlConnection connection, SqlTransaction transaction, String reference, String transactionType, Decimal amount) in D:\YASIN\Backend\LUMAR_ERP_API_V2.Tests\FinancialPostingRuntimeReliabilityTests.cs:line 69&#xD;
   at LUMAR_ERP_API_V2.Tests.FinancialPostingRuntimeReliabilityTests.Poster_RejectsAmbiguousTransitionalReference_WithoutCreatingJournalEntry() in D:\YASIN\Backend\LUMAR_ERP_API_V2.Tests\FinancialPostingRuntimeReliabilityTests.cs:line 44&#xD;
   at LUMAR_ERP_API_V2.Tests.FinancialPostingRuntimeReliabilityTests.Poster_RejectsAmbiguousTransitionalReference_WithoutCreatingJournalEntry() in D:\YASIN\Backend\LUMAR_ERP_API_V2.Tests\FinancialPostingRuntimeReliabilityTests.cs:line 56&#xD;
   at LUMAR_ERP_API_V2.Tests.FinancialPostingRuntimeReliabilityTests.Poster_RejectsAmbiguousTransitionalReference_WithoutCreatingJournalEntry() in D:\YASIN\Backend\LUMAR_ERP_API_V2.Tests\FinancialPostingRuntimeReliabilityTests.cs:line 56&#xD;
--- End of stack trace from previous location ---</StackTrace>
        </ErrorInfo>
      </Output>
    </UnitTestResult>
    <UnitTestResult executionId="36f48c60-6027-4e72-8c58-8448931c4c45" testId="a6d6cd05-4a25-f18e-3344-ac1453fdb712" testName="LUMAR_ERP_API_V2.Tests.FabricCodeAllocatorTests.ShouldKeepFabricAndCatalogCountersIndependent" computerName="YASIN-YASIN" duration="00:00:00.0002722" startTime="2026-09-26T03:43:19.3426392+03:00" endTime="2026-09-26T03:43:19.3427898+03:00" testType="13cdc9d9-ddb5-4fa4-a97d-d965ccfc6d4b" outcome="Passed" testListId="8c84fa94-04c1-424b-9868-57a2d4851a1d" relativeResultsDirectory="36f48c60-6027-4e72-8c58-8448931c4c45" />
    <UnitTestResult executionId="5da80181-d283-4f20-b59b-a2510d0cca3e" testId="69e1b6e3-e094-eb70-27ea-2a235b150cf7" testName="LUMAR_ERP_API_V2.Tests.FinancialPostingCallerIntegrationTests.WipToFinishedGoods_Succeeds_AndDeduplicatesByInventoryProductIdentity" computerName="YASIN-YASIN" duration="00:00:00.5130299" startTime="2026-09-26T03:43:18.6256699+03:00" endTime="2026-09-26T03:43:19.1378988+03:00" testType="13cdc9d9-ddb5-4fa4-a97d-d965ccfc6d4b" outcome="Passed" testListId="8c84fa94-04c1-424b-9868-57a2d4851a1d" relativeResultsDirectory="5da80181-d283-4f20-b59b-a2510d0cca3e" />
    <UnitTestResult executionId="4193f660-85da-4dcf-bf20-4ad933cd60cb" testId="cd7602ac-7f03-e3a1-4d22-cd08e4cea9e4" testName="LUMAR_ERP_API_V2.Tests.PiecePointsPhaseThreeTests.BuyerEarn_AndReferralLevels_AreDistributedAsExpected" computerName="YASIN-YASIN" duration="00:00:00.0015378" startTime="2026-09-26T03:43:17.6200908+03:00" endTime="2026-09-26T03:43:17.6202420+03:00" testType="13cdc9d9-ddb5-4fa4-a97d-d965ccfc6d4b" outcome="Passed" testListId="8c84fa94-04c1-424b-9868-57a2d4851a1d" relativeResultsDirectory="4193f660-85da-4dcf-bf20-4ad933cd60cb" />
    <UnitTestResult executionId="bbd8a7c6-1461-489d-a693-51a51868677d" testId="620c7f79-db8b-5196-1bde-c8c9cc104c36" testName="LUMAR_ERP_API_V2.Tests.DeliveryRevenueRecognitionResolverTests.ShouldUseNetAmountAfterDiscountForRevenueRecognition" computerName="YASIN-YASIN" duration="00:00:00.0001939" startTime="2026-09-26T03:43:17.6113164+03:00" endTime="2026-09-26T03:43:17.6114140+03:00" testType="13cdc9d9-ddb5-4fa4-a97d-d965ccfc6d4b" outcome="Passed" testListId="8c84fa94-04c1-424b-9868-57a2d4851a1d" relativeResultsDirectory="bbd8a7c6-1461-489d-a693-51a51868677d" />
    <UnitTestResult executionId="f3350c76-8c4e-43c3-b8ed-1d4acb97be66" testId="48ba8649-0592-0889-2f8d-856e6b1b2b58" testName="LUMAR_ERP_API_V2.Tests.ReadyMadeSalesServiceTests.InvoiceDetailInsert_SuppliesManualDetailIdAndLeavesComputedTotalPrice" computerName="YASIN-YASIN" duration="00:00:00.0016231" startTime="2026-09-26T03:43:17.7270696+03:00" endTime="2026-09-26T03:43:17.7284924+03:00" testType="13cdc9d9-ddb5-4fa4-a97d-d965ccfc6d4b" outcome="Passed" testListId="8c84fa94-04c1-424b-9868-57a2d4851a1d" relativeResultsDirectory="f3350c76-8c4e-43c3-b8ed-1d4acb97be66" />
    <UnitTestResult executionId="c9fa2183-309a-4bc3-aeb6-10d3ae2a5c8a" testId="d0557439-651a-e5cb-0b28-1beea078ed2f" testName="LUMAR_ERP_API_V2.Tests.ConsumptionRulesIntegrityValidatorTests.ShouldDetectOverlappingRanges" computerName="YASIN-YASIN" duration="00:00:00.0007469" startTime="2026-09-26T03:43:17.9524110+03:00" endTime="2026-09-26T03:43:17.9527587+03:00" testType="13cdc9d9-ddb5-4fa4-a97d-d965ccfc6d4b" outcome="Passed" testListId="8c84fa94-04c1-424b-9868-57a2d4851a1d" relativeResultsDirectory="c9fa2183-309a-4bc3-aeb6-10d3ae2a5c8a" />
    <UnitTestResult executionId="d33746d9-298e-46c1-8c67-012083ecc76a" testId="0e3b90d5-10ff-47ba-072e-9896ce555e38" testName="LUMAR_ERP_API_V2.Tests.VipLevelEvaluationControllerTests.GetCustomer_UsesReadOnlyEvaluationPath" computerName="YASIN-YASIN" duration="00:00:00.0117488" startTime="2026-09-26T03:43:01.3090741+03:00" endTime="2026-09-26T03:43:01.3206372+03:00" testType="13cdc9d9-ddb5-4fa4-a97d-d965ccfc6d4b" outcome="Passed" testListId="8c84fa94-04c1-424b-9868-57a2d4851a1d" relativeResultsDirectory="d33746d9-298e-46c1-8c67-012083ecc76a" />
    <UnitTestResult executionId="1f9d680b-ea2a-4362-a706-170a2b82b012" testId="58dfb98d-ebb5-f9a0-42db-0142b5cfa18e" testName="LUMAR_ERP_API_V2.Tests.ProductionTrackingEngineTests.ShouldResolvePrintingAsNextStageForNewPiece" computerName="YASIN-YASIN" duration="00:00:00.0012242" startTime="2026-09-26T03:43:17.5142333+03:00" endTime="2026-09-26T03:43:17.5146553+03:00" testType="13cdc9d9-ddb5-4fa4-a97d-d965ccfc6d4b" outcome="Passed" testListId="8c84fa94-04c1-424b-9868-57a2d4851a1d" relativeResultsDirectory="1f9d680b-ea2a-4362-a706-170a2b82b012" />
    <UnitTestResult executionId="281cce93-afd1-44b4-b7f4-c934c62e1220" testId="cf874e5c-b9d3-ac76-09f2-c392019fdc98" testName="LUMAR_ERP_API_V2.Tests.OrderLoyaltyIntegrationServiceTests.ProcessIfEligibleAsync_ProcessesNewOrder_AndRemainsIdempotent" computerName="YASIN-YASIN" duration="00:00:00.0083246" startTime="2026-09-26T03:43:01.5183465+03:00" endTime="2026-09-26T03:43:01.5266763+03:00" testType="13cdc9d9-ddb5-4fa4-a97d-d965ccfc6d4b" outcome="Passed" testListId="8c84fa94-04c1-424b-9868-57a2d4851a1d" relativeResultsDirectory="281cce93-afd1-44b4-b7f4-c934c62e1220" />
    <UnitTestResult executionId="6e87a28b-a490-411d-87a8-45dbe4cd616f" testId="0ed49283-089a-8bff-e40c-7398db6a760b" testName="LUMAR_ERP_API_V2.Tests.PayrollEngineTests.ShouldNormalizePayrollStatusValues" computerName="YASIN-YASIN" duration="00:00:00.0012866" startTime="2026-09-26T03:43:01.3444383+03:00" endTime="2026-09-26T03:43:01.3451842+03:00" testType="13cdc9d9-ddb5-4fa4-a97d-d965ccfc6d4b" outcome="Passed" testListId="8c84fa94-04c1-424b-9868-57a2d4851a1d" relativeResultsDirectory="6e87a28b-a490-411d-87a8-45dbe4cd616f" />
    <UnitTestResult executionId="181fa22c-b871-4c0c-ac71-057979495b0c" testId="6c8fe588-0003-1fd5-c463-90b72a931805" testName="LUMAR_ERP_API_V2.Tests.ProductionTrackingEngineTests.ShouldAllowZeroRateForNonPayableStage" computerName="YASIN-YASIN" duration="00:00:00.0015080" startTime="2026-09-26T03:43:02.6044113+03:00" endTime="2026-09-26T03:43:02.6071465+03:00" testType="13cdc9d9-ddb5-4fa4-a97d-d965ccfc6d4b" outcome="Passed" testListId="8c84fa94-04c1-424b-9868-57a2d4851a1d" relativeResultsDirectory="181fa22c-b871-4c0c-ac71-057979495b0c" />
    <UnitTestResult executionId="c354b46e-2d2c-46e8-aa09-d1e2e7bee4da" testId="20e91504-f151-f5d9-7422-8875548aa008" testName="LUMAR_ERP_API_V2.Tests.PricingEngineCalculatorTests.Accepts_zero_global_profit_and_two_hundred_percent_piece_profit" computerName="YASIN-YASIN" duration="00:00:00.0006949" startTime="2026-09-26T03:43:01.1733809+03:00" endTime="2026-09-26T03:43:01.1736774+03:00" testType="13cdc9d9-ddb5-4fa4-a97d-d965ccfc6d4b" outcome="Passed" testListId="8c84fa94-04c1-424b-9868-57a2d4851a1d" relativeResultsDirectory="c354b46e-2d2c-46e8-aa09-d1e2e7bee4da" />
    <UnitTestResult executionId="8f073af6-5007-4412-9574-6abe1d36a4e4" testId="cad2dece-ac37-49d7-5b92-815fe920c84c" testName="LUMAR_ERP_API_V2.Tests.OrderLoyaltyIntegrationServiceTests.ReferralTreeBuilder_BuildsHierarchyFromRegistrationTransactionsOnly" computerName="YASIN-YASIN" duration="00:00:00.0327840" startTime="2026-09-26T03:43:01.3460692+03:00" endTime="2026-09-26T03:43:01.3786533+03:00" testType="13cdc9d9-ddb5-4fa4-a97d-d965ccfc6d4b" outcome="Passed" testListId="8c84fa94-04c1-424b-9868-57a2d4851a1d" relativeResultsDirectory="8f073af6-5007-4412-9574-6abe1d36a4e4" />
    <UnitTestResult executionId="33da1934-4d9b-46ff-986f-4cb5a4b561b6" testId="897e32d8-a424-f02d-3fbd-6207ae0b8582" testName="LUMAR_ERP_API_V2.Tests.CancelledPieceReadyInventoryTransferGuardTests.ShouldRejectTransfer_WhenAnyGuardFails(orderCancelled: False, pieceStartedProduction: True, hasAssemblyStage: True, pieceStatus: &quot;Ready&quot;, finalStage: &quot;Assembly&quot;, alreadyTransferred: False)" computerName="YASIN-YASIN" duration="00:00:00.0000056" startTime="2026-09-26T03:43:19.3406180+03:00" endTime="2026-09-26T03:43:19.3406725+03:00" testType="13cdc9d9-ddb5-4fa4-a97d-d965ccfc6d4b" outcome="Passed" testListId="8c84fa94-04c1-424b-9868-57a2d4851a1d" relativeResultsDirectory="33da1934-4d9b-46ff-986f-4cb5a4b561b6" />
    <UnitTestResult executionId="3b0c35ad-ed88-4546-a62f-a717cf8e5f51" testId="3606a8a0-ce62-dbcb-e96e-96ef7c1603d9" testName="LUMAR_ERP_API_V2.Tests.PrintSettingsValidationTests.NormalizeAndValidate_Rejects_Unsupported_Key" computerName="YASIN-YASIN" duration="00:00:00.0023087" startTime="2026-09-26T03:43:18.0117550+03:00" endTime="2026-09-26T03:43:18.0118792+03:00" testType="13cdc9d9-ddb5-4fa4-a97d-d965ccfc6d4b" outcome="Passed" testListId="8c84fa94-04c1-424b-9868-57a2d4851a1d" relativeResultsDirectory="3b0c35ad-ed88-4546-a62f-a717cf8e5f51" />
    <UnitTestResult executionId="ea307fb8-f8bd-4795-a14e-09ed21ed8c25" testId="e1be4459-1e9a-c11d-70f5-9a1db7984b7a" testName="LUMAR_ERP_API_V2.Tests.EmployeeWriteInfrastructureTests.DeactivateEmployee_Normalizes_Status_To_Inactive" computerName="YASIN-YASIN" duration="00:00:00.0027318" startTime="2026-09-26T03:43:00.7126484+03:00" endTime="2026-09-26T03:43:00.7146578+03:00" testType="13cdc9d9-ddb5-4fa4-a97d-d965ccfc6d4b" outcome="Passed" testListId="8c84fa94-04c1-424b-9868-57a2d4851a1d" relativeResultsDirectory="ea307fb8-f8bd-4795-a14e-09ed21ed8c25" />
    <UnitTestResult executionId="a1f3836d-840f-4a58-8dad-eb808da9a8f5" testId="84125004-e6d7-9ed7-7267-fcfc816685f9" testName="LUMAR_ERP_API_V2.Tests.ConsumptionRulesIntegrityValidatorTests.ShouldDetectDuplicateRanges" computerName="YASIN-YASIN" duration="00:00:00.0183024" startTime="2026-09-26T03:43:17.9113261+03:00" endTime="2026-09-26T03:43:17.9289328+03:00" testType="13cdc9d9-ddb5-4fa4-a97d-d965ccfc6d4b" outcome="Passed" testListId="8c84fa94-04c1-424b-9868-57a2d4851a1d" relativeResultsDirectory="a1f3836d-840f-4a58-8dad-eb808da9a8f5" />
    <UnitTestResult executionId="e6143a31-5300-4c6b-a41f-dc4575f8c86c" testId="6a9b3040-12c6-a6a2-cf97-ddb30d122258" testName="LUMAR_ERP_API_V2.Tests.PrintSettingsValidationTests.NormalizeAndValidate_Allows_Approved_Print_Settings" computerName="YASIN-YASIN" duration="00:00:00.0002698" startTime="2026-09-26T03:43:18.0139421+03:00" endTime="2026-09-26T03:43:18.0140801+03:00" testType="13cdc9d9-ddb5-4fa4-a97d-d965ccfc6d4b" outcome="Passed" testListId="8c84fa94-04c1-424b-9868-57a2d4851a1d" relativeResultsDirectory="e6143a31-5300-4c6b-a41f-dc4575f8c86c" />
    <UnitTestResult executionId="3d6f9762-c151-487f-8dfd-69e73fbdf5d1" testId="cc7a83e7-f84a-6c37-a062-67b2aea6cfd1" testName="LUMAR_ERP_API_V2.Tests.CustomerPaymentCollectionTests.CollectCustomerPaymentAsync_Should_Create_Advance_Payment_Before_Delivery_And_DebtCollection_After_Delivery" computerName="YASIN-YASIN" duration="00:00:00.1436415" startTime="2026-09-26T03:43:18.1683677+03:00" endTime="2026-09-26T03:43:18.3085508+03:00" testType="13cdc9d9-ddb5-4fa4-a97d-d965ccfc6d4b" outcome="Passed" testListId="8c84fa94-04c1-424b-9868-57a2d4851a1d" relativeResultsDirectory="3d6f9762-c151-487f-8dfd-69e73fbdf5d1" />
    <UnitTestResult executionId="734b286d-13ed-42cb-acf8-1933fabc93c5" testId="ece52ac1-b707-210e-7bb2-1a33ac2651ea" testName="LUMAR_ERP_API_V2.Tests.DeliveryRevenueRecognitionResolverTests.ShouldOnlyRecognizeWhenDeliveredAndNotAlreadyRecognized" computerName="YASIN-YASIN" duration="00:00:00.0001020" startTime="2026-09-26T03:43:17.6118787+03:00" endTime="2026-09-26T03:43:17.6119474+03:00" testType="13cdc9d9-ddb5-4fa4-a97d-d965ccfc6d4b" outcome="Passed" testListId="8c84fa94-04c1-424b-9868-57a2d4851a1d" relativeResultsDirectory="734b286d-13ed-42cb-acf8-1933fabc93c5" />
    <UnitTestResult executionId="679fe902-1d2d-4f31-990c-15497f6a2328" testId="ace500b8-3e96-4da7-5128-a4ea43f82e16" testName="LUMAR_ERP_API_V2.Tests.EmployeeWriteInfrastructureTests.CreateEmployee_Rejects_Missing_Data" computerName="YASIN-YASIN" duration="00:00:00.0019781" startTime="2026-09-26T03:43:00.7284910+03:00" endTime="2026-09-26T03:43:00.7296595+03:00" testType="13cdc9d9-ddb5-4fa4-a97d-d965ccfc6d4b" outcome="Passed" testListId="8c84fa94-04c1-424b-9868-57a2d4851a1d" relativeResultsDirectory="679fe902-1d2d-4f31-990c-15497f6a2328" />
    <UnitTestResult executionId="f7925bb7-697a-444a-8155-b8c6a9d814d1" testId="1bcc8d4c-516e-166a-7bd3-4905e09b6b6e" testName="LUMAR_ERP_API_V2.Tests.VipLevelEvaluationCalculatorTests.CalculateScore_CapsEachMetricWithoutIgnoringNetworkDepthCounts" computerName="YASIN-YASIN" duration="00:00:00.0005759" startTime="2026-09-26T03:43:18.0037338+03:00" endTime="2026-09-26T03:43:18.0040324+03:00" testType="13cdc9d9-ddb5-4fa4-a97d-d965ccfc6d4b" outcome="Passed" testListId="8c84fa94-04c1-424b-9868-57a2d4851a1d" relativeResultsDirectory="f7925bb7-697a-444a-8155-b8c6a9d814d1" />
    <UnitTestResult executionId="129ba252-1210-4692-af70-f693b15dd92d" testId="807fc47f-ff97-c8a1-15f7-2ae181e8015b" testName="LUMAR_ERP_API_V2.Tests.FinancialPostingRuntimeReliabilityTests.Poster_ReturnsExplicitPreInsertFailures_WithoutCreatingJournalEntry" computerName="YASIN-YASIN" duration="00:00:00.0295491" startTime="2026-09-26T03:43:01.6407940+03:00" endTime="2026-09-26T03:43:01.6601826+03:00" testType="13cdc9d9-ddb5-4fa4-a97d-d965ccfc6d4b" outcome="Passed" testListId="8c84fa94-04c1-424b-9868-57a2d4851a1d" relativeResultsDirectory="129ba252-1210-4692-af70-f693b15dd92d" />
    <UnitTestResult executionId="e2f14853-2443-4b54-9ebe-adc4b28d8f81" testId="d72e9ce3-8cfc-6b2b-5957-352820635913" testName="LUMAR_ERP_API_V2.Tests.EmployeeWriteInfrastructureTests.ActivateEmployee_Normalizes_Status_To_Active" computerName="YASIN-YASIN" duration="00:00:00.0002454" startTime="2026-09-26T03:43:00.7150608+03:00" endTime="2026-09-26T03:43:00.7154947+03:00" testType="13cdc9d9-ddb5-4fa4-a97d-d965ccfc6d4b" outcome="Passed" testListId="8c84fa94-04c1-424b-9868-57a2d4851a1d" relativeResultsDirectory="e2f14853-2443-4b54-9ebe-adc4b28d8f81" />
    <UnitTestResult executionId="05e10a22-083a-475b-875d-5e2937ec4940" testId="c3b4d73f-e038-7081-3cd8-54dc3e601312" testName="LUMAR_ERP_API_V2.Tests.ScannerWriteInfrastructureTests.CreateScanner_Valid_Request_Passes_Validation" computerName="YASIN-YASIN" duration="00:00:00.0031424" startTime="2026-09-26T03:43:01.1556273+03:00" endTime="2026-09-26T03:43:01.1583289+03:00" testType="13cdc9d9-ddb5-4fa4-a97d-d965ccfc6d4b" outcome="Passed" testListId="8c84fa94-04c1-424b-9868-57a2d4851a1d" relativeResultsDirectory="05e10a22-083a-475b-875d-5e2937ec4940" />
    <UnitTestResult executionId="70dcb813-9a39-4cb3-8f34-d9ed2c647923" testId="8dd5ca3f-4857-0f7a-ad33-36e2d8996e7b" testName="LUMAR_ERP_API_V2.Tests.FinancialPostingCallerIntegrationTests.CustomerAdvance_CreatesOneBalancedPosting_AndReplayedRequestDoesNotDuplicate" computerName="YASIN-YASIN" duration="00:00:00.0260922" startTime="2026-09-26T03:43:19.1391017+03:00" endTime="2026-09-26T03:43:19.1651168+03:00" testType="13cdc9d9-ddb5-4fa4-a97d-d965ccfc6d4b" outcome="Failed" testListId="8c84fa94-04c1-424b-9868-57a2d4851a1d" relativeResultsDirectory="70dcb813-9a39-4cb3-8f34-d9ed2c647923">
      <Output>
        <ErrorInfo>
          <Message>System.ArgumentException : الحساب النقدي مطلوب لتسجيل الدفعة المقدمة.</Message>
          <StackTrace>   at LUMAR_ERP_API_V2.Repositories.OrderRepository.CreateAsync(CreateOrderDto order, CancellationToken cancellationToken) in D:\YASIN\Backend\LUMAR_ERP_API_V2\Repositories\OrderRepository.cs:line 122&#xD;
   at LUMAR_ERP_API_V2.Repositories.OrderRepository.CreateAsync(CreateOrderDto order, CancellationToken cancellationToken) in D:\YASIN\Backend\LUMAR_ERP_API_V2\Repositories\OrderRepository.cs:line 127&#xD;
   at LUMAR_ERP_API_V2.Repositories.OrderRepository.CreateAsync(CreateOrderDto order, CancellationToken cancellationToken) in D:\YASIN\Backend\LUMAR_ERP_API_V2\Repositories\OrderRepository.cs:line 142&#xD;
   at LUMAR_ERP_API_V2.Repositories.OrderRepository.CreateAsync(CreateOrderDto order, CancellationToken cancellationToken) in D:\YASIN\Backend\LUMAR_ERP_API_V2\Repositories\OrderRepository.cs:line 145&#xD;
   at LUMAR_ERP_API_V2.Repositories.OrderRepository.CreateAsync(CreateOrderDto order, CancellationToken cancellationToken) in D:\YASIN\Backend\LUMAR_ERP_API_V2\Repositories\OrderRepository.cs:line 145&#xD;
   at LUMAR_ERP_API_V2.Tests.FinancialPostingCallerIntegrationTests.CustomerAdvance_CreatesOneBalancedPosting_AndReplayedRequestDoesNotDuplicate() in D:\YASIN\Backend\LUMAR_ERP_API_V2.Tests\FinancialPostingCallerIntegrationTests.cs:line 38&#xD;
   at LUMAR_ERP_API_V2.Tests.FinancialPostingCallerIntegrationTests.CustomerAdvance_CreatesOneBalancedPosting_AndReplayedRequestDoesNotDuplicate() in D:\YASIN\Backend\LUMAR_ERP_API_V2.Tests\FinancialPostingCallerIntegrationTests.cs:line 52&#xD;
--- End of stack trace from previous location ---</StackTrace>
        </ErrorInfo>
      </Output>
    </UnitTestResult>
    <UnitTestResult executionId="c0b3c47a-5c49-42e2-a10b-8f3d9c4d6294" testId="fd55137d-d8bf-b06a-fb3f-95ebbd3a400c" testName="LUMAR_ERP_API_V2.Tests.MeasurementCardPrintPolicyTests.PaymentType_OnlyUsesOfficialCashAndCreditOptions" computerName="YASIN-YASIN" duration="00:00:00.0005900" startTime="2026-09-26T03:43:18.0096659+03:00" endTime="2026-09-26T03:43:18.0098250+03:00" testType="13cdc9d9-ddb5-4fa4-a97d-d965ccfc6d4b" outcome="Passed" testListId="8c84fa94-04c1-424b-9868-57a2d4851a1d" relativeResultsDirectory="c0b3c47a-5c49-42e2-a10b-8f3d9c4d6294" />
    <UnitTestResult executionId="ab5c85b5-8973-4a9f-bf94-8a5f081bb2d9" testId="0f889906-223b-b60f-8487-2d08f0779f23" testName="LUMAR_ERP_API_V2.Tests.ScannerWriteInfrastructureTests.ActivateScanner_Uses_Active_State" computerName="YASIN-YASIN" duration="00:00:00.0002716" startTime="2026-09-26T03:43:01.1616297+03:00" endTime="2026-09-26T03:43:01.1619053+03:00" testType="13cdc9d9-ddb5-4fa4-a97d-d965ccfc6d4b" outcome="Passed" testListId="8c84fa94-04c1-424b-9868-57a2d4851a1d" relativeResultsDirectory="ab5c85b5-8973-4a9f-bf94-8a5f081bb2d9" />
    <UnitTestResult executionId="b031eedb-3e90-4af3-be21-33dd7c1fd699" testId="a877847a-ac02-f737-43fa-c1ca23cc86ed" testName="LUMAR_ERP_API_V2.Tests.CustomerPaymentCollectionTests.CollectCustomerPaymentAsync_Should_Reject_Replayed_Request_Using_Same_Reference_But_Accept_Same_Amount_With_Different_Reference" computerName="YASIN-YASIN" duration="00:00:00.0888224" startTime="2026-09-26T03:43:18.3091340+03:00" endTime="2026-09-26T03:43:18.4095995+03:00" testType="13cdc9d9-ddb5-4fa4-a97d-d965ccfc6d4b" outcome="Passed" testListId="8c84fa94-04c1-424b-9868-57a2d4851a1d" relativeResultsDirectory="b031eedb-3e90-4af3-be21-33dd7c1fd699" />
    <UnitTestResult executionId="8bc33052-fed6-4e56-a5fd-b4f56028c863" testId="292f566b-923c-66e8-e059-71546637f361" testName="LUMAR_ERP_API_V2.Tests.ReferralPhaseOneTests.IsSelfReferral_ReturnsTrue_WhenReferrerEqualsReferred" computerName="YASIN-YASIN" duration="00:00:00.0004254" startTime="2026-09-26T03:43:17.5483610+03:00" endTime="2026-09-26T03:43:17.5487345+03:00" testType="13cdc9d9-ddb5-4fa4-a97d-d965ccfc6d4b" outcome="Passed" testListId="8c84fa94-04c1-424b-9868-57a2d4851a1d" relativeResultsDirectory="8bc33052-fed6-4e56-a5fd-b4f56028c863" />
    <UnitTestResult executionId="dd9f9ad7-e75c-41b7-9452-63e77fcd8bfd" testId="0a7d9622-22a3-079d-95f7-b82ac03c5656" testName="LUMAR_ERP_API_V2.Tests.LoyaltyPhaseTwoTests.Earn_UsesBalanceBeforeAndBalanceAfterAlongsideCurrentPoints" computerName="YASIN-YASIN" duration="00:00:00.0002367" startTime="2026-09-26T03:43:17.6136088+03:00" endTime="2026-09-26T03:43:17.6137740+03:00" testType="13cdc9d9-ddb5-4fa4-a97d-d965ccfc6d4b" outcome="Passed" testListId="8c84fa94-04c1-424b-9868-57a2d4851a1d" relativeResultsDirectory="dd9f9ad7-e75c-41b7-9452-63e77fcd8bfd" />
    <UnitTestResult executionId="41883a1b-e716-4fe3-a8bf-a08a32c7ad78" testId="ad0c9e55-47cf-9dc4-7cfb-9c766a907668" testName="LUMAR_ERP_API_V2.Tests.EmployeeWriteInfrastructureTests.UpdateEmployee_Valid_Request_Passes_Validation" computerName="YASIN-YASIN" duration="00:00:00.0065289" startTime="2026-09-26T03:43:00.7165867+03:00" endTime="2026-09-26T03:43:00.7221826+03:00" testType="13cdc9d9-ddb5-4fa4-a97d-d965ccfc6d4b" outcome="Passed" testListId="8c84fa94-04c1-424b-9868-57a2d4851a1d" relativeResultsDirectory="41883a1b-e716-4fe3-a8bf-a08a32c7ad78" />
    <UnitTestResult executionId="d891c89e-7383-407c-b63b-db67c33095fd" testId="a22e6c77-a70f-db84-6209-3ff11c02193b" testName="LUMAR_ERP_API_V2.Tests.PieceWageEngineTests.ShouldRejectOnlyMissingOrNegativeRate" computerName="YASIN-YASIN" duration="00:00:00.0274485" startTime="2026-09-26T03:42:58.9765751+03:00" endTime="2026-09-26T03:42:59.0256733+03:00" testType="13cdc9d9-ddb5-4fa4-a97d-d965ccfc6d4b" outcome="Passed" testListId="8c84fa94-04c1-424b-9868-57a2d4851a1d" relativeResultsDirectory="d891c89e-7383-407c-b63b-db67c33095fd" />
    <UnitTestResult executionId="e1c3c98b-14b2-4e89-af4a-8ba7a3a7221c" testId="18e9ed2e-b792-1be8-449f-5fcde3fa2c0c" testName="LUMAR_ERP_API_V2.Tests.PrintSettingsValidationTests.NormalizeAndValidate_Rejects_Invalid_Boolean_Value" computerName="YASIN-YASIN" duration="00:00:00.0003480" startTime="2026-09-26T03:43:18.0143842+03:00" endTime="2026-09-26T03:43:18.0145135+03:00" testType="13cdc9d9-ddb5-4fa4-a97d-d965ccfc6d4b" outcome="Passed" testListId="8c84fa94-04c1-424b-9868-57a2d4851a1d" relativeResultsDirectory="e1c3c98b-14b2-4e89-af4a-8ba7a3a7221c" />
    <UnitTestResult executionId="b983986a-d580-4555-8b8e-2171620819e5" testId="dccbac8b-0c2b-94b5-7833-35f4549914c6" testName="LUMAR_ERP_API_V2.Tests.PiecePointsPhaseThreeTests.MissingPieceSetting_GrantsZeroPoints" computerName="YASIN-YASIN" duration="00:00:00.0000893" startTime="2026-09-26T03:43:17.6179475+03:00" endTime="2026-09-26T03:43:17.6182209+03:00" testType="13cdc9d9-ddb5-4fa4-a97d-d965ccfc6d4b" outcome="Passed" testListId="8c84fa94-04c1-424b-9868-57a2d4851a1d" relativeResultsDirectory="b983986a-d580-4555-8b8e-2171620819e5" />
    <UnitTestResult executionId="f649b1bc-67a1-4f81-a571-d1a9a98d8142" testId="a14dae43-ee62-937c-669c-083dc2d73839" testName="LUMAR_ERP_API_V2.Tests.OrderTransactionLifecycleTests.ShouldAttemptRollbackOnlyBeforeCommitAndWhenTransactionIsStillUsable" computerName="YASIN-YASIN" duration="00:00:00.0002690" startTime="2026-09-26T03:43:01.1686511+03:00" endTime="2026-09-26T03:43:01.1689333+03:00" testType="13cdc9d9-ddb5-4fa4-a97d-d965ccfc6d4b" outcome="Passed" testListId="8c84fa94-04c1-424b-9868-57a2d4851a1d" relativeResultsDirectory="f649b1bc-67a1-4f81-a571-d1a9a98d8142" />
    <UnitTestResult executionId="3d9c86f8-32c9-4ff2-8984-e8f9b33a9731" testId="8dc74b55-ae3c-0f3e-f998-0ba4100e99fe" testName="LUMAR_ERP_API_V2.Tests.ConsumptionRulesIntegrityValidatorTests.ShouldKeepDifferentMeasurementKeysIndependent" computerName="YASIN-YASIN" duration="00:00:00.0007917" startTime="2026-09-26T03:43:17.9513111+03:00" endTime="2026-09-26T03:43:17.9518600+03:00" testType="13cdc9d9-ddb5-4fa4-a97d-d965ccfc6d4b" outcome="Passed" testListId="8c84fa94-04c1-424b-9868-57a2d4851a1d" relativeResultsDirectory="3d9c86f8-32c9-4ff2-8984-e8f9b33a9731" />
    <UnitTestResult executionId="40daee49-02df-44e5-ba8f-ae8d81453eaf" testId="aa68f2b1-dc02-0b2c-11ef-32e75de4aa9f" testName="LUMAR_ERP_API_V2.Tests.PiecePointsPhaseThreeTests.DisabledProgram_GrantsZeroPoints_EvenWithActiveTypeSetting" computerName="YASIN-YASIN" duration="00:00:00.0001135" startTime="2026-09-26T03:43:17.6188970+03:00" endTime="2026-09-26T03:43:17.6190293+03:00" testType="13cdc9d9-ddb5-4fa4-a97d-d965ccfc6d4b" outcome="Passed" testListId="8c84fa94-04c1-424b-9868-57a2d4851a1d" relativeResultsDirectory="40daee49-02df-44e5-ba8f-ae8d81453eaf" />
    <UnitTestResult executionId="3b0db965-78d0-49a1-b953-c2f537cff781" testId="e6fee580-de67-6b90-ec99-3169afa5beb4" testName="LUMAR_ERP_API_V2.Tests.CustomerSummaryRepositoryTests.SearchAsync_ProjectsCurrentLoyaltyPointsAndLatestLedgerBalance" computerName="YASIN-YASIN" duration="00:00:00.0813206" startTime="2026-09-26T03:43:17.6222961+03:00" endTime="2026-09-26T03:43:17.6980776+03:00" testType="13cdc9d9-ddb5-4fa4-a97d-d965ccfc6d4b" outcome="Passed" testListId="8c84fa94-04c1-424b-9868-57a2d4851a1d" relativeResultsDirectory="3b0db965-78d0-49a1-b953-c2f537cff781" />
    <UnitTestResult executionId="eac71af9-71d0-45ef-811e-999a32d37559" testId="7a0016c3-3082-2a36-7411-b88d00f619f0" testName="LUMAR_ERP_API_V2.Tests.LoyaltyRedemptionServiceTests.Preview_EnforcesConfiguredRedemptionLimits(allowRedemption: True, requestedPoints: 50, minimumPoints: 100, maximumPoints: 0, expectedValid: False, expectedMessage: &quot;minimum&quot;)" computerName="YASIN-YASIN" duration="00:00:00.0000250" startTime="2026-09-26T03:43:17.9853961+03:00" endTime="2026-09-26T03:43:17.9856085+03:00" testType="13cdc9d9-ddb5-4fa4-a97d-d965ccfc6d4b" outcome="Passed" testListId="8c84fa94-04c1-424b-9868-57a2d4851a1d" relativeResultsDirectory="eac71af9-71d0-45ef-811e-999a32d37559" />
    <UnitTestResult executionId="9fa08367-5c34-4d7d-8dd5-a8b19429fa56" testId="ba7a2569-2d22-734c-d3dc-a6ad88e485f8" testName="LUMAR_ERP_API_V2.Tests.MeasurementCardPrintingIntegrationTests.FailedPrint_DoesNotBecomeOfficialCopy_AndDoesNotCreateRevenue" computerName="YASIN-YASIN" duration="00:00:00.0775528" startTime="2026-09-26T03:43:02.4474883+03:00" endTime="2026-09-26T03:43:02.5254897+03:00" testType="13cdc9d9-ddb5-4fa4-a97d-d965ccfc6d4b" outcome="Passed" testListId="8c84fa94-04c1-424b-9868-57a2d4851a1d" relativeResultsDirectory="9fa08367-5c34-4d7d-8dd5-a8b19429fa56" />
    <UnitTestResult executionId="1b5ebc31-0f20-455f-899b-32c4cd005b2d" testId="3fa3a3cd-9a56-6c2a-f9e5-86d385072a46" testName="LUMAR_ERP_API_V2.Tests.LoyaltyRedemptionServiceTests.Redeem_UpdatesBalance_And_CreatesRedemption_AndCredit" computerName="YASIN-YASIN" duration="00:00:00.0067576" startTime="2026-09-26T03:43:17.9861573+03:00" endTime="2026-09-26T03:43:17.9913918+03:00" testType="13cdc9d9-ddb5-4fa4-a97d-d965ccfc6d4b" outcome="Passed" testListId="8c84fa94-04c1-424b-9868-57a2d4851a1d" relativeResultsDirectory="1b5ebc31-0f20-455f-899b-32c4cd005b2d" />
    <UnitTestResult executionId="5edc2337-0ee1-4961-adfc-d1a4881a8380" testId="6847db40-e0b5-d5f4-7192-69a0dfad7303" testName="LUMAR_ERP_API_V2.Tests.AccountingEventFoundationIntegrationTests.FutureOnlyChecks_RejectDirectFinancialAndJournalWriters" computerName="YASIN-YASIN" duration="00:00:00.0235798" startTime="2026-09-26T03:43:01.0763193+03:00" endTime="2026-09-26T03:43:01.1021698+03:00" testType="13cdc9d9-ddb5-4fa4-a97d-d965ccfc6d4b" outcome="Passed" testListId="8c84fa94-04c1-424b-9868-57a2d4851a1d" relativeResultsDirectory="5edc2337-0ee1-4961-adfc-d1a4881a8380" />
    <UnitTestResult executionId="4620b8ea-9446-44e8-aa47-6a818a7b2241" testId="c5eb8097-1215-2a9d-efca-440342c268c7" testName="LUMAR_ERP_API_V2.Tests.LoyaltyRedemptionServiceTests.Reverse_Redemption_RecreatesPoints_Without_Deleting_Original" computerName="YASIN-YASIN" duration="00:00:00.0090611" startTime="2026-09-26T03:43:17.9916556+03:00" endTime="2026-09-26T03:43:18.0005944+03:00" testType="13cdc9d9-ddb5-4fa4-a97d-d965ccfc6d4b" outcome="Passed" testListId="8c84fa94-04c1-424b-9868-57a2d4851a1d" relativeResultsDirectory="4620b8ea-9446-44e8-aa47-6a818a7b2241" />
    <UnitTestResult executionId="3dd317ba-5c92-4652-938e-37938b5b1a5c" testId="6a9b54d3-d073-316e-e0ee-6fa69450a959" testName="LUMAR_ERP_API_V2.Tests.ProductionTrackingEngineTests.ShouldNotUseDefaultRoutesWhenDatabaseConfigurationIsUnavailable" computerName="YASIN-YASIN" duration="00:00:00.0028541" startTime="2026-09-26T03:43:17.5240378+03:00" endTime="2026-09-26T03:43:17.5259941+03:00" testType="13cdc9d9-ddb5-4fa4-a97d-d965ccfc6d4b" outcome="Passed" testListId="8c84fa94-04c1-424b-9868-57a2d4851a1d" relativeResultsDirectory="3dd317ba-5c92-4652-938e-37938b5b1a5c" />
    <UnitTestResult executionId="57c17073-91f2-4d65-bc82-afdb8ca4e3e6" testId="00095e44-991a-7649-9549-a78ced857591" testName="LUMAR_ERP_API_V2.Tests.LoyaltyRedemptionServiceTests.Preview_EnforcesConfiguredRedemptionLimits(allowRedemption: True, requestedPoints: 150, minimumPoints: 0, maximumPoints: 0, expectedValid: True, expectedMessage: &quot;valid&quot;)" computerName="YASIN-YASIN" duration="00:00:00.0084239" startTime="2026-09-26T03:43:17.9753695+03:00" endTime="2026-09-26T03:43:17.9816532+03:00" testType="13cdc9d9-ddb5-4fa4-a97d-d965ccfc6d4b" outcome="Passed" testListId="8c84fa94-04c1-424b-9868-57a2d4851a1d" relativeResultsDirectory="57c17073-91f2-4d65-bc82-afdb8ca4e3e6" />
    <UnitTestResult executionId="82b1e098-b3d4-4349-8119-ef0b3f0cfe82" testId="a263cd85-1091-a5dc-8af8-5bf61bbe4f9b" testName="LUMAR_ERP_API_V2.Tests.ScannerWriteInfrastructureTests.CreateScanner_Rejects_Missing_Data" computerName="YASIN-YASIN" duration="00:00:00.0011099" startTime="2026-09-26T03:43:01.1591466+03:00" endTime="2026-09-26T03:43:01.1596016+03:00" testType="13cdc9d9-ddb5-4fa4-a97d-d965ccfc6d4b" outcome="Passed" testListId="8c84fa94-04c1-424b-9868-57a2d4851a1d" relativeResultsDirectory="82b1e098-b3d4-4349-8119-ef0b3f0cfe82" />
    <UnitTestResult executionId="ea53721c-596c-4ef3-b589-d9ede1da2734" testId="58aa1311-348f-79f3-fff9-1bae8d4c883f" testName="LUMAR_ERP_API_V2.Tests.OrderLoyaltyIntegrationServiceTests.ProcessOrderAsync_CreatesBuyerEarn_AndReferralRewards" computerName="YASIN-YASIN" duration="00:00:00.0848829" startTime="2026-09-26T03:43:01.3794882+03:00" endTime="2026-09-26T03:43:01.4636949+03:00" testType="13cdc9d9-ddb5-4fa4-a97d-d965ccfc6d4b" outcome="Passed" testListId="8c84fa94-04c1-424b-9868-57a2d4851a1d" relativeResultsDirectory="ea53721c-596c-4ef3-b589-d9ede1da2734" />
    <UnitTestResult executionId="2254c17e-a190-48b1-b5fa-07abeb9a35d9" testId="91b409f9-6282-f550-e451-913ef9c2fce4" testName="LUMAR_ERP_API_V2.Tests.ProductionTrackingEngineTests.ShouldHonorCustomRouteByRemovingButtonsFromShirt" computerName="YASIN-YASIN" duration="00:00:00.0221063" startTime="2026-09-26T03:43:17.4989935+03:00" endTime="2026-09-26T03:43:17.5135187+03:00" testType="13cdc9d9-ddb5-4fa4-a97d-d965ccfc6d4b" outcome="Passed" testListId="8c84fa94-04c1-424b-9868-57a2d4851a1d" relativeResultsDirectory="2254c17e-a190-48b1-b5fa-07abeb9a35d9" />
    <UnitTestResult executionId="2d372515-e64b-47eb-af97-bc40b7e486c5" testId="8b06ef82-6832-4ab6-661f-f9b3717481be" testName="LUMAR_ERP_API_V2.Tests.ProductionTrackingEngineTests.ShouldRejectDuplicateOrRepeatedStage" computerName="YASIN-YASIN" duration="00:00:00.0032779" startTime="2026-09-26T03:43:02.6075328+03:00" endTime="2026-09-26T03:43:02.6096947+03:00" testType="13cdc9d9-ddb5-4fa4-a97d-d965ccfc6d4b" outcome="Passed" testListId="8c84fa94-04c1-424b-9868-57a2d4851a1d" relativeResultsDirectory="2d372515-e64b-47eb-af97-bc40b7e486c5" />
    <UnitTestResult executionId="4b704968-9414-40b8-9190-d99492b7147a" testId="fb44897f-8f1b-2b2d-4dae-1f54702179d5" testName="LUMAR_ERP_API_V2.Tests.ConsumptionRulesIntegrityValidatorTests.ShouldAcceptDecimalSafeNonPantsCoverageExample" computerName="YASIN-YASIN" duration="00:00:00.0012608" startTime="2026-09-26T03:43:17.9591857+03:00" endTime="2026-09-26T03:43:17.9601666+03:00" testType="13cdc9d9-ddb5-4fa4-a97d-d965ccfc6d4b" outcome="Passed" testListId="8c84fa94-04c1-424b-9868-57a2d4851a1d" relativeResultsDirectory="4b704968-9414-40b8-9190-d99492b7147a" />
    <UnitTestResult executionId="a590e4bd-499f-4533-a839-588b800ef1e0" testId="6cd8bf0e-87c7-0931-9ee5-63fbeca73bd8" testName="LUMAR_ERP_API_V2.Tests.ProductionTrackingEngineTests.ShouldKeepOrderUnreadyWhenPieceIsStillIncomplete" computerName="YASIN-YASIN" duration="00:00:00.0003394" startTime="2026-09-26T03:43:17.5296783+03:00" endTime="2026-09-26T03:43:17.5301143+03:00" testType="13cdc9d9-ddb5-4fa4-a97d-d965ccfc6d4b" outcome="Passed" testListId="8c84fa94-04c1-424b-9868-57a2d4851a1d" relativeResultsDirectory="a590e4bd-499f-4533-a839-588b800ef1e0" />
    <UnitTestResult executionId="2a1418ca-1efb-4804-9cd2-507e3da89f04" testId="c2a2d3d9-3049-be4d-ae6f-9cbf6fa77ec9" testName="LUMAR_ERP_API_V2.Tests.ConsumptionRulesIntegrityValidatorTests.ShouldDetectGapBetweenRanges" computerName="YASIN-YASIN" duration="00:00:00.0017155" startTime="2026-09-26T03:43:17.9551944+03:00" endTime="2026-09-26T03:43:17.9553940+03:00" testType="13cdc9d9-ddb5-4fa4-a97d-d965ccfc6d4b" outcome="Passed" testListId="8c84fa94-04c1-424b-9868-57a2d4851a1d" relativeResultsDirectory="2a1418ca-1efb-4804-9cd2-507e3da89f04" />
    <UnitTestResult executionId="2ef6076c-8fcf-4d3b-8989-141742acbfa3" testId="a07495d6-b454-0e8f-eb69-c01f5bf18f2b" testName="LUMAR_ERP_API_V2.Tests.DeliveryRevenueRecognitionResolverTests.ShouldCreateRevenueReversalOnlyOnceForCancelledRecognizedOrder" computerName="YASIN-YASIN" duration="00:00:00.0003440" startTime="2026-09-26T03:43:17.6107403+03:00" endTime="2026-09-26T03:43:17.6110599+03:00" testType="13cdc9d9-ddb5-4fa4-a97d-d965ccfc6d4b" outcome="Passed" testListId="8c84fa94-04c1-424b-9868-57a2d4851a1d" relativeResultsDirectory="2ef6076c-8fcf-4d3b-8989-141742acbfa3" />
    <UnitTestResult executionId="8c739992-7348-4a80-9ed5-51b186554a2c" testId="59d5c088-e075-f779-3787-e7ff5980f26a" testName="LUMAR_ERP_API_V2.Tests.FactoryMonitoringEngineTests.ClassifyOrder_ReturnsBlocked_WhenNoRealMovementExists" computerName="YASIN-YASIN" duration="00:00:00.0004617" startTime="2026-09-26T03:43:17.9744308+03:00" endTime="2026-09-26T03:43:17.9745885+03:00" testType="13cdc9d9-ddb5-4fa4-a97d-d965ccfc6d4b" outcome="Passed" testListId="8c84fa94-04c1-424b-9868-57a2d4851a1d" relativeResultsDirectory="8c739992-7348-4a80-9ed5-51b186554a2c" />
    <UnitTestResult executionId="9b290b5d-a22f-4d88-bbcd-f3215280aed9" testId="993e12b2-be1f-4653-65e8-ba9d1fd884f3" testName="LUMAR_ERP_API_V2.Tests.AccountingEventFoundationIntegrationTests.OfficialWriter_RejectsUnsupportedEventTypeAndPaymentKind" computerName="YASIN-YASIN" duration="00:00:00.0361182" startTime="2026-09-26T03:43:01.0451018+03:00" endTime="2026-09-26T03:43:01.0754541+03:00" testType="13cdc9d9-ddb5-4fa4-a97d-d965ccfc6d4b" outcome="Passed" testListId="8c84fa94-04c1-424b-9868-57a2d4851a1d" relativeResultsDirectory="9b290b5d-a22f-4d88-bbcd-f3215280aed9" />
    <UnitTestResult executionId="abc3ef4d-0a5c-485f-bf52-4cee5ff45198" testId="68e9318c-76a5-17c3-40b4-0651703f6f36" testName="LUMAR_ERP_API_V2.Tests.WipToFinishedGoodsFinancialTransactionPolicyTests.ShouldNotCreateTransaction_ForEmptyTrackingCodeOrZeroAmount" computerName="YASIN-YASIN" duration="00:00:00.0001783" startTime="2026-09-26T03:43:18.0089777+03:00" endTime="2026-09-26T03:43:18.0091292+03:00" testType="13cdc9d9-ddb5-4fa4-a97d-d965ccfc6d4b" outcome="Passed" testListId="8c84fa94-04c1-424b-9868-57a2d4851a1d" relativeResultsDirectory="abc3ef4d-0a5c-485f-bf52-4cee5ff45198" />
    <UnitTestResult executionId="8a744b67-5aec-41f2-b00e-d0e0dd39934b" testId="6e3019f8-f8fe-6164-e914-b68291df4d20" testName="LUMAR_ERP_API_V2.Tests.PieceWageEngineTests.ShouldRejectBlockedWageEmployees" computerName="YASIN-YASIN" duration="00:00:00.0002808" startTime="2026-09-26T03:42:59.0599258+03:00" endTime="2026-09-26T03:42:59.0600037+03:00" testType="13cdc9d9-ddb5-4fa4-a97d-d965ccfc6d4b" outcome="Passed" testListId="8c84fa94-04c1-424b-9868-57a2d4851a1d" relativeResultsDirectory="8a744b67-5aec-41f2-b00e-d0e0dd39934b" />
    <UnitTestResult executionId="088ff720-8034-4689-8086-8222634ca933" testId="e93bb455-5e0a-5d1c-7d01-6069080cbc75" testName="LUMAR_ERP_API_V2.Tests.ConsumptionRulesIntegrityValidatorTests.ShouldAcceptCompleteCoveringSet" computerName="YASIN-YASIN" duration="00:00:00.0012661" startTime="2026-09-26T03:43:17.9449601+03:00" endTime="2026-09-26T03:43:17.9458042+03:00" testType="13cdc9d9-ddb5-4fa4-a97d-d965ccfc6d4b" outcome="Passed" testListId="8c84fa94-04c1-424b-9868-57a2d4851a1d" relativeResultsDirectory="088ff720-8034-4689-8086-8222634ca933" />
    <UnitTestResult executionId="0eb6d353-03e9-482f-988d-46f374df1e94" testId="77cde83a-7c74-830d-868c-14ed2448764f" testName="LUMAR_ERP_API_V2.Tests.PricingEngineCalculatorTests.Calculates_fabric_and_total_values_per_piece_and_quantity" computerName="YASIN-YASIN" duration="00:00:00.0020162" startTime="2026-09-26T03:43:01.1710564+03:00" endTime="2026-09-26T03:43:01.1728675+03:00" testType="13cdc9d9-ddb5-4fa4-a97d-d965ccfc6d4b" outcome="Passed" testListId="8c84fa94-04c1-424b-9868-57a2d4851a1d" relativeResultsDirectory="0eb6d353-03e9-482f-988d-46f374df1e94" />
    <UnitTestResult executionId="c3f8bb67-1d53-4a74-8a56-68c7bf5d5ef4" testId="bcb18509-6eac-11fe-ea76-f98b0e710f43" testName="LUMAR_ERP_API_V2.Tests.ConsumptionRulesIntegrityValidatorTests.ShouldEvaluateFormulaUsingMeasurementCodes" computerName="YASIN-YASIN" duration="00:00:00.0153741" startTime="2026-09-26T03:43:17.9292108+03:00" endTime="2026-09-26T03:43:17.9444186+03:00" testType="13cdc9d9-ddb5-4fa4-a97d-d965ccfc6d4b" outcome="Passed" testListId="8c84fa94-04c1-424b-9868-57a2d4851a1d" relativeResultsDirectory="c3f8bb67-1d53-4a74-8a56-68c7bf5d5ef4" />
    <UnitTestResult executionId="3623ccfd-6fb9-4ea0-91fc-59f17f8c68ae" testId="bb5d9d3a-308c-0656-1352-d097adc18881" testName="LUMAR_ERP_API_V2.Tests.SalesReferenceControllerTests.GetSnapshot_ReturnsTheReferenceSnapshot" computerName="YASIN-YASIN" duration="00:00:00.0036877" startTime="2026-09-26T03:43:02.5927563+03:00" endTime="2026-09-26T03:43:02.5964081+03:00" testType="13cdc9d9-ddb5-4fa4-a97d-d965ccfc6d4b" outcome="Passed" testListId="8c84fa94-04c1-424b-9868-57a2d4851a1d" relativeResultsDirectory="3623ccfd-6fb9-4ea0-91fc-59f17f8c68ae" />
    <UnitTestResult executionId="11b9d573-3cdb-437a-80b1-215d0f72ad71" testId="3b8bea7f-fcea-a0cf-d90c-483ced6ca287" testName="LUMAR_ERP_API_V2.Tests.PieceWageEngineTests.ShouldPreventDuplicateTrackingEventRecord" computerName="YASIN-YASIN" duration="00:00:00.0045686" startTime="2026-09-26T03:42:59.0591253+03:00" endTime="2026-09-26T03:42:59.0592076+03:00" testType="13cdc9d9-ddb5-4fa4-a97d-d965ccfc6d4b" outcome="Passed" testListId="8c84fa94-04c1-424b-9868-57a2d4851a1d" relativeResultsDirectory="11b9d573-3cdb-437a-80b1-215d0f72ad71" />
    <UnitTestResult executionId="c1444647-62b0-42e5-81d2-4a8992974ab4" testId="9e28e990-8c49-e8de-f178-c6ca5577da0b" testName="LUMAR_ERP_API_V2.Tests.FinancialPostingCallerIntegrationTests.CustomerPayment_Succeeds_AndDeduplicatesByPaymentIdentity" computerName="YASIN-YASIN" duration="00:00:00.0734839" startTime="2026-09-26T03:43:19.1698539+03:00" endTime="2026-09-26T03:43:19.2398601+03:00" testType="13cdc9d9-ddb5-4fa4-a97d-d965ccfc6d4b" outcome="Failed" testListId="8c84fa94-04c1-424b-9868-57a2d4851a1d" relativeResultsDirectory="c1444647-62b0-42e5-81d2-4a8992974ab4">
      <Output>
        <ErrorInfo>
          <Message>Microsoft.Data.SqlClient.SqlException : The DELETE statement conflicted with the REFERENCE constraint "FK_CashMovements_AccountingEvents_AccountingEventId". The conflict occurred in database "LUMAR_ERP_TEST", table "dbo.CashMovements", column 'AccountingEventId'.&#xD;
The DELETE statement conflicted with the REFERENCE constraint "FK_AccountingEvents_Payments_PaymentId". The conflict occurred in database "LUMAR_ERP_TEST", table "dbo.AccountingEvents", column 'PaymentId'.&#xD;
The DELETE statement conflicted with the REFERENCE constraint "FK_Payments_Orders_OrderID". The conflict occurred in database "LUMAR_ERP_TEST", table "dbo.Payments", column 'OrderID'.&#xD;
The statement has been terminated.&#xD;
The statement has been terminated.&#xD;
The statement has been terminated.</Message>
          <StackTrace>   at Microsoft.Data.SqlClient.SqlConnection.OnError(SqlException exception, Boolean breakConnection, Action`1 wrapCloseInAction)&#xD;
   at Microsoft.Data.SqlClient.SqlInternalConnection.OnError(SqlException exception, Boolean breakConnection, Action`1 wrapCloseInAction)&#xD;
   at Microsoft.Data.SqlClient.TdsParser.ThrowExceptionAndWarning(TdsParserStateObject stateObj, SqlCommand command, Boolean callerHasConnectionLock, Boolean asyncClose)&#xD;
   at Microsoft.Data.SqlClient.TdsParser.TryRun(RunBehavior runBehavior, SqlCommand cmdHandler, SqlDataReader dataStream, BulkCopySimpleResultSet bulkCopyHandler, TdsParserStateObject stateObj, Boolean&amp; dataReady)&#xD;
   at Microsoft.Data.SqlClient.SqlCommand.FinishExecuteReader(SqlDataReader ds, RunBehavior runBehavior, String resetOptionsString, Boolean isInternal, Boolean forDescribeParameterEncryption, Boolean shouldCacheForAlwaysEncrypted)&#xD;
   at Microsoft.Data.SqlClient.SqlCommand.CompleteAsyncExecuteReader(Boolean isInternal, Boolean forDescribeParameterEncryption)&#xD;
   at Microsoft.Data.SqlClient.SqlCommand.InternalEndExecuteNonQuery(IAsyncResult asyncResult, Boolean isInternal, String endMethod)&#xD;
   at Microsoft.Data.SqlClient.SqlCommand.EndExecuteNonQueryInternal(IAsyncResult asyncResult)&#xD;
   at Microsoft.Data.SqlClient.SqlCommand.EndExecuteNonQueryAsync(IAsyncResult asyncResult)&#xD;
   at Microsoft.Data.SqlClient.SqlCommand.&lt;&gt;c.&lt;InternalExecuteNonQueryAsync&gt;b__193_1(IAsyncResult asyncResult)&#xD;
   at System.Threading.Tasks.TaskFactory`1.FromAsyncCoreLogic(IAsyncResult iar, Func`2 endFunction, Action`1 endAction, Task`1 promise, Boolean requiresSynchronization)&#xD;
--- End of stack trace from previous location ---&#xD;
   at LUMAR_ERP_API_V2.Tests.FinancialPostingCallerIntegrationTests.DeleteOrderGraphAsync(Int32 orderId, String orderNumber) in D:\YASIN\Backend\LUMAR_ERP_API_V2.Tests\FinancialPostingCallerIntegrationTests.cs:line 275&#xD;
   at LUMAR_ERP_API_V2.Tests.FinancialPostingCallerIntegrationTests.DeleteOrderGraphAsync(Int32 orderId, String orderNumber) in D:\YASIN\Backend\LUMAR_ERP_API_V2.Tests\FinancialPostingCallerIntegrationTests.cs:line 275&#xD;
   at LUMAR_ERP_API_V2.Tests.FinancialPostingCallerIntegrationTests.DeleteOrderGraphAsync(Int32 orderId, String orderNumber) in D:\YASIN\Backend\LUMAR_ERP_API_V2.Tests\FinancialPostingCallerIntegrationTests.cs:line 275&#xD;
   at LUMAR_ERP_API_V2.Tests.FinancialPostingCallerIntegrationTests.CustomerPayment_Succeeds_AndDeduplicatesByPaymentIdentity() in D:\YASIN\Backend\LUMAR_ERP_API_V2.Tests\FinancialPostingCallerIntegrationTests.cs:line 105&#xD;
--- End of stack trace from previous location ---</StackTrace>
        </ErrorInfo>
      </Output>
    </UnitTestResult>
    <UnitTestResult executionId="a9181aa8-ea78-44f8-8a57-a55abfa7dee3" testId="f3bb10f7-79cc-6919-2d80-c6c4ca549c22" testName="LUMAR_ERP_API_V2.Tests.LoyaltyManagementSettingsTests.Service_Can_Manage_Vip_Levels_And_Loyalty_Rules" computerName="YASIN-YASIN" duration="00:00:00.0142005" startTime="2026-09-26T03:43:01.3213602+03:00" endTime="2026-09-26T03:43:01.3355981+03:00" testType="13cdc9d9-ddb5-4fa4-a97d-d965ccfc6d4b" outcome="Passed" testListId="8c84fa94-04c1-424b-9868-57a2d4851a1d" relativeResultsDirectory="a9181aa8-ea78-44f8-8a57-a55abfa7dee3" />
    <UnitTestResult executionId="af90c899-6119-4491-bda9-fe065d0f5b9e" testId="a16bfc48-6ec5-7c33-1cbb-909f1682b861" testName="LUMAR_ERP_API_V2.Tests.FactoryMonitoringEngineTests.ClassifyOrder_ReturnsStalled_WhenProgressExistsButNoRecentMovement" computerName="YASIN-YASIN" duration="00:00:00.0002326" startTime="2026-09-26T03:43:17.9632170+03:00" endTime="2026-09-26T03:43:17.9633212+03:00" testType="13cdc9d9-ddb5-4fa4-a97d-d965ccfc6d4b" outcome="Passed" testListId="8c84fa94-04c1-424b-9868-57a2d4851a1d" relativeResultsDirectory="af90c899-6119-4491-bda9-fe065d0f5b9e" />
    <UnitTestResult executionId="7f728212-d545-4b16-92a3-4d05d725216f" testId="86e3d5c8-d7bf-461d-cec3-1414af9ccd5b" testName="LUMAR_ERP_API_V2.Tests.FabricCodeAllocatorTests.ShouldReturnNextCode_AfterExistingFa0027" computerName="YASIN-YASIN" duration="00:00:00.0001722" startTime="2026-09-26T03:43:19.3434569+03:00" endTime="2026-09-26T03:43:19.3435103+03:00" testType="13cdc9d9-ddb5-4fa4-a97d-d965ccfc6d4b" outcome="Passed" testListId="8c84fa94-04c1-424b-9868-57a2d4851a1d" relativeResultsDirectory="7f728212-d545-4b16-92a3-4d05d725216f" />
    <UnitTestResult executionId="1c6374f6-833d-405c-aacf-e1ea19ba6b7e" testId="f6d4b26a-c00d-95c3-d7ab-9d89df9195df" testName="LUMAR_ERP_API_V2.Tests.PieceWageEngineTests.ShouldCreatePieceWageAfterValidTrackingEvent" computerName="YASIN-YASIN" duration="00:00:00.0012823" startTime="2026-09-26T03:42:59.0596656+03:00" endTime="2026-09-26T03:42:59.0597441+03:00" testType="13cdc9d9-ddb5-4fa4-a97d-d965ccfc6d4b" outcome="Passed" testListId="8c84fa94-04c1-424b-9868-57a2d4851a1d" relativeResultsDirectory="1c6374f6-833d-405c-aacf-e1ea19ba6b7e" />
    <UnitTestResult executionId="7c7c906c-0d59-451b-b3cd-641c13fdce31" testId="7f39ed93-c175-c618-51a5-c53d2f9d02d5" testName="LUMAR_ERP_API_V2.Tests.WipToFinishedGoodsFinancialTransactionPolicyTests.ShouldCreateTransaction_ForNewReadyMadeProductWithPositiveActualCost" computerName="YASIN-YASIN" duration="00:00:00.0011118" startTime="2026-09-26T03:43:18.0077631+03:00" endTime="2026-09-26T03:43:18.0079261+03:00" testType="13cdc9d9-ddb5-4fa4-a97d-d965ccfc6d4b" outcome="Passed" testListId="8c84fa94-04c1-424b-9868-57a2d4851a1d" relativeResultsDirectory="7c7c906c-0d59-451b-b3cd-641c13fdce31" />
    <UnitTestResult executionId="35f02c79-f52d-4f58-9437-70dc482d52cf" testId="42bb33df-4c60-a223-d5af-271c4da90d04" testName="LUMAR_ERP_API_V2.Tests.MeasurementCardPrintingIntegrationTests.PrintingLifecycle_TracksCopies_Reasons_FinancialPosting_AndOriginalTrackingCode" computerName="YASIN-YASIN" duration="00:00:00.7552070" startTime="2026-09-26T03:43:01.6907515+03:00" endTime="2026-09-26T03:43:02.4468402+03:00" testType="13cdc9d9-ddb5-4fa4-a97d-d965ccfc6d4b" outcome="Passed" testListId="8c84fa94-04c1-424b-9868-57a2d4851a1d" relativeResultsDirectory="35f02c79-f52d-4f58-9437-70dc482d52cf" />
    <UnitTestResult executionId="9c1902fe-d2ec-4224-aebd-e30db2e0cef4" testId="87412b47-2e9b-aadf-dc44-b62b90584cf3" testName="LUMAR_ERP_API_V2.Tests.ReadyMadeSalesServiceTests.CreateAsync_PreservesSelectedEmployeeCodeForRepositorySave" computerName="YASIN-YASIN" duration="00:00:00.0013408" startTime="2026-09-26T03:43:17.7313692+03:00" endTime="2026-09-26T03:43:17.7331135+03:00" testType="13cdc9d9-ddb5-4fa4-a97d-d965ccfc6d4b" outcome="Passed" testListId="8c84fa94-04c1-424b-9868-57a2d4851a1d" relativeResultsDirectory="9c1902fe-d2ec-4224-aebd-e30db2e0cef4" />
    <UnitTestResult executionId="d4f8ca67-1870-4b81-b2e4-f953ca974935" testId="878e2655-71b0-dfe0-964f-916d9315b39a" testName="LUMAR_ERP_API_V2.Tests.SalesCostRecognitionImplementationTests.FinancialTransactionJournalPoster_Should_Create_Balanced_Journal_For_ReadyMadeCost" computerName="YASIN-YASIN" duration="00:00:00.0426756" startTime="2026-09-26T03:43:17.7761492+03:00" endTime="2026-09-26T03:43:17.8206487+03:00" testType="13cdc9d9-ddb5-4fa4-a97d-d965ccfc6d4b" outcome="Failed" testListId="8c84fa94-04c1-424b-9868-57a2d4851a1d" relativeResultsDirectory="d4f8ca67-1870-4b81-b2e4-f953ca974935">
      <Output>
        <ErrorInfo>
          <Message>Microsoft.Data.SqlClient.SqlException : The INSERT statement conflicted with the CHECK constraint "CK_JournalEntries_AccountingEventFoundation". The conflict occurred in database "LUMAR_ERP_TEST", table "dbo.JournalEntries", column 'AccountingEventId'.</Message>
          <StackTrace>   at Microsoft.Data.SqlClient.SqlConnection.OnError(SqlException exception, Boolean breakConnection, Action`1 wrapCloseInAction)&#xD;
   at Microsoft.Data.SqlClient.SqlInternalConnection.OnError(SqlException exception, Boolean breakConnection, Action`1 wrapCloseInAction)&#xD;
   at Microsoft.Data.SqlClient.TdsParser.ThrowExceptionAndWarning(TdsParserStateObject stateObj, SqlCommand command, Boolean callerHasConnectionLock, Boolean asyncClose)&#xD;
   at Microsoft.Data.SqlClient.TdsParser.TryRun(RunBehavior runBehavior, SqlCommand cmdHandler, SqlDataReader dataStream, BulkCopySimpleResultSet bulkCopyHandler, TdsParserStateObject stateObj, Boolean&amp; dataReady)&#xD;
   at Microsoft.Data.SqlClient.SqlDataReader.TryHasMoreRows(Boolean&amp; moreRows)&#xD;
   at Microsoft.Data.SqlClient.SqlDataReader.TryReadInternal(Boolean setTimeout, Boolean&amp; more)&#xD;
   at Microsoft.Data.SqlClient.SqlDataReader.ReadAsyncExecute(Task task, Object state)&#xD;
   at Microsoft.Data.SqlClient.SqlDataReader.InvokeAsyncCall[T](SqlDataReaderBaseAsyncCallContext`1 context)&#xD;
--- End of stack trace from previous location ---&#xD;
   at LUMAR_ERP_API_V2.Utilities.FinancialTransactionJournalPoster.InsertJournalEntryAsync(SqlConnection connection, SqlTransaction transaction, String referenceNumber, String description, DateTime entryDate, CancellationToken cancellationToken) in D:\YASIN\Backend\LUMAR_ERP_API_V2\Utilities\FinancialTransactionJournalPoster.cs:line 237&#xD;
   at LUMAR_ERP_API_V2.Utilities.FinancialTransactionJournalPoster.InsertJournalEntryAsync(SqlConnection connection, SqlTransaction transaction, String referenceNumber, String description, DateTime entryDate, CancellationToken cancellationToken) in D:\YASIN\Backend\LUMAR_ERP_API_V2\Utilities\FinancialTransactionJournalPoster.cs:line 238&#xD;
   at LUMAR_ERP_API_V2.Utilities.FinancialTransactionJournalPoster.TryCreateJournalEntryAsync(SqlConnection connection, SqlTransaction transaction, String referenceNumber, String transactionType, Decimal amount, String description, CancellationToken cancellationToken) in D:\YASIN\Backend\LUMAR_ERP_API_V2\Utilities\FinancialTransactionJournalPoster.cs:line 123&#xD;
   at LUMAR_ERP_API_V2.Tests.SalesCostRecognitionImplementationTests.FinancialTransactionJournalPoster_Should_Create_Balanced_Journal_For_ReadyMadeCost() in D:\YASIN\Backend\LUMAR_ERP_API_V2.Tests\SalesCostRecognitionImplementationTests.cs:line 77&#xD;
   at LUMAR_ERP_API_V2.Tests.SalesCostRecognitionImplementationTests.FinancialTransactionJournalPoster_Should_Create_Balanced_Journal_For_ReadyMadeCost() in D:\YASIN\Backend\LUMAR_ERP_API_V2.Tests\SalesCostRecognitionImplementationTests.cs:line 95&#xD;
   at LUMAR_ERP_API_V2.Tests.SalesCostRecognitionImplementationTests.FinancialTransactionJournalPoster_Should_Create_Balanced_Journal_For_ReadyMadeCost() in D:\YASIN\Backend\LUMAR_ERP_API_V2.Tests\SalesCostRecognitionImplementationTests.cs:line 95&#xD;
--- End of stack trace from previous location ---</StackTrace>
        </ErrorInfo>
      </Output>
    </UnitTestResult>
    <UnitTestResult executionId="dd17219a-eb18-4b06-a639-db28996b87f7" testId="e85d87c4-78a3-d0e4-c073-e3c1294da905" testName="LUMAR_ERP_API_V2.Tests.ScannerWriteInfrastructureTests.DeactivateScanner_Uses_Inactive_State" computerName="YASIN-YASIN" duration="00:00:00.0003328" startTime="2026-09-26T03:43:01.1603043+03:00" endTime="2026-09-26T03:43:01.1605639+03:00" testType="13cdc9d9-ddb5-4fa4-a97d-d965ccfc6d4b" outcome="Passed" testListId="8c84fa94-04c1-424b-9868-57a2d4851a1d" relativeResultsDirectory="dd17219a-eb18-4b06-a639-db28996b87f7" />
    <UnitTestResult executionId="751774dc-ac89-4a67-b91c-3e23eb218ce6" testId="b0e627d9-00e6-1ef4-c2ee-3b5cad1f959a" testName="LUMAR_ERP_API_V2.Tests.FinancialPostingCallerIntegrationTests.CustomerAdvance_RollsBackOrderGraph_WhenPaymentMethodExceedsStorageLimit" computerName="YASIN-YASIN" duration="00:00:00.2080895" startTime="2026-09-26T03:43:18.4105083+03:00" endTime="2026-09-26T03:43:18.6238759+03:00" testType="13cdc9d9-ddb5-4fa4-a97d-d965ccfc6d4b" outcome="Failed" testListId="8c84fa94-04c1-424b-9868-57a2d4851a1d" relativeResultsDirectory="751774dc-ac89-4a67-b91c-3e23eb218ce6">
      <Output>
        <ErrorInfo>
          <Message>Assert.Throws() Failure: Exception type was not an exact match&#xD;
Expected: typeof(Microsoft.Data.SqlClient.SqlException)&#xD;
Actual:   typeof(System.ArgumentException)&#xD;
---- System.ArgumentException : الحساب النقدي مطلوب لتسجيل الدفعة المقدمة.</Message>
          <StackTrace>   at LUMAR_ERP_API_V2.Tests.FinancialPostingCallerIntegrationTests.CustomerAdvance_RollsBackOrderGraph_WhenPaymentMethodExceedsStorageLimit() in D:\YASIN\Backend\LUMAR_ERP_API_V2.Tests\FinancialPostingCallerIntegrationTests.cs:line 78&#xD;
   at LUMAR_ERP_API_V2.Tests.FinancialPostingCallerIntegrationTests.CustomerAdvance_RollsBackOrderGraph_WhenPaymentMethodExceedsStorageLimit() in D:\YASIN\Backend\LUMAR_ERP_API_V2.Tests\FinancialPostingCallerIntegrationTests.cs:line 85&#xD;
--- End of stack trace from previous location ---&#xD;
----- Inner Stack Trace -----&#xD;
   at LUMAR_ERP_API_V2.Repositories.OrderRepository.CreateAsync(CreateOrderDto order, CancellationToken cancellationToken) in D:\YASIN\Backend\LUMAR_ERP_API_V2\Repositories\OrderRepository.cs:line 122&#xD;
   at LUMAR_ERP_API_V2.Repositories.OrderRepository.CreateAsync(CreateOrderDto order, CancellationToken cancellationToken) in D:\YASIN\Backend\LUMAR_ERP_API_V2\Repositories\OrderRepository.cs:line 127&#xD;
   at LUMAR_ERP_API_V2.Repositories.OrderRepository.CreateAsync(CreateOrderDto order, CancellationToken cancellationToken) in D:\YASIN\Backend\LUMAR_ERP_API_V2\Repositories\OrderRepository.cs:line 142&#xD;
   at LUMAR_ERP_API_V2.Repositories.OrderRepository.CreateAsync(CreateOrderDto order, CancellationToken cancellationToken) in D:\YASIN\Backend\LUMAR_ERP_API_V2\Repositories\OrderRepository.cs:line 145&#xD;
   at LUMAR_ERP_API_V2.Repositories.OrderRepository.CreateAsync(CreateOrderDto order, CancellationToken cancellationToken) in D:\YASIN\Backend\LUMAR_ERP_API_V2\Repositories\OrderRepository.cs:line 145</StackTrace>
        </ErrorInfo>
      </Output>
    </UnitTestResult>
    <UnitTestResult executionId="204859a4-b46f-4f0e-8a6f-d26c060d1733" testId="3b0f8e5c-e770-f305-ffc2-e0538a108a9e" testName="LUMAR_ERP_API_V2.Tests.CancelledPieceReadyInventoryTransferGuardTests.ShouldAllowTransfer_WhenOrderCancelledAndAssemblyCompleteAndNotTransferred" computerName="YASIN-YASIN" duration="00:00:00.0004670" startTime="2026-09-26T03:43:19.3409734+03:00" endTime="2026-09-26T03:43:19.3410261+03:00" testType="13cdc9d9-ddb5-4fa4-a97d-d965ccfc6d4b" outcome="Passed" testListId="8c84fa94-04c1-424b-9868-57a2d4851a1d" relativeResultsDirectory="204859a4-b46f-4f0e-8a6f-d26c060d1733" />
    <UnitTestResult executionId="fb8a142b-f31f-4978-86f0-f6060f993cd5" testId="824b72c1-4633-37b4-c1f4-eb8932bca82a" testName="LUMAR_ERP_API_V2.Tests.ReferralPhaseOneTests.BuildTree_CreatesCorrectDepthForReferralChain" computerName="YASIN-YASIN" duration="00:00:00.0179406" startTime="2026-09-26T03:43:17.5354400+03:00" endTime="2026-09-26T03:43:17.5476412+03:00" testType="13cdc9d9-ddb5-4fa4-a97d-d965ccfc6d4b" outcome="Passed" testListId="8c84fa94-04c1-424b-9868-57a2d4851a1d" relativeResultsDirectory="fb8a142b-f31f-4978-86f0-f6060f993cd5" />
    <UnitTestResult executionId="620e49d9-0a27-4574-8ac1-7c4a50051a62" testId="782fb293-1b6e-47ac-334f-f0d9ce6bdb04" testName="LUMAR_ERP_API_V2.Tests.ProductionTrackingEngineTests.ShouldRejectSkippingFabricPrep" computerName="YASIN-YASIN" duration="00:00:14.8788396" startTime="2026-09-26T03:43:02.6118703+03:00" endTime="2026-09-26T03:43:17.4890001+03:00" testType="13cdc9d9-ddb5-4fa4-a97d-d965ccfc6d4b" outcome="Passed" testListId="8c84fa94-04c1-424b-9868-57a2d4851a1d" relativeResultsDirectory="620e49d9-0a27-4574-8ac1-7c4a50051a62" />
    <UnitTestResult executionId="4ccb493d-567e-4eac-ba50-365e16f81fc1" testId="31949699-f5d5-a7bb-0a5e-a316b4a5a609" testName="LUMAR_ERP_API_V2.Tests.MeasurementCardPrintingIntegrationTests.PieceSold_Donation_IsBlockedWithoutCreatingFinancialRecords" computerName="YASIN-YASIN" duration="00:00:00.0656844" startTime="2026-09-26T03:43:02.5261364+03:00" endTime="2026-09-26T03:43:02.5916721+03:00" testType="13cdc9d9-ddb5-4fa4-a97d-d965ccfc6d4b" outcome="Passed" testListId="8c84fa94-04c1-424b-9868-57a2d4851a1d" relativeResultsDirectory="4ccb493d-567e-4eac-ba50-365e16f81fc1" />
[...]
[xUnit.net 00:00:03.36]         D:\YASIN\Backend\LUMAR_ERP_API_V2.Tests\FinancialPostingRuntimeReliabilityTests.cs(69,0): at LUMAR_ERP_API_V2.Tests.FinancialPostingRuntimeReliabilityTests.InsertFinancialTransactionAsync(SqlConnection connection, SqlTransaction transaction, String reference, String transactionType, Decimal amount)&#xD;
[xUnit.net 00:00:03.36]         D:\YASIN\Backend\LUMAR_ERP_API_V2.Tests\FinancialPostingRuntimeReliabilityTests.cs(44,0): at LUMAR_ERP_API_V2.Tests.FinancialPostingRuntimeReliabilityTests.Poster_RejectsAmbiguousTransitionalReference_WithoutCreatingJournalEntry()&#xD;
[xUnit.net 00:00:03.36]         D:\YASIN\Backend\LUMAR_ERP_API_V2.Tests\FinancialPostingRuntimeReliabilityTests.cs(56,0): at LUMAR_ERP_API_V2.Tests.FinancialPostingRuntimeReliabilityTests.Poster_RejectsAmbiguousTransitionalReference_WithoutCreatingJournalEntry()&#xD;
[xUnit.net 00:00:03.36]         D:\YASIN\Backend\LUMAR_ERP_API_V2.Tests\FinancialPostingRuntimeReliabilityTests.cs(56,0): at LUMAR_ERP_API_V2.Tests.FinancialPostingRuntimeReliabilityTests.Poster_RejectsAmbiguousTransitionalReference_WithoutCreatingJournalEntry()&#xD;
[xUnit.net 00:00:03.36]         --- End of stack trace from previous location ---&#xD;
READY_MADE_PRICING_NOT_EXECUTED productTypeId=3; السبب: لا توجد مصفوفة تكلفة تشغيل رسمية مكتملة.&#xD;
[xUnit.net 00:00:19.54]       Microsoft.Data.SqlClient.SqlException : The INSERT statement conflicted with the CHECK constraint "CK_JournalEntries_AccountingEventFoundation". The conflict occurred in database "LUMAR_ERP_TEST", table "dbo.JournalEntries", column 'AccountingEventId'.&#xD;
[xUnit.net 00:00:19.54]       Stack Trace:&#xD;
[xUnit.net 00:00:19.54]            at Microsoft.Data.SqlClient.SqlConnection.OnError(SqlException exception, Boolean breakConnection, Action`1 wrapCloseInAction)&#xD;
[xUnit.net 00:00:19.54]            at Microsoft.Data.SqlClient.SqlInternalConnection.OnError(SqlException exception, Boolean breakConnection, Action`1 wrapCloseInAction)&#xD;
[xUnit.net 00:00:19.54]            at Microsoft.Data.SqlClient.TdsParser.ThrowExceptionAndWarning(TdsParserStateObject stateObj, SqlCommand command, Boolean callerHasConnectionLock, Boolean asyncClose)&#xD;
[xUnit.net 00:00:19.54]            at Microsoft.Data.SqlClient.TdsParser.TryRun(RunBehavior runBehavior, SqlCommand cmdHandler, SqlDataReader dataStream, BulkCopySimpleResultSet bulkCopyHandler, TdsParserStateObject stateObj, Boolean&amp; dataReady)&#xD;
[xUnit.net 00:00:19.54]            at Microsoft.Data.SqlClient.SqlDataReader.TryHasMoreRows(Boolean&amp; moreRows)&#xD;
[xUnit.net 00:00:19.54]            at Microsoft.Data.SqlClient.SqlDataReader.TryReadInternal(Boolean setTimeout, Boolean&amp; more)&#xD;
[xUnit.net 00:00:19.54]            at Microsoft.Data.SqlClient.SqlDataReader.ReadAsyncExecute(Task task, Object state)&#xD;
[xUnit.net 00:00:19.54]            at Microsoft.Data.SqlClient.SqlDataReader.InvokeAsyncCall[T](SqlDataReaderBaseAsyncCallContext`1 context)&#xD;
[xUnit.net 00:00:19.54]         --- End of stack trace from previous location ---&#xD;
[xUnit.net 00:00:19.54]         D:\YASIN\Backend\LUMAR_ERP_API_V2\Utilities\FinancialTransactionJournalPoster.cs(237,0): at LUMAR_ERP_API_V2.Utilities.FinancialTransactionJournalPoster.InsertJournalEntryAsync(SqlConnection connection, SqlTransaction transaction, String referenceNumber, String description, DateTime entryDate, CancellationToken cancellationToken)&#xD;
[xUnit.net 00:00:19.54]         D:\YASIN\Backend\LUMAR_ERP_API_V2\Utilities\FinancialTransactionJournalPoster.cs(238,0): at LUMAR_ERP_API_V2.Utilities.FinancialTransactionJournalPoster.InsertJournalEntryAsync(SqlConnection connection, SqlTransaction transaction, String referenceNumber, String description, DateTime entryDate, CancellationToken cancellationToken)&#xD;
[xUnit.net 00:00:19.54]         D:\YASIN\Backend\LUMAR_ERP_API_V2\Utilities\FinancialTransactionJournalPoster.cs(123,0): at LUMAR_ERP_API_V2.Utilities.FinancialTransactionJournalPoster.TryCreateJournalEntryAsync(SqlConnection connection, SqlTransaction transaction, String referenceNumber, String transactionType, Decimal amount, String description, CancellationToken cancellationToken)&#xD;
[xUnit.net 00:00:19.54]         D:\YASIN\Backend\LUMAR_ERP_API_V2.Tests\SalesCostRecognitionImplementationTests.cs(77,0): at LUMAR_ERP_API_V2.Tests.SalesCostRecognitionImplementationTests.FinancialTransactionJournalPoster_Should_Create_Balanced_Journal_For_ReadyMadeCost()&#xD;
[xUnit.net 00:00:19.54]         D:\YASIN\Backend\LUMAR_ERP_API_V2.Tests\SalesCostRecognitionImplementationTests.cs(95,0): at LUMAR_ERP_API_V2.Tests.SalesCostRecognitionImplementationTests.FinancialTransactionJournalPoster_Should_Create_Balanced_Journal_For_ReadyMadeCost()&#xD;
[xUnit.net 00:00:19.54]         D:\YASIN\Backend\LUMAR_ERP_API_V2.Tests\SalesCostRecognitionImplementationTests.cs(95,0): at LUMAR_ERP_API_V2.Tests.SalesCostRecognitionImplementationTests.FinancialTransactionJournalPoster_Should_Create_Balanced_Journal_For_ReadyMadeCost()&#xD;
[xUnit.net 00:00:19.54]         --- End of stack trace from previous location ---&#xD;
[xUnit.net 00:00:19.59]       System.InvalidOperationException : هذه العملية غير متاحة حتى اعتماد عقد تكلفة التوصيل المحاسبي.&#xD;
[xUnit.net 00:00:19.59]       Stack Trace:&#xD;
[xUnit.net 00:00:19.59]         D:\YASIN\Backend\LUMAR_ERP_API_V2\Repositories\OrderRepository.cs(558,0): at LUMAR_ERP_API_V2.Repositories.OrderRepository.RecognizeDeliveryRevenueAsync(Int32 orderId, CancellationToken cancellationToken)&#xD;
[xUnit.net 00:00:19.59]         D:\YASIN\Backend\LUMAR_ERP_API_V2\Repositories\OrderRepository.cs(589,0): at LUMAR_ERP_API_V2.Repositories.OrderRepository.RecognizeDeliveryRevenueAsync(Int32 orderId, CancellationToken cancellationToken)&#xD;
[xUnit.net 00:00:19.59]         D:\YASIN\Backend\LUMAR_ERP_API_V2\Repositories\OrderRepository.cs(589,0): at LUMAR_ERP_API_V2.Repositories.OrderRepository.RecognizeDeliveryRevenueAsync(Int32 orderId, CancellationToken cancellationToken)&#xD;
[xUnit.net 00:00:19.59]         D:\YASIN\Backend\LUMAR_ERP_API_V2\Repositories\OrderRepository.cs(604,0): at LUMAR_ERP_API_V2.Repositories.OrderRepository.RecognizeDeliveryRevenueAsync(Int32 orderId, CancellationToken cancellationToken)&#xD;
[xUnit.net 00:00:19.59]         D:\YASIN\Backend\LUMAR_ERP_API_V2\Repositories\OrderRepository.cs(605,0): at LUMAR_ERP_API_V2.Repositories.OrderRepository.RecognizeDeliveryRevenueAsync(Int32 orderId, CancellationToken cancellationToken)&#xD;
[xUnit.net 00:00:19.59]         D:\YASIN\Backend\LUMAR_ERP_API_V2\Repositories\OrderRepository.cs(605,0): at LUMAR_ERP_API_V2.Repositories.OrderRepository.RecognizeDeliveryRevenueAsync(Int32 orderId, CancellationToken cancellationToken)&#xD;
[xUnit.net 00:00:19.59]         D:\YASIN\Backend\LUMAR_ERP_API_V2.Tests\SalesCostRecognitionImplementationTests.cs(24,0): at LUMAR_ERP_API_V2.Tests.SalesCostRecognitionImplementationTests.RecognizeDeliveryRevenueAsync_Should_Create_DeliveryCost_For_Delivered_Order()&#xD;
[xUnit.net 00:00:19.59]         --- End of stack trace from previous location ---&#xD;
[xUnit.net 00:00:19.63]       System.InvalidOperationException : هذه العملية غير متاحة حتى اكتمال عقد الربط المحاسبي.&#xD;
[xUnit.net 00:00:19.63]       Stack Trace:&#xD;
[xUnit.net 00:00:19.63]         D:\YASIN\Backend\LUMAR_ERP_API_V2.Tests\SalesCostRecognitionImplementationTests.cs(45,0): at LUMAR_ERP_API_V2.Tests.SalesCostRecognitionImplementationTests.RecordReadyMadeSaleCostAsync_Should_Create_ReadyMadeCost_For_Sold_Product_Only_Once()&#xD;
[xUnit.net 00:00:19.63]         --- End of stack trace from previous location ---&#xD;
[xUnit.net 00:00:19.88]       System.InvalidOperationException : هذه العملية غير متاحة حتى اعتماد عقدها المحاسبي.&#xD;
[xUnit.net 00:00:19.88]       Stack Trace:&#xD;
[xUnit.net 00:00:19.88]         D:\YASIN\Backend\LUMAR_ERP_API_V2\Repositories\OrderRepository.cs(358,0): at LUMAR_ERP_API_V2.Repositories.OrderRepository.SettleCustomerBalanceCoreAsync(Int32 orderId, Decimal amount, Decimal settlementDiscount, String paymentMethod, Nullable`1 cashAccountId, String referenceNumber, String notes, Boolean requireDelivered, CancellationToken cancellationToken)&#xD;
[xUnit.net 00:00:19.88]         D:\YASIN\Backend\LUMAR_ERP_API_V2.Tests\CustomerPaymentCollectionTests.cs(93,0): at LUMAR_ERP_API_V2.Tests.CustomerPaymentCollectionTests.SettleCustomerBalanceAsync_Should_Handle_Full_Partial_Discount_And_Donation()&#xD;
[xUnit.net 00:00:19.88]         --- End of stack trace from previous location ---&#xD;
[xUnit.net 00:00:20.34]       Assert.Throws() Failure: Exception type was not an exact match&#xD;
[xUnit.net 00:00:20.34]       Expected: typeof(Microsoft.Data.SqlClient.SqlException)&#xD;
[xUnit.net 00:00:20.34]       Actual:   typeof(System.ArgumentException)&#xD;
[xUnit.net 00:00:20.34]       ---- System.ArgumentException : الحساب النقدي مطلوب لتسجيل الدفعة المقدمة.&#xD;
[xUnit.net 00:00:20.34]       Stack Trace:&#xD;
[xUnit.net 00:00:20.34]         D:\YASIN\Backend\LUMAR_ERP_API_V2.Tests\FinancialPostingCallerIntegrationTests.cs(78,0): at LUMAR_ERP_API_V2.Tests.FinancialPostingCallerIntegrationTests.CustomerAdvance_RollsBackOrderGraph_WhenPaymentMethodExceedsStorageLimit()&#xD;
[xUnit.net 00:00:20.34]         D:\YASIN\Backend\LUMAR_ERP_API_V2.Tests\FinancialPostingCallerIntegrationTests.cs(85,0): at LUMAR_ERP_API_V2.Tests.FinancialPostingCallerIntegrationTests.CustomerAdvance_RollsBackOrderGraph_WhenPaymentMethodExceedsStorageLimit()&#xD;
[xUnit.net 00:00:20.34]         --- End of stack trace from previous location ---&#xD;
[xUnit.net 00:00:20.34]         ----- Inner Stack Trace -----&#xD;
[xUnit.net 00:00:20.34]         D:\YASIN\Backend\LUMAR_ERP_API_V2\Repositories\OrderRepository.cs(122,0): at LUMAR_ERP_API_V2.Repositories.OrderRepository.CreateAsync(CreateOrderDto order, CancellationToken cancellationToken)&#xD;
[xUnit.net 00:00:20.34]         D:\YASIN\Backend\LUMAR_ERP_API_V2\Repositories\OrderRepository.cs(127,0): at LUMAR_ERP_API_V2.Repositories.OrderRepository.CreateAsync(CreateOrderDto order, CancellationToken cancellationToken)&#xD;
[xUnit.net 00:00:20.34]         D:\YASIN\Backend\LUMAR_ERP_API_V2\Repositories\OrderRepository.cs(142,0): at LUMAR_ERP_API_V2.Repositories.OrderRepository.CreateAsync(CreateOrderDto order, CancellationToken cancellationToken)&#xD;
[xUnit.net 00:00:20.34]         D:\YASIN\Backend\LUMAR_ERP_API_V2\Repositories\OrderRepository.cs(145,0): at LUMAR_ERP_API_V2.Repositories.OrderRepository.CreateAsync(CreateOrderDto order, CancellationToken cancellationToken)&#xD;
[xUnit.net 00:00:20.34]         D:\YASIN\Backend\LUMAR_ERP_API_V2\Repositories\OrderRepository.cs(145,0): at LUMAR_ERP_API_V2.Repositories.OrderRepository.CreateAsync(CreateOrderDto order, CancellationToken cancellationToken)&#xD;
[xUnit.net 00:00:20.89]       System.ArgumentException : الحساب النقدي مطلوب لتسجيل الدفعة المقدمة.&#xD;
[xUnit.net 00:00:20.89]       Stack Trace:&#xD;
[xUnit.net 00:00:20.89]         D:\YASIN\Backend\LUMAR_ERP_API_V2\Repositories\OrderRepository.cs(122,0): at LUMAR_ERP_API_V2.Repositories.OrderRepository.CreateAsync(CreateOrderDto order, CancellationToken cancellationToken)&#xD;
[xUnit.net 00:00:20.89]         D:\YASIN\Backend\LUMAR_ERP_API_V2\Repositories\OrderRepository.cs(127,0): at LUMAR_ERP_API_V2.Repositories.OrderRepository.CreateAsync(CreateOrderDto order, CancellationToken cancellationToken)&#xD;
[xUnit.net 00:00:20.89]         D:\YASIN\Backend\LUMAR_ERP_API_V2\Repositories\OrderRepository.cs(142,0): at LUMAR_ERP_API_V2.Repositories.OrderRepository.CreateAsync(CreateOrderDto order, CancellationToken cancellationToken)&#xD;
[xUnit.net 00:00:20.89]         D:\YASIN\Backend\LUMAR_ERP_API_V2\Repositories\OrderRepository.cs(145,0): at LUMAR_ERP_API_V2.Repositories.OrderRepository.CreateAsync(CreateOrderDto order, CancellationToken cancellationToken)&#xD;
[xUnit.net 00:00:20.89]         D:\YASIN\Backend\LUMAR_ERP_API_V2\Repositories\OrderRepository.cs(145,0): at LUMAR_ERP_API_V2.Repositories.OrderRepository.CreateAsync(CreateOrderDto order, CancellationToken cancellationToken)&#xD;
[xUnit.net 00:00:20.89]         D:\YASIN\Backend\LUMAR_ERP_API_V2.Tests\FinancialPostingCallerIntegrationTests.cs(38,0): at LUMAR_ERP_API_V2.Tests.FinancialPostingCallerIntegrationTests.CustomerAdvance_CreatesOneBalancedPosting_AndReplayedRequestDoesNotDuplicate()&#xD;
[xUnit.net 00:00:20.89]         D:\YASIN\Backend\LUMAR_ERP_API_V2.Tests\FinancialPostingCallerIntegrationTests.cs(52,0): at LUMAR_ERP_API_V2.Tests.FinancialPostingCallerIntegrationTests.CustomerAdvance_CreatesOneBalancedPosting_AndReplayedRequestDoesNotDuplicate()&#xD;
[xUnit.net 00:00:20.89]         --- End of stack trace from previous location ---&#xD;
[xUnit.net 00:00:20.96]       Microsoft.Data.SqlClient.SqlException : The DELETE statement conflicted with the REFERENCE constraint "FK_CashMovements_AccountingEvents_AccountingEventId". The conflict occurred in database "LUMAR_ERP_TEST", table "dbo.CashMovements", column 'AccountingEventId'.&#xD;
[xUnit.net 00:00:20.96]       The DELETE statement conflicted with the REFERENCE constraint "FK_AccountingEvents_Payments_PaymentId". The conflict occurred in database "LUMAR_ERP_TEST", table "dbo.AccountingEvents", column 'PaymentId'.&#xD;
[xUnit.net 00:00:20.96]       The DELETE statement conflicted with the REFERENCE constraint "FK_Payments_Orders_OrderID". The conflict occurred in database "LUMAR_ERP_TEST", table "dbo.Payments", column 'OrderID'.&#xD;
[xUnit.net 00:00:20.96]       The statement has been terminated.&#xD;
[xUnit.net 00:00:20.96]       The statement has been terminated.&#xD;
[xUnit.net 00:00:20.96]       The statement has been terminated.&#xD;
[xUnit.net 00:00:20.96]       Stack Trace:&#xD;
[xUnit.net 00:00:20.96]            at Microsoft.Data.SqlClient.SqlConnection.OnError(SqlException exception, Boolean breakConnection, Action`1 wrapCloseInAction)&#xD;
[xUnit.net 00:00:20.96]            at Microsoft.Data.SqlClient.SqlInternalConnection.OnError(SqlException exception, Boolean breakConnection, Action`1 wrapCloseInAction)&#xD;
[xUnit.net 00:00:20.96]            at Microsoft.Data.SqlClient.TdsParser.ThrowExceptionAndWarning(TdsParserStateObject stateObj, SqlCommand command, Boolean callerHasConnectionLock, Boolean asyncClose)&#xD;
[xUnit.net 00:00:20.96]            at Microsoft.Data.SqlClient.TdsParser.TryRun(RunBehavior runBehavior, SqlCommand cmdHandler, SqlDataReader dataStream, BulkCopySimpleResultSet bulkCopyHandler, TdsParserStateObject stateObj, Boolean&amp; dataReady)&#xD;
[xUnit.net 00:00:20.96]            at Microsoft.Data.SqlClient.SqlCommand.FinishExecuteReader(SqlDataReader ds, RunBehavior runBehavior, String resetOptionsString, Boolean isInternal, Boolean forDescribeParameterEncryption, Boolean shouldCacheForAlwaysEncrypted)&#xD;
[xUnit.net 00:00:20.96]            at Microsoft.Data.SqlClient.SqlCommand.CompleteAsyncExecuteReader(Boolean isInternal, Boolean forDescribeParameterEncryption)&#xD;
[xUnit.net 00:00:20.96]            at Microsoft.Data.SqlClient.SqlCommand.InternalEndExecuteNonQuery(IAsyncResult asyncResult, Boolean isInternal, String endMethod)&#xD;
[xUnit.net 00:00:20.96]            at Microsoft.Data.SqlClient.SqlCommand.EndExecuteNonQueryInternal(IAsyncResult asyncResult)&#xD;
[xUnit.net 00:00:20.96]            at Microsoft.Data.SqlClient.SqlCommand.EndExecuteNonQueryAsync(IAsyncResult asyncResult)&#xD;
[xUnit.net 00:00:20.96]            at Microsoft.Data.SqlClient.SqlCommand.&lt;&gt;c.&lt;InternalExecuteNonQueryAsync&gt;b__193_1(IAsyncResult asyncResult)&#xD;
[xUnit.net 00:00:20.96]            at System.Threading.Tasks.TaskFactory`1.FromAsyncCoreLogic(IAsyncResult iar, Func`2 endFunction, Action`1 endAction, Task`1 promise, Boolean requiresSynchronization)&#xD;
[xUnit.net 00:00:20.96]         --- End of stack trace from previous location ---&#xD;
[xUnit.net 00:00:20.96]         D:\YASIN\Backend\LUMAR_ERP_API_V2.Tests\FinancialPostingCallerIntegrationTests.cs(275,0): at LUMAR_ERP_API_V2.Tests.FinancialPostingCallerIntegrationTests.DeleteOrderGraphAsync(Int32 orderId, String orderNumber)&#xD;
[xUnit.net 00:00:20.96]         D:\YASIN\Backend\LUMAR_ERP_API_V2.Tests\FinancialPostingCallerIntegrationTests.cs(275,0): at LUMAR_ERP_API_V2.Tests.FinancialPostingCallerIntegrationTests.DeleteOrderGraphAsync(Int32 orderId, String orderNumber)&#xD;
[xUnit.net 00:00:20.96]         D:\YASIN\Backend\LUMAR_ERP_API_V2.Tests\FinancialPostingCallerIntegrationTests.cs(275,0): at LUMAR_ERP_API_V2.Tests.FinancialPostingCallerIntegrationTests.DeleteOrderGraphAsync(Int32 orderId, String orderNumber)&#xD;
[xUnit.net 00:00:20.96]         D:\YASIN\Backend\LUMAR_ERP_API_V2.Tests\FinancialPostingCallerIntegrationTests.cs(105,0): at LUMAR_ERP_API_V2.Tests.FinancialPostingCallerIntegrationTests.CustomerPayment_Succeeds_AndDeduplicatesByPaymentIdentity()&#xD;
[xUnit.net 00:00:20.96]         --- End of stack trace from previous location ---&#xD;
[xUnit.net 00:00:21.07]   Finished:    LUMAR_ERP_API_V2.Tests&#xD;
</StdOut>
    </Output>
    <RunInfos>
      <RunInfo computerName="YASIN-YASIN" outcome="Error" timestamp="2026-09-26T03:43:01.6203452+03:00">
        <Text>[xUnit.net 00:00:03.34]     LUMAR_ERP_API_V2.Tests.ReadyMadeSalesRepeatedSaleTests.CreateAsync_CompletesTwoSequentialSalesWithRealTrackingReferences [FAIL]</Text>
      </RunInfo>
      <RunInfo computerName="YASIN-YASIN" outcome="Error" timestamp="2026-09-26T03:43:01.6321569+03:00">
        <Text>[xUnit.net 00:00:03.35]     LUMAR_ERP_API_V2.Tests.FinancialPostingRuntimeReliabilityTests.Poster_RejectsAmbiguousTransitionalReference_WithoutCreatingJournalEntry [FAIL]</Text>
      </RunInfo>
      <RunInfo computerName="YASIN-YASIN" outcome="Error" timestamp="2026-09-26T03:43:17.8212956+03:00">
        <Text>[xUnit.net 00:00:19.54]     LUMAR_ERP_API_V2.Tests.SalesCostRecognitionImplementationTests.FinancialTransactionJournalPoster_Should_Create_Balanced_Journal_For_ReadyMadeCost [FAIL]</Text>
      </RunInfo>
      <RunInfo computerName="YASIN-YASIN" outcome="Error" timestamp="2026-09-26T03:43:17.8717163+03:00">
        <Text>[xUnit.net 00:00:19.59]     LUMAR_ERP_API_V2.Tests.SalesCostRecognitionImplementationTests.RecognizeDeliveryRevenueAsync_Should_Create_DeliveryCost_For_Delivered_Order [FAIL]</Text>
      </RunInfo>
      <RunInfo computerName="YASIN-YASIN" outcome="Error" timestamp="2026-09-26T03:43:17.9107342+03:00">
        <Text>[xUnit.net 00:00:19.63]     LUMAR_ERP_API_V2.Tests.SalesCostRecognitionImplementationTests.RecordReadyMadeSaleCostAsync_Should_Create_ReadyMadeCost_For_Sold_Product_Only_Once [FAIL]</Text>
      </RunInfo>
      <RunInfo computerName="YASIN-YASIN" outcome="Error" timestamp="2026-09-26T03:43:18.1645406+03:00">
        <Text>[xUnit.net 00:00:19.88]     LUMAR_ERP_API_V2.Tests.CustomerPaymentCollectionTests.SettleCustomerBalanceAsync_Should_Handle_Full_Partial_Discount_And_Donation [FAIL]</Text>
      </RunInfo>
      <RunInfo computerName="YASIN-YASIN" outcome="Error" timestamp="2026-09-26T03:43:18.6246336+03:00">
        <Text>[xUnit.net 00:00:20.34]     LUMAR_ERP_API_V2.Tests.FinancialPostingCallerIntegrationTests.CustomerAdvance_RollsBackOrderGraph_WhenPaymentMethodExceedsStorageLimit [FAIL]</Text>
      </RunInfo>
      <RunInfo computerName="YASIN-YASIN" outcome="Error" timestamp="2026-09-26T03:43:19.1677736+03:00">
        <Text>[xUnit.net 00:00:20.88]     LUMAR_ERP_API_V2.Tests.FinancialPostingCallerIntegrationTests.CustomerAdvance_CreatesOneBalancedPosting_AndReplayedRequestDoesNotDuplicate [FAIL]</Text>
      </RunInfo>
      <RunInfo computerName="YASIN-YASIN" outcome="Error" timestamp="2026-09-26T03:43:19.2405671+03:00">
        <Text>[xUnit.net 00:00:20.96]     LUMAR_ERP_API_V2.Tests.FinancialPostingCallerIntegrationTests.CustomerPayment_Succeeds_AndDeduplicatesByPaymentIdentity [FAIL]</Text>
      </RunInfo>
    </RunInfos>
  </ResultSummary>
</TestRun>