<?xml version="1.0" encoding="utf-8"?>
<TestRun id="baab7efc-798e-4356-af61-fca4c0b82bad" name="LENOVO@YASIN-YASIN 2026-09-26 15:11:03" runUser="YASIN-YASIN\LENOVO" xmlns="http://microsoft.com/schemas/VisualStudio/TeamTest/2010">
  <Times creation="2026-09-26T15:11:03.2040651+03:00" queuing="2026-09-26T15:11:03.2040656+03:00" start="2026-09-26T15:11:01.5520253+03:00" finish="2026-09-26T15:11:21.1709849+03:00" />
  <TestSettings name="default" id="a50391e5-e29e-4d5b-9881-ec034d4a52b3">
    <Deployment runDeploymentRoot="LENOVO_YASIN-YASIN_2026-09-26_15_11_03" />
  </TestSettings>
  <Results>
    <UnitTestResult executionId="573ca699-694f-49fa-82c7-0f1b585d5bdd" testId="1df91897-c503-dde4-c921-bed3f4810865" testName="LUMAR_ERP_API_V2.Tests.OrderTransactionLifecycleTests.ShouldNotAttemptRollbackAfterSuccessfulCommit" computerName="YASIN-YASIN" duration="00:00:00.0002857" startTime="2026-09-26T15:11:04.5772622+03:00" endTime="2026-09-26T15:11:04.5773235+03:00" testType="13cdc9d9-ddb5-4fa4-a97d-d965ccfc6d4b" outcome="Passed" testListId="8c84fa94-04c1-424b-9868-57a2d4851a1d" relativeResultsDirectory="573ca699-694f-49fa-82c7-0f1b585d5bdd" />
    <UnitTestResult executionId="db077487-18c7-4be7-886d-0d351bd29c9a" testId="91b409f9-6282-f550-e451-913ef9c2fce4" testName="LUMAR_ERP_API_V2.Tests.ProductionTrackingEngineTests.ShouldHonorCustomRouteByRemovingButtonsFromShirt" computerName="YASIN-YASIN" duration="00:00:00.0115243" startTime="2026-09-26T15:11:19.4182650+03:00" endTime="2026-09-26T15:11:19.4224595+03:00" testType="13cdc9d9-ddb5-4fa4-a97d-d965ccfc6d4b" outcome="Passed" testListId="8c84fa94-04c1-424b-9868-57a2d4851a1d" relativeResultsDirectory="db077487-18c7-4be7-886d-0d351bd29c9a" />
    <UnitTestResult executionId="39530d30-7121-49c3-a339-11430a6575ac" testId="e93bb455-5e0a-5d1c-7d01-6069080cbc75" testName="LUMAR_ERP_API_V2.Tests.ConsumptionRulesIntegrityValidatorTests.ShouldAcceptCompleteCoveringSet" computerName="YASIN-YASIN" duration="00:00:00.0005848" startTime="2026-09-26T15:11:03.5738204+03:00" endTime="2026-09-26T15:11:03.5741895+03:00" testType="13cdc9d9-ddb5-4fa4-a97d-d965ccfc6d4b" outcome="Passed" testListId="8c84fa94-04c1-424b-9868-57a2d4851a1d" relativeResultsDirectory="39530d30-7121-49c3-a339-11430a6575ac" />
    <UnitTestResult executionId="bfcc71f3-c118-42d8-b730-c4a8e90c6927" testId="2e17d53e-5584-c5f8-e518-771b39d2b2e9" testName="LUMAR_ERP_API_V2.Tests.ReadyMadeSalesServiceTests.CreateAsync_ProcessesLoyaltyAfterRepositoryCompletes" computerName="YASIN-YASIN" duration="00:00:00.0014328" startTime="2026-09-26T15:11:03.1544399+03:00" endTime="2026-09-26T15:11:03.1545315+03:00" testType="13cdc9d9-ddb5-4fa4-a97d-d965ccfc6d4b" outcome="Passed" testListId="8c84fa94-04c1-424b-9868-57a2d4851a1d" relativeResultsDirectory="bfcc71f3-c118-42d8-b730-c4a8e90c6927" />
    <UnitTestResult executionId="c089db3c-1cb1-4aa6-b753-9637d8371dcd" testId="3e7be751-0abc-61c3-74ec-57624641f49b" testName="LUMAR_ERP_API_V2.Tests.PiecePointsPhaseThreeTests.ReenabledProgram_GrantsConfiguredPointsAgain" computerName="YASIN-YASIN" duration="00:00:00.0004636" startTime="2026-09-26T15:11:03.9193740+03:00" endTime="2026-09-26T15:11:03.9197310+03:00" testType="13cdc9d9-ddb5-4fa4-a97d-d965ccfc6d4b" outcome="Passed" testListId="8c84fa94-04c1-424b-9868-57a2d4851a1d" relativeResultsDirectory="c089db3c-1cb1-4aa6-b753-9637d8371dcd" />
    <UnitTestResult executionId="4abd071e-228e-42d9-8af4-bcda550dcb39" testId="ed471519-2235-5995-78be-f3dfa195349a" testName="LUMAR_ERP_API_V2.Tests.CancelledPieceReadyInventoryTransferGuardTests.ShouldRejectTransfer_WhenAnyGuardFails(orderCancelled: True, pieceStartedProduction: True, hasAssemblyStage: False, pieceStatus: &quot;Ready&quot;, finalStage: &quot;Assembly&quot;, alreadyTransferred: False)" computerName="YASIN-YASIN" duration="00:00:00.0000100" startTime="2026-09-26T15:11:03.1494030+03:00" endTime="2026-09-26T15:11:03.1495421+03:00" testType="13cdc9d9-ddb5-4fa4-a97d-d965ccfc6d4b" outcome="Passed" testListId="8c84fa94-04c1-424b-9868-57a2d4851a1d" relativeResultsDirectory="4abd071e-228e-42d9-8af4-bcda550dcb39" />
    <UnitTestResult executionId="8444d742-c21b-48c1-bc22-d3b6cd83c926" testId="38610288-81c6-c5e9-8bbe-d7d44cf791a5" testName="LUMAR_ERP_API_V2.Tests.LoyaltyRedemptionServiceTests.Preview_EnforcesConfiguredRedemptionLimits(allowRedemption: False, requestedPoints: 100, minimumPoints: 0, maximumPoints: 0, expectedValid: False, expectedMessage: &quot;disabled&quot;)" computerName="YASIN-YASIN" duration="00:00:00.0007942" startTime="2026-09-26T15:11:19.4510370+03:00" endTime="2026-09-26T15:11:19.4515251+03:00" testType="13cdc9d9-ddb5-4fa4-a97d-d965ccfc6d4b" outcome="Passed" testListId="8c84fa94-04c1-424b-9868-57a2d4851a1d" relativeResultsDirectory="8444d742-c21b-48c1-bc22-d3b6cd83c926" />
    <UnitTestResult executionId="fc926e90-765b-4efd-ba19-292decf81305" testId="beebd63b-4b58-c935-3cd7-7981049246b7" testName="LUMAR_ERP_API_V2.Tests.ConsumptionRulesIntegrityValidatorTests.ShouldRejectAnEmptyRange" computerName="YASIN-YASIN" duration="00:00:00.0004588" startTime="2026-09-26T15:11:03.5878979+03:00" endTime="2026-09-26T15:11:03.5883337+03:00" testType="13cdc9d9-ddb5-4fa4-a97d-d965ccfc6d4b" outcome="Passed" testListId="8c84fa94-04c1-424b-9868-57a2d4851a1d" relativeResultsDirectory="fc926e90-765b-4efd-ba19-292decf81305" />
    <UnitTestResult executionId="b87a82c4-9a46-424f-9ef1-a02ee2ed3262" testId="d972965d-2734-9445-7767-9965926caabb" testName="LUMAR_ERP_API_V2.Tests.AccountingEventFoundationIntegrationTests.CallerRollback_RemovesOperationalSourceAndEveryAccountingArtifact" computerName="YASIN-YASIN" duration="00:00:00.0336023" startTime="2026-09-26T15:11:04.1075736+03:00" endTime="2026-09-26T15:11:04.1414179+03:00" testType="13cdc9d9-ddb5-4fa4-a97d-d965ccfc6d4b" outcome="Passed" testListId="8c84fa94-04c1-424b-9868-57a2d4851a1d" relativeResultsDirectory="b87a82c4-9a46-424f-9ef1-a02ee2ed3262" />
    <UnitTestResult executionId="04d41132-a47e-4a35-aa92-d806763c1a56" testId="ff8287f5-f5bf-5aa7-2184-ab9a901efc63" testName="LUMAR_ERP_API_V2.Tests.MeasurementCardPrintPolicyTests.CompletedCopies_IncrementFromBackendState" computerName="YASIN-YASIN" duration="00:00:00.0001989" startTime="2026-09-26T15:11:03.1534464+03:00" endTime="2026-09-26T15:11:03.1535294+03:00" testType="13cdc9d9-ddb5-4fa4-a97d-d965ccfc6d4b" outcome="Passed" testListId="8c84fa94-04c1-424b-9868-57a2d4851a1d" relativeResultsDirectory="04d41132-a47e-4a35-aa92-d806763c1a56" />
    <UnitTestResult executionId="822f5a1f-ffef-4c2f-a2b2-62e19f0c0f0e" testId="e390aa24-e5f2-f138-3685-9a55381acfe3" testName="LUMAR_ERP_API_V2.Tests.ScannerWriteInfrastructureTests.UpdateScanner_Valid_Request_Passes_Validation" computerName="YASIN-YASIN" duration="00:00:00.0013942" startTime="2026-09-26T15:11:04.1446999+03:00" endTime="2026-09-26T15:11:04.1458808+03:00" testType="13cdc9d9-ddb5-4fa4-a97d-d965ccfc6d4b" outcome="Passed" testListId="8c84fa94-04c1-424b-9868-57a2d4851a1d" relativeResultsDirectory="822f5a1f-ffef-4c2f-a2b2-62e19f0c0f0e" />
    <UnitTestResult executionId="556c61cf-d5bc-475f-aa02-fb73286e5c1f" testId="027f457d-8c9c-b5d8-74a2-b0c09083ecfe" testName="LUMAR_ERP_API_V2.Tests.PricingEngineCalculatorTests.Rejects_negative_percentages" computerName="YASIN-YASIN" duration="00:00:00.0003705" startTime="2026-09-26T15:11:03.5103383+03:00" endTime="2026-09-26T15:11:03.5105845+03:00" testType="13cdc9d9-ddb5-4fa4-a97d-d965ccfc6d4b" outcome="Passed" testListId="8c84fa94-04c1-424b-9868-57a2d4851a1d" relativeResultsDirectory="556c61cf-d5bc-475f-aa02-fb73286e5c1f" />
    <UnitTestResult executionId="2f34629a-56cf-46b7-8951-ca747f0c7bcf" testId="16653a65-f3db-907f-6792-98cc475fc63f" testName="LUMAR_ERP_API_V2.Tests.FinancialPostingCallerIntegrationTests.RevenueRecognized_Succeeds_AndDeduplicatesByOrderIdentity" computerName="YASIN-YASIN" duration="00:00:00.0853305" startTime="2026-09-26T15:11:20.9270543+03:00" endTime="2026-09-26T15:11:21.0128370+03:00" testType="13cdc9d9-ddb5-4fa4-a97d-d965ccfc6d4b" outcome="Passed" testListId="8c84fa94-04c1-424b-9868-57a2d4851a1d" relativeResultsDirectory="2f34629a-56cf-46b7-8951-ca747f0c7bcf" />
    <UnitTestResult executionId="2f1f3ffe-37a9-45e2-9806-b945b3462782" testId="58aa1311-348f-79f3-fff9-1bae8d4c883f" testName="LUMAR_ERP_API_V2.Tests.OrderLoyaltyIntegrationServiceTests.ProcessOrderAsync_CreatesBuyerEarn_AndReferralRewards" computerName="YASIN-YASIN" duration="00:00:00.0311172" startTime="2026-09-26T15:11:19.8994065+03:00" endTime="2026-09-26T15:11:19.9299643+03:00" testType="13cdc9d9-ddb5-4fa4-a97d-d965ccfc6d4b" outcome="Passed" testListId="8c84fa94-04c1-424b-9868-57a2d4851a1d" relativeResultsDirectory="2f1f3ffe-37a9-45e2-9806-b945b3462782" />
    <UnitTestResult executionId="9175c0e7-a3b8-4f73-8376-9aeba61588aa" testId="80b1573f-6d86-99c8-c96e-108f491505ee" testName="LUMAR_ERP_API_V2.Tests.SalesCostRecognitionImplementationTests.RecognizeDeliveryRevenueAsync_ShouldRecognizeCenterPickupRevenueWithoutChangingFabricCost" computerName="YASIN-YASIN" duration="00:00:00.0684297" startTime="2026-09-26T15:11:03.0228322+03:00" endTime="2026-09-26T15:11:03.0916398+03:00" testType="13cdc9d9-ddb5-4fa4-a97d-d965ccfc6d4b" outcome="Passed" testListId="8c84fa94-04c1-424b-9868-57a2d4851a1d" relativeResultsDirectory="9175c0e7-a3b8-4f73-8376-9aeba61588aa" />
    <UnitTestResult executionId="ac6c6b86-cd57-4942-aecf-7102cc809a3a" testId="cf874e5c-b9d3-ac76-09f2-c392019fdc98" testName="LUMAR_ERP_API_V2.Tests.OrderLoyaltyIntegrationServiceTests.ProcessIfEligibleAsync_ProcessesNewOrder_AndRemainsIdempotent" computerName="YASIN-YASIN" duration="00:00:00.0073496" startTime="2026-09-26T15:11:19.9458019+03:00" endTime="2026-09-26T15:11:19.9530117+03:00" testType="13cdc9d9-ddb5-4fa4-a97d-d965ccfc6d4b" outcome="Passed" testListId="8c84fa94-04c1-424b-9868-57a2d4851a1d" relativeResultsDirectory="ac6c6b86-cd57-4942-aecf-7102cc809a3a" />
    <UnitTestResult executionId="ce0924f7-76af-469c-97e4-4487a8713215" testId="c5eb8097-1215-2a9d-efca-440342c268c7" testName="LUMAR_ERP_API_V2.Tests.LoyaltyRedemptionServiceTests.Reverse_Redemption_RecreatesPoints_Without_Deleting_Original" computerName="YASIN-YASIN" duration="00:00:00.0140629" startTime="2026-09-26T15:11:19.4581385+03:00" endTime="2026-09-26T15:11:19.4714892+03:00" testType="13cdc9d9-ddb5-4fa4-a97d-d965ccfc6d4b" outcome="Passed" testListId="8c84fa94-04c1-424b-9868-57a2d4851a1d" relativeResultsDirectory="ce0924f7-76af-469c-97e4-4487a8713215" />
    <UnitTestResult executionId="80225727-7ced-4211-8466-f99b12168e1c" testId="993e12b2-be1f-4653-65e8-ba9d1fd884f3" testName="LUMAR_ERP_API_V2.Tests.AccountingEventFoundationIntegrationTests.OfficialWriter_RejectsUnsupportedEventTypeAndPaymentKind" computerName="YASIN-YASIN" duration="00:00:00.0130955" startTime="2026-09-26T15:11:04.0782044+03:00" endTime="2026-09-26T15:11:04.0909727+03:00" testType="13cdc9d9-ddb5-4fa4-a97d-d965ccfc6d4b" outcome="Passed" testListId="8c84fa94-04c1-424b-9868-57a2d4851a1d" relativeResultsDirectory="80225727-7ced-4211-8466-f99b12168e1c" />
    <UnitTestResult executionId="41cb4e51-89b3-497d-b032-bd6de0654ca2" testId="0ed49283-089a-8bff-e40c-7398db6a760b" testName="LUMAR_ERP_API_V2.Tests.PayrollEngineTests.ShouldNormalizePayrollStatusValues" computerName="YASIN-YASIN" duration="00:00:00.0009071" startTime="2026-09-26T15:11:21.0160704+03:00" endTime="2026-09-26T15:11:21.0170538+03:00" testType="13cdc9d9-ddb5-4fa4-a97d-d965ccfc6d4b" outcome="Passed" testListId="8c84fa94-04c1-424b-9868-57a2d4851a1d" relativeResultsDirectory="41cb4e51-89b3-497d-b032-bd6de0654ca2" />
    <UnitTestResult executionId="ee6f6127-152e-4260-b6fa-1048aa246188" testId="782fb293-1b6e-47ac-334f-f0d9ce6bdb04" testName="LUMAR_ERP_API_V2.Tests.ProductionTrackingEngineTests.ShouldRejectSkippingFabricPrep" computerName="YASIN-YASIN" duration="00:00:14.8255761" startTime="2026-09-26T15:11:04.5828245+03:00" endTime="2026-09-26T15:11:19.4086717+03:00" testType="13cdc9d9-ddb5-4fa4-a97d-d965ccfc6d4b" outcome="Passed" testListId="8c84fa94-04c1-424b-9868-57a2d4851a1d" relativeResultsDirectory="ee6f6127-152e-4260-b6fa-1048aa246188" />
    <UnitTestResult executionId="0a3367d8-6eec-4e8c-8ee5-0c9a2cacae3b" testId="481939ab-4786-24b6-2711-6ad304add233" testName="LUMAR_ERP_API_V2.Tests.ProductionTrackingEngineTests.ShouldResolveOfficialProductTypeIdentityForArabicAndCodeValues" computerName="YASIN-YASIN" duration="00:00:00.0004981" startTime="2026-09-26T15:11:19.4170763+03:00" endTime="2026-09-26T15:11:19.4174803+03:00" testType="13cdc9d9-ddb5-4fa4-a97d-d965ccfc6d4b" outcome="Passed" testListId="8c84fa94-04c1-424b-9868-57a2d4851a1d" relativeResultsDirectory="0a3367d8-6eec-4e8c-8ee5-0c9a2cacae3b" />
    <UnitTestResult executionId="2fffdca3-8ea1-4e83-97bb-b10612c69475" testId="d72e9ce3-8cfc-6b2b-5957-352820635913" testName="LUMAR_ERP_API_V2.Tests.EmployeeWriteInfrastructureTests.ActivateEmployee_Normalizes_Status_To_Active" computerName="YASIN-YASIN" duration="00:00:00.0000543" startTime="2026-09-26T15:11:03.1427310+03:00" endTime="2026-09-26T15:11:03.1428027+03:00" testType="13cdc9d9-ddb5-4fa4-a97d-d965ccfc6d4b" outcome="Passed" testListId="8c84fa94-04c1-424b-9868-57a2d4851a1d" relativeResultsDirectory="2fffdca3-8ea1-4e83-97bb-b10612c69475" />
    <UnitTestResult executionId="2a6a14ee-1692-4278-9afb-6d675772d3ac" testId="ece52ac1-b707-210e-7bb2-1a33ac2651ea" testName="LUMAR_ERP_API_V2.Tests.DeliveryRevenueRecognitionResolverTests.ShouldOnlyRecognizeWhenDeliveredAndNotAlreadyRecognized" computerName="YASIN-YASIN" duration="00:00:00.0007089" startTime="2026-09-26T15:11:04.0157954+03:00" endTime="2026-09-26T15:11:04.0162401+03:00" testType="13cdc9d9-ddb5-4fa4-a97d-d965ccfc6d4b" outcome="Passed" testListId="8c84fa94-04c1-424b-9868-57a2d4851a1d" relativeResultsDirectory="2a6a14ee-1692-4278-9afb-6d675772d3ac" />
    <UnitTestResult executionId="bcfffedc-58ca-48eb-80bc-ac418af54eb3" testId="59d5c088-e075-f779-3787-e7ff5980f26a" testName="LUMAR_ERP_API_V2.Tests.FactoryMonitoringEngineTests.ClassifyOrder_ReturnsBlocked_WhenNoRealMovementExists" computerName="YASIN-YASIN" duration="00:00:00.0002246" startTime="2026-09-26T15:11:04.2133516+03:00" endTime="2026-09-26T15:11:04.2136109+03:00" testType="13cdc9d9-ddb5-4fa4-a97d-d965ccfc6d4b" outcome="Passed" testListId="8c84fa94-04c1-424b-9868-57a2d4851a1d" relativeResultsDirectory="bcfffedc-58ca-48eb-80bc-ac418af54eb3" />
    <UnitTestResult executionId="30875bd7-0d3e-4f3b-bb31-9683f3a9f0e1" testId="fb44897f-8f1b-2b2d-4dae-1f54702179d5" testName="LUMAR_ERP_API_V2.Tests.ConsumptionRulesIntegrityValidatorTests.ShouldAcceptDecimalSafeNonPantsCoverageExample" computerName="YASIN-YASIN" duration="00:00:00.0009738" startTime="2026-09-26T15:11:03.5875041+03:00" endTime="2026-09-26T15:11:03.5877035+03:00" testType="13cdc9d9-ddb5-4fa4-a97d-d965ccfc6d4b" outcome="Passed" testListId="8c84fa94-04c1-424b-9868-57a2d4851a1d" relativeResultsDirectory="30875bd7-0d3e-4f3b-bb31-9683f3a9f0e1" />
    <UnitTestResult executionId="00cf76fb-4a2d-4ec4-8cbb-62a77d70c201" testId="fd55137d-d8bf-b06a-fb3f-95ebbd3a400c" testName="LUMAR_ERP_API_V2.Tests.MeasurementCardPrintPolicyTests.PaymentType_OnlyUsesOfficialCashAndCreditOptions" computerName="YASIN-YASIN" duration="00:00:00.0010464" startTime="2026-09-26T15:11:03.1512532+03:00" endTime="2026-09-26T15:11:03.1513371+03:00" testType="13cdc9d9-ddb5-4fa4-a97d-d965ccfc6d4b" outcome="Passed" testListId="8c84fa94-04c1-424b-9868-57a2d4851a1d" relativeResultsDirectory="00cf76fb-4a2d-4ec4-8cbb-62a77d70c201" />
    <UnitTestResult executionId="587e62f2-3e6b-4d83-bb34-eeff9c1de468" testId="8708e9be-eecd-4bfe-e02f-fc7cb9beb3b6" testName="LUMAR_ERP_API_V2.Tests.ReadyMadeSalesServiceTests.CreateAsync_DoesNotProcessLoyaltyWhenRepositoryFails" computerName="YASIN-YASIN" duration="00:00:00.0181138" startTime="2026-09-26T15:11:03.1540196+03:00" endTime="2026-09-26T15:11:03.1540835+03:00" testType="13cdc9d9-ddb5-4fa4-a97d-d965ccfc6d4b" outcome="Passed" testListId="8c84fa94-04c1-424b-9868-57a2d4851a1d" relativeResultsDirectory="587e62f2-3e6b-4d83-bb34-eeff9c1de468" />
    <UnitTestResult executionId="aba99b68-74c8-4576-8250-1eb8c7383646" testId="5c9bbf4b-600a-9ab4-ca4d-328ec9d0fe5a" testName="LUMAR_ERP_API_V2.Tests.LoyaltyAccountLifecycleServiceTests.ReactivateManuallyAsync_RestoresActiveWithoutChangingBalance" computerName="YASIN-YASIN" duration="00:00:00.0020288" startTime="2026-09-26T15:11:03.5063632+03:00" endTime="2026-09-26T15:11:03.5082263+03:00" testType="13cdc9d9-ddb5-4fa4-a97d-d965ccfc6d4b" outcome="Passed" testListId="8c84fa94-04c1-424b-9868-57a2d4851a1d" relativeResultsDirectory="aba99b68-74c8-4576-8250-1eb8c7383646" />
    <UnitTestResult executionId="002b6a69-1e02-49cf-9453-622f5bf16c95" testId="a22e6c77-a70f-db84-6209-3ff11c02193b" testName="LUMAR_ERP_API_V2.Tests.PieceWageEngineTests.ShouldRejectOnlyMissingOrNegativeRate" computerName="YASIN-YASIN" duration="00:00:00.0055090" startTime="2026-09-26T15:11:04.1893343+03:00" endTime="2026-09-26T15:11:04.1948564+03:00" testType="13cdc9d9-ddb5-4fa4-a97d-d965ccfc6d4b" outcome="Passed" testListId="8c84fa94-04c1-424b-9868-57a2d4851a1d" relativeResultsDirectory="002b6a69-1e02-49cf-9453-622f5bf16c95" />
    <UnitTestResult executionId="d30eeb6e-bfde-4f9e-a942-4e84466c71e8" testId="3606a8a0-ce62-dbcb-e96e-96ef7c1603d9" testName="LUMAR_ERP_API_V2.Tests.PrintSettingsValidationTests.NormalizeAndValidate_Rejects_Unsupported_Key" computerName="YASIN-YASIN" duration="00:00:00.0099035" startTime="2026-09-26T15:11:03.1436703+03:00" endTime="2026-09-26T15:11:03.1437173+03:00" testType="13cdc9d9-ddb5-4fa4-a97d-d965ccfc6d4b" outcome="Passed" testListId="8c84fa94-04c1-424b-9868-57a2d4851a1d" relativeResultsDirectory="d30eeb6e-bfde-4f9e-a942-4e84466c71e8" />
    <UnitTestResult executionId="e64d7248-e604-47a3-ab15-3123b633f96e" testId="84aa4b67-200d-8974-a6ee-25eb7f508620" testName="LUMAR_ERP_API_V2.Tests.VipLevelEvaluationDatabaseTests.GetClassifiedCustomersAsync_ReturnsEngineRowsInLevelScoreAndNetworkOrder" computerName="YASIN-YASIN" duration="00:00:00.0220964" startTime="2026-09-26T15:11:03.4680214+03:00" endTime="2026-09-26T15:11:03.4900769+03:00" testType="13cdc9d9-ddb5-4fa4-a97d-d965ccfc6d4b" outcome="Passed" testListId="8c84fa94-04c1-424b-9868-57a2d4851a1d" relativeResultsDirectory="e64d7248-e604-47a3-ab15-3123b633f96e" />
    <UnitTestResult executionId="41c341c2-5567-4454-83a6-a5f742811579" testId="dd6aa463-3c1b-da77-42dd-6a08958fd4e2" testName="LUMAR_ERP_API_V2.Tests.DeliveryRevenueRecognitionResolverTests.ShouldCreateRefundOnlyWhenPaidAmountExistsAndRefundHasNotBeenRecorded" computerName="YASIN-YASIN" duration="00:00:00.0007499" startTime="2026-09-26T15:11:04.0143092+03:00" endTime="2026-09-26T15:11:04.0153080+03:00" testType="13cdc9d9-ddb5-4fa4-a97d-d965ccfc6d4b" outcome="Passed" testListId="8c84fa94-04c1-424b-9868-57a2d4851a1d" relativeResultsDirectory="41c341c2-5567-4454-83a6-a5f742811579" />
    <UnitTestResult executionId="d0b4d28f-1db2-4ace-86de-a278f2b467cd" testId="6675e0d1-fb7e-9bde-ca07-a28eedd6d3e0" testName="LUMAR_ERP_API_V2.Tests.ReferralPhaseOneTests.WouldCreateCycle_ReturnsTrue_WhenCandidateParentAlreadyDescendsFromChild" computerName="YASIN-YASIN" duration="00:00:00.0020766" startTime="2026-09-26T15:11:19.4833056+03:00" endTime="2026-09-26T15:11:19.4847342+03:00" testType="13cdc9d9-ddb5-4fa4-a97d-d965ccfc6d4b" outcome="Passed" testListId="8c84fa94-04c1-424b-9868-57a2d4851a1d" relativeResultsDirectory="d0b4d28f-1db2-4ace-86de-a278f2b467cd" />
    <UnitTestResult executionId="90c1db7c-9fdc-482a-9ece-9ebb437a81c8" testId="824f83d8-dd36-ea67-2d0f-ecfaf12b81b5" testName="LUMAR_ERP_API_V2.Tests.LoyaltyPhaseTwoTests.EnsureAccount_InitializesSnapshotFieldsCorrectly" computerName="YASIN-YASIN" duration="00:00:00.0038002" startTime="2026-09-26T15:11:02.6277254+03:00" endTime="2026-09-26T15:11:02.6277996+03:00" testType="13cdc9d9-ddb5-4fa4-a97d-d965ccfc6d4b" outcome="Passed" testListId="8c84fa94-04c1-424b-9868-57a2d4851a1d" relativeResultsDirectory="90c1db7c-9fdc-482a-9ece-9ebb437a81c8" />
    <UnitTestResult executionId="9ab0452f-0308-44cb-85c5-f9d3feeb767e" testId="ca8fbfdd-3719-d842-d7d8-1ee1ec7d6fa7" testName="LUMAR_ERP_API_V2.Tests.MeasurementCardPrintPolicyTests.LegacyPrintedPiece_StartsAtCopyTwoWithoutCreatingHistory" computerName="YASIN-YASIN" duration="00:00:00.0001125" startTime="2026-09-26T15:11:03.1537297+03:00" endTime="2026-09-26T15:11:03.1537945+03:00" testType="13cdc9d9-ddb5-4fa4-a97d-d965ccfc6d4b" outcome="Passed" testListId="8c84fa94-04c1-424b-9868-57a2d4851a1d" relativeResultsDirectory="9ab0452f-0308-44cb-85c5-f9d3feeb767e" />
    <UnitTestResult executionId="605f881d-6e79-439a-91f1-a909e50fcf6a" testId="4757e47d-abac-4dec-15b5-f0e5531e929e" testName="LUMAR_ERP_API_V2.Tests.ConsumptionRulesIntegrityValidatorTests.ShouldDetectRealOverlapButNotBoundaryTouching" computerName="YASIN-YASIN" duration="00:00:00.0004271" startTime="2026-09-26T15:11:03.5743494+03:00" endTime="2026-09-26T15:11:03.5746882+03:00" testType="13cdc9d9-ddb5-4fa4-a97d-d965ccfc6d4b" outcome="Passed" testListId="8c84fa94-04c1-424b-9868-57a2d4851a1d" relativeResultsDirectory="605f881d-6e79-439a-91f1-a909e50fcf6a" />
    <UnitTestResult executionId="42df1a4a-c711-49f2-85d5-3f193ceac974" testId="68e9318c-76a5-17c3-40b4-0651703f6f36" testName="LUMAR_ERP_API_V2.Tests.WipToFinishedGoodsFinancialTransactionPolicyTests.ShouldNotCreateTransaction_ForEmptyTrackingCodeOrZeroAmount" computerName="YASIN-YASIN" duration="00:00:00.0003235" startTime="2026-09-26T15:11:03.1468464+03:00" endTime="2026-09-26T15:11:03.1470174+03:00" testType="13cdc9d9-ddb5-4fa4-a97d-d965ccfc6d4b" outcome="Passed" testListId="8c84fa94-04c1-424b-9868-57a2d4851a1d" relativeResultsDirectory="42df1a4a-c711-49f2-85d5-3f193ceac974" />
    <UnitTestResult executionId="e5c0aaf5-572f-4275-bda6-23e361c4427a" testId="323a90c0-c33e-1c3e-bb37-7eae3fa1e33a" testName="LUMAR_ERP_API_V2.Tests.VipLevelEvaluationCalculatorTests.SelectLevel_PromotesOnlyWhenWeightedThresholdIsReached" computerName="YASIN-YASIN" duration="00:00:00.0006826" startTime="2026-09-26T15:11:03.9173369+03:00" endTime="2026-09-26T15:11:03.9174501+03:00" testType="13cdc9d9-ddb5-4fa4-a97d-d965ccfc6d4b" outcome="Passed" testListId="8c84fa94-04c1-424b-9868-57a2d4851a1d" relativeResultsDirectory="e5c0aaf5-572f-4275-bda6-23e361c4427a" />
    <UnitTestResult executionId="3f0c1ebd-809f-4ff3-9c69-0f197e0ee89c" testId="3b0f8e5c-e770-f305-ffc2-e0538a108a9e" testName="LUMAR_ERP_API_V2.Tests.CancelledPieceReadyInventoryTransferGuardTests.ShouldAllowTransfer_WhenOrderCancelledAndAssemblyCompleteAndNotTransferred" computerName="YASIN-YASIN" duration="00:00:00.0002832" startTime="2026-09-26T15:11:03.1506787+03:00" endTime="2026-09-26T15:11:03.1508047+03:00" testType="13cdc9d9-ddb5-4fa4-a97d-d965ccfc6d4b" outcome="Passed" testListId="8c84fa94-04c1-424b-9868-57a2d4851a1d" relativeResultsDirectory="3f0c1ebd-809f-4ff3-9c69-0f197e0ee89c" />
    <UnitTestResult executionId="f0a34298-2168-4782-ad96-e53fc2263b8e" testId="7415b343-9399-f2f3-abb6-c39be4cef3a6" testName="LUMAR_ERP_API_V2.Tests.ConsumptionRulesIntegrityValidatorTests.ShouldRejectAnOpenRangeBeforeTheLastRange" computerName="YASIN-YASIN" duration="00:00:00.0010633" startTime="2026-09-26T15:11:03.5759699+03:00" endTime="2026-09-26T15:11:03.5769394+03:00" testType="13cdc9d9-ddb5-4fa4-a97d-d965ccfc6d4b" outcome="Passed" testListId="8c84fa94-04c1-424b-9868-57a2d4851a1d" relativeResultsDirectory="f0a34298-2168-4782-ad96-e53fc2263b8e" />
    <UnitTestResult executionId="cd49422b-9c0b-469a-99d8-ce94edafc6da" testId="ace500b8-3e96-4da7-5128-a4ea43f82e16" testName="LUMAR_ERP_API_V2.Tests.EmployeeWriteInfrastructureTests.CreateEmployee_Rejects_Missing_Data" computerName="YASIN-YASIN" duration="00:00:00.0007366" startTime="2026-09-26T15:11:03.1434595+03:00" endTime="2026-09-26T15:11:03.1435121+03:00" testType="13cdc9d9-ddb5-4fa4-a97d-d965ccfc6d4b" outcome="Passed" testListId="8c84fa94-04c1-424b-9868-57a2d4851a1d" relativeResultsDirectory="cd49422b-9c0b-469a-99d8-ce94edafc6da" />
    <UnitTestResult executionId="95469296-2080-4b3c-ae65-afc9f52c47e8" testId="70dced69-72e5-ddf2-f050-20106aa699b4" testName="LUMAR_ERP_API_V2.Tests.PiecePointsPhaseThreeTests.Fingerprint_And_Idempotency_PreventDuplicateRewardProcessing" computerName="YASIN-YASIN" duration="00:00:00.0003965" startTime="2026-09-26T15:11:03.9220953+03:00" endTime="2026-09-26T15:11:03.9223205+03:00" testType="13cdc9d9-ddb5-4fa4-a97d-d965ccfc6d4b" outcome="Passed" testListId="8c84fa94-04c1-424b-9868-57a2d4851a1d" relativeResultsDirectory="95469296-2080-4b3c-ae65-afc9f52c47e8" />
    <UnitTestResult executionId="d17d60e4-4e40-4526-8e40-a6135af5f745" testId="e85d87c4-78a3-d0e4-c073-e3c1294da905" testName="LUMAR_ERP_API_V2.Tests.ScannerWriteInfrastructureTests.DeactivateScanner_Uses_Inactive_State" computerName="YASIN-YASIN" duration="00:00:00.0003267" startTime="2026-09-26T15:11:04.1498767+03:00" endTime="2026-09-26T15:11:04.1500138+03:00" testType="13cdc9d9-ddb5-4fa4-a97d-d965ccfc6d4b" outcome="Passed" testListId="8c84fa94-04c1-424b-9868-57a2d4851a1d" relativeResultsDirectory="d17d60e4-4e40-4526-8e40-a6135af5f745" />
    <UnitTestResult executionId="849d7d6e-f6b5-4cc9-972d-bd93fbf9dce5" testId="e1be4459-1e9a-c11d-70f5-9a1db7984b7a" testName="LUMAR_ERP_API_V2.Tests.EmployeeWriteInfrastructureTests.DeactivateEmployee_Normalizes_Status_To_Inactive" computerName="YASIN-YASIN" duration="00:00:00.0000731" startTime="2026-09-26T15:11:03.0958261+03:00" endTime="2026-09-26T15:11:03.0958640+03:00" testType="13cdc9d9-ddb5-4fa4-a97d-d965ccfc6d4b" outcome="Passed" testListId="8c84fa94-04c1-424b-9868-57a2d4851a1d" relativeResultsDirectory="849d7d6e-f6b5-4cc9-972d-bd93fbf9dce5" />
    <UnitTestResult executionId="d05eee53-a674-4202-a917-dc1d8fb03975" testId="37081e79-0488-eebb-73a5-24e7fe4e1e64" testName="LUMAR_ERP_API_V2.Tests.LoyaltyManagementSettingsTests.Service_Can_Manage_Program_Settings_And_Toggle_Activation" computerName="YASIN-YASIN" duration="00:00:00.0029881" startTime="2026-09-26T15:11:04.0100610+03:00" endTime="2026-09-26T15:11:04.0128877+03:00" testType="13cdc9d9-ddb5-4fa4-a97d-d965ccfc6d4b" outcome="Passed" testListId="8c84fa94-04c1-424b-9868-57a2d4851a1d" relativeResultsDirectory="d05eee53-a674-4202-a917-dc1d8fb03975" />
    <UnitTestResult executionId="7b16362b-6f83-4b47-a018-ac554c92f149" testId="8f91e52e-80e5-ce6a-1160-aa8866fb21ee" testName="LUMAR_ERP_API_V2.Tests.PiecePointsPhaseThreeTests.PieceSetting_UsesConfiguredPoints_WhenTypeIsActive" computerName="YASIN-YASIN" duration="00:00:00.0018918" startTime="2026-09-26T15:11:03.9178883+03:00" endTime="2026-09-26T15:11:03.9182489+03:00" testType="13cdc9d9-ddb5-4fa4-a97d-d965ccfc6d4b" outcome="Passed" testListId="8c84fa94-04c1-424b-9868-57a2d4851a1d" relativeResultsDirectory="7b16362b-6f83-4b47-a018-ac554c92f149" />
    <UnitTestResult executionId="212e813a-12f5-430c-acc3-465b51a14f3f" testId="b71dbf95-612e-b8e1-cbce-77907c0a9ce6" testName="LUMAR_ERP_API_V2.Tests.OrderLoyaltyIntegrationServiceTests.ProcessOrderAsync_RepeatedCall_IsIdempotent_And_ReconcilesDelta" computerName="YASIN-YASIN" duration="00:00:00.0091349" startTime="2026-09-26T15:11:19.9303398+03:00" endTime="2026-09-26T15:11:19.9392319+03:00" testType="13cdc9d9-ddb5-4fa4-a97d-d965ccfc6d4b" outcome="Passed" testListId="8c84fa94-04c1-424b-9868-57a2d4851a1d" relativeResultsDirectory="212e813a-12f5-430c-acc3-465b51a14f3f" />
    <UnitTestResult executionId="4b2bec24-0116-4503-a9fc-729167d80c23" testId="87412b47-2e9b-aadf-dc44-b62b90584cf3" testName="LUMAR_ERP_API_V2.Tests.ReadyMadeSalesServiceTests.CreateAsync_PreservesSelectedEmployeeCodeForRepositorySave" computerName="YASIN-YASIN" duration="00:00:00.0006969" startTime="2026-09-26T15:11:03.1547100+03:00" endTime="2026-09-26T15:11:03.1547741+03:00" testType="13cdc9d9-ddb5-4fa4-a97d-d965ccfc6d4b" outcome="Passed" testListId="8c84fa94-04c1-424b-9868-57a2d4851a1d" relativeResultsDirectory="4b2bec24-0116-4503-a9fc-729167d80c23" />
    <UnitTestResult executionId="2792c88e-dde9-4136-9fd4-72197cc9d698" testId="f6d4b26a-c00d-95c3-d7ab-9d89df9195df" testName="LUMAR_ERP_API_V2.Tests.PieceWageEngineTests.ShouldCreatePieceWageAfterValidTrackingEvent" computerName="YASIN-YASIN" duration="00:00:00.0012580" startTime="2026-09-26T15:11:04.2006682+03:00" endTime="2026-09-26T15:11:04.2008676+03:00" testType="13cdc9d9-ddb5-4fa4-a97d-d965ccfc6d4b" outcome="Passed" testListId="8c84fa94-04c1-424b-9868-57a2d4851a1d" relativeResultsDirectory="2792c88e-dde9-4136-9fd4-72197cc9d698" />
    <UnitTestResult executionId="1a16e852-3749-472e-b256-29c328bfff89" testId="807fc47f-ff97-c8a1-15f7-2ae181e8015b" testName="LUMAR_ERP_API_V2.Tests.FinancialPostingRuntimeReliabilityTests.Poster_ReturnsExplicitPreInsertFailures_WithoutCreatingJournalEntry" computerName="YASIN-YASIN" duration="00:00:00.0113744" startTime="2026-09-26T15:11:03.9225649+03:00" endTime="2026-09-26T15:11:03.9346718+03:00" testType="13cdc9d9-ddb5-4fa4-a97d-d965ccfc6d4b" outcome="Passed" testListId="8c84fa94-04c1-424b-9868-57a2d4851a1d" relativeResultsDirectory="1a16e852-3749-472e-b256-29c328bfff89" />
    <UnitTestResult executionId="8ec44d47-b04f-4ecb-95a9-674bfa432ac2" testId="0844fe77-43a7-53a0-b613-53295911f633" testName="LUMAR_ERP_API_V2.Tests.CostOfSalesFinancialTransactionPolicyTests.ShouldNotCreateDuplicateTransaction_ForSameTrackingCode" computerName="YASIN-YASIN" duration="00:00:00.0001207" startTime="2026-09-26T15:11:04.1424519+03:00" endTime="2026-09-26T15:11:04.1425178+03:00" testType="13cdc9d9-ddb5-4fa4-a97d-d965ccfc6d4b" outcome="Passed" testListId="8c84fa94-04c1-424b-9868-57a2d4851a1d" relativeResultsDirectory="8ec44d47-b04f-4ecb-95a9-674bfa432ac2" />
    <UnitTestResult executionId="07766f9d-0f57-41a7-895c-e8517d58d8aa" testId="822a4a44-b521-ecb7-bb1c-4c71c106ce37" testName="LUMAR_ERP_API_V2.Tests.PieceWageEngineTests.ShouldValidateTotalWageFormula" computerName="YASIN-YASIN" duration="00:00:00.0003205" startTime="2026-09-26T15:11:04.1953406+03:00" endTime="2026-09-26T15:11:04.1955957+03:00" testType="13cdc9d9-ddb5-4fa4-a97d-d965ccfc6d4b" outcome="Passed" testListId="8c84fa94-04c1-424b-9868-57a2d4851a1d" relativeResultsDirectory="07766f9d-0f57-41a7-895c-e8517d58d8aa" />
    <UnitTestResult executionId="467a2c16-d85c-4250-b5e1-fc9994928853" testId="b529364e-5540-a051-3c29-9acd24cdab41" testName="LUMAR_ERP_API_V2.Tests.LoyaltyAccountLifecycleServiceTests.EvaluateAsync_FreezesWithoutChangingBalance" computerName="YASIN-YASIN" duration="00:00:00.0011408" startTime="2026-09-26T15:11:03.5038391+03:00" endTime="2026-09-26T15:11:03.5039829+03:00" testType="13cdc9d9-ddb5-4fa4-a97d-d965ccfc6d4b" outcome="Passed" testListId="8c84fa94-04c1-424b-9868-57a2d4851a1d" relativeResultsDirectory="467a2c16-d85c-4250-b5e1-fc9994928853" />
    <UnitTestResult executionId="2acf1820-770e-4b5e-b1c1-5bb4959a3b80" testId="54627105-d9ed-e086-27f4-81d1f98d5ac0" testName="LUMAR_ERP_API_V2.Tests.ProductionTrackingEngineTests.ShouldNotAssignProductTypeIdToLegacyTextRouteEntries" computerName="YASIN-YASIN" duration="00:00:00.0019233" startTime="2026-09-26T15:11:19.4241377+03:00" endTime="2026-09-26T15:11:19.4256012+03:00" testType="13cdc9d9-ddb5-4fa4-a97d-d965ccfc6d4b" outcome="Passed" testListId="8c84fa94-04c1-424b-9868-57a2d4851a1d" relativeResultsDirectory="2acf1820-770e-4b5e-b1c1-5bb4959a3b80" />
    <UnitTestResult executionId="cc26c30f-888e-4eb3-946f-37ebad02783e" testId="6eae1c0c-2904-170a-237a-2c203be1207f" testName="LUMAR_ERP_API_V2.Tests.FabricCodeAllocatorTests.ShouldIgnoreImportedAndFabricCodeDuplicates" computerName="YASIN-YASIN" duration="00:00:00.0001071" startTime="2026-09-26T15:11:04.1626020+03:00" endTime="2026-09-26T15:11:04.1626611+03:00" testType="13cdc9d9-ddb5-4fa4-a97d-d965ccfc6d4b" outcome="Passed" testListId="8c84fa94-04c1-424b-9868-57a2d4851a1d" relativeResultsDirectory="cc26c30f-888e-4eb3-946f-37ebad02783e" />
    <UnitTestResult executionId="60da11ce-85c9-483a-a0c2-af2cf66a7f8b" testId="6a9b3040-12c6-a6a2-cf97-ddb30d122258" testName="LUMAR_ERP_API_V2.Tests.PrintSettingsValidationTests.NormalizeAndValidate_Allows_Approved_Print_Settings" computerName="YASIN-YASIN" duration="00:00:00.0002615" startTime="2026-09-26T15:11:03.1438274+03:00" endTime="2026-09-26T15:11:03.1438741+03:00" testType="13cdc9d9-ddb5-4fa4-a97d-d965ccfc6d4b" outcome="Passed" testListId="8c84fa94-04c1-424b-9868-57a2d4851a1d" relativeResultsDirectory="60da11ce-85c9-483a-a0c2-af2cf66a7f8b" />
    <UnitTestResult executionId="65855084-9c16-48d6-b9af-c5f49de4ae95" testId="f3bb10f7-79cc-6919-2d80-c6c4ca549c22" testName="LUMAR_ERP_API_V2.Tests.LoyaltyManagementSettingsTests.Service_Can_Manage_Vip_Levels_And_Loyalty_Rules" computerName="YASIN-YASIN" duration="00:00:00.0070821" startTime="2026-09-26T15:11:04.0025399+03:00" endTime="2026-09-26T15:11:04.0097615+03:00" testType="13cdc9d9-ddb5-4fa4-a97d-d965ccfc6d4b" outcome="Passed" testListId="8c84fa94-04c1-424b-9868-57a2d4851a1d" relativeResultsDirectory="65855084-9c16-48d6-b9af-c5f49de4ae95" />
    <UnitTestResult executionId="1fa55c6a-cd64-44e9-9eff-59de9b484b3d" testId="839cfce5-9e4a-e514-4e66-5d96afc3d470" testName="LUMAR_ERP_API_V2.Tests.ProductionTrackingEngineTests.ShouldPreserveExplicitlyDisabledProductionRoute" computerName="YASIN-YASIN" duration="00:00:00.0011663" startTime="2026-09-26T15:11:19.4294129+03:00" endTime="2026-09-26T15:11:19.4302124+03:00" testType="13cdc9d9-ddb5-4fa4-a97d-d965ccfc6d4b" outcome="Passed" testListId="8c84fa94-04c1-424b-9868-57a2d4851a1d" relativeResultsDirectory="1fa55c6a-cd64-44e9-9eff-59de9b484b3d" />
    <UnitTestResult executionId="75c8bcc7-dffd-4e13-a549-98c165d80fb4" testId="e72c4826-5bcd-a1bc-24d1-8d20ec7cc7ef" testName="LUMAR_ERP_API_V2.Tests.SalesReferenceControllerTests.GetVersion_ReturnsTheReferenceVersion" computerName="YASIN-YASIN" duration="00:00:00.0019234" startTime="2026-09-26T15:11:19.4893938+03:00" endTime="2026-09-26T15:11:19.4911652+03:00" testType="13cdc9d9-ddb5-4fa4-a97d-d965ccfc6d4b" outcome="Passed" testListId="8c84fa94-04c1-424b-9868-57a2d4851a1d" relativeResultsDirectory="75c8bcc7-dffd-4e13-a549-98c165d80fb4" />
    <UnitTestResult executionId="421b1c42-3b81-416f-9e05-780025e57a77" testId="f6f656b5-a399-81ba-b66b-104ccb6440ea" testName="LUMAR_ERP_API_V2.Tests.FabricCodeAllocatorTests.ShouldSkipGaps_WhenDeterminingNextCode" computerName="YASIN-YASIN" duration="00:00:00.0037469" startTime="2026-09-26T15:11:04.1583884+03:00" endTime="2026-09-26T15:11:04.1619608+03:00" testType="13cdc9d9-ddb5-4fa4-a97d-d965ccfc6d4b" outcome="Passed" testListId="8c84fa94-04c1-424b-9868-57a2d4851a1d" relativeResultsDirectory="421b1c42-3b81-416f-9e05-780025e57a77" />
    <UnitTestResult executionId="c74256fd-e16a-47a6-82d9-a39d474b7d81" testId="ad0c9e55-47cf-9dc4-7cfb-9c766a907668" testName="LUMAR_ERP_API_V2.Tests.EmployeeWriteInfrastructureTests.UpdateEmployee_Valid_Request_Passes_Validation" computerName="YASIN-YASIN" duration="00:00:00.0015816" startTime="2026-09-26T15:11:03.1431239+03:00" endTime="2026-09-26T15:11:03.1431854+03:00" testType="13cdc9d9-ddb5-4fa4-a97d-d965ccfc6d4b" outcome="Passed" testListId="8c84fa94-04c1-424b-9868-57a2d4851a1d" relativeResultsDirectory="c74256fd-e16a-47a6-82d9-a39d474b7d81" />
    <UnitTestResult executionId="ae755760-2efb-4cfc-bab3-6b375d89d2ae" testId="7a0016c3-3082-2a36-7411-b88d00f619f0" testName="LUMAR_ERP_API_V2.Tests.LoyaltyRedemptionServiceTests.Preview_EnforcesConfiguredRedemptionLimits(allowRedemption: True, requestedPoints: 50, minimumPoints: 100, maximumPoints: 0, expectedValid: False, expectedMessage: &quot;minimum&quot;)" computerName="YASIN-YASIN" duration="00:00:00.0000172" startTime="2026-09-26T15:11:19.4523553+03:00" endTime="2026-09-26T15:11:19.4525376+03:00" testType="13cdc9d9-ddb5-4fa4-a97d-d965ccfc6d4b" outcome="Passed" testListId="8c84fa94-04c1-424b-9868-57a2d4851a1d" relativeResultsDirectory="ae755760-2efb-4cfc-bab3-6b375d89d2ae" />
    <UnitTestResult executionId="ccd3f0b4-7f6d-4087-88f8-30ed86422131" testId="b27bda9c-ffb1-4971-56e7-5e8fce3b91b7" testName="LUMAR_ERP_API_V2.Tests.LoyaltyPhaseTwoTests.Adjust_TracksSignedDeltaAndCurrentPoints" computerName="YASIN-YASIN" duration="00:00:00.0005449" startTime="2026-09-26T15:11:02.6279585+03:00" endTime="2026-09-26T15:11:02.6280137+03:00" testType="13cdc9d9-ddb5-4fa4-a97d-d965ccfc6d4b" outcome="Passed" testListId="8c84fa94-04c1-424b-9868-57a2d4851a1d" relativeResultsDirectory="ccd3f0b4-7f6d-4087-88f8-30ed86422131" />
    <UnitTestResult executionId="7efb3bf7-0c1c-4d59-978d-8b9de525d4bb" testId="4db64c43-1430-9676-d92d-4f8df9a48f2f" testName="LUMAR_ERP_API_V2.Tests.VipLevelEvaluationDatabaseTests.EvaluateAllAsync_PersistsEvaluationForEveryLoyaltyAccount" computerName="YASIN-YASIN" duration="00:00:00.3229938" startTime="2026-09-26T15:11:03.1550287+03:00" endTime="2026-09-26T15:11:03.4674015+03:00" testType="13cdc9d9-ddb5-4fa4-a97d-d965ccfc6d4b" outcome="Passed" testListId="8c84fa94-04c1-424b-9868-57a2d4851a1d" relativeResultsDirectory="7efb3bf7-0c1c-4d59-978d-8b9de525d4bb" />
    <UnitTestResult executionId="75e02d8c-0543-488b-8cc5-15ca306e8b16" testId="b0e627d9-00e6-1ef4-c2ee-3b5cad1f959a" testName="LUMAR_ERP_API_V2.Tests.FinancialPostingCallerIntegrationTests.CustomerAdvance_RollsBackOrderGraph_WhenPaymentMethodExceedsStorageLimit" computerName="YASIN-YASIN" duration="00:00:00.1090650" startTime="2026-09-26T15:11:19.9540639+03:00" endTime="2026-09-26T15:11:20.0627665+03:00" testType="13cdc9d9-ddb5-4fa4-a97d-d965ccfc6d4b" outcome="Passed" testListId="8c84fa94-04c1-424b-9868-57a2d4851a1d" relativeResultsDirectory="75e02d8c-0543-488b-8cc5-15ca306e8b16" />
    <UnitTestResult executionId="64498c2f-221b-4965-a075-84e1def9af6c" testId="6847db40-e0b5-d5f4-7192-69a0dfad7303" testName="LUMAR_ERP_API_V2.Tests.AccountingEventFoundationIntegrationTests.FutureOnlyChecks_RejectDirectFinancialAndJournalWriters" computerName="YASIN-YASIN" duration="00:00:00.0160770" startTime="2026-09-26T15:11:04.0914165+03:00" endTime="2026-09-26T15:11:04.1073466+03:00" testType="13cdc9d9-ddb5-4fa4-a97d-d965ccfc6d4b" outcome="Passed" testListId="8c84fa94-04c1-424b-9868-57a2d4851a1d" relativeResultsDirectory="64498c2f-221b-4965-a075-84e1def9af6c" />
    <UnitTestResult executionId="806280a6-f422-4eca-b200-823f40d4e036" testId="8bfe8b03-dee2-da7c-e2ce-e0a40eac1894" testName="LUMAR_ERP_API_V2.Tests.CostOfSalesFinancialTransactionPolicyTests.ShouldNotCreateTransaction_ForEmptyTrackingCodeOrZeroAmount" computerName="YASIN-YASIN" duration="00:00:00.0001126" startTime="2026-09-26T15:11:04.1426674+03:00" endTime="2026-09-26T15:11:04.1427272+03:00" testType="13cdc9d9-ddb5-4fa4-a97d-d965ccfc6d4b" outcome="Passed" testListId="8c84fa94-04c1-424b-9868-57a2d4851a1d" relativeResultsDirectory="806280a6-f422-4eca-b200-823f40d4e036" />
    <UnitTestResult executionId="ddc85f74-5145-4ba2-af2b-2c2a1bcd83cd" testId="84125004-e6d7-9ed7-7267-fcfc816685f9" testName="LUMAR_ERP_API_V2.Tests.ConsumptionRulesIntegrityValidatorTests.ShouldDetectDuplicateRanges" computerName="YASIN-YASIN" duration="00:00:00.0144360" startTime="2026-09-26T15:11:03.5431168+03:00" endTime="2026-09-26T15:11:03.5577226+03:00" testType="13cdc9d9-ddb5-4fa4-a97d-d965ccfc6d4b" outcome="Passed" testListId="8c84fa94-04c1-424b-9868-57a2d4851a1d" relativeResultsDirectory="ddc85f74-5145-4ba2-af2b-2c2a1bcd83cd" />
    <UnitTestResult executionId="2545034f-d43f-4055-a705-9b72ddb3f6b1" testId="3f3a9c48-39ae-6d69-4432-143ba04cb2d9" testName="LUMAR_ERP_API_V2.Tests.PayrollEngineTests.ShouldCalculateGrossAndNetAmounts" computerName="YASIN-YASIN" duration="00:00:00.0026339" startTime="2026-09-26T15:11:21.0131173+03:00" endTime="2026-09-26T15:11:21.0158016+03:00" testType="13cdc9d9-ddb5-4fa4-a97d-d965ccfc6d4b" outcome="Passed" testListId="8c84fa94-04c1-424b-9868-57a2d4851a1d" relativeResultsDirectory="2545034f-d43f-4055-a705-9b72ddb3f6b1" />
    <UnitTestResult executionId="86c487dd-981a-470c-9638-1ffca11844a2" testId="0b3152fe-55d8-81b5-c3d2-d45b75431ea7" testName="LUMAR_ERP_API_V2.Tests.ReadyMadeProductionOrderItemsReadTests.GetReadyMadeOrderItemsAsync_ReadsFirstExistingOrderWithNullableProductTypeId" computerName="YASIN-YASIN" duration="00:00:00.0217494" startTime="2026-09-26T15:11:04.1674721+03:00" endTime="2026-09-26T15:11:04.1871729+03:00" testType="13cdc9d9-ddb5-4fa4-a97d-d965ccfc6d4b" outcome="Passed" testListId="8c84fa94-04c1-424b-9868-57a2d4851a1d" relativeResultsDirectory="86c487dd-981a-470c-9638-1ffca11844a2" />
    <UnitTestResult executionId="8dbbeb9d-9545-4342-ad25-f1c43ea52d55" testId="1234077f-057a-c370-d959-e0a49d0f9571" testName="LUMAR_ERP_API_V2.Tests.FabricCodeAllocatorTests.ShouldGenerateSequentialCodes_ForThreeRolls" computerName="YASIN-YASIN" duration="00:00:00.0011707" startTime="2026-09-26T15:11:04.1666589+03:00" endTime="2026-09-26T15:11:04.1668482+03:00" testType="13cdc9d9-ddb5-4fa4-a97d-d965ccfc6d4b" outcome="Passed" testListId="8c84fa94-04c1-424b-9868-57a2d4851a1d" relativeResultsDirectory="8dbbeb9d-9545-4342-ad25-f1c43ea52d55" />
    <UnitTestResult executionId="36e5d6ee-54c5-472b-9629-9de86a93e93b" testId="6c8fe588-0003-1fd5-c463-90b72a931805" testName="LUMAR_ERP_API_V2.Tests.ProductionTrackingEngineTests.ShouldAllowZeroRateForNonPayableStage" computerName="YASIN-YASIN" duration="00:00:00.0007105" startTime="2026-09-26T15:11:04.5778588+03:00" endTime="2026-09-26T15:11:04.5792636+03:00" testType="13cdc9d9-ddb5-4fa4-a97d-d965ccfc6d4b" outcome="Passed" testListId="8c84fa94-04c1-424b-9868-57a2d4851a1d" relativeResultsDirectory="36e5d6ee-54c5-472b-9629-9de86a93e93b" />
    <UnitTestResult executionId="c66f3311-3be0-4064-a435-f0aa4fe69d57" testId="6e3019f8-f8fe-6164-e914-b68291df4d20" testName="LUMAR_ERP_API_V2.Tests.PieceWageEngineTests.ShouldRejectBlockedWageEmployees" computerName="YASIN-YASIN" duration="00:00:00.0004376" startTime="2026-09-26T15:11:04.2013323+03:00" endTime="2026-09-26T15:11:04.2014779+03:00" testType="13cdc9d9-ddb5-4fa4-a97d-d965ccfc6d4b" outcome="Passed" testListId="8c84fa94-04c1-424b-9868-57a2d4851a1d" relativeResultsDirectory="c66f3311-3be0-4064-a435-f0aa4fe69d57" />
    <UnitTestResult executionId="d0489810-643b-428a-a8d6-36b44ff0ffc2" testId="d57c4607-d183-dd85-730b-df2363b8b978" testName="LUMAR_ERP_API_V2.Tests.FinancialPostingRuntimeReliabilityTests.AccountingEventFoundation_RejectsDirectCustomerPaymentWrites" computerName="YASIN-YASIN" duration="00:00:00.0143062" startTime="2026-09-26T15:11:03.9349917+03:00" endTime="2026-09-26T15:11:03.9502581+03:00" testType="13cdc9d9-ddb5-4fa4-a97d-d965ccfc6d4b" outcome="Passed" testListId="8c84fa94-04c1-424b-9868-57a2d4851a1d" relativeResultsDirectory="d0489810-643b-428a-a8d6-36b44ff0ffc2" />
    <UnitTestResult executionId="5aa15f50-fefb-4436-8864-cee28c6c130b" testId="d4d23089-8da2-c37e-8e7b-15ce9600fd87" testName="LUMAR_ERP_API_V2.Tests.EmployeeWriteInfrastructureTests.Duplicate_Code_Validation_Rejects_Existing_Code" computerName="YASIN-YASIN" duration="00:00:00.0037430" startTime="2026-09-26T15:11:03.1433072+03:00" endTime="2026-09-26T15:11:03.1433526+03:00" testType="13cdc9d9-ddb5-4fa4-a97d-d965ccfc6d4b" outcome="Passed" testListId="8c84fa94-04c1-424b-9868-57a2d4851a1d" relativeResultsDirectory="5aa15f50-fefb-4436-8864-cee28c6c130b" />
    <UnitTestResult executionId="8ce572ea-9124-46b2-a31f-1e0c27005fe6" testId="a04a9055-b962-b3fe-2c7e-f11ef94bb8c5" testName="LUMAR_ERP_API_V2.Tests.SalesCostRecognitionImplementationTests.AccountingEventFoundation_ShouldRejectDirectJournalWrites" computerName="YASIN-YASIN" duration="00:00:00.3815362" startTime="2026-09-26T15:11:02.6327651+03:00" endTime="2026-09-26T15:11:03.0027152+03:00" testType="13cdc9d9-ddb5-4fa4-a97d-d965ccfc6d4b" outcome="Passed" testListId="8c84fa94-04c1-424b-9868-57a2d4851a1d" relativeResultsDirectory="8ce572ea-9124-46b2-a31f-1e0c27005fe6" />
    <UnitTestResult executionId="2496f860-39d8-4248-9d7c-e15443de2a07" testId="2263aeb2-f7fc-42fa-b367-8a2453b74b10" testName="LUMAR_ERP_API_V2.Tests.CancelledPieceReadyInventoryTransferGuardTests.ShouldRejectTransfer_WhenAnyGuardFails(orderCancelled: True, pieceStartedProduction: True, hasAssemblyStage: True, pieceStatus: &quot;Ready&quot;, finalStage: &quot;Assembly&quot;, alreadyTransferred: True)" computerName="YASIN-YASIN" duration="00:00:00.0016237" startTime="2026-09-26T15:11:03.1478177+03:00" endTime="2026-09-26T15:11:03.1485010+03:00" testType="13cdc9d9-ddb5-4fa4-a97d-d965ccfc6d4b" outcome="Passed" testListId="8c84fa94-04c1-424b-9868-57a2d4851a1d" relativeResultsDirectory="2496f860-39d8-4248-9d7c-e15443de2a07" />
    <UnitTestResult executionId="5b1568cb-64c9-4706-b81b-f37e31465bf0" testId="ec5844b9-efe2-c623-0214-31a5f4187fee" testName="LUMAR_ERP_API_V2.Tests.CashMovementFoundationIntegrationTests.CallerRollback_RemovesPaymentEventAccountingArtifactsAndCashMovement" computerName="YASIN-YASIN" duration="00:00:00.0251536" startTime="2026-09-26T15:11:03.9520128+03:00" endTime="2026-09-26T15:11:03.9766640+03:00" testType="13cdc9d9-ddb5-4fa4-a97d-d965ccfc6d4b" outcome="Passed" testListId="8c84fa94-04c1-424b-9868-57a2d4851a1d" relativeResultsDirectory="5b1568cb-64c9-4706-b81b-f37e31465bf0" />
    <UnitTestResult executionId="11636213-ced0-438f-860f-f13f13d87434" testId="42bb33df-4c60-a223-d5af-271c4da90d04" testName="LUMAR_ERP_API_V2.Tests.MeasurementCardPrintingIntegrationTests.PrintingLifecycle_TracksCopies_Reasons_FinancialPosting_AndOriginalTrackingCode" computerName="YASIN-YASIN" duration="00:00:00.3319246" startTime="2026-09-26T15:11:19.4914606+03:00" endTime="2026-09-26T15:11:19.8236544+03:00" testType="13cdc9d9-ddb5-4fa4-a97d-d965ccfc6d4b" outcome="Passed" testListId="8c84fa94-04c1-424b-9868-57a2d4851a1d" relativeResultsDirectory="11636213-ced0-438f-860f-f13f13d87434" />
    <UnitTestResult executionId="91f3bb7a-37d5-4bb5-b447-6b14d64fda5c" testId="9146f015-4b55-3598-2550-3e0ff2a3f5a9" testName="LUMAR_ERP_API_V2.Tests.VipLevelEvaluationCalculatorTests.CalculateScore_UsesReferralsOrdersAndNetworkSizeWeights" computerName="YASIN-YASIN" duration="00:00:00.0006406" startTime="2026-09-26T15:11:03.9100782+03:00" endTime="2026-09-26T15:11:03.9105805+03:00" testType="13cdc9d9-ddb5-4fa4-a97d-d965ccfc6d4b" outcome="Passed" testListId="8c84fa94-04c1-424b-9868-57a2d4851a1d" relativeResultsDirectory="91f3bb7a-37d5-4bb5-b447-6b14d64fda5c" />
    <UnitTestResult executionId="01929d92-bf06-456f-8be0-d67befbabc6c" testId="b468fc79-50ff-3df0-347f-3594fa58f3c5" testName="LUMAR_ERP_API_V2.Tests.LoyaltyAccountLifecycleServiceTests.EvaluateAsync_MovesAccountToWarningBeforeFreeze" computerName="YASIN-YASIN" duration="00:00:00.0116810" startTime="2026-09-26T15:11:03.4904363+03:00" endTime="2026-09-26T15:11:03.5023083+03:00" testType="13cdc9d9-ddb5-4fa4-a97d-d965ccfc6d4b" outcome="Passed" testListId="8c84fa94-04c1-424b-9868-57a2d4851a1d" relativeResultsDirectory="01929d92-bf06-456f-8be0-d67befbabc6c" />
    <UnitTestResult executionId="7bb48ae6-2b7d-4f72-a0c7-2815fd88b529" testId="a16bfc48-6ec5-7c33-1cbb-909f1682b861" testName="LUMAR_ERP_API_V2.Tests.FactoryMonitoringEngineTests.ClassifyOrder_ReturnsStalled_WhenProgressExistsButNoRecentMovement" computerName="YASIN-YASIN" duration="00:00:00.0004718" startTime="2026-09-26T15:11:04.2049849+03:00" endTime="2026-09-26T15:11:04.2074714+03:00" testType="13cdc9d9-ddb5-4fa4-a97d-d965ccfc6d4b" outcome="Passed" testListId="8c84fa94-04c1-424b-9868-57a2d4851a1d" relativeResultsDirectory="7bb48ae6-2b7d-4f72-a0c7-2815fd88b529" />
    <UnitTestResult executionId="327eaacb-909f-41b6-a813-d73a0f2cca85" testId="0e3b90d5-10ff-47ba-072e-9896ce555e38" testName="LUMAR_ERP_API_V2.Tests.VipLevelEvaluationControllerTests.GetCustomer_UsesReadOnlyEvaluationPath" computerName="YASIN-YASIN" duration="00:00:00.0076624" startTime="2026-09-26T15:11:04.1511482+03:00" endTime="2026-09-26T15:11:04.1579316+03:00" testType="13cdc9d9-ddb5-4fa4-a97d-d965ccfc6d4b" outcome="Passed" testListId="8c84fa94-04c1-424b-9868-57a2d4851a1d" relativeResultsDirectory="327eaacb-909f-41b6-a813-d73a0f2cca85" />
    <UnitTestResult executionId="a833c20a-93a5-44bd-8b57-d1e887e79048" testId="f1ce4592-06c8-98db-1296-77048cf62da3" testName="LUMAR_ERP_API_V2.Tests.ProductionWorkCardMetadataTests.GetWorkCardAsync_Should_Return_Fabric_And_Request_Metadata_From_OrderItem" computerName="YASIN-YASIN" duration="00:00:00.0537029" startTime="2026-09-26T15:11:04.2702424+03:00" endTime="2026-09-26T15:11:04.3243366+03:00" testType="13cdc9d9-ddb5-4fa4-a97d-d965ccfc6d4b" outcome="Passed" testListId="8c84fa94-04c1-424b-9868-57a2d4851a1d" relativeResultsDirectory="a833c20a-93a5-44bd-8b57-d1e887e79048" />
    <UnitTestResult executionId="0c0bcf7a-d88a-4048-9ba4-9dbc8d66c8bb" testId="31949699-f5d5-a7bb-0a5e-a316b4a5a609" testName="LUMAR_ERP_API_V2.Tests.MeasurementCardPrintingIntegrationTests.PieceSold_Donation_IsBlockedWithoutCreatingFinancialRecords" computerName="YASIN-YASIN" duration="00:00:00.0236073" startTime="2026-09-26T15:11:19.8597133+03:00" endTime="2026-09-26T15:11:19.8833991+03:00" testType="13cdc9d9-ddb5-4fa4-a97d-d965ccfc6d4b" outcome="Passed" testListId="8c84fa94-04c1-424b-9868-57a2d4851a1d" relativeResultsDirectory="0c0bcf7a-d88a-4048-9ba4-9dbc8d66c8bb" />
    <UnitTestResult executionId="b6742e3f-e0c3-405c-9a06-97e2864c3791" testId="824b72c1-4633-37b4-c1f4-eb8932bca82a" testName="LUMAR_ERP_API_V2.Tests.ReferralPhaseOneTests.BuildTree_CreatesCorrectDepthForReferralChain" computerName="YASIN-YASIN" duration="00:00:00.0096833" startTime="2026-09-26T15:11:19.4720012+03:00" endTime="2026-09-26T15:11:19.4816096+03:00" testType="13cdc9d9-ddb5-4fa4-a97d-d965ccfc6d4b" outcome="Passed" testListId="8c84fa94-04c1-424b-9868-57a2d4851a1d" relativeResultsDirectory="b6742e3f-e0c3-405c-9a06-97e2864c3791" />
    <UnitTestResult executionId="29ccd61f-e9db-4a21-bdbe-e39481c75c61" testId="4f331c4b-b2cf-9923-8f15-413932410cca" testName="LUMAR_ERP_API_V2.Tests.ReadyMadeSalesRepeatedSaleTests.CreateAsync_RejectsSalesThatRequireTheUnapprovedCostContract" computerName="YASIN-YASIN" duration="00:00:00.0317565" startTime="2026-09-26T15:11:03.5108146+03:00" endTime="2026-09-26T15:11:03.5428807+03:00" testType="13cdc9d9-ddb5-4fa4-a97d-d965ccfc6d4b" outcome="Passed" testListId="8c84fa94-04c1-424b-9868-57a2d4851a1d" relativeResultsDirectory="29ccd61f-e9db-4a21-bdbe-e39481c75c61" />
    <UnitTestResult executionId="18953922-e623-4b09-ab1b-758672967c32" testId="69e1b6e3-e094-eb70-27ea-2a235b150cf7" testName="LUMAR_ERP_API_V2.Tests.FinancialPostingCallerIntegrationTests.WipToFinishedGoods_Succeeds_AndDeduplicatesByInventoryProductIdentity" computerName="YASIN-YASIN" duration="00:00:00.4099677" startTime="2026-09-26T15:11:20.0629950+03:00" endTime="2026-09-26T15:11:20.4735756+03:00" testType="13cdc9d9-ddb5-4fa4-a97d-d965ccfc6d4b" outcome="Passed" testListId="8c84fa94-04c1-424b-9868-57a2d4851a1d" relativeResultsDirectory="18953922-e623-4b09-ab1b-758672967c32" />
    <UnitTestResult executionId="aaf5b31e-e2a0-4427-81b1-5d65792c3c15" testId="3e6a2230-0493-b120-6e3d-70d747da89cd" testName="LUMAR_ERP_API_V2.Tests.ScannerWriteInfrastructureTests.Duplicate_ScannerCode_Validation_Rejects_Existing_Code" computerName="YASIN-YASIN" duration="00:00:00.0016719" startTime="2026-09-26T15:11:04.1429417+03:00" endTime="2026-09-26T15:11:04.1444636+03:00" testType="13cdc9d9-ddb5-4fa4-a97d-d965ccfc6d4b" outcome="Passed" testListId="8c84fa94-04c1-424b-9868-57a2d4851a1d" relativeResultsDirectory="aaf5b31e-e2a0-4427-81b1-5d65792c3c15" />
    <UnitTestResult executionId="f76540b1-b383-448e-8006-6c9e2644d6a7" testId="292f566b-923c-66e8-e059-71546637f361" testName="LUMAR_ERP_API_V2.Tests.ReferralPhaseOneTests.IsSelfReferral_ReturnsTrue_WhenReferrerEqualsReferred" computerName="YASIN-YASIN" duration="00:00:00.0005580" startTime="2026-09-26T15:11:19.4822417+03:00" endTime="2026-09-26T15:11:19.4824809+03:00" testType="13cdc9d9-ddb5-4fa4-a97d-d965ccfc6d4b" outcome="Passed" testListId="8c84fa94-04c1-424b-9868-57a2d4851a1d" relativeResultsDirectory="f76540b1-b383-448e-8006-6c9e2644d6a7" />
    <UnitTestResult executionId="14a2e5d1-8c6b-4254-8433-6b1d59afeaae" testId="20e91504-f151-f5d9-7422-8875548aa008" testName="LUMAR_ERP_API_V2.Tests.PricingEngineCalculatorTests.Accepts_zero_global_profit_and_two_hundred_percent_piece_profit" computerName="YASIN-YASIN" duration="00:00:00.0001482" startTime="2026-09-26T15:11:03.5101456+03:00" endTime="2026-09-26T15:11:03.5102057+03:00" testType="13cdc9d9-ddb5-4fa4-a97d-d965ccfc6d4b" outcome="Passed" testListId="8c84fa94-04c1-424b-9868-57a2d4851a1d" relativeResultsDirectory="14a2e5d1-8c6b-4254-8433-6b1d59afeaae" />
    <UnitTestResult executionId="caec54d5-65ad-4feb-bd00-e67fd7715bfd" testId="6e37cf1c-8a8b-819f-4ed6-b0d271c17357" testName="LUMAR_ERP_API_V2.Tests.OrderPaymentFinancialMovementResolverTests.ShouldResolveExpectedTransactionMetadata(paymentKind: &quot;Advance&quot;, expectedType: &quot;CustomerAdvance&quot;, expectedDescription: &quot;Advance payment for order&quot;)" computerName="YASIN-YASIN" duration="00:00:00.0004379" startTime="2026-09-26T15:11:04.1885546+03:00" endTime="2026-09-26T15:11:04.1888674+03:00" testType="13cdc9d9-ddb5-4fa4-a97d-d965ccfc6d4b" outcome="Passed" testListId="8c84fa94-04c1-424b-9868-57a2d4851a1d" relativeResultsDirectory="caec54d5-65ad-4feb-bd00-e67fd7715bfd" />
    <UnitTestResult executionId="a5e46b57-e205-4553-a027-35b4bc713acf" testId="0a7d9622-22a3-079d-95f7-b82ac03c5656" testName="LUMAR_ERP_API_V2.Tests.LoyaltyPhaseTwoTests.Earn_UsesBalanceBeforeAndBalanceAfterAlongsideCurrentPoints" computerName="YASIN-YASIN" duration="00:00:00.0010102" startTime="2026-09-26T15:11:02.6266046+03:00" endTime="2026-09-26T15:11:02.6267088+03:00" testType="13cdc9d9-ddb5-4fa4-a97d-d965ccfc6d4b" outcome="Passed" testListId="8c84fa94-04c1-424b-9868-57a2d4851a1d" relativeResultsDirectory="a5e46b57-e205-4553-a027-35b4bc713acf" />
    <UnitTestResult executionId="b2b21190-ea36-439a-9667-e2e2e2f738be" testId="c3b4d73f-e038-7081-3cd8-54dc3e601312" testName="LUMAR_ERP_API_V2.Tests.ScannerWriteInfrastructureTests.CreateScanner_Valid_Request_Passes_Validation" computerName="YASIN-YASIN" duration="00:00:00.0012091" startTime="2026-09-26T15:11:04.1460446+03:00" endTime="2026-09-26T15:11:04.1471934+03:00" testType="13cdc9d9-ddb5-4fa4-a97d-d965ccfc6d4b" outcome="Passed" testListId="8c84fa94-04c1-424b-9868-57a2d4851a1d" relativeResultsDirectory="b2b21190-ea36-439a-9667-e2e2e2f738be" />
    <UnitTestResult executionId="179deeed-6ba8-41ef-a68e-c457d6af0118" testId="6789839c-6250-e389-952f-73296444b522" testName="LUMAR_ERP_API_V2.Tests.ReadyMadeProductionPhaseOneIntegrationTests.CompletingOneReadyMadePiece_TransfersOnlyThatPieceAndPreventsDuplicates" computerName="YASIN-YASIN" duration="00:00:00.0552579" startTime="2026-09-26T15:11:04.2143010+03:00" endTime="2026-09-26T15:11:04.2698173+03:00" testType="13cdc9d9-ddb5-4fa4-a97d-d965ccfc6d4b" outcome="Passed" testListId="8c84fa94-04c1-424b-9868-57a2d4851a1d" relativeResultsDirectory="179deeed-6ba8-41ef-a68e-c457d6af0118" />
    <UnitTestResult executionId="f8cd39cd-e7e0-4514-840a-3f3af9b412d2" testId="00095e44-991a-7649-9549-a78ced857591" testName="LUMAR_ERP_API_V2.Tests.LoyaltyRedemptionServiceTests.Preview_EnforcesConfiguredRedemptionLimits(allowRedemption: True, requestedPoints: 150, minimumPoints: 0, maximumPoints: 0, expectedValid: True, expectedMessage: &quot;valid&quot;)" computerName="YASIN-YASIN" duration="00:00:00.0161702" startTime="2026-09-26T15:11:19.4362084+03:00" endTime="2026-09-26T15:11:19.4506401+03:00" testType="13cdc9d9-ddb5-4fa4-a97d-d965ccfc6d4b" outcome="Passed" testListId="8c84fa94-04c1-424b-9868-57a2d4851a1d" relativeResultsDirectory="f8cd39cd-e7e0-4514-840a-3f3af9b412d2" />
    <UnitTestResult executionId="cb9c45d6-7833-4468-bc81-39d396d9b418" testId="1bcc8d4c-516e-166a-7bd3-4905e09b6b6e" testName="LUMAR_ERP_API_V2.Tests.VipLevelEvaluationCalculatorTests.CalculateScore_CapsEachMetricWithoutIgnoringNetworkDepthCounts" computerName="YASIN-YASIN" duration="00:00:00.0041610" startTime="2026-09-26T15:11:03.9150850+03:00" endTime="2026-09-26T15:11:03.9151888+03:00" testType="13cdc9d9-ddb5-4fa4-a97d-d965ccfc6d4b" outcome="Passed" testListId="8c84fa94-04c1-424b-9868-57a2d4851a1d" relativeResultsDirectory="cb9c45d6-7833-4468-bc81-39d396d9b418" />
    <UnitTestResult executionId="416cae37-d949-4e8f-8acc-49add7140aa1" testId="cc7a83e7-f84a-6c37-a062-67b2aea6cfd1" testName="LUMAR_ERP_API_V2.Tests.CustomerPaymentCollectionTests.CollectCustomerPaymentAsync_Should_Create_Advance_Payment_Before_Delivery_And_DebtCollection_After_Delivery" computerName="YASIN-YASIN" duration="00:00:00.1386662" startTime="2026-09-26T15:11:03.5894090+03:00" endTime="2026-09-26T15:11:03.7283482+03:00" testType="13cdc9d9-ddb5-4fa4-a97d-d965ccfc6d4b" outcome="Passed" testListId="8c84fa94-04c1-424b-9868-57a2d4851a1d" relativeResultsDirectory="416cae37-d949-4e8f-8acc-49add7140aa1" />
    <UnitTestResult executionId="4b3bbcb1-610f-4c99-87cd-b8ba34114cf9" testId="910e4062-7e66-3fa2-a114-2b7d5b1842dd" testName="LUMAR_ERP_API_V2.Tests.ConsumptionRulesIntegrityValidatorTests.ShouldMatchOnlyTheHalfOpenRangeForDecimalValues" computerName="YASIN-YASIN" duration="00:00:00.0073687" startTime="2026-09-26T15:11:03.5787650+03:00" endTime="2026-09-26T15:11:03.5857307+03:00" testType="13cdc9d9-ddb5-4fa4-a97d-d965ccfc6d4b" outcome="Passed" testListId="8c84fa94-04c1-424b-9868-57a2d4851a1d" relativeResultsDirectory="4b3bbcb1-610f-4c99-87cd-b8ba34114cf9" />
    <UnitTestResult executionId="523f7776-6dad-42fe-8e17-94bfbd1e4aa3" testId="dccbac8b-0c2b-94b5-7833-35f4549914c6" testName="LUMAR_ERP_API_V2.Tests.PiecePointsPhaseThreeTests.MissingPieceSetting_GrantsZeroPoints" computerName="YASIN-YASIN" duration="00:00:00.0002966" startTime="2026-09-26T15:11:03.9185236+03:00" endTime="2026-09-26T15:11:03.9186593+03:00" testType="13cdc9d9-ddb5-4fa4-a97d-d965ccfc6d4b" outcome="Passed" testListId="8c84fa94-04c1-424b-9868-57a2d4851a1d" relativeResultsDirectory="523f7776-6dad-42fe-8e17-94bfbd1e4aa3" />
    <UnitTestResult executionId="b37e6e04-4982-4eee-9a29-c4484f85736f" testId="aa68f2b1-dc02-0b2c-11ef-32e75de4aa9f" testName="LUMAR_ERP_API_V2.Tests.PiecePointsPhaseThreeTests.DisabledProgram_GrantsZeroPoints_EvenWithActiveTypeSetting" computerName="YASIN-YASIN" duration="00:00:00.0003196" startTime="2026-09-26T15:11:03.9189229+03:00" endTime="2026-09-26T15:11:03.9190614+03:00" testType="13cdc9d9-ddb5-4fa4-a97d-d965ccfc6d4b" outcome="Passed" testListId="8c84fa94-04c1-424b-9868-57a2d4851a1d" relativeResultsDirectory="b37e6e04-4982-4eee-9a29-c4484f85736f" />
    <UnitTestResult executionId="c3fc3705-b4f8-47fd-b824-aa554306849a" testId="58dfb98d-ebb5-f9a0-42db-0142b5cfa18e" testName="LUMAR_ERP_API_V2.Tests.ProductionTrackingEngineTests.ShouldResolvePrintingAsNextStageForNewPiece" computerName="YASIN-YASIN" duration="00:00:00.0009556" startTime="2026-09-26T15:11:19.4231473+03:00" endTime="2026-09-26T15:11:19.4235377+03:00" testType="13cdc9d9-ddb5-4fa4-a97d-d965ccfc6d4b" outcome="Passed" testListId="8c84fa94-04c1-424b-9868-57a2d4851a1d" relativeResultsDirectory="c3fc3705-b4f8-47fd-b824-aa554306849a" />
    <UnitTestResult executionId="496f29b7-d3cb-4b46-acc1-d7cf1099e8a6" testId="620c7f79-db8b-5196-1bde-c8c9cc104c36" testName="LUMAR_ERP_API_V2.Tests.DeliveryRevenueRecognitionResolverTests.ShouldUseNetAmountAfterDiscountForRevenueRecognition" computerName="YASIN-YASIN" duration="00:00:00.0002544" startTime="2026-09-26T15:11:04.0137060+03:00" endTime="2026-09-26T15:11:04.0138688+03:00" testType="13cdc9d9-ddb5-4fa4-a97d-d965ccfc6d4b" outcome="Passed" testListId="8c84fa94-04c1-424b-9868-57a2d4851a1d" relativeResultsDirectory="496f29b7-d3cb-4b46-acc1-d7cf1099e8a6" />
    <UnitTestResult executionId="58174b95-c55a-46d1-86a5-e21fadf18331" testId="e6fee580-de67-6b90-ec99-3169afa5beb4" testName="LUMAR_ERP_API_V2.Tests.CustomerSummaryRepositoryTests.SearchAsync_ProjectsCurrentLoyaltyPointsAndLatestLedgerBalance" computerName="YASIN-YASIN" duration="00:00:00.0548990" startTime="2026-09-26T15:11:04.5224053+03:00" endTime="2026-09-26T15:11:04.5768952+03:00" testType="13cdc9d9-ddb5-4fa4-a97d-d965ccfc6d4b" outcome="Passed" testListId="8c84fa94-04c1-424b-9868-57a2d4851a1d" relativeResultsDirectory="58174b95-c55a-46d1-86a5-e21fadf18331" />
    <UnitTestResult executionId="a21efd08-6d05-4b99-a131-4e46350db3eb" testId="897e32d8-a424-f02d-3fbd-6207ae0b8582" testName="LUMAR_ERP_API_V2.Tests.CancelledPieceReadyInventoryTransferGuardTests.ShouldRejectTransfer_WhenAnyGuardFails(orderCancelled: False, pieceStartedProduction: True, hasAssemblyStage: True, pieceStatus: &quot;Ready&quot;, finalStage: &quot;Assembly&quot;, alreadyTransferred: False)" computerName="YASIN-YASIN" duration="00:00:00.0000022" startTime="2026-09-26T15:11:03.1498496+03:00" endTime="2026-09-26T15:11:03.1499817+03:00" testType="13cdc9d9-ddb5-4fa4-a97d-d965ccfc6d4b" outcome="Passed" testListId="8c84fa94-04c1-424b-9868-57a2d4851a1d" relativeResultsDirectory="a21efd08-6d05-4b99-a131-4e46350db3eb" />
    <UnitTestResult executionId="7103becb-7e24-454d-aa43-39d04b87a751" testId="bcb18509-6eac-11fe-ea76-f98b0e710f43" testName="LUMAR_ERP_API_V2.Tests.ConsumptionRulesIntegrityValidatorTests.ShouldEvaluateFormulaUsingMeasurementCodes" computerName="YASIN-YASIN" duration="00:00:00.0157601" startTime="2026-09-26T15:11:03.5586175+03:00" endTime="2026-09-26T15:11:03.5736126+03:00" testType="13cdc9d9-ddb5-4fa4-a97d-d965ccfc6d4b" outcome="Passed" testListId="8c84fa94-04c1-424b-9868-57a2d4851a1d" relativeResultsDirectory="7103becb-7e24-454d-aa43-39d04b87a751" />
    <UnitTestResult executionId="28d9295b-9f32-49da-9afe-1ba29e47dcf4" testId="9e28e990-8c49-e8de-f178-c6ca5577da0b" testName="LUMAR_ERP_API_V2.Tests.FinancialPostingCallerIntegrationTests.CustomerPayment_Succeeds_AndDeduplicatesByPaymentIdentity" computerName="YASIN-YASIN" duration="00:00:00.1236665" startTime="2026-09-26T15:11:20.8029093+03:00" endTime="2026-09-26T15:11:20.9268757+03:00" testType="13cdc9d9-ddb5-4fa4-a97d-d965ccfc6d4b" outcome="Passed" testListId="8c84fa94-04c1-424b-9868-57a2d4851a1d" relativeResultsDirectory="28d9295b-9f32-49da-9afe-1ba29e47dcf4" />
    <UnitTestResult executionId="847234a1-6a97-4f09-bf9b-b2320d076cf8" testId="0f889906-223b-b60f-8487-2d08f0779f23" testName="LUMAR_ERP_API_V2.Tests.ScannerWriteInfrastructureTests.ActivateScanner_Uses_Active_State" computerName="YASIN-YASIN" duration="00:00:00.0007042" startTime="2026-09-26T15:11:04.1504206+03:00" endTime="2026-09-26T15:11:04.1505701+03:00" testType="13cdc9d9-ddb5-4fa4-a97d-d965ccfc6d4b" outcome="Passed" testListId="8c84fa94-04c1-424b-9868-57a2d4851a1d" relativeResultsDirectory="847234a1-6a97-4f09-bf9b-b2320d076cf8" />
    <UnitTestResult executionId="23767521-8790-4813-90aa-1e6d9ff1eda4" testId="cd7602ac-7f03-e3a1-4d22-cd08e4cea9e4" testName="LUMAR_ERP_API_V2.Tests.PiecePointsPhaseThreeTests.BuyerEarn_AndReferralLevels_AreDistributedAsExpected" computerName="YASIN-YASIN" duration="00:00:00.0021357" startTime="2026-09-26T15:11:03.9200171+03:00" endTime="2026-09-26T15:11:03.9218964+03:00" testType="13cdc9d9-ddb5-4fa4-a97d-d965ccfc6d4b" outcome="Passed" testListId="8c84fa94-04c1-424b-9868-57a2d4851a1d" relativeResultsDirectory="23767521-8790-4813-90aa-1e6d9ff1eda4" />
    <UnitTestResult executionId="92073190-6fca-4d62-950f-2762bd533679" testId="a6d6cd05-4a25-f18e-3344-ac1453fdb712" testName="LUMAR_ERP_API_V2.Tests.FabricCodeAllocatorTests.ShouldKeepFabricAndCatalogCountersIndependent" computerName="YASIN-YASIN" duration="00:00:00.0001781" startTime="2026-09-26T15:11:04.1621897+03:00" endTime="2026-09-26T15:11:04.1622549+03:00" testType="13cdc9d9-ddb5-4fa4-a97d-d965ccfc6d4b" outcome="Passed" testListId="8c84fa94-04c1-424b-9868-57a2d4851a1d" relativeResultsDirectory="92073190-6fca-4d62-950f-2762bd533679" />
    <UnitTestResult executionId="8a79bce1-6656-4630-95b2-b98fc8e5db86" testId="bb5d9d3a-308c-0656-1352-d097adc18881" testName="LUMAR_ERP_API_V2.Tests.SalesReferenceControllerTests.GetSnapshot_ReturnsTheReferenceSnapshot" computerName="YASIN-YASIN" duration="00:00:00.0038968" startTime="2026-09-26T15:11:19.4865286+03:00" endTime="2026-09-26T15:11:19.4891169+03:00" testType="13cdc9d9-ddb5-4fa4-a97d-d965ccfc6d4b" outcome="Passed" testListId="8c84fa94-04c1-424b-9868-57a2d4851a1d" relativeResultsDirectory="8a79bce1-6656-4630-95b2-b98fc8e5db86" />
    <UnitTestResult executionId="0fae63d2-e8ef-46f6-8d05-cdf2f706e012" testId="03dd1c9a-4872-95f2-d6dd-d3388f44b8b1" testName="LUMAR_ERP_API_V2.Tests.MeasurementCardPrintPolicyTests.FirstPrint_UsesCopyOneWithoutReason" computerName="YASIN-YASIN" duration="00:00:00.0004822" startTime="2026-09-26T15:11:03.1515587+03:00" endTime="2026-09-26T15:11:03.1516580+03:00" testType="13cdc9d9-ddb5-4fa4-a97d-d965ccfc6d4b" outcome="Passed" testListId="8c84fa94-04c1-424b-9868-57a2d4851a1d" relativeResultsDirectory="0fae63d2-e8ef-46f6-8d05-cdf2f706e012" />
    <UnitTestResult executionId="0350d4fe-dc89-492c-a1d6-e9007e83d5fe" testId="050a4625-bb47-398e-afa5-18f54fc63da3" testName="LUMAR_ERP_API_V2.Tests.LoyaltyAccountLifecycleServiceTests.PrepareQualifyingPurchaseAsync_DoesNotPersistReactivationBeforePurchase" computerName="YASIN-YASIN" duration="00:00:00.0023471" startTime="2026-09-26T15:11:03.5042289+03:00" endTime="2026-09-26T15:11:03.5061157+03:00" testType="13cdc9d9-ddb5-4fa4-a97d-d965ccfc6d4b" outcome="Passed" testListId="8c84fa94-04c1-424b-9868-57a2d4851a1d" relativeResultsDirectory="0350d4fe-dc89-492c-a1d6-e9007e83d5fe" />
    <UnitTestResult executionId="37c83890-1856-43a0-b896-3d268f4ec143" testId="7a56ca24-4573-50a7-5ab1-20c54aa6cd50" testName="LUMAR_ERP_API_V2.Tests.PricingEngineCalculatorTests.Applies_piece_profit_then_global_profit" computerName="YASIN-YASIN" duration="00:00:00.0011232" startTime="2026-09-26T15:11:03.5084755+03:00" endTime="2026-09-26T15:11:03.5095413+03:00" testType="13cdc9d9-ddb5-4fa4-a97d-d965ccfc6d4b" outcome="Passed" testListId="8c84fa94-04c1-424b-9868-57a2d4851a1d" relativeResultsDirectory="37c83890-1856-43a0-b896-3d268f4ec143" />
    <UnitTestResult executionId="417e5daf-ff6f-4c7a-b4c6-8a2fe74b0402" testId="3b8bea7f-fcea-a0cf-d90c-483ced6ca287" testName="LUMAR_ERP_API_V2.Tests.PieceWageEngineTests.ShouldPreventDuplicateTrackingEventRecord" computerName="YASIN-YASIN" duration="00:00:00.0011355" startTime="2026-09-26T15:11:04.1957321+03:00" endTime="2026-09-26T15:11:04.1969331+03:00" testType="13cdc9d9-ddb5-4fa4-a97d-d965ccfc6d4b" outcome="Passed" testListId="8c84fa94-04c1-424b-9868-57a2d4851a1d" relativeResultsDirectory="417e5daf-ff6f-4c7a-b4c6-8a2fe74b0402" />
    <UnitTestResult executionId="1f1b5214-959d-4e70-a103-6f465d264c20" testId="713b1f42-15f7-0f70-c7f7-0f29c3e63200" testName="LUMAR_ERP_API_V2.Tests.PieceWageEngineTests.ShouldUseWildcardRateWhenExactRateIsMissing" computerName="YASIN-YASIN" duration="00:00:00.0002883" startTime="2026-09-26T15:11:04.1950545+03:00" endTime="2026-09-26T15:11:04.1952040+03:00" testType="13cdc9d9-ddb5-4fa4-a97d-d965ccfc6d4b" outcome="Passed" testListId="8c84fa94-04c1-424b-9868-57a2d4851a1d" relativeResultsDirectory="1f1b5214-959d-4e70-a103-6f465d264c20" />
    <UnitTestResult executionId="2c61c2df-2ffa-4163-98e4-792b01b76111" testId="a263cd85-1091-a5dc-8af8-5bf61bbe4f9b" testName="LUMAR_ERP_API_V2.Tests.ScannerWriteInfrastructureTests.CreateScanner_Rejects_Missing_Data" computerName="YASIN-YASIN" duration="00:00:00.0010533" startTime="2026-09-26T15:11:04.1492311+03:00" endTime="2026-09-26T15:11:04.1494226+03:00" testType="13cdc9d9-ddb5-4fa4-a97d-d965ccfc6d4b" outcome="Passed" testListId="8c84fa94-04c1-424b-9868-57a2d4851a1d" relativeResultsDirectory="2c61c2df-2ffa-4163-98e4-792b01b76111" />
    <UnitTestResult executionId="144572cb-8916-47d8-a54f-4a142c7a8a88" testId="b6699781-4bfe-27e4-53f4-22539ab03264" testName="LUMAR_ERP_API_V2.Tests.SalesCostRecognitionImplementationTests.RecordReadyMadeSaleCostAsync_ShouldBlockUnapprovedAccountingContract" computerName="YASIN-YASIN" duration="00:00:00.0181635" startTime="2026-09-26T15:11:03.0041889+03:00" endTime="2026-09-26T15:11:03.0226714+03:00" testType="13cdc9d9-ddb5-4fa4-a97d-d965ccfc6d4b" outcome="Passed" testListId="8c84fa94-04c1-424b-9868-57a2d4851a1d" relativeResultsDirectory="144572cb-8916-47d8-a54f-4a142c7a8a88" />
    <UnitTestResult executionId="0b26a18b-e14b-4125-8a0f-5a07d86297d2" testId="59aad099-9272-41db-ecb2-5d823ccc452e" testName="LUMAR_ERP_API_V2.Tests.CashMovementFoundationIntegrationTests.OfficialWriter_CreatesOneCashMovement_RetryReturnsSameIdentity_AndDirectWriteIsRejected" computerName="YASIN-YASIN" duration="00:00:00.0247596" startTime="2026-09-26T15:11:03.9769871+03:00" endTime="2026-09-26T15:11:04.0021407+03:00" testType="13cdc9d9-ddb5-4fa4-a97d-d965ccfc6d4b" outcome="Passed" testListId="8c84fa94-04c1-424b-9868-57a2d4851a1d" relativeResultsDirectory="0b26a18b-e14b-4125-8a0f-5a07d86297d2" />
    <UnitTestResult executionId="af1bd9a6-7bb8-4c14-9527-2026ff93818f" testId="3fa3a3cd-9a56-6c2a-f9e5-86d385072a46" testName="LUMAR_ERP_API_V2.Tests.LoyaltyRedemptionServiceTests.Redeem_UpdatesBalance_And_CreatesRedemption_AndCredit" computerName="YASIN-YASIN" duration="00:00:00.0054555" startTime="2026-09-26T15:11:19.4529976+03:00" endTime="2026-09-26T15:11:19.4574149+03:00" testType="13cdc9d9-ddb5-4fa4-a97d-d965ccfc6d4b" outcome="Passed" testListId="8c84fa94-04c1-424b-9868-57a2d4851a1d" relativeResultsDirectory="af1bd9a6-7bb8-4c14-9527-2026ff93818f" />
    <UnitTestResult executionId="c7136dd1-74a7-47d4-8a80-755bf15a54b3" testId="7a41877d-cf30-75cc-b70e-0e896905e505" testName="LUMAR_ERP_API_V2.Tests.OrderLoyaltyIntegrationServiceTests.ProcessReadyMadeOrderAsync_UsesIndependentReadyMadeProductTypeSetting" computerName="YASIN-YASIN" duration="00:00:00.0014900" startTime="2026-09-26T15:11:19.9396044+03:00" endTime="2026-09-26T15:11:19.9408066+03:00" testType="13cdc9d9-ddb5-4fa4-a97d-d965ccfc6d4b" outcome="Passed" testListId="8c84fa94-04c1-424b-9868-57a2d4851a1d" relativeResultsDirectory="c7136dd1-74a7-47d4-8a80-755bf15a54b3" />
    <UnitTestResult executionId="4097d795-d619-4271-a983-3753c5fab8eb" testId="5134716d-efba-0030-2084-b13187f5bdc8" testName="LUMAR_ERP_API_V2.Tests.OrderPaymentFinancialMovementResolverTests.ShouldResolveExpectedTransactionMetadata(paymentKind: &quot;DebtCollection&quot;, expectedType: &quot;CustomerPayment&quot;, expectedDescription: &quot;Customer payment for order&quot;)" computerName="YASIN-YASIN" duration="00:00:00.0007603" startTime="2026-09-26T15:11:04.1877071+03:00" endTime="2026-09-26T15:11:04.1882913+03:00" testType="13cdc9d9-ddb5-4fa4-a97d-d965ccfc6d4b" outcome="Passed" testListId="8c84fa94-04c1-424b-9868-57a2d4851a1d" relativeResultsDirectory="4097d795-d619-4271-a983-3753c5fab8eb" />
    <UnitTestResult executionId="4c4f1164-5b3a-4b8b-96b3-8ab9e24a4a90" testId="8dc74b55-ae3c-0f3e-f998-0ba4100e99fe" testName="LUMAR_ERP_API_V2.Tests.ConsumptionRulesIntegrityValidatorTests.ShouldKeepDifferentMeasurementKeysIndependent" computerName="YASIN-YASIN" duration="00:00:00.0003130" startTime="2026-09-26T15:11:03.5770933+03:00" endTime="2026-09-26T15:11:03.5772952+03:00" testType="13cdc9d9-ddb5-4fa4-a97d-d965ccfc6d4b" outcome="Passed" testListId="8c84fa94-04c1-424b-9868-57a2d4851a1d" relativeResultsDirectory="4c4f1164-5b3a-4b8b-96b3-8ab9e24a4a90" />
    <UnitTestResult executionId="79633a82-ee9e-4a5f-97ac-5a0c29fe57a5" testId="6a9b54d3-d073-316e-e0ee-6fa69450a959" testName="LUMAR_ERP_API_V2.Tests.ProductionTrackingEngineTests.ShouldNotUseDefaultRoutesWhenDatabaseConfigurationIsUnavailable" computerName="YASIN-YASIN" duration="00:00:00.0030344" startTime="2026-09-26T15:11:19.4262122+03:00" endTime="2026-09-26T15:11:19.4288794+03:00" testType="13cdc9d9-ddb5-4fa4-a97d-d965ccfc6d4b" outcome="Passed" testListId="8c84fa94-04c1-424b-9868-57a2d4851a1d" relativeResultsDirectory="79633a82-ee9e-4a5f-97ac-5a0c29fe57a5" />
    <UnitTestResult executionId="f4af107a-e928-4e0a-bc01-250510998c54" testId="e1c288bd-9a11-5ffa-6958-0dc75ebb5990" testName="LUMAR_ERP_API_V2.Tests.CostOfSalesFinancialTransactionPolicyTests.ShouldCreateTransaction_ForNewSoldTrackingCodeWithPositiveActualCost" computerName="YASIN-YASIN" duration="00:00:00.0006071" startTime="2026-09-26T15:11:04.1418346+03:00" endTime="2026-09-26T15:11:04.1422504+03:00" testType="13cdc9d9-ddb5-4fa4-a97d-d965ccfc6d4b" outcome="Passed" testListId="8c84fa94-04c1-424b-9868-57a2d4851a1d" relativeResultsDirectory="f4af107a-e928-4e0a-bc01-250510998c54" />
    <UnitTestResult executionId="83af9699-aa5f-44c4-8504-f1e34a82585b" testId="cad2dece-ac37-49d7-5b92-815fe920c84c" testName="LUMAR_ERP_API_V2.Tests.OrderLoyaltyIntegrationServiceTests.ReferralTreeBuilder_BuildsHierarchyFromRegistrationTransactionsOnly" computerName="YASIN-YASIN" duration="00:00:00.0145643" startTime="2026-09-26T15:11:19.8840497+03:00" endTime="2026-09-26T15:11:19.8986958+03:00" testType="13cdc9d9-ddb5-4fa4-a97d-d965ccfc6d4b" outcome="Passed" testListId="8c84fa94-04c1-424b-9868-57a2d4851a1d" relativeResultsDirectory="83af9699-aa5f-44c4-8504-f1e34a82585b" />
    <UnitTestResult executionId="08243336-64aa-4dd2-8d69-da553ee0b8c9" testId="9e9da4b1-f108-c2ed-f368-4e762be0e6b2" testName="LUMAR_ERP_API_V2.Tests.LoyaltyPhaseTwoTests.Reversal_UsesLastBalanceAfterAsCurrentPointsBase" computerName="YASIN-YASIN" duration="00:00:00.0134073" startTime="2026-09-26T15:11:02.5749277+03:00" endTime="2026-09-26T15:11:02.6050258+03:00" testType="13cdc9d9-ddb5-4fa4-a97d-d965ccfc6d4b" outcome="Passed" testListId="8c84fa94-04c1-424b-9868-57a2d4851a1d" relativeResultsDirectory="08243336-64aa-4dd2-8d69-da553ee0b8c9" />
    <UnitTestResult executionId="081e6f93-1af5-4cd1-aa3b-37e3ed890f0e" testId="5e28cef7-44c2-0c2a-8f2c-10ca5ff2b034" testName="LUMAR_ERP_API_V2.Tests.FactoryMonitoringEngineTests.ResolveDelayPiece_ChoosesMostDelayedPieceByCanonicalStageIndex" computerName="YASIN-YASIN" duration="00:00:00.0080654" startTime="2026-09-26T15:11:04.2077385+03:00" endTime="2026-09-26T15:11:04.2130921+03:00" testType="13cdc9d9-ddb5-4fa4-a97d-d965ccfc6d4b" outcome="Passed" testListId="8c84fa94-04c1-424b-9868-57a2d4851a1d" relativeResultsDirectory="081e6f93-1af5-4cd1-aa3b-37e3ed890f0e" />
    <UnitTestResult executionId="ce0a3f9d-4f51-447f-b34c-d71a6b416fb7" testId="a07495d6-b454-0e8f-eb69-c01f5bf18f2b" testName="LUMAR_ERP_API_V2.Tests.DeliveryRevenueRecognitionResolverTests.ShouldCreateRevenueReversalOnlyOnceForCancelledRecognizedOrder" computerName="YASIN-YASIN" duration="00:00:00.0004019" startTime="2026-09-26T15:11:04.0132465+03:00" endTime="2026-09-26T15:11:04.0134514+03:00" testType="13cdc9d9-ddb5-4fa4-a97d-d965ccfc6d4b" outcome="Passed" testListId="8c84fa94-04c1-424b-9868-57a2d4851a1d" relativeResultsDirectory="ce0a3f9d-4f51-447f-b34c-d71a6b416fb7" />
    <UnitTestResult executionId="f262cf9d-9516-4395-969f-8fdbd9f66f31" testId="86e3d5c8-d7bf-461d-cec3-1414af9ccd5b" testName="LUMAR_ERP_API_V2.Tests.FabricCodeAllocatorTests.ShouldReturnNextCode_AfterExistingFa0027" computerName="YASIN-YASIN" duration="00:00:00.0001013" startTime="2026-09-26T15:11:04.1628001+03:00" endTime="2026-09-26T15:11:04.1628586+03:00" testType="13cdc9d9-ddb5-4fa4-a97d-d965ccfc6d4b" outcome="Passed" testListId="8c84fa94-04c1-424b-9868-57a2d4851a1d" relativeResultsDirectory="f262cf9d-9516-4395-969f-8fdbd9f66f31" />
    <UnitTestResult executionId="0e796e76-2b08-4a2c-8dd3-91dc39409bc1" testId="a14dae43-ee62-937c-669c-083dc2d73839" testName="LUMAR_ERP_API_V2.Tests.OrderTransactionLifecycleTests.ShouldAttemptRollbackOnlyBeforeCommitAndWhenTransactionIsStillUsable" computerName="YASIN-YASIN" duration="00:00:00.0000816" startTime="2026-09-26T15:11:04.5774659+03:00" endTime="2026-09-26T15:11:04.5775223+03:00" testType="13cdc9d9-ddb5-4fa4-a97d-d965ccfc6d4b" outcome="Passed" testListId="8c84fa94-04c1-424b-9868-57a2d4851a1d" relativeResultsDirectory="0e796e76-2b08-4a2c-8dd3-91dc39409bc1" />
    <UnitTestResult executionId="ae38f01b-2761-4c8e-b26b-df74e8392573" testId="ec23743a-88c3-5a73-7dc2-d8d14eeb3126" testName="LUMAR_ERP_API_V2.Tests.FabricCodeAllocatorTests.ShouldNotReuseInactiveOrExpiredCodes" computerName="YASIN-YASIN" duration="00:00:00.0001220" startTime="2026-09-26T15:11:04.1624015+03:00" endTime="2026-09-26T15:11:04.1624622+03:00" testType="13cdc9d9-ddb5-4fa4-a97d-d965ccfc6d4b" outcome="Passed" testListId="8c84fa94-04c1-424b-9868-57a2d4851a1d" relativeResultsDirectory="ae38f01b-2761-4c8e-b26b-df74e8392573" />
    <UnitTestResult executionId="11d2cc33-93be-41e3-a179-868650e38fba" testId="c2a2d3d9-3049-be4d-ae6f-9cbf6fa77ec9" testName="LUMAR_ERP_API_V2.Tests.ConsumptionRulesIntegrityValidatorTests.ShouldDetectGapBetweenRanges" computerName="YASIN-YASIN" duration="00:00:00.0005520" startTime="2026-09-26T15:11:03.5784736+03:00" endTime="2026-09-26T15:11:03.5785600+03:00" testType="13cdc9d9-ddb5-4fa4-a97d-d965ccfc6d4b" outcome="Passed" testListId="8c84fa94-04c1-424b-9868-57a2d4851a1d" relativeResultsDirectory="11d2cc33-93be-41e3-a179-868650e38fba" />
    <UnitTestResult executionId="7438c70a-6c83-4fb9-a551-ac3ce463172f" testId="53f73962-d331-102d-8959-e3524a63bc3e" testName="LUMAR_ERP_API_V2.Tests.OrderLoyaltyIntegrationServiceTests.ReferralRootDiscovery_FindsActualRegistrationRoots" computerName="YASIN-YASIN" duration="00:00:00.0045145" startTime="2026-09-26T15:11:19.9416549+03:00" endTime="2026-09-26T15:11:19.9454503+03:00" testType="13cdc9d9-ddb5-4fa4-a97d-d965ccfc6d4b" outcome="Passed" testListId="8c84fa94-04c1-424b-9868-57a2d4851a1d" relativeResultsDirectory="7438c70a-6c83-4fb9-a551-ac3ce463172f" />
    <UnitTestResult executionId="606d2a19-8840-426f-9634-e081ad9ddeb7" testId="991d606d-d73f-32f0-a8a8-baee530b9e65" testName="LUMAR_ERP_API_V2.Tests.ConsumptionRulesIntegrityValidatorTests.ShouldTreatEqualBoundariesAsConnectedWithoutOverlap" computerName="YASIN-YASIN" duration="00:00:00.0006746" startTime="2026-09-26T15:11:03.5887700+03:00" endTime="2026-09-26T15:11:03.5889244+03:00" testType="13cdc9d9-ddb5-4fa4-a97d-d965ccfc6d4b" outcome="Passed" testListId="8c84fa94-04c1-424b-9868-57a2d4851a1d" relativeResultsDirectory="606d2a19-8840-426f-9634-e081ad9ddeb7" />
    <UnitTestResult executionId="890b5278-34ea-4935-81f5-08f1fc685f9f" testId="d0557439-651a-e5cb-0b28-1beea078ed2f" testName="LUMAR_ERP_API_V2.Tests.ConsumptionRulesIntegrityValidatorTests.ShouldDetectOverlappingRanges" computerName="YASIN-YASIN" duration="00:00:00.0002610" startTime="2026-09-26T15:11:03.5778980+03:00" endTime="2026-09-26T15:11:03.5780957+03:00" testType="13cdc9d9-ddb5-4fa4-a97d-d965ccfc6d4b" outcome="Passed" testListId="8c84fa94-04c1-424b-9868-57a2d4851a1d" relativeResultsDirectory="890b5278-34ea-4935-81f5-08f1fc685f9f" />
    <UnitTestResult executionId="8ad66662-32aa-4b6b-8cfe-98c64fd6d351" testId="706e68cc-3612-372f-86de-15c7d726988d" testName="LUMAR_ERP_API_V2.Tests.FinancialDashboardCashSourceIntegrationTests.Dashboard_CashBalance_EqualsGoLiveCashMovementBalance_AndReconciliationSource" computerName="YASIN-YASIN" duration="00:00:00.1963315" startTime="2026-09-26T15:11:04.3247168+03:00" endTime="2026-09-26T15:11:04.5213468+03:00" testType="13cdc9d9-ddb5-4fa4-a97d-d965ccfc6d4b" outcome="Passed" testListId="8c84fa94-04c1-424b-9868-57a2d4851a1d" relativeResultsDirectory="8ad66662-32aa-4b6b-8cfe-98c64fd6d351" />
    <UnitTestResult executionId="88e74795-447a-48f5-a369-e56d6afab71c" testId="bfb956b1-180a-4bde-64c2-4d00a28f5de3" testName="LUMAR_ERP_API_V2.Tests.CustomerPaymentCollectionTests.SettleCustomerBalanceAsync_Should_HandleFullAndPartialCollections_AndBlockUnapprovedDiscountAndDonation" computerName="YASIN-YASIN" duration="00:00:00.1321372" startTime="2026-09-26T15:11:03.7287234+03:00" endTime="2026-09-26T15:11:03.8609813+03:00" testType="13cdc9d9-ddb5-4fa4-a97d-d965ccfc6d4b" outcome="Passed" testListId="8c84fa94-04c1-424b-9868-57a2d4851a1d" relativeResultsDirectory="88e74795-447a-48f5-a369-e56d6afab71c" />
[...]
    <TestEntry testId="8f91e52e-80e5-ce6a-1160-aa8866fb21ee" executionId="7b16362b-6f83-4b47-a018-ac554c92f149" testListId="8c84fa94-04c1-424b-9868-57a2d4851a1d" />
    <TestEntry testId="b71dbf95-612e-b8e1-cbce-77907c0a9ce6" executionId="212e813a-12f5-430c-acc3-465b51a14f3f" testListId="8c84fa94-04c1-424b-9868-57a2d4851a1d" />
    <TestEntry testId="87412b47-2e9b-aadf-dc44-b62b90584cf3" executionId="4b2bec24-0116-4503-a9fc-729167d80c23" testListId="8c84fa94-04c1-424b-9868-57a2d4851a1d" />
    <TestEntry testId="f6d4b26a-c00d-95c3-d7ab-9d89df9195df" executionId="2792c88e-dde9-4136-9fd4-72197cc9d698" testListId="8c84fa94-04c1-424b-9868-57a2d4851a1d" />
    <TestEntry testId="807fc47f-ff97-c8a1-15f7-2ae181e8015b" executionId="1a16e852-3749-472e-b256-29c328bfff89" testListId="8c84fa94-04c1-424b-9868-57a2d4851a1d" />
    <TestEntry testId="0844fe77-43a7-53a0-b613-53295911f633" executionId="8ec44d47-b04f-4ecb-95a9-674bfa432ac2" testListId="8c84fa94-04c1-424b-9868-57a2d4851a1d" />
    <TestEntry testId="822a4a44-b521-ecb7-bb1c-4c71c106ce37" executionId="07766f9d-0f57-41a7-895c-e8517d58d8aa" testListId="8c84fa94-04c1-424b-9868-57a2d4851a1d" />
    <TestEntry testId="b529364e-5540-a051-3c29-9acd24cdab41" executionId="467a2c16-d85c-4250-b5e1-fc9994928853" testListId="8c84fa94-04c1-424b-9868-57a2d4851a1d" />
    <TestEntry testId="54627105-d9ed-e086-27f4-81d1f98d5ac0" executionId="2acf1820-770e-4b5e-b1c1-5bb4959a3b80" testListId="8c84fa94-04c1-424b-9868-57a2d4851a1d" />
    <TestEntry testId="6eae1c0c-2904-170a-237a-2c203be1207f" executionId="cc26c30f-888e-4eb3-946f-37ebad02783e" testListId="8c84fa94-04c1-424b-9868-57a2d4851a1d" />
    <TestEntry testId="6a9b3040-12c6-a6a2-cf97-ddb30d122258" executionId="60da11ce-85c9-483a-a0c2-af2cf66a7f8b" testListId="8c84fa94-04c1-424b-9868-57a2d4851a1d" />
    <TestEntry testId="f3bb10f7-79cc-6919-2d80-c6c4ca549c22" executionId="65855084-9c16-48d6-b9af-c5f49de4ae95" testListId="8c84fa94-04c1-424b-9868-57a2d4851a1d" />
    <TestEntry testId="839cfce5-9e4a-e514-4e66-5d96afc3d470" executionId="1fa55c6a-cd64-44e9-9eff-59de9b484b3d" testListId="8c84fa94-04c1-424b-9868-57a2d4851a1d" />
    <TestEntry testId="e72c4826-5bcd-a1bc-24d1-8d20ec7cc7ef" executionId="75c8bcc7-dffd-4e13-a549-98c165d80fb4" testListId="8c84fa94-04c1-424b-9868-57a2d4851a1d" />
    <TestEntry testId="f6f656b5-a399-81ba-b66b-104ccb6440ea" executionId="421b1c42-3b81-416f-9e05-780025e57a77" testListId="8c84fa94-04c1-424b-9868-57a2d4851a1d" />
    <TestEntry testId="ad0c9e55-47cf-9dc4-7cfb-9c766a907668" executionId="c74256fd-e16a-47a6-82d9-a39d474b7d81" testListId="8c84fa94-04c1-424b-9868-57a2d4851a1d" />
    <TestEntry testId="7a0016c3-3082-2a36-7411-b88d00f619f0" executionId="ae755760-2efb-4cfc-bab3-6b375d89d2ae" testListId="8c84fa94-04c1-424b-9868-57a2d4851a1d" />
    <TestEntry testId="b27bda9c-ffb1-4971-56e7-5e8fce3b91b7" executionId="ccd3f0b4-7f6d-4087-88f8-30ed86422131" testListId="8c84fa94-04c1-424b-9868-57a2d4851a1d" />
    <TestEntry testId="4db64c43-1430-9676-d92d-4f8df9a48f2f" executionId="7efb3bf7-0c1c-4d59-978d-8b9de525d4bb" testListId="8c84fa94-04c1-424b-9868-57a2d4851a1d" />
    <TestEntry testId="b0e627d9-00e6-1ef4-c2ee-3b5cad1f959a" executionId="75e02d8c-0543-488b-8cc5-15ca306e8b16" testListId="8c84fa94-04c1-424b-9868-57a2d4851a1d" />
    <TestEntry testId="6847db40-e0b5-d5f4-7192-69a0dfad7303" executionId="64498c2f-221b-4965-a075-84e1def9af6c" testListId="8c84fa94-04c1-424b-9868-57a2d4851a1d" />
    <TestEntry testId="8bfe8b03-dee2-da7c-e2ce-e0a40eac1894" executionId="806280a6-f422-4eca-b200-823f40d4e036" testListId="8c84fa94-04c1-424b-9868-57a2d4851a1d" />
    <TestEntry testId="84125004-e6d7-9ed7-7267-fcfc816685f9" executionId="ddc85f74-5145-4ba2-af2b-2c2a1bcd83cd" testListId="8c84fa94-04c1-424b-9868-57a2d4851a1d" />
    <TestEntry testId="3f3a9c48-39ae-6d69-4432-143ba04cb2d9" executionId="2545034f-d43f-4055-a705-9b72ddb3f6b1" testListId="8c84fa94-04c1-424b-9868-57a2d4851a1d" />
    <TestEntry testId="0b3152fe-55d8-81b5-c3d2-d45b75431ea7" executionId="86c487dd-981a-470c-9638-1ffca11844a2" testListId="8c84fa94-04c1-424b-9868-57a2d4851a1d" />
    <TestEntry testId="1234077f-057a-c370-d959-e0a49d0f9571" executionId="8dbbeb9d-9545-4342-ad25-f1c43ea52d55" testListId="8c84fa94-04c1-424b-9868-57a2d4851a1d" />
    <TestEntry testId="6c8fe588-0003-1fd5-c463-90b72a931805" executionId="36e5d6ee-54c5-472b-9629-9de86a93e93b" testListId="8c84fa94-04c1-424b-9868-57a2d4851a1d" />
    <TestEntry testId="6e3019f8-f8fe-6164-e914-b68291df4d20" executionId="c66f3311-3be0-4064-a435-f0aa4fe69d57" testListId="8c84fa94-04c1-424b-9868-57a2d4851a1d" />
    <TestEntry testId="d57c4607-d183-dd85-730b-df2363b8b978" executionId="d0489810-643b-428a-a8d6-36b44ff0ffc2" testListId="8c84fa94-04c1-424b-9868-57a2d4851a1d" />
    <TestEntry testId="d4d23089-8da2-c37e-8e7b-15ce9600fd87" executionId="5aa15f50-fefb-4436-8864-cee28c6c130b" testListId="8c84fa94-04c1-424b-9868-57a2d4851a1d" />
    <TestEntry testId="a04a9055-b962-b3fe-2c7e-f11ef94bb8c5" executionId="8ce572ea-9124-46b2-a31f-1e0c27005fe6" testListId="8c84fa94-04c1-424b-9868-57a2d4851a1d" />
    <TestEntry testId="2263aeb2-f7fc-42fa-b367-8a2453b74b10" executionId="2496f860-39d8-4248-9d7c-e15443de2a07" testListId="8c84fa94-04c1-424b-9868-57a2d4851a1d" />
    <TestEntry testId="ec5844b9-efe2-c623-0214-31a5f4187fee" executionId="5b1568cb-64c9-4706-b81b-f37e31465bf0" testListId="8c84fa94-04c1-424b-9868-57a2d4851a1d" />
    <TestEntry testId="42bb33df-4c60-a223-d5af-271c4da90d04" executionId="11636213-ced0-438f-860f-f13f13d87434" testListId="8c84fa94-04c1-424b-9868-57a2d4851a1d" />
    <TestEntry testId="9146f015-4b55-3598-2550-3e0ff2a3f5a9" executionId="91f3bb7a-37d5-4bb5-b447-6b14d64fda5c" testListId="8c84fa94-04c1-424b-9868-57a2d4851a1d" />
    <TestEntry testId="b468fc79-50ff-3df0-347f-3594fa58f3c5" executionId="01929d92-bf06-456f-8be0-d67befbabc6c" testListId="8c84fa94-04c1-424b-9868-57a2d4851a1d" />
    <TestEntry testId="a16bfc48-6ec5-7c33-1cbb-909f1682b861" executionId="7bb48ae6-2b7d-4f72-a0c7-2815fd88b529" testListId="8c84fa94-04c1-424b-9868-57a2d4851a1d" />
    <TestEntry testId="0e3b90d5-10ff-47ba-072e-9896ce555e38" executionId="327eaacb-909f-41b6-a813-d73a0f2cca85" testListId="8c84fa94-04c1-424b-9868-57a2d4851a1d" />
    <TestEntry testId="f1ce4592-06c8-98db-1296-77048cf62da3" executionId="a833c20a-93a5-44bd-8b57-d1e887e79048" testListId="8c84fa94-04c1-424b-9868-57a2d4851a1d" />
    <TestEntry testId="31949699-f5d5-a7bb-0a5e-a316b4a5a609" executionId="0c0bcf7a-d88a-4048-9ba4-9dbc8d66c8bb" testListId="8c84fa94-04c1-424b-9868-57a2d4851a1d" />
    <TestEntry testId="824b72c1-4633-37b4-c1f4-eb8932bca82a" executionId="b6742e3f-e0c3-405c-9a06-97e2864c3791" testListId="8c84fa94-04c1-424b-9868-57a2d4851a1d" />
    <TestEntry testId="4f331c4b-b2cf-9923-8f15-413932410cca" executionId="29ccd61f-e9db-4a21-bdbe-e39481c75c61" testListId="8c84fa94-04c1-424b-9868-57a2d4851a1d" />
    <TestEntry testId="69e1b6e3-e094-eb70-27ea-2a235b150cf7" executionId="18953922-e623-4b09-ab1b-758672967c32" testListId="8c84fa94-04c1-424b-9868-57a2d4851a1d" />
    <TestEntry testId="3e6a2230-0493-b120-6e3d-70d747da89cd" executionId="aaf5b31e-e2a0-4427-81b1-5d65792c3c15" testListId="8c84fa94-04c1-424b-9868-57a2d4851a1d" />
    <TestEntry testId="292f566b-923c-66e8-e059-71546637f361" executionId="f76540b1-b383-448e-8006-6c9e2644d6a7" testListId="8c84fa94-04c1-424b-9868-57a2d4851a1d" />
    <TestEntry testId="20e91504-f151-f5d9-7422-8875548aa008" executionId="14a2e5d1-8c6b-4254-8433-6b1d59afeaae" testListId="8c84fa94-04c1-424b-9868-57a2d4851a1d" />
    <TestEntry testId="6e37cf1c-8a8b-819f-4ed6-b0d271c17357" executionId="caec54d5-65ad-4feb-bd00-e67fd7715bfd" testListId="8c84fa94-04c1-424b-9868-57a2d4851a1d" />
    <TestEntry testId="0a7d9622-22a3-079d-95f7-b82ac03c5656" executionId="a5e46b57-e205-4553-a027-35b4bc713acf" testListId="8c84fa94-04c1-424b-9868-57a2d4851a1d" />
    <TestEntry testId="c3b4d73f-e038-7081-3cd8-54dc3e601312" executionId="b2b21190-ea36-439a-9667-e2e2e2f738be" testListId="8c84fa94-04c1-424b-9868-57a2d4851a1d" />
    <TestEntry testId="6789839c-6250-e389-952f-73296444b522" executionId="179deeed-6ba8-41ef-a68e-c457d6af0118" testListId="8c84fa94-04c1-424b-9868-57a2d4851a1d" />
    <TestEntry testId="00095e44-991a-7649-9549-a78ced857591" executionId="f8cd39cd-e7e0-4514-840a-3f3af9b412d2" testListId="8c84fa94-04c1-424b-9868-57a2d4851a1d" />
    <TestEntry testId="1bcc8d4c-516e-166a-7bd3-4905e09b6b6e" executionId="cb9c45d6-7833-4468-bc81-39d396d9b418" testListId="8c84fa94-04c1-424b-9868-57a2d4851a1d" />
    <TestEntry testId="cc7a83e7-f84a-6c37-a062-67b2aea6cfd1" executionId="416cae37-d949-4e8f-8acc-49add7140aa1" testListId="8c84fa94-04c1-424b-9868-57a2d4851a1d" />
    <TestEntry testId="910e4062-7e66-3fa2-a114-2b7d5b1842dd" executionId="4b3bbcb1-610f-4c99-87cd-b8ba34114cf9" testListId="8c84fa94-04c1-424b-9868-57a2d4851a1d" />
    <TestEntry testId="dccbac8b-0c2b-94b5-7833-35f4549914c6" executionId="523f7776-6dad-42fe-8e17-94bfbd1e4aa3" testListId="8c84fa94-04c1-424b-9868-57a2d4851a1d" />
    <TestEntry testId="aa68f2b1-dc02-0b2c-11ef-32e75de4aa9f" executionId="b37e6e04-4982-4eee-9a29-c4484f85736f" testListId="8c84fa94-04c1-424b-9868-57a2d4851a1d" />
    <TestEntry testId="58dfb98d-ebb5-f9a0-42db-0142b5cfa18e" executionId="c3fc3705-b4f8-47fd-b824-aa554306849a" testListId="8c84fa94-04c1-424b-9868-57a2d4851a1d" />
    <TestEntry testId="620c7f79-db8b-5196-1bde-c8c9cc104c36" executionId="496f29b7-d3cb-4b46-acc1-d7cf1099e8a6" testListId="8c84fa94-04c1-424b-9868-57a2d4851a1d" />
    <TestEntry testId="e6fee580-de67-6b90-ec99-3169afa5beb4" executionId="58174b95-c55a-46d1-86a5-e21fadf18331" testListId="8c84fa94-04c1-424b-9868-57a2d4851a1d" />
    <TestEntry testId="897e32d8-a424-f02d-3fbd-6207ae0b8582" executionId="a21efd08-6d05-4b99-a131-4e46350db3eb" testListId="8c84fa94-04c1-424b-9868-57a2d4851a1d" />
    <TestEntry testId="bcb18509-6eac-11fe-ea76-f98b0e710f43" executionId="7103becb-7e24-454d-aa43-39d04b87a751" testListId="8c84fa94-04c1-424b-9868-57a2d4851a1d" />
    <TestEntry testId="9e28e990-8c49-e8de-f178-c6ca5577da0b" executionId="28d9295b-9f32-49da-9afe-1ba29e47dcf4" testListId="8c84fa94-04c1-424b-9868-57a2d4851a1d" />
    <TestEntry testId="0f889906-223b-b60f-8487-2d08f0779f23" executionId="847234a1-6a97-4f09-bf9b-b2320d076cf8" testListId="8c84fa94-04c1-424b-9868-57a2d4851a1d" />
    <TestEntry testId="cd7602ac-7f03-e3a1-4d22-cd08e4cea9e4" executionId="23767521-8790-4813-90aa-1e6d9ff1eda4" testListId="8c84fa94-04c1-424b-9868-57a2d4851a1d" />
    <TestEntry testId="a6d6cd05-4a25-f18e-3344-ac1453fdb712" executionId="92073190-6fca-4d62-950f-2762bd533679" testListId="8c84fa94-04c1-424b-9868-57a2d4851a1d" />
    <TestEntry testId="bb5d9d3a-308c-0656-1352-d097adc18881" executionId="8a79bce1-6656-4630-95b2-b98fc8e5db86" testListId="8c84fa94-04c1-424b-9868-57a2d4851a1d" />
    <TestEntry testId="03dd1c9a-4872-95f2-d6dd-d3388f44b8b1" executionId="0fae63d2-e8ef-46f6-8d05-cdf2f706e012" testListId="8c84fa94-04c1-424b-9868-57a2d4851a1d" />
    <TestEntry testId="050a4625-bb47-398e-afa5-18f54fc63da3" executionId="0350d4fe-dc89-492c-a1d6-e9007e83d5fe" testListId="8c84fa94-04c1-424b-9868-57a2d4851a1d" />
    <TestEntry testId="7a56ca24-4573-50a7-5ab1-20c54aa6cd50" executionId="37c83890-1856-43a0-b896-3d268f4ec143" testListId="8c84fa94-04c1-424b-9868-57a2d4851a1d" />
    <TestEntry testId="3b8bea7f-fcea-a0cf-d90c-483ced6ca287" executionId="417e5daf-ff6f-4c7a-b4c6-8a2fe74b0402" testListId="8c84fa94-04c1-424b-9868-57a2d4851a1d" />
    <TestEntry testId="713b1f42-15f7-0f70-c7f7-0f29c3e63200" executionId="1f1b5214-959d-4e70-a103-6f465d264c20" testListId="8c84fa94-04c1-424b-9868-57a2d4851a1d" />
    <TestEntry testId="a263cd85-1091-a5dc-8af8-5bf61bbe4f9b" executionId="2c61c2df-2ffa-4163-98e4-792b01b76111" testListId="8c84fa94-04c1-424b-9868-57a2d4851a1d" />
    <TestEntry testId="b6699781-4bfe-27e4-53f4-22539ab03264" executionId="144572cb-8916-47d8-a54f-4a142c7a8a88" testListId="8c84fa94-04c1-424b-9868-57a2d4851a1d" />
    <TestEntry testId="59aad099-9272-41db-ecb2-5d823ccc452e" executionId="0b26a18b-e14b-4125-8a0f-5a07d86297d2" testListId="8c84fa94-04c1-424b-9868-57a2d4851a1d" />
    <TestEntry testId="3fa3a3cd-9a56-6c2a-f9e5-86d385072a46" executionId="af1bd9a6-7bb8-4c14-9527-2026ff93818f" testListId="8c84fa94-04c1-424b-9868-57a2d4851a1d" />
    <TestEntry testId="7a41877d-cf30-75cc-b70e-0e896905e505" executionId="c7136dd1-74a7-47d4-8a80-755bf15a54b3" testListId="8c84fa94-04c1-424b-9868-57a2d4851a1d" />
    <TestEntry testId="5134716d-efba-0030-2084-b13187f5bdc8" executionId="4097d795-d619-4271-a983-3753c5fab8eb" testListId="8c84fa94-04c1-424b-9868-57a2d4851a1d" />
    <TestEntry testId="8dc74b55-ae3c-0f3e-f998-0ba4100e99fe" executionId="4c4f1164-5b3a-4b8b-96b3-8ab9e24a4a90" testListId="8c84fa94-04c1-424b-9868-57a2d4851a1d" />
    <TestEntry testId="6a9b54d3-d073-316e-e0ee-6fa69450a959" executionId="79633a82-ee9e-4a5f-97ac-5a0c29fe57a5" testListId="8c84fa94-04c1-424b-9868-57a2d4851a1d" />
    <TestEntry testId="e1c288bd-9a11-5ffa-6958-0dc75ebb5990" executionId="f4af107a-e928-4e0a-bc01-250510998c54" testListId="8c84fa94-04c1-424b-9868-57a2d4851a1d" />
    <TestEntry testId="cad2dece-ac37-49d7-5b92-815fe920c84c" executionId="83af9699-aa5f-44c4-8504-f1e34a82585b" testListId="8c84fa94-04c1-424b-9868-57a2d4851a1d" />
    <TestEntry testId="9e9da4b1-f108-c2ed-f368-4e762be0e6b2" executionId="08243336-64aa-4dd2-8d69-da553ee0b8c9" testListId="8c84fa94-04c1-424b-9868-57a2d4851a1d" />
    <TestEntry testId="5e28cef7-44c2-0c2a-8f2c-10ca5ff2b034" executionId="081e6f93-1af5-4cd1-aa3b-37e3ed890f0e" testListId="8c84fa94-04c1-424b-9868-57a2d4851a1d" />
    <TestEntry testId="a07495d6-b454-0e8f-eb69-c01f5bf18f2b" executionId="ce0a3f9d-4f51-447f-b34c-d71a6b416fb7" testListId="8c84fa94-04c1-424b-9868-57a2d4851a1d" />
    <TestEntry testId="86e3d5c8-d7bf-461d-cec3-1414af9ccd5b" executionId="f262cf9d-9516-4395-969f-8fdbd9f66f31" testListId="8c84fa94-04c1-424b-9868-57a2d4851a1d" />
    <TestEntry testId="a14dae43-ee62-937c-669c-083dc2d73839" executionId="0e796e76-2b08-4a2c-8dd3-91dc39409bc1" testListId="8c84fa94-04c1-424b-9868-57a2d4851a1d" />
    <TestEntry testId="ec23743a-88c3-5a73-7dc2-d8d14eeb3126" executionId="ae38f01b-2761-4c8e-b26b-df74e8392573" testListId="8c84fa94-04c1-424b-9868-57a2d4851a1d" />
    <TestEntry testId="c2a2d3d9-3049-be4d-ae6f-9cbf6fa77ec9" executionId="11d2cc33-93be-41e3-a179-868650e38fba" testListId="8c84fa94-04c1-424b-9868-57a2d4851a1d" />
    <TestEntry testId="53f73962-d331-102d-8959-e3524a63bc3e" executionId="7438c70a-6c83-4fb9-a551-ac3ce463172f" testListId="8c84fa94-04c1-424b-9868-57a2d4851a1d" />
    <TestEntry testId="991d606d-d73f-32f0-a8a8-baee530b9e65" executionId="606d2a19-8840-426f-9634-e081ad9ddeb7" testListId="8c84fa94-04c1-424b-9868-57a2d4851a1d" />
    <TestEntry testId="d0557439-651a-e5cb-0b28-1beea078ed2f" executionId="890b5278-34ea-4935-81f5-08f1fc685f9f" testListId="8c84fa94-04c1-424b-9868-57a2d4851a1d" />
    <TestEntry testId="706e68cc-3612-372f-86de-15c7d726988d" executionId="8ad66662-32aa-4b6b-8cfe-98c64fd6d351" testListId="8c84fa94-04c1-424b-9868-57a2d4851a1d" />
    <TestEntry testId="bfb956b1-180a-4bde-64c2-4d00a28f5de3" executionId="88e74795-447a-48f5-a369-e56d6afab71c" testListId="8c84fa94-04c1-424b-9868-57a2d4851a1d" />
    <TestEntry testId="90d02489-64bd-e9b9-936d-a7d233132026" executionId="a82a0562-0900-4755-b4eb-b219059f2cbb" testListId="8c84fa94-04c1-424b-9868-57a2d4851a1d" />
    <TestEntry testId="6fe3fe86-821e-c7b4-2c24-831220c4aeed" executionId="9e9c622b-bcd2-4729-b7cd-c8d3a717d15a" testListId="8c84fa94-04c1-424b-9868-57a2d4851a1d" />
    <TestEntry testId="98a2cd24-6d99-8658-d10e-589c8fc61d4a" executionId="b7ae443a-da98-4676-89d9-856371551db8" testListId="8c84fa94-04c1-424b-9868-57a2d4851a1d" />
    <TestEntry testId="40c59c15-3329-8cd4-d5e9-9202db033c79" executionId="8ce46aea-0f3e-433c-ad3a-13a2290b7d65" testListId="8c84fa94-04c1-424b-9868-57a2d4851a1d" />
    <TestEntry testId="8dd5ca3f-4857-0f7a-ad33-36e2d8996e7b" executionId="93d15e61-66ab-4c7e-a1ec-050d811120d4" testListId="8c84fa94-04c1-424b-9868-57a2d4851a1d" />
    <TestEntry testId="48ba8649-0592-0889-2f8d-856e6b1b2b58" executionId="d0a2c3f6-38ab-4714-83c8-89274e5caf72" testListId="8c84fa94-04c1-424b-9868-57a2d4851a1d" />
    <TestEntry testId="70335fb8-47cf-da34-5b60-9b3512e524a8" executionId="5055da50-5438-47c9-948e-b9281a9f99d3" testListId="8c84fa94-04c1-424b-9868-57a2d4851a1d" />
    <TestEntry testId="1dba19b5-0ecc-c466-600c-0dc968274b83" executionId="c452bbae-3e5a-4206-acd3-a472be342b12" testListId="8c84fa94-04c1-424b-9868-57a2d4851a1d" />
    <TestEntry testId="ba7a2569-2d22-734c-d3dc-a6ad88e485f8" executionId="c1579812-1e6b-456c-afbf-9b0ffb6cbad5" testListId="8c84fa94-04c1-424b-9868-57a2d4851a1d" />
    <TestEntry testId="fb80a315-ec9c-2c99-c729-046a57038c2a" executionId="36fefeef-6ec2-48cb-a05f-83ec94bd07f0" testListId="8c84fa94-04c1-424b-9868-57a2d4851a1d" />
    <TestEntry testId="a877847a-ac02-f737-43fa-c1ca23cc86ed" executionId="ae314b2c-e1ad-4ae0-a8fc-0ea6ea94dfce" testListId="8c84fa94-04c1-424b-9868-57a2d4851a1d" />
    <TestEntry testId="5be5b356-97c0-99c6-3b4b-10a514395133" executionId="d1a3bc71-dfb5-4e74-ae6d-0e7eaafc93ee" testListId="8c84fa94-04c1-424b-9868-57a2d4851a1d" />
    <TestEntry testId="18e9ed2e-b792-1be8-449f-5fcde3fa2c0c" executionId="c852835f-80da-4fb3-be77-6bd86c56b25d" testListId="8c84fa94-04c1-424b-9868-57a2d4851a1d" />
    <TestEntry testId="68faf51b-c912-8d40-c1d6-114cff83906f" executionId="fa4d0d7b-85b1-43e7-afbc-e53ff9d5aa9d" testListId="8c84fa94-04c1-424b-9868-57a2d4851a1d" />
    <TestEntry testId="77cde83a-7c74-830d-868c-14ed2448764f" executionId="7897ceca-7c7d-4935-81a0-ef6d683e5e0f" testListId="8c84fa94-04c1-424b-9868-57a2d4851a1d" />
    <TestEntry testId="3a3ae722-397e-84d1-604f-ed055ce2039f" executionId="7e5da7dd-b3ed-4676-9bf1-0d16a700f6cc" testListId="8c84fa94-04c1-424b-9868-57a2d4851a1d" />
    <TestEntry testId="529ed71a-f601-5ce9-8790-0b21816a4120" executionId="7fbdac6e-cb08-4200-b80d-d5cfa1976b99" testListId="8c84fa94-04c1-424b-9868-57a2d4851a1d" />
    <TestEntry testId="6cd8bf0e-87c7-0931-9ee5-63fbeca73bd8" executionId="da573c29-0520-4ac2-970e-9e90c2a43d85" testListId="8c84fa94-04c1-424b-9868-57a2d4851a1d" />
    <TestEntry testId="8b06ef82-6832-4ab6-661f-f9b3717481be" executionId="f44cf59f-0583-49ce-b21b-a967a1d5b69a" testListId="8c84fa94-04c1-424b-9868-57a2d4851a1d" />
    <TestEntry testId="7f39ed93-c175-c618-51a5-c53d2f9d02d5" executionId="c557e6a6-ea6e-490c-9ff1-eec0574be817" testListId="8c84fa94-04c1-424b-9868-57a2d4851a1d" />
    <TestEntry testId="72b6d8bc-684d-1efb-3825-dd459de92068" executionId="be1bf138-d9cc-4ea1-8c08-17e54858748b" testListId="8c84fa94-04c1-424b-9868-57a2d4851a1d" />
  </TestEntries>
  <TestLists>
    <TestList name="Results Not in a List" id="8c84fa94-04c1-424b-9868-57a2d4851a1d" />
    <TestList name="All Loaded Results" id="19431567-8539-422a-85d7-44ee4e166bda" />
  </TestLists>
  <ResultSummary outcome="Completed">
    <Counters total="159" executed="159" passed="159" failed="0" error="0" timeout="0" aborted="0" inconclusive="0" passedButRunAborted="0" notRunnable="0" notExecuted="0" disconnected="0" warning="0" completed="0" inProgress="0" pending="0" />
    <Output>
      <StdOut>[xUnit.net 00:00:00.00] xUnit.net VSTest Adapter v3.0.2+dd36e86129 (64-bit .NET 10.0.12)&#xD;
[xUnit.net 00:00:00.17]   Discovering: LUMAR_ERP_API_V2.Tests&#xD;
[xUnit.net 00:00:00.28]   Discovered:  LUMAR_ERP_API_V2.Tests&#xD;
[xUnit.net 00:00:00.35]   Starting:    LUMAR_ERP_API_V2.Tests&#xD;
READY_MADE_PRICING_NOT_EXECUTED productTypeId=3; السبب: لا توجد مصفوفة تكلفة تشغيل رسمية مكتملة.&#xD;
[xUnit.net 00:00:18.85]   Finished:    LUMAR_ERP_API_V2.Tests&#xD;
</StdOut>
    </Output>
  </ResultSummary>
</TestRun>